159 77 140 14 97 126 172 152 173 27 173 133 171 10 66 36 141 48 117 7 72 45 25 101 147 59 100 181 23 194 21 194 23 149 4 44 107 134 107 189 92 114 92 158 102 5 177 111 177 64 57 63 57 79 32 164 81 156 56 93 154 93 65 51 148 41 129 15 129 142 46 142 127 137 53 193 180 109 159
56
180 122 180
164 43 6
147 157 40
27 169 145
100 100 199 139
111 128 111 34
36 36 17
134 134 120
15 15 71 167
189 32 178
129 86
127 146 61
101 101 132
107 107
137 76 137 85
93 93
114 35 114
77 77 190
72 72
126 126
193 193 24
158 185 158 74 99
63 63 106 121 13
148 47 148
156 52 31 156
92 116
46 46 37 192
65 65 98 26 165
172 172
45 45
25 138
154 2 154
97 97
79 79 3
177 174
51 51
64 64
10 10 200
53 53
21 21
56 191 96
41 41 87
44 38 60 88
133 133
171 155
4 4
102 82 102 123
181 181
81 28 11
48 48
140 140
7 7
14 14
59 59
109 109
159 22
