Home141 Home154 Home32 Home125 Home48 Home29 Home37 Home29 Home96 Home30 Home51 Home30 Home176 Home34 Home143 Home122 Home134 Home62 Home134 Home2 Home26 Home121 Home75 Home121 Home26 Home82 Home145 Home83 Home10 Home11 Home49 Home11 Home88 Home149 Home20 Home31 Home67 Home100 Home170 Home165 Home170 Home101 Home87 Home64 Home28 Home73 Home28 Home150 Home36 Home150 Home76 Home5 Home86 Home174 Home53 Home91 Home115 Home120 Home25 Home16 Home60 Home119 Home89 Home3 Home157 Home109 Home141
51
Home101 Home4
Home157 Home157 Home92
Home120 Home69 Home120
Home165 Home110 Home165
Home154 Home154 Home128
Home91 Home91 Home66
Home34 Home34 Home173 Home111
Home2 Home97 Home132
Home20 Home20 Home126
Home3 Home3
Home36 Home7 Home36 Home103
Home73 Home106 Home114 Home161
Home60 Home60 Home45
Home88 Home88
Home5 Home144 Home167 Home124 Home63 Home5
Home31 Home31 Home50 Home172
Home28 Home35
Home25 Home25 Home74
Home122 Home122
Home121 Home156
Home75 Home81 Home75
Home16 Home131 Home112 Home16
Home149 Home149
Home141 Home15
Home53 Home164 Home53
Home62 Home62 Home152 Home127
Home82 Home82 Home177
Home11 Home11
Home76 Home76 Home105
Home48 Home48
Home145 Home171
Home83 Home83 Home27
Home51 Home147 Home51
Home100 Home100 Home43
Home32 Home32
Home143 Home143
Home87 Home135 Home87
Home49 Home47 Home136
Home86 Home86
Home134 Home134
Home37 Home37 Home13
Home64 Home64
Home125 Home125
Home176 Home176
Home119 Home55
Home170 Home170
Home67 Home67
Home96 Home44 Home96
Home26 Home26
Home89 Home89
Home10 Home1
