129 83 92 19 137 9 161 80 84 101 11 4 81 158 141 50 13 111 30 122 46 107 109 32 105 157 29 25 180 108 114 7 59 95 156 71 99 56 85 6 51 170 55 31 10 110 73 39 178 26 128 190 54 16 188 61 177 65 27 0 82 171 121 53 49 155 17 48 8 57 123 63 97 76 96 87 33 88 40 5 174 86 58 47 183 168 44 129
82
180 180
161 161
111 142
121 121 150
11 11
5 5
53 53
97 97
48 189 48
96 2 96
87 87
95 95
183 183
128 128
65 65
17 17
174 174
122 122
40 40
110 110
85 23 85
108 125 108
83 36 130
158 158
101 101
56 56
63 63 191
84 84
157 195 157
50 50
123 123
33 33
27 160 126
46 100
32 98
54 152
137 137
156 156
55 55
0 15 145 0
26 163 26
30 184 66
47 62
29 29
7 175 151
51 51
107 107
92 92
141 103
49 49
171 171
16 16
114 114
188 188
155 155
61 91 61
73 21
88 88
58 58
25 196 25
177 177
99 99
178 178
71 194
80 89
76 76
59 59
8 8
105 105 192
6 6
39 39
109 109
10 14
190 190 64
13 13
44 44
81 81
9 9
82 82
4 4
57 57
19 197
