0 137 0 90 79 138 89 73 99 32 25 166 124 93 174 93 124 92 17 13 17 33 72 33 2 101 55 107 9 64 141 105 173 24 84 149 7 149 85 185 61 65 3 12 153 121 49 40 158 46 22 120 6 51 42 18 57 53 128 45 128 71 191 112 0
45
0 0 15 43 59 62 86 90
57 1 16 57
2 2 27 36 78
3 3
79 4 79
13 5 13
6 6 58
7 7 76
149 8 91
9 9 50 80
42 10 42 48
121 11
12 12 77
61 14 61 70
17 17 21
18 18
92 19 92
53 20 53
107 22 39 47
89 23 26 89
24 24 54 98
25 25
72 28 72 83
174 29 56 81
51 30 51
141 31 60
32 32
33 33 74
124 34 35
137 37 52
93 38 93
40 40 44 69
46 41 46
45 45
49 49
55 55 63
64 64
65 65
153 66
71 67 71 94
85 68 75 85
73 73 96
99 82 95 99
84 84 87
173 88 97
