loc0 loc58 loc158 loc69 loc169 loc47 loc177 loc109 loc150 loc141 loc85 loc173 loc179 loc41 loc119 loc97 loc76 loc82 loc78 loc53 loc160 loc106 loc160 loc53 loc122 loc96 loc134 loc11 loc93 loc168 loc66 loc113 loc20 loc165 loc164 loc184 loc127 loc27 loc131 loc44 loc198 loc157 loc112 loc75 loc37 loc46 loc144 loc37 loc60 loc129 loc15 loc155 loc107 loc170 loc107 loc187 loc28 loc61 loc186 loc83 loc197 loc94 loc116 loc89 loc191 loc161 loc120 loc188 loc183 loc25 loc138 loc32 loc138 loc25 loc0
61
loc53 loc54
loc37 loc37
loc85 loc85
loc129 loc129 loc162
loc0 loc167
loc168 loc168 loc92
loc82 loc82
loc106 loc52 loc106
loc144 loc49 loc144
loc187 loc187
loc60 loc192 loc105
loc191 loc191 loc39
loc96 loc96
loc170 loc147 loc17
loc141 loc36 loc130 loc84
loc138 loc118 loc138 loc42
loc15 loc15
loc109 loc109
loc41 loc41
loc179 loc179
loc164 loc164
loc44 loc172 loc100
loc28 loc28
loc58 loc185
loc27 loc27
loc116 loc116
loc66 loc66 loc31
loc119 loc119
loc11 loc67 loc11
loc198 loc198
loc150 loc150
loc20 loc20
loc89 loc89
loc177 loc177
loc32 loc10 loc14 loc32
loc169 loc156
loc127 loc57
loc184 loc184
loc76 loc182
loc97 loc97
loc113 loc113
loc122 loc122 loc196
loc25 loc25
loc69 loc69
loc160 loc160 loc45
loc134 loc134
loc188 loc188
loc112 loc112
loc186 loc186
loc165 loc165
loc93 loc93
loc157 loc157
loc75 loc75
loc183 loc183
loc46 loc46
loc47 loc47
loc120 loc8 loc120
loc78 loc78
loc131 loc131
loc197 loc197
loc83 loc83
