74 123 81 167 30 176 165 64 47 152 37 53 131 91 65 59 14 39 32 153 52 34 94 20 96 20 161 11 140 181 142 28 58 68 23 25 44 107 112 134 100 198 120 116 61 76 56 80 125 73 146 86 57 63 170 172 170 15 193 51 190 51 199 109 123 74
51
193 4 127 193
172 5 12 95
161 11 99 139 161
14 14 118
152 16 152
64 17 90
34 18 135 138
20 20
23 23
32 27 32
86 31 86 128
39 39
142 42 142
146 45 54 146
44 44
47 47
125 50 83 98 103 125 157
51 51 77
52 52
53 53
56 56
58 58 158
59 59 60
61 61 129
63 63 66 115 174
100 72 97 100 173
73 73
76 76 89 108 154
80 80
81 81
198 88 113 130 143 198
91 91
94 94 163
96 96 184
15 105 192
107 107
109 109
199 111 133 199
112 112 114
116 116
120 120
123 123
30 132
134 134
57 136
140 140
190 155 190
165 165 171
167 167
176 178 179
131 200
