48 73 66 107 177 92 126 119 78 185 39 85 152 99 15 118 145 173 163 36 55 83 64 106 133 121 196 141 129 194 193 98 38 165 175 7 154 115 154 197 65 3 155 143 0 156 180 17 25 171 84 135 181 113 89 21 79 11 6 68 48
51
141 199 141 2
73 73 186
143 143 167 125
48 20 48
133 93 133
154 154 110 164 53
121 151 19 40 120
39 56 23 39
6 109
135 135 147
107 107 87
118 118
126 126
194 157 194
92 149
115 115 10
66 66 191 74
175 175
84 60 84
11 11
85 85
197 197
173 58 88 35
196 123 196 46 176
177 177 158
38 38 117
165 34 165
99 5 179
21 148 21
129 136 9 129
163 163 108 171
185 190 185
113 182 113 69
25 90 25 42
152 152 29
181 181
36 36
78 78 138
79 79
64 64
145 145
98 103 16 101 98 67
193 193 52
119 119
180 180
3 3 170
7 7
15 137
156 156
155 155
55 55
