mdyuzxshey vkrlpmybdj jatkaoyfxb zumetrybth ebqxbaqnmm kdujdjjwot phknwbtipl hadchvmijq jqtguzxxsl yiwwdwbzth xftptyrlvl jedsthbmzo oewptytlja owusjcmdkp lnicnhmajr oggftsricu lkvobxyfca fznfvsgjhc sjtuxgdwms lbuiysostx idfvjoquhh lazlsvgukx ahqdrcepub siatqqydwf ixyurvbpvu uooysjrxsb seeyrseflx uooysjrxsb ixyurvbpvu optviwhmbr rkyixxpcbx gllungmori jrmlkfexfk wtlzrefwav hsjqtjkukk smwxdupkdv aokbiptbzc koawdpgqdx unihwwnyqz qepegujmaa unihwwnyqz koawdpgqdx smwxdupkdv hsjqtjkukk wtlzrefwav tmrnpjqnxx cmdqzmgvfi zpybghfdbe lndsfxewdc bulywvvpni zjbarjhmau wkwwcqjtxf qcktwemqbm tvcolajnao vkrlpmybdj mdyuzxshey
35
mdyuzxshey mysadifwma mdyuzxshey
jatkaoyfxb jatkaoyfxb bnmegnfgii
ixyurvbpvu gwnccktgki
jedsthbmzo jedsthbmzo
kdujdjjwot kdujdjjwot
oewptytlja oewptytlja knfzsnhzvx nwlccbonas
zjbarjhmau zjbarjhmau
vkrlpmybdj vkrlpmybdj zmfuudfatm
bulywvvpni bulywvvpni
lndsfxewdc lndsfxewdc mswyvpdrsy
lbuiysostx lbuiysostx tgbmxdmvwe
rkyixxpcbx eooyfwmxln rkyixxpcbx
qepegujmaa xtvbrolacp qepegujmaa
hadchvmijq hadchvmijq wynbxuuxru
ahqdrcepub ahqdrcepub
ebqxbaqnmm ebqxbaqnmm
cmdqzmgvfi qydclznxrd qfbvncxldf cmdqzmgvfi
qcktwemqbm qcktwemqbm
zumetrybth zumetrybth
lazlsvgukx lazlsvgukx
jqtguzxxsl jqtguzxxsl
seeyrseflx vugkhjygfe seeyrseflx
aokbiptbzc aokbiptbzc
gllungmori gllungmori
optviwhmbr optviwhmbr
wtlzrefwav wtlzrefwav
yiwwdwbzth wtyqwjwskq
lkvobxyfca lkvobxyfca
owusjcmdkp owusjcmdkp ljhmnbaicr
xftptyrlvl xftptyrlvl
koawdpgqdx koawdpgqdx
fznfvsgjhc fznfvsgjhc
oggftsricu euqbrkzdsw
lnicnhmajr lnicnhmajr
zpybghfdbe psiebvskfb
