destitute Loomis Hindi MN balustrade Isfahan yogurt Elizabethan Halstead Andersen Vega Auberge Modesto bifurcate connubial schedule slowdown minion Bleeker Dominican bobble McCall shroud choice fatten trill Curtis anvil extractor covariate mediate midget funny Gilmore tate diligent swingy Rio Darwin ripe Hewlett creekside septillion transpiration stanza Injun jewel namesake destitute
45
Andersen Andersen
Auberge Auberge
Bleeker Bleeker
Darwin Darwin
Dominican Dominican embassy
Elizabethan Elizabethan
covariate Fisk
Gilmore Gilmore
Halstead Halstead
Hewlett Hewlett decor swordfish
Hindi Hindi
Injun Injun
Isfahan Isfahan
Loomis Loomis
MN MN
McCall McCall
Modesto Modesto
Rio Rio
Vega Vega
slowdown amateur slowdown
anvil anvil
balustrade balustrade
bobble bobble
choice choice
connubial connubial
creekside creekside
diligent diligent
extractor extractor
fatten fatten
funny funny
bifurcate illusion
jewel jewel
mediate mediate
midget midget
minion minion
septillion papal septillion
ripe ripe
schedule schedule
shroud shroud
stanza stanza
swingy swingy
tate tate
transpiration transpiration
trill trill
yogurt yogurt
