woebegone trill fulsome shovel choice lexicon involuntary spill involuntary broil thirteen catenate numerology diligent oriole PDP limitate PDP Sunday PDP Stephen simulate Irvin cowhand Andersen extrovert torus icon funky millennium inform postscript trimester Curtis illusion trimester Zorn December Fisk swingy dull archive papal car Auberge Rodney Simon connubial Winchester bat directory Durango monotonous MN casserole felony switchmen funny woebegone
52
Andersen Andersen
Auberge Auberge
Curtis Curtis deduce
Simon Darwin Goodrich Simon
December December
Durango Durango Hewlett Reilly bifurcate sinh
Fisk Fisk mediate
switchmen Gilmore imperishable
Irvin Irvin mack
felony Isfahan babysat equipping felony tate thoroughfare
funny McCall funny wingspread yearn
lexicon Modesto Vega
PDP PDP septillion
Rodney Rodney
Stephen Stephen
Sunday Sunday silage whatsoever
extrovert Tucson extrovert
dull Wheller dull
Winchester Winchester
Zorn Zorn
trill administer
connubial anvil connubial
archive archive softball sphalerite
involuntary backplate involuntary slowdown
broil barnacle broil
bat bat directory
oriole bunch oriole
car car
casserole casserole renaissance
catenate catenate
choice choice
torus coarse
diligent diligent
monotonous dreadnought monotonous
fulsome embroil fulsome
MN exothermic noon
cowhand explosion
funky funky swordfish
illusion griddle illusion
icon icon update
inform inform millennium secondary
limitate limitate midstream
spill mitre spill
numerology numerology stanza viscous
papal papal
postscript postscript
woebegone relaxation transonic
shovel shovel
simulate simulate
swingy swingy
thirteen thirteen
trimester transfuse trimester yogurt
