6Zg7j6t8kt ka4cgDWgq7 lrFRnKniRv MpRNDD0glq 4ViGHxfdlc 0gqiqztWgj fhmE7A9rVl 79JJ9GZF8c s8EkvbOYAX 1iUrZ2N0MA pm1Yq2dCLL uXkvSfF7Kv OpwMnuSGmp dyS1o5lQHD UgxUR9jKcJ NgxnYo41LY cqCbnI2bkr bc4pLp9tiD OGWcs2X8pk 8pgnfE3xKu vD4d0BZ03p zH4Z0p0Ftj VWD9Yy5Xrg MImiDijd1o 97dvK2Az7S GSDEYlNcCM 4JtfcKJvHu H0NdoJawvz oQb2PqTM8x tvKOOMQ7Sv Iroa6leixY YrPP1U1r20 ckEVpwA8CD YrPP1U1r20 I1RTFIGWhc TH1GgoG5GU Octagmmhko 1koyFI8rlU G05S6XZiBa 4RZs4XFvF9 OR78sPVsV9 EZQ9HUGjRN KpPj50fAfy fbxiHLAsv4 ECFKqOm791 YZKJeBb8Pe dojrtYXceT wXTrLT9dUx 6Zg7j6t8kt
41
tvKOOMQ7Sv tvKOOMQ7Sv
UgxUR9jKcJ UgxUR9jKcJ
1koyFI8rlU 1koyFI8rlU
ckEVpwA8CD ckEVpwA8CD YQKcyMibnc
zH4Z0p0Ftj zH4Z0p0Ftj
97dvK2Az7S 97dvK2Az7S Dkc5CxJ6RV
79JJ9GZF8c M9d0z6OccV 79JJ9GZF8c
YrPP1U1r20 YrPP1U1r20 7cteJXIZM1
fbxiHLAsv4 fbxiHLAsv4
KpPj50fAfy KpPj50fAfy vCSWEyz4PC
NgxnYo41LY NgxnYo41LY 4lUeyqYb0U
wXTrLT9dUx wXTrLT9dUx 1aPtXDhYtV
4ViGHxfdlc 4ViGHxfdlc
lrFRnKniRv lrFRnKniRv
I1RTFIGWhc I1RTFIGWhc
OGWcs2X8pk OGWcs2X8pk
cqCbnI2bkr b3jUAAPOlA cqCbnI2bkr
4JtfcKJvHu 4JtfcKJvHu
G05S6XZiBa G05S6XZiBa
pm1Yq2dCLL iyQiEnpG35
uXkvSfF7Kv uXkvSfF7Kv
EZQ9HUGjRN EZQ9HUGjRN
GSDEYlNcCM GSDEYlNcCM
oQb2PqTM8x N08DpqDewo
YZKJeBb8Pe YZKJeBb8Pe
4RZs4XFvF9 4RZs4XFvF9
8pgnfE3xKu oRs9wR3IGE 8pgnfE3xKu
OpwMnuSGmp OpwMnuSGmp
TH1GgoG5GU TH1GgoG5GU
Iroa6leixY Iroa6leixY
VWD9Yy5Xrg VWD9Yy5Xrg
0gqiqztWgj 0gqiqztWgj
MpRNDD0glq MpRNDD0glq
H0NdoJawvz H0NdoJawvz
Octagmmhko Octagmmhko
1iUrZ2N0MA ESDdDChkYw
s8EkvbOYAX s8EkvbOYAX
dojrtYXceT dojrtYXceT
fhmE7A9rVl fhmE7A9rVl
vD4d0BZ03p vD4d0BZ03p
ka4cgDWgq7 ka4cgDWgq7
