g3ylJsdLuC idQHxtSnxr BUMLJo6sc3 TSSOUimHPg IGpxjveim7 vnZBjkVngj M2hatQPY96 tubjzjzUpV 8ZKCAWlImg z9nRKYQ1ub AL20k9yp9D Pijq8aHqIR qnkfLCmfDn oEdovEhrWM WYEDqSuNRX 723MhcLxt0 yky49wE4YG BNkM7qaRNw IA0Uf143OT JD3uem81Lg oIVQ2qkgnR s3eMpsYH00 nKHFs5cKTX 03xK87sjTf 7g0Idy1nzK KUJdxKVZFO vUu8ijgxxf 9LabQjTqkn 0mnwiU4XrT 0SQlBVJ1YY Pz3egMzKU8 srT70dfQEr 1N2P3Sa7im x066w6eh4W fWIjO8yhE3 vLjEFrUVJv qjDSEKmZMW 7wS9dKOnJR 12ECENJIev HHHZ1vC1rP WvFZJEkTrw 5SSy593K31 33omYiVXOD oCk2Yieytb Tk8ERvdKxF WAi18jd2vJ S8BtTu4yH9 bserQRNqfz 2O61j91J3T jVW9blzudJ 2S929yZddP QTNhZIciNJ CSjLrGbUz3 FmtLnHv2HY GQ4F0g3Mdj FmtLnHv2HY u4FAx2sHZm 1TfvXd6dPZ dC48GQHGzO RN0bCAV6rQ dC48GQHGzO oWmQcQwHPo 2eMl9AO5o8 QrJxLpX875 dj8JMfo3hX idQHxtSnxr g3ylJsdLuC
53
Pijq8aHqIR lfdanPGo3c Pijq8aHqIR
S8BtTu4yH9 S8BtTu4yH9
KUJdxKVZFO 0wTk0mYkLH KUJdxKVZFO fXy828RCG4
TSSOUimHPg Q1N77BLmyb 97ZNlakBoq LCKLTNE1vp biWuM2iRnz
qjDSEKmZMW qjDSEKmZMW jBYJ7v19BQ
12ECENJIev 12ECENJIev Oiowits7js
oCk2Yieytb oCk2Yieytb bWDewy6WbV
oEdovEhrWM CUEWGmB7Gt oEdovEhrWM
s3eMpsYH00 s3eMpsYH00
FmtLnHv2HY YpRs8m6oyX
723MhcLxt0 TBzLS0OAYU 723MhcLxt0
GQ4F0g3Mdj XW1Wn7EqpN GQ4F0g3Mdj TP2TNyk7wl TyL7NE2puV
oWmQcQwHPo WcyuqGYOzU oWmQcQwHPo
oIVQ2qkgnR bhojeHeddF oIVQ2qkgnR 0hs3CNDF4L
Tk8ERvdKxF uIf3wnJUdn FvzkpZRSj8 Tk8ERvdKxF
yky49wE4YG WRd4lScvm6 yky49wE4YG Pv5LMSkQii YAqGe4tKAP
Pz3egMzKU8 Pz3egMzKU8 gZXiityEnU
z9nRKYQ1ub z9nRKYQ1ub
QTNhZIciNJ h5Si5BAPN0 QTNhZIciNJ
M2hatQPY96 CxfzSa2YOV M2hatQPY96
1TfvXd6dPZ 1TfvXd6dPZ mbSdju1TJK
WAi18jd2vJ WAi18jd2vJ
vnZBjkVngj LeZK9UvMT9
IA0Uf143OT uvoepIQg9n IA0Uf143OT mwzQG3SxnO
0mnwiU4XrT 0mnwiU4XrT wRn7Oi1bcW
5SSy593K31 5SSy593K31
vUu8ijgxxf yvMowGbkvn bsEkAY2K41 vUu8ijgxxf
1N2P3Sa7im u4LnQNaaiz
u4FAx2sHZm g2I4si69gU 2OsmeZV9xh u4FAx2sHZm
7wS9dKOnJR IT4pKw3giW
QrJxLpX875 QrJxLpX875
2O61j91J3T 2O61j91J3T
idQHxtSnxr idQHxtSnxr onlLq65Azx
RN0bCAV6rQ RN0bCAV6rQ pk0Vh75DnH
tubjzjzUpV tubjzjzUpV
03xK87sjTf 03xK87sjTf
WvFZJEkTrw WvFZJEkTrw aEo62SfMqH
dj8JMfo3hX dj8JMfo3hX
JD3uem81Lg r8njDwxc2t JD3uem81Lg
BNkM7qaRNw BNkM7qaRNw XlU2fx0ZPn
CSjLrGbUz3 xtp1B5q0W1 CSjLrGbUz3
BUMLJo6sc3 fecMfiAuGC jPXsbXPNMq BUMLJo6sc3
srT70dfQEr K05xB79KZo srT70dfQEr
fWIjO8yhE3 KHDeTTvJC1 8KtuAXHUy3
WYEDqSuNRX 4znnlMjVra oVMPVsMWrZ
qnkfLCmfDn qnkfLCmfDn dMOAUqH7Z3 yU6iUY8YgO
8ZKCAWlImg t25XjDwQhD
bserQRNqfz KpxiCfRqh3
7g0Idy1nzK 7g0Idy1nzK
nKHFs5cKTX nKHFs5cKTX
2eMl9AO5o8 emYRLTiyj9
IGpxjveim7 x7iq98BiN3
2S929yZddP 1QXjsHNYao 2S929yZddP
