htb26qt 59yzvtv og6n7bgq8h p9mtts yx6dguko a5u8g4sej iffsi mw8g2qjo1 ay5sahonq84 q42s9z886w5 ml5lp1nmef hwu8dv9jgknbm 6k7du uzsjpl5f5 dt4ljfgjkizpq hq5mh8mi itrx5fucdq t4iedm gd5ct4 4w6uhigzl pmyqr zou7sx9w vl6czuab 8m3pascg zjh83ae yhvc7zg pt2n7hl euhqqqmdpe tjwldi f92ere3 zjj1dm8s l8yypbh ht1efrhmh ilaz9q 812l47wm 9egqgrh7x4e y3eg7gqq6 vqthskq txlltgki s9vu9xx884 dlkmpx x73l73jp 3khitn6 hyc885fvjls qq3mi yr44oj2 37v6d art44ncra ynuam4f8 1161ildqnj wqkqf k3qywmpr 9lvbrlgk ozag34bm9 1ca2x2cnc 188h5ax htb26qt
54
yhvc7zg yhvc7zg g2g6fxcwr2l
iffsi iffsi
zou7sx9w zou7sx9w nd9xavj
wqkqf wqkqf
tjwldi tjwldi
txlltgki txlltgki 8gc7dka8lfy
ozag34bm9 ozag34bm9 pwqxinlzb3s
l8yypbh l8yypbh
9lvbrlgk 9lvbrlgk 52a3fj2zh
p9mtts p9mtts
qq3mi ushjdkdhm9
zjh83ae yhp7wbv9 7hz6j8 zjh83ae 87jxa
y3eg7gqq6 y3eg7gqq6
ml5lp1nmef 5stwoup obabms
itrx5fucdq itrx5fucdq
og6n7bgq8h og6n7bgq8h nm7ud
6k7du 6k7du
pt2n7hl yg6hizqty tu8xxomxhi pt2n7hl e7lxs
pmyqr pmyqr
s9vu9xx884 6u4sf1gi s9vu9xx884
zjj1dm8s 7pbkkbbpw grn3uqx9y
ynuam4f8 ynuam4f8
812l47wm 4ka6l1c8w 812l47wm
vqthskq 9oii82xaa
euhqqqmdpe euhqqqmdpe
dlkmpx dlkmpx
hwu8dv9jgknbm hwu8dv9jgknbm
ht1efrhmh ht1efrhmh
59yzvtv 1jhmm8m85 59yzvtv
gd5ct4 gd5ct4
8m3pascg kxhc6t8tu 8m3pascg
q42s9z886w5 aplkk57cpzm q42s9z886w5
mw8g2qjo1 mw8g2qjo1 8jea4n4ez
9egqgrh7x4e kwtb3cg 9egqgrh7x4e
ilaz9q ysiw8m4l ilaz9q
yr44oj2 i6lsw66h yr44oj2
ay5sahonq84 mucolb1r ay5sahonq84
hq5mh8mi vrem3ey3kg44 hq5mh8mi
hyc885fvjls fej54ps5j hyc885fvjls
3khitn6 3khitn6
k3qywmpr h1gz5hzz k3qywmpr
vl6czuab vl6czuab
uzsjpl5f5 uzsjpl5f5
1ca2x2cnc ic2r4blmm9 1ca2x2cnc
dt4ljfgjkizpq dt4ljfgjkizpq hc2hf5t8
x73l73jp x73l73jp
art44ncra art44ncra
1161ildqnj 1161ildqnj piawzpgtzz9
yx6dguko yx6dguko
f92ere3 f92ere3
4w6uhigzl 4w6uhigzl
37v6d 37v6d
a5u8g4sej a5u8g4sej
t4iedm t4iedm
