3xgrfvks bt3xcgwcd6c kr5jy4uyjt 4418l7vdyv 4l424khddum 45bp6qh 5ed169a5jrt m5uyvxo2h d5podyx2rn1o d3y7jq 8evxiqgcp69n ou2rf1qhh ual3asit y6571 nbvknr lrleda ag29aqlop b9zxvj22sc dooatf4 t42r85mht8ru pxtk2 d8hwo5pi it92vprqk ifmqwyt6x 1huq1df 3xgrfvks
21
m5uyvxo2h m5uyvxo2h
pxtk2 pxtk2
ag29aqlop ho87zq94a914a ag29aqlop
8evxiqgcp69n 8evxiqgcp69n
1huq1df 1huq1df
d8hwo5pi i3la5wvv4
lrleda lrleda
nbvknr nbvknr
kr5jy4uyjt kr5jy4uyjt
4l424khddum 4l424khddum
bt3xcgwcd6c bt3xcgwcd6c uqc3avv5
d3y7jq d3y7jq
ifmqwyt6x ifmqwyt6x
5ed169a5jrt 5ed169a5jrt
45bp6qh 45bp6qh
it92vprqk it92vprqk
dooatf4 dooatf4
d5podyx2rn1o d5podyx2rn1o
b9zxvj22sc b9zxvj22sc
ual3asit ual3asit
4418l7vdyv 4418l7vdyv
