Chattanooga MorenoValley Anaheim Springfield SantaClarita Hayward Akron RanchoCucamonga TianamenSquare SaintPaul Norfolk Irvine OklahomaCity Lincoln Madison Joliet SanBernardino Fremont Huntsville Tacoma Huntsville Fremont LittleRock Macon Montgomery Tulsa Memphis Wichita Fayetteville Aurora Orange Savannah FortLauderdale Indianapolis Riverside Scottsdale Riverside Indianapolis Phoenix Anchorage Surprise Murfreesboro Salinas Bakersfield BatonRouge Detroit Vancouver Detroit Pasadena LosAngeles Albuquerque Cincinnati DesMoines NewportNews Minneapolis Garland Naperville Garland Pomona FortCollins Salem Plano Fresno Corona Lubbock Corona Jackson Chattanooga
54
Plano Yonkers ElPaso Plano
NewportNews Alexandria NewportNews
Joliet Joliet
Garland Orlando
Lincoln Lincoln
Fresno Worcester Glendale GrandRapids
LittleRock LittleRock Shreveport CapeCoral
Salinas GardenGrove
Aurora Aurora Baltimore Lexington
DesMoines DesMoines
Surprise Surprise
Phoenix Phoenix
Cincinnati Knoxville Paterson GrandPrairie Cincinnati
Hayward Jacksonville Hayward
Bakersfield Oceanside Bakersfield Toledo
MorenoValley Henderson Durham Tallahassee
Fremont Fremont Honolulu SanFrancisco
Riverside Riverside
Memphis Memphis SanAntonio
SanBernardino SanBernardino Boise
Tacoma Tacoma Oxnard
Wichita Wichita
SaintPaul Washington SaintPaul
TianamenSquare Ontario
SantaClarita SantaClarita
Chattanooga Cleveland
Jackson Brownsville Jackson
Pasadena McAllen
Murfreesboro Charlotte Murfreesboro
Corona Corona Olathe FortWorth
Springfield Springfield Spokane Berkeley
Madison Denton Madison
Scottsdale Tempe Scottsdale
Irvine Irvine Syracuse
Vancouver Vancouver Austin PortStLucie
Indianapolis Indianapolis
Anchorage Anchorage Midland
Norfolk Raleigh
Anaheim Anaheim ChulaVista NewYork
Montgomery SanJose
Fayetteville Fayetteville Richmond
OklahomaCity SantaAna Fontana
FortLauderdale FortLauderdale SanDiego
Savannah Savannah
Lubbock Louisville Lubbock
Pomona Buffalo Pomona
BatonRouge BatonRouge
Salem Boston Salem
Albuquerque Waco
Naperville Chicago Naperville
Orange KansasCity Orange Frisco
LosAngeles LosAngeles
RanchoCucamonga Newark
Akron Akron
