SaintPaul Garland Newark Scottsdale Honolulu Memphis Louisville Stockton Houston Tampa Toledo JerseyCity Lincoln Minneapolis Bakersfield OklahomaCity Hialeah Glendale Columbus Milwaukee StPetersburg Lubbock Chesapeake Fresno Lexington Fresno Plano LosAngeles Austin Aurora FortWayne Albuquerque Baltimore LongBeach Greensboro Chandler NewOrleans KansasCity Norfolk Denver Detroit Tucson Philadelphia Pittsburgh SantaAna Durham Phoenix Charlotte ChulaVista SanDiego SanJose SaintPaul
43
Newark Newark
Plano Plano
Scottsdale Scottsdale
Denver Denver
Honolulu Honolulu
Austin SanAntonio Austin
Durham Durham WinstonSalem
Lexington Lexington
Albuquerque FortWorth
StPetersburg Henderson StPetersburg
FortWayne FortWayne Anchorage
Baltimore Baltimore Indianapolis
Houston Houston
Glendale Glendale
Pittsburgh Pittsburgh
SanDiego SanDiego
Tucson Tucson Raleigh
SanJose SanJose
SantaAna SantaAna
Hialeah Hialeah
Lincoln Lincoln
LongBeach LongBeach
Charlotte Charlotte
Fresno Spokane
Milwaukee Milwaukee
Toledo Atlanta
JerseyCity Laredo JerseyCity
Chesapeake Chesapeake
Greensboro Dallas
Stockton Stockton
Columbus Columbus
Memphis Memphis
Phoenix Phoenix
Chandler Chandler
Lubbock Lubbock
Bakersfield Bakersfield
Tampa Tampa
NewOrleans NewOrleans
OklahomaCity OklahomaCity
LosAngeles ElPaso
Aurora Aurora
Louisville Madison
ChulaVista Cincinnati
