Hernandezville Beckyshire Ponceville Mcculloughchester Crystalchester Smithmouth Crystalchester Mcculloughchester Jonestown Kellyfort Jonestown Barbarachester Jonestown Mcculloughchester Ponceville Garymouth Christophertown Crystaltown Christophertown Garymouth Camposstad Donaldstad Camposstad Garymouth Ponceville Bridgesville Dennisstad Wilsonburgh Dennisstad Bridgesville Riveramouth Martinton Riveramouth Bradshawside Riveramouth Bridgesville Esparzaberg Kristinbury Esparzaberg Thomasburgh Esparzaberg Bridgesville Ponceville Beckyshire Derekton Wallaceville Morenoside Wallaceville Derekton Beckyshire Hernandezville Joelview Downsville Richardhaven Tammychester Richardhaven Downsville Joelview Farmerside Ryanton Williamsmouth Mcdonaldmouth Williamsmouth Ryanton Farmerside Ralphtown Garciaport Charlesburgh Garciaport Ralphtown Stricklandbury Tylermouth Stricklandbury Ralphtown Farmerside Gabriellabury Courtneyfurt Gabriellabury Farmerside Joelview Mitchellchester Lopezmouth Heathermouth Lopezview Heathermouth Lopezmouth Dixonton Keithton Dixonton Francesmouth Dixonton Lopezmouth Mitchellchester Joelview Hernandezville
26
Downsville Haasville
Thomasburgh Johnsonmouth Thomasburgh Sanchezland
Williamsmouth Johnstonmouth
Kristinbury Allenberg Kristinbury
Barbarachester Barbarachester Jonesberg
Kellyfort Pittsland Tinatown Kellyfort
Smithmouth Smithmouth Robertborough
Tylermouth Tylermouth Deanstad
Francesmouth Francesmouth Richardville
Gabriellabury Hendersonchester
Keithton Keithton Andrewland Aprilstad
Courtneyfurt Contrerasland Morrisbury
Wilsonburgh Wilsonburgh Harristown Josephton
Charlesburgh Angelaview Charlesburgh
Martinton Deborahfort Martinton Brianland
Bradshawside Wandaside Bradshawside
Morenoside Johnport Amberfurt
Camposstad Williamsville
Mcdonaldmouth Mcdonaldmouth Adkinsfurt
Lopezview Robertsfort Lopezview
Mitchellchester Huynhton
Crystaltown Crystaltown Johnsontown
Heathermouth Emilymouth
Derekton Belindamouth
Donaldstad Donaldstad Thomastown
Tammychester Rebeccaton Tammychester
