CorpusChristi ElPaso Akron DalyCity Canton Columbia Canton Bradenton Clearwater BoiseCity Danbury DavidsonCounty ColoradoSprings DavidsonCounty AppleValley Cincinnati Amarillo Boise Chattanooga Escondido Chesapeake BatonRouge Chesapeake Durham Albuquerque Columbus Detroit Beaumont Detroit Austin Bloomington Buffalo Carrollton Davenport Anchorage Elkhart Champaign Anaheim CathedralCity Bremerton Denton Chicago Bridgeport Dallas BonitaSprings CedarRapids Burbank ElMonte CorpusChristi
40
Akron Akron
Albuquerque Albuquerque
CedarRapids Alexandria
Amarillo Amarillo
Anaheim Anaheim
AppleValley AppleValley Chandler
Chicago Appleton Chicago
Carrollton Arvada Carrollton
Austin Asheville Austin
BatonRouge Augusta
Beaumont Beaumont
Anchorage BelAir Deltona
Bloomington Bloomington
BoiseCity BoiseCity
BonitaSprings BonitaSprings
Clearwater Boulder Bryan Clearwater
Bremerton Bremerton
Bridgeport Bridgeport
Columbia Brownsville Columbia
Canton Canton
CorpusChristi CapeCoral CorpusChristi Downey
CathedralCity CathedralCity
Champaign Champaign
Bradenton Charleston
Chattanooga Chattanooga
Cincinnati Cincinnati
ColoradoSprings ColoradoSprings
Columbus Columbus
Dallas Dallas
DalyCity DalyCity
Danbury Danbury
Davenport Davenport
Denton Denton
Burbank Denver
Durham Durham
ElMonte ElMonte
ElPaso ElPaso
Buffalo Elizabeth
Elkhart Elkhart
Escondido Escondido
