FortCollins Harlingen Knoxville Akron FortWaltonBeach Amarillo BoiseCity Eugene Bethlehem Beaumont Houston Fresno Houston DalyCity Fayetteville Brownsville Barnstable Gilbert Augusta BatonRouge Jefferson Dallas Bradenton Lorain Albany Garland GrandRapids Killeen LasCruces Joliet Fairfield Lancaster Lubbock Louisville Inglewood Hickory Arvada Fargo Charleston Baltimore Boston Bloomington Layton LasVegas Kennewick Bellevue Lakeland CollegeStation Lafayette Hampton Frederick Carrollton Berkeley FortWorth KansasCity Canton ElkGrove Harrisburg Champaign Elkhart Bremerton Allentown Corona Detroit Lacey Irving Brighton Huntington LittleRock Henderson Manchester Leominster GulfportBiloxi Cincinnati FortCollins
70
Barnstable Aberdeen Barnstable
Huntington Abilene
Akron Akron Elizabeth
Arvada Albuquerque Arvada Erie
Amarillo Alexandria Amarillo
Allentown Allentown
Kennewick Anaheim Kennewick
Lancaster Anchorage Lancaster
Charleston AnnArbor BonitaSprings
Corona AppleValley
Fayetteville Appleton Fayetteville
Manchester Atlanta Manchester
Augusta Augusta
LasVegas Austin Cleveland
Cincinnati Bakersfield Fremont
Baltimore Baltimore
Beaumont Beaumont
Bellevue Bellevue Independence
Berkeley Berkeley ElMonte
Bethlehem Bethlehem
CollegeStation Boise CollegeStation ElPaso
BoiseCity BoiseCity
Bradenton Bradenton Chicago
Bremerton Bremerton Grayslake
Brighton Brighton
Brownsville Brownsville
BatonRouge Burbank
KansasCity CapeCoral
Carrollton Carrollton
Irving Cary Irving
Albany CedarRapids
Champaign Champaign
Boston Chandler DesMoines
Bloomington ColoradoSprings
Dallas Dallas
DalyCity DalyCity
Harlingen Danbury Harlingen
Canton DavidsonCounty
Layton Denver Layton
Detroit Detroit
Elkhart Elkhart
Eugene Eugene
Fairfield Evansville Fairfield
Fargo Fargo
Harrisburg Fontana Harrisburg
FortCollins FortCollins Hollywood
FortWaltonBeach FortWaltonBeach
Frederick Frederick
Fresno Fresno Kalamazoo
Garland Garland Indianapolis
Gilbert Gilbert Jacksonville
GrandRapids GrandRapids
Hampton Hampton
Knoxville Hemet Knoxville
Henderson Henderson
Hickory Hickory
Houston Houston
Inglewood Inglewood
ElkGrove Irvine
Jefferson Jefferson
Joliet Joliet
Lacey Lacey
Lafayette Lafayette Lakewood
Lakeland Lakeland
LasCruces LasCruces
Leominster Leominster
LittleRock LittleRock
Lorain Lorain
Louisville Louisville
Lubbock Lubbock
