152 75 50 183 185 111 168 73 21 166 64 166 35 95 78 154 51 130 180 66 68 97 27 79 45 160 45 61 85 14 187 89 108 129 182 5 113 4 161 56 84 147 116 90 41 149 24 143 24 173 94 13 76 140 169 142 36 139 65 139 101 119 179 0 62 155 62 152
50
111 31 111
142 142 28
97 97
116 116 165
89 89 60
140 105
79 79
169 169
160 157 175
78 170 78
45 45
129 112 54
56 56
139 134 139
51 172 51
101 37 101
183 9 183
149 163 149
41 41 126
35 35
95 95
68 171
143 143 151
73 73
166 81 166
155 12 58 121
50 50 153
21 92
36 87
85 85 96
5 5
130 130
182 182
168 168
27 27
90 90
65 65 144
62 145
113 113
13 13 42 38
94 94
108 136 8
179 184
180 180
4 53
147 181
154 2
0 0
75 75
66 66
