location34 location59 location89 location116 location161 location116 location167 location2 location158 location142 location177 location28 location45 location144 location109 location32 location104 location40 location165 location71 location165 location125 location155 location189 location121 location123 location115 location72 location136 location182 location52 location105 location175 location99 location97 location194 location199 location63 location134 location92 location114 location188 location12 location37 location47 location14 location55 location135 location79 location96 location27 location23 location192 location34
49
location34 location34
location2 location46 location90 location2
location72 location72
location71 location132 location71
location189 location189
location155 location155 location162
location23 location23
location89 location89 location176 location3
location52 location52 location111 location137
location45 location45
location158 location39 location158
location177 location177 location68 location117 location187
location135 location159 location135
location123 location131 location140 location15
location165 location181 location149 location164 location107 location151 location17
location194 location194
location92 location170 location92 location139
location63 location11 location172 location54
location40 location197
location28 location28
location55 location55 location174
location192 location192
location134 location134
location99 location99
location188 location143 location24 location188
location167 location167
location37 location37
location161 location161 location122
location115 location115
location79 location9 location64 location0 location6 location119 location79 location180
location96 location96
location97 location157
location104 location130 location76
location12 location12 location38
location142 location163 location142 location120 location88
location27 location27
location47 location47
location109 location109
location182 location91 location21
location116 location103 location86
location144 location144
location125 location125
location136 location136
location59 location59 location98
location121 location121
location114 location60 location114
location199 location199
location175 location175
location105 location105
