4HOMU JXLE1 X180A LIRLU 2C63O XEEQB HV4Z2 Y4WG4 VHCFR AT3CI L2PQE TCC7B 4HSLO FRZVP WOEUE DCHO3 RU85S 50J5H CM5WA 53Y1R K50JQ 6OA3K CFGE5 945CN Q02X6 0D2BR Q5DAA 0VPRW KN0CP 0U9HU H3R1V WZB33 V8GEC C7WKJ OIPRN P419D WI88U EDSMH LKP22 HWKGJ H1LTE C45HH BVMDZ 4YS4G ZN2EP NPDI9 M1HJR TBPBM OKGKQ PTADN 45JXE DOLRQ UDYJK 1F0YL TORQI DTPF4 1X6L1 FMCVK PXCIN WBT4L 2BUI5 UW44H ELH5L 4WDJE BE5V8 6NY7T TI35I 61QWU ZRPB5 4HOMU
64
L2PQE L2PQE LEBVZ
945CN 945CN 1RS2N
TORQI L2GJ5 TORQI
2C63O 2C63O
HV4Z2 SYV5N WP2MA
Y4WG4 768ZF PMFJ2
RU85S RU85S HZHRA
KN0CP KOYRV 6ACGE V22SY
XEEQB XEEQB
0U9HU KC9RF 0U9HU
ZN2EP ZN2EP IZESQ
45JXE 45JXE
UW44H UW44H
0D2BR 0D2BR
M1HJR M1HJR ZHSBU
LIRLU LIRLU
1F0YL 1F0YL
DOLRQ DOLRQ
50J5H 50J5H
CFGE5 CFGE5
4WDJE Q7FCL W2M5C 4WDJE
0VPRW 0VPRW
AT3CI SHOOM AT3CI
HWKGJ HWKGJ T9O11
DTPF4 DTPF4
WBT4L 7GA8O 6WOBI FC0PR
53Y1R 7U3JG 53Y1R
BE5V8 BE5V8
61QWU TY0L7 61QWU
4YS4G SA6G0 52MNN
WI88U WI88U
DCHO3 DCHO3 PYPSO
TI35I RAAD4 TI35I FCYPJ
FRZVP FRZVP 69BJO
TBPBM Y61KP TBPBM
FMCVK 9WSXC
C7WKJ C7WKJ
P419D P419D
NPDI9 NPDI9
Q5DAA ZZH8Z 3AIXW Q5DAA SKPO7
ELH5L IF7TL ELH5L
PXCIN PXCIN
K50JQ K50JQ
JXLE1 JXLE1
H1LTE H1LTE OLLV9
X180A DDXG0 X180A
PTADN PTADN
2BUI5 2BUI5
WZB33 WZB33
1X6L1 8EXDQ
VHCFR W2H22 VHCFR
CM5WA CM5WA WXZHF
ZRPB5 ZRPB5
C45HH C45HH
OIPRN OIPRN
LKP22 MC71K LLTLN LKP22
BVMDZ BVMDZ
6OA3K 6OA3K
UDYJK C8O6I
OKGKQ A1QRL
4HSLO YJ67U 8CLEZ
V8GEC V8GEC
TCC7B TCC7B
EDSMH EDSMH
