COM REU CZE DEU CZE NIU IRN MYS EGY GIB GHA GEO GBR FRA ESH ECU ESP FSM NGA NFK NGA GMB GRC HND COK CPV LIE LTU LSO HTI GUM HKG IDN LBN JPN CHL HUN SGP RUS BLZ BEN BLM BHR BOL BIH PRY NPL NRU CAF BVT CRI KGZ LAO LUX NIC COD COG POL MYT MUS DJI MUS SGS COM
54
CAF CIV CAF
HTI CAN HTI
HND HND MAR
PRY MOZ MDA PRY
NIC ITA IRL AUS ABW NIC
IDN KOR IDN COL
COM NER MTQ
MYT MYT ARM
REU REU SDN AFG
GRC GRC
LUX LUX
DEU CXR CYP DEU
LIE LIE
EGY EGY
NPL MMR NPL
COD GNQ CHN COD
GMB PAN GMB
SGS SHN LBR KHM NZL HRV SGS
FRA FRA
ESP ESP
BVT LKA
BLM BLM
COG COG
GIB GIB
CPV MAC MLI CPV RWA
POL MEX PNG POL ARE
CRI ATG PSE
MYS DZA
NRU NRU
GBR GBR
LBN LBN
BHR BDI BHR
DJI DMA DJI
BIH BHS AZE
KGZ KNA
GUM GUM
RUS RUS HMD
BEN BEN
COK COK
HKG HKG KAZ
NFK NFK JEY ALA
ESH ESH
SGP ALB
HUN PAK HUN
LAO LAO
FSM GIN FSM FIN GAB
GEO GEO
LTU KWT LTU
IRN IRN IOT
NIU NIU
ECU ECU
JPN JPN
BOL BMU
GHA GHA
