DZA GBR FRO FRA ECU GIB FSM ASM ATF ATA DMA HND GNB GRL GLP BGR BDI BEL BRN COD CHE CIV CAN BRB BHS DOM CUW DNK ARE CYM BGD BFA BLM BES BLR CCK CMR BVT CAF COG GTM GUY GNQ GRD GUM ETH ERI FIN ESP AND ALB DZA
40
COD COD
FIN FLK FIN ABW
BRN BRN
DMA DJI
AND AND
FRO FRO
CAF CAF
GTM HMD
ALB ARG ALB
GRD GRD
BHS BHS
HND HND GEO
BLM BLM
CCK CCK
GNQ GNQ
GLP GLP
CHE CHE
BGD BGD
GUY GRC CUB
ATA ATA
FSM FSM GHA
ARE ARE
BES BES
DOM DOM AUS
COG COG
CYM CYM CXR CZE
DNK DNK
BDI BDI
GBR GBR
BVT BVT
ATF ATF
ECU ECU
BRB BRB
CUW CUW
ERI ERI
FRA FRA
BFA BFA
BLR BEN BLR
GRL HKG
CAN CAN
