F8 O3 E3 R9 I9 H1 N2 A3 T0 J1 S5 I8 F1 B0 P5 S2 A0 N9 I6 B4 A2 I4 B3 A8 Q8 I3 R0 S8 R8 H5 M0 D8 T5 G9 N0 T9 E5 G6 O5 D3 N4 I0 P7 Q3 L6 C8 C3 F8
47
H1 H4 H1
T0 T0 Q0 K5 H3 A9
H5 H5
I0 J2 C0 I0
D8 D8 S0
T5 P9 T8 T5
B4 B4 N6 D5
C8 C8 O1 M6
F8 M5
N2 E4 N1 K3 N2 N7 F6
Q3 Q3 R4 K1
D3 C2 D3
B0 B0 C4
R8 R8 L9 O2
N4 N4
P7 S7 P7 Q5 T1 R6
E5 E5 A1 G4
A2 A2 H2
P5 H6 P5
N0 N0
I4 K6 I4 F9 S9 F2
A0 A0
E3 E3
L6 N8 L6
O5 O5
N9 D4 E8
T9 B2 I2 T9
Q8 E2 Q8
G9 G0 C1 G9
I3 I3 P6
B3 Q7 B3
C3 C3
I6 I6
R9 D9 R9 D7
I9 I9 P2
F1 F1
G6 G6
A8 A8
J1 J0 J1
M0 M0
I8 H0 I8
A3 A3 E7
S2 S2
S8 S8
R0 R0
O3 O3
S5 G1 S5
