Latias Dartrix Wurmple Bounsweet Staryu Luvdisc Petilil Infernape Noivern Jigglypuff Unown Raticate Primeape Charmeleon Vibrava Relicanth Elgyem Toxicroak Latias
18
Raticate Raticate
Noivern Talonflame Noivern Reshiram Palkia
Petilil Petilil
Latias Shelgon
Charmeleon Charmeleon Golisopod
Wurmple Wurmple
Jigglypuff Jigglypuff
Toxicroak Toxicroak
Primeape Primeape
Infernape Infernape Scolipede
Unown Magearna
Dartrix Dartrix Keldeo
Staryu Staryu
Elgyem Elgyem
Relicanth Exeggutor Relicanth
Luvdisc Luvdisc
Bounsweet Bounsweet
Vibrava Vibrava
