DK HI FN EO GX EB DM FA CX HD CY DF CI CM FB AA CU BM CP CA HC DI AC FH EA AZ BC EL DD CR GT DO DT BP GR EW AB GG AT CK ES HF EM GN ET CT HE DZ AV AN GZ DL CS GB EF GV DE EP BW ED FW BV FP FD DU BH FG BZ DN HB FZ AK CG HJ EY BF EN BE CE CD AY CC AM EQ DP DX BI CW BR AU DB GY AG AO FT BL DK
94
FA FA
CS CS
BC BC
CA CA
DI DI
BH BH
EY EY
DZ DZ
GB GB
DN DN
HJ HJ
AU AU
BE BE
CW CW
AO AO
CE CE
AN AN
EN EN
DP DP
HE HE
DF DF
DU DU
AB AB
AZ AZ
AG AG
DM DM
DX DX
ED ED
CT CT
FZ FZ
HC HC
FB FB
CP CP
DO DO
EO EO
AK AK
DB DB
CY CY
EA EA
CD CD
CR CR
FP FP
FH FH
EL EL
FG FG
BV BV
DL DL
EP EP
HF HF
FN FN
GX GX
BW BW
DD DD
GY GY
AT AT
EQ EQ
HI HI
EB EB
FT FT
CI CI
AM AM
FW FW
CM CM
BI BI
CK CK
GV GV
ET ET
GZ GZ
EM EM
EW EW
GR GR
BR BR
CC CC
GG GG
BL BL
FD FD
AA AA
CU CU
DE DE
BF BF
AY AY
EF EF
DT DT
ES ES
GT GT
AV AV
HB HB
BM BM
BP BP
CG CG
HD HD
GN GN
BZ BZ
CX CX
