Soda VLSB CareerCenter Dwinelle EastAsianLibrary CampbellHall ObservatoryHill EshlemanHall BlackwellHall BlumHall CheitHall BotanicalGarden CyclotronRd BoaltHall BancroftLibrary EastGate AnthonyHall BerkeleyArtMuseum CalvinLaboratory ClarkKerrCampus ChouHall DonnerLab ChanShunAuditorium EtcheverryHall HertzHall CaliforniaHall EdwardsStadium BanwayBldg BarkerHall IshiCourt AlumniHouse DoeMemorialLibrary BerkeleyWayWest BrainImagingCenter BARTStation BarrowsHall BarrowLane EvansDiamond FacultyClub DurantHall Soda
37
AlumniHouse AlumniHouse
AnthonyHall AnthonyHall Campanile
BancroftLibrary BancroftLibrary
BanwayBldg BanwayBldg
BarkerHall BarkerHall
BarrowLane BarrowLane
BarrowsHall BarrowsHall
BARTStation BARTStation
BerkeleyArtMuseum BerkeleyArtMuseum DavisHall
BerkeleyWayWest BerkeleyWayWest
BlumHall BirgeHall BlumHall
BlackwellHall BlackwellHall
BoaltHall BoaltHall
BotanicalGarden BotanicalGarden
BrainImagingCenter BrainImagingCenter
EastAsianLibrary EastAsianLibrary
CaliforniaHall CaliforniaHall
CalvinLaboratory CalvinLaboratory
CampbellHall CampbellHall
CareerCenter CareerCenter
ChanShunAuditorium ChanShunAuditorium
VLSB VLSB
CheitHall CheitHall
ChouHall ChouHall
ClarkKerrCampus ClarkKerrCampus
HertzHall CNMAT
FacultyClub Cory
CyclotronRd CyclotronRd
DoeMemorialLibrary DoeMemorialLibrary
DonnerLab DonnerLab
DurantHall DurantHall
Dwinelle Dwinelle
EastGate EastGate
EdwardsStadium EdwardsStadium
EshlemanHall EshlemanHall
EtcheverryHall EtcheverryHall
EvansDiamond EvansDiamond
