a cl y cu b cp aw eq l em bz bv br bl bc bi bf de cq ab dj w cs bb az ap ar an dm u ah en dn al ak aj ag ae bd eu cd dq er aa df c ee e ed ex cv ci by cb ch ck do t ct et bm ep h dv k dt m eg p ec dg o du j ea a
75
aj aj
cu fl cu
et et
aw aw
ci ci
a fy fn ey gn ff fb dx gl fh fz fv ev a fr fg gp gh gb gm fs
w w
ec ec
eu eu
ae ae
cv cv
ep ep
aa aa
de de
em em
m m
bl bl
dq dq
az az
ex ex
u u
en en
df df
ee ee
dm dm
y y
du du
dt dt
cl cl
e e
bi bi
bd bd
ct ct
bc bc
b ga b fa fd ew fu
eq eq
eg eg
dg dg
p p
ag ag
bm bm
ck ck
ap ap
cs cs
l l
do do
ar ar
er er
ea ea
t t
h h
c c
cq cq
ak ak
al al
j j
bv bv
dn dn
o o
ah ah
dj dj
br br
cd cd
k k
ch ch
by by
bf bf
ed ed
an an
cp cp
cb cb
bz bz
ab ab
bb bb
dv dv
