location1 location178 location27 location5 location53 location44 location12 location15 location157 location172 location60 location184 location181 location117 location163 location32 location175 location180 location98 location141 location136 location84 location100 location103 location66 location2 location95 location70 location96 location85 location179 location158 location23 location46 location94 location196 location154 location165 location116 location10 location69 location49 location140 location16 location13 location91 location112 location68 location88 location146 location139 location92 location19 location93 location188 location118 location106 location151 location37 location182 location110 location57 location17 location143 location169 location31 location20 location1
65
location69 location69 location107 location190
location88 location35 location161
location106 location106
location16 location16 location197
location20 location20 location56
location180 location180
location112 location97
location158 location158 location28
location66 location11
location151 location177 location59
location15 location25 location111
location118 location43 location118 location148
location157 location157 location6
location182 location182 location164
location169 location169
location46 location123 location46 location40
location91 location82 location91
location110 location110 location142
location12 location12 location128
location141 location105
location179 location179
location92 location92
location57 location57
location37 location65 location37
location172 location74 location172
location116 location116
location95 location195 location95
location68 location68
location27 location108 location27
location143 location143 location171 location186
location140 location140
location2 location2
location49 location49 location3
location188 location188
location31 location133 location26
location196 location196
location70 location150
location165 location165
location184 location159 location184 location129
location85 location85
location17 location17 location152
location139 location139 location75
location23 location149
location1 location90
location94 location130 location22 location94
location60 location199
location5 location5 location114
location146 location146
location100 location100 location33
location13 location13
location136 location136 location30
location163 location87
location93 location93
location175 location175
location117 location58
location181 location181
location44 location44
location154 location127 location154
location32 location32
location96 location96
location10 location10
location178 location178
location19 location193
location84 location109
location103 location185
