c5 t9 o4 g3 e1 e4 s4 h4 r7 h3 q3 j6 f2 t7 p0 m0 b1 d4 n5 g0 e0 g5 q5 o2 k6 j3 q2 o8 p9 l0 g9 c4 h1 s3 l6 a4 p6 j2 c3 c8 k9 b3 a1 a8 l1 b7 p7 g6 i0 t2 k1 b9 o7 g1 m7 r1 q0 m4 a0 j7 h2 q8 e5 t5 g4 r4 s9 g8 e2 d5 h6 j5 s1 o6 l4 o5 l3 t6 l8 t8 i5 n0 d6 r9 i4 n4 q1 t0 t1 c5
88
e4 e4
s1 s1
h1 h1 n6
s9 g7 s9
q1 q1
d4 d4
h2 n3 h2
s4 s4
r9 r9
n5 i1 a7
g8 s7 g8
a0 o0 a0
b1 b1
q2 f5
h3 h3
g9 g9
h6 h6
r1 r1
t6 t6
d5 d5
b7 b7
g3 g3
r4 r4
d6 d6
t7 t7
i4 i4
l6 l6
b3 b3
g1 g1 h5
n0 n0
l3 l3 h0
j5 j5
o4 o4
g4 g4
q8 q8
g5 g5
p0 p0
j7 j7
m0 m0
e1 e1
q5 q5
o7 o7
o5 o5 b5
l0 l0 f3
e0 e0
t5 t5
h4 h4
q3 s2 q3
o6 o6
g0 g0
g6 g6
m4 m4
c8 c8
l8 l8
c3 c3
j3 j3
t0 t0
a8 a8
q0 q0
l4 l4
j2 j2
a1 a1
k6 k6
j6 r2 j6
m7 m7
i0 i0
t1 t1
p6 a6
n4 n4
t2 t2
s3 s3
e2 e2
e5 e5
r7 r7
p7 p7
o2 o2
k1 k1
i5 i5
t8 t8
b9 f6
f2 f2
c4 c4
a4 a4
p9 p9
l1 l1
k9 k9
t9 t9
o8 o8
