190 75 166 56 68 25 22 117 22 104 53 145 38 65 64 55 64 44 103 168 23 186 84 52 82 44 179 100 179 66 71 60 76 107 62 142 1 156 133 108 162 54 50 57 169 176 85 112 185 31 177 115 139 193 157 189 93 165 67 83 58 33 114 92 132 99 2 182 113 181 102 151 4 172 5 153 45 190
64
165 165 136
60 60
193 146 40 193
185 185
157 141
52 138 52
104 104
55 55 36 34
84 192 84
176 176 21
99 188 99
151 29
1 1
179 11 179
166 166
113 123 113 94
108 3 69 108
50 50
62 62 46
181 118 181
168 168
182 182
117 117 30
172 172
142 142
102 109 198 102
82 61
112 112
139 139
54 54 163 32
33 33
177 177 101 173
2 2
190 135
145 137 121
67 27 67 8
83 129 83
133 133
68 10 68
4 47
162 162 95
5 5
76 76
156 156
38 38
85 149
57 57
153 153 45
92 92 106
23 23
100 100
66 66
169 169
71 71 195
22 22
56 56
132 132 152
186 186
44 44
93 93 116 164
114 114
189 111 189
103 103
65 65
