Loc1 Loc37 Loc45 Loc76 Loc83 Loc0 Loc31 Loc2 Loc7 Loc68 Loc65 Loc53 Loc25 Loc44 Loc63 Loc18 Loc87 Loc4 Loc27 Loc92 Loc98 Loc38 Loc79 Loc46 Loc16 Loc70 Loc52 Loc75 Loc80 Loc55 Loc64 Loc3 Loc9 Loc21 Loc17 Loc32 Loc1
32
Loc3 Loc29 Loc3
Loc25 Loc25 Loc56
Loc18 Loc90 Loc18
Loc44 Loc41 Loc62
Loc75 Loc6 Loc10
Loc70 Loc70 Loc50
Loc17 Loc17
Loc92 Loc13 Loc92
Loc98 Loc72 Loc98
Loc4 Loc4
Loc80 Loc80
Loc46 Loc46
Loc79 Loc79
Loc64 Loc91 Loc43 Loc15
Loc87 Loc87 Loc74
Loc2 Loc34 Loc11 Loc2
Loc63 Loc63
Loc52 Loc52
Loc45 Loc45
Loc0 Loc0
Loc9 Loc9
Loc53 Loc53
Loc32 Loc32
Loc37 Loc49 Loc19
Loc55 Loc42 Loc55
Loc31 Loc22
Loc68 Loc47 Loc68
Loc76 Loc76
Loc21 Loc21
Loc65 Loc65 Loc81 Loc69
Loc38 Loc38
Loc7 Loc7
