114 78 161 119 74 175 173 46 0 29 190 76 191 25 10 133 63 18 26 47 92 108 62 149 35 1 117 164 182 81 100 98 67 91 28 85 199 53 187 135 93 171 127 165 111 115 37 5 195 196 134 177 140 44 167 96 147 32 24 179 36 192 146 169 87 104 176 183 16 54 132 70 43 59 131 42 120 66 181 109 143 105 112 50 48 33 14 31 124 90 3 7 94 174 102 58 114
84
16 16
174 174 150
183 183
78 78
81 188 81
199 199
102 102 170
181 21 148 181
167 167
117 75 117
191 191
46 51
175 175
3 103 4 3
7 7
50 166
42 42
182 182
114 49 114
111 111
196 196
132 12
33 33
24 24
26 26
146 146
43 197 43
63 63
70 70
10 10
164 154 164
66 66
127 127 155
0 0
37 37
48 15
195 195
173 173
112 112
169 169
105 105
133 133
131 131
171 171
1 1
28 28
149 149
187 187
98 98
18 18
67 67
92 92
147 147
35 35
165 69
135 135
74 74
100 100
192 84
96 96
53 95 53
108 108
115 115
76 76
91 91
161 161
31 31
14 14
62 62
109 109
5 41 5
93 93
176 176
59 89 59
36 36
177 177
124 124
119 119
32 32
87 87 38
134 134
94 94
29 29
47 47
