Liam Jordan Leonardo Xander Maddox Ezekiel Ezra Jose Preston Jonathan Preston Richard Aiden Tucker Charles Tucker Colton Adam Malachi Bryson Malachi Henry Jayce Gabriel Cameron Caleb Elliott Zachary Jude Zachary Hunter Steven James Isaac Kaleb Antonio Grant Max Lincoln Dylan Andrew Oliver Andrew Logan Nolan Elijah Nolan Miles Kingston Dean Chase Aaron Amir Aaron Michael Calvin Nathan Kevin Weston Messiah Eric Messiah Zion Hayden Bennett Landon Bennett John Matthew King Jaxon Benjamin Jameson Matteo Julian Josiah Justin Kai Brantley Brayden Asher Waylon Gavin Dawson Gael Wyatt Gael Dawson Brody Elliot Grayson Maxwell Anthony Maverick Noah Lucas Joshua Jack Jordan Liam
64
Liam Liam Evan
Noah Noah
Landon William Landon
James James
Logan Logan
Benjamin Benjamin
Charles Mason Charles
Elijah Elijah Adrian
Oliver Oliver
Kevin Jacob
Lucas Lucas
Michael Michael
Grayson Alexander Grayson
Brantley Ethan
Jameson Daniel Hudson
Matthew Matthew
Aiden Aiden Mateo
Henry Henry
Jude Joseph Theodore Jace
Ezra Jackson Ezra
Eric Samuel Greyson
Wyatt Sebastian Wyatt
Brody David
Elliott Carter
Maverick Jayden Maverick
John John
Antonio Owen
Dylan Dylan Lincoln
Kingston Luke
Gabriel Gabriel Dominic
Anthony Anthony Angel
Isaac Isaac
Jack Jack
Julian Julian
Xander Levi
Kai Christopher Carson
Joshua Joshua
Andrew Andrew
Nolan Ryan Nolan
Jaxon Jaxon
Nathan Nathan Connor
Amir Aaron
Hunter Isaiah Thomas Hunter
Caleb Caleb
Josiah Josiah
Zion Christian
Steven Eli Xavier
Jonathan Jonathan
Asher Asher
Cameron Cameron
Bryson Leo Bryson
Ezekiel Jeremiah Ezekiel
Kaleb Robert Elias
Richard Easton
Waylon Nicholas Parker
Colton Colton
Brayden Brayden
Jordan Jordan
Hayden Austin
Dawson Ian
Adam Adam
Weston Jaxson
Jose Jose
Grant Cooper
