LOC16 LOC18 LOC15 LOC46 LOC25 LOC59 LOC37 LOC82 LOC34 LOC12 LOC34 LOC90 LOC56 LOC48 LOC61 LOC31 LOC73 LOC51 LOC3 LOC6 LOC87 LOC91 LOC78 LOC97 LOC0 LOC36 LOC26 LOC4 LOC47 LOC63 LOC45 LOC71 LOC44 LOC33 LOC9 LOC85 LOC52 LOC16
31
LOC45 LOC45 LOC79 LOC50
LOC18 LOC18 LOC22 LOC57
LOC63 LOC17
LOC52 LOC52
LOC25 LOC25
LOC6 LOC70
LOC47 LOC47
LOC0 LOC23
LOC26 LOC26
LOC44 LOC96 LOC62
LOC46 LOC46 LOC53
LOC3 LOC3
LOC15 LOC15
LOC56 LOC98 LOC56 LOC89
LOC9 LOC9
LOC97 LOC97
LOC82 LOC82 LOC28
LOC12 LOC81 LOC12
LOC37 LOC95 LOC37
LOC59 LOC59
LOC36 LOC36
LOC85 LOC85
LOC61 LOC61
LOC33 LOC33
LOC91 LOC43
LOC78 LOC78
LOC73 LOC73 LOC99
LOC90 LOC90 LOC20
LOC4 LOC4
LOC87 LOC29
LOC31 LOC31
