pump need preoccupation leadership rock valley linger impound formulate sweet pray ensure lemon exercise literature wear sacrifice line consideration performance title attractive admiration appearance lot fairy minor aspect tip feign sit pursuit nominate pedestrian prospect forest parallel ghost diagram wage physical freedom overlook survival reject judicial park distributor engineer button sticky guideline descent pipe anger brain separate reflection mouse plug unanimous polish hallway row gloom innovation hierarchy affect mud category privilege depressed range sentiment float ground packet genetic pump
78
guideline guideline
ensure ensure
hallway hallway
sticky sticky
impound impound
physical physical
category category
tip tip
range range
prospect prospect
literature literature
distributor distributor
row row
sweet sweet
rock rock
pipe pipe
nominate nominate
mouse mouse
appearance appearance
lemon lemon
fairy fairy
mud mud
anger anger
brain brain
unanimous unanimous
consideration consideration
reflection reflection
plug plug
preoccupation preoccupation
linger linger
minor minor
sentiment sentiment
depressed depressed
parallel parallel
feign feign
sacrifice sacrifice
wage wage
affect affect
reject reject
innovation innovation
admiration admiration
overlook overlook
freedom freedom
aspect aspect
ground ground
polish polish
park park
button button
line line
pedestrian pedestrian
engineer engineer
wear wear
pursuit pursuit
exercise exercise
float float
gloom gloom
attractive attractive
separate separate
title title
formulate formulate
diagram diagram
judicial judicial
performance performance
pray pray
forest forest
need need
pump pump
genetic genetic
valley valley
descent descent
packet packet
lot lot
hierarchy hierarchy
ghost ghost
leadership leadership
privilege privilege
sit sit
survival survival
