Bowles Calvin Bowles Mulford Latimer Edwards Latimer South Pimentel Stacks Pimentel Moses Wellman Moses Greek Unit2 Wolf StrawberryCreek Wilde Bechtel Cory Stanley LeConte VLSB Boalt Kresge Boalt VLSB LeConte Campanile Wurster McCone Spats Stonefire PiLambda Stonefire Spats McCone Wurster Campanile Bongo Campanile LeConte Stanley Campbell MemorialStadium Hargrove BearFoodCourt SigmaPhiOmega Evan Blackwell Evan Jacob TopDog Starbucks Chipotle Starbucks TopDog Jacob Hertz CVStarr Unit3 CKerr Unit3 CVStarr Hertz Jacob Foothill Haviland Morgan Haviland Foothill Dwinelle HearstAnnex Dwinelle Haas Crossroads Lawrence UCTheatre Lawrence Crossroads Haas Dwinelle Foothill Davis Hildebrand Davis Foothill Jacob Cory Bechtel Baker Strada Baker Bechtel Minor Memorial Maxwell Memorial Minor Bechtel Birge Bowles
44
Evan Evan Cloyne
Foothill Foothill Unit1
Campbell Campbell Doe Koshland
Birge Birge
Campanile Campanile
Moses Moses Gypsys
VLSB VLSB NorthGate
Wellman Wellman Sutardja
Mulford Mulford Crescent
HearstAnnex HearstAnnex Lothlorien
LeConte RSF ALS
Haas Haas Pavilion
Boalt Boalt
Wurster Wurster Zellerbach
Blackwell Blackwell GenPlantBio
Greek Greek Safeway
Maxwell Maxwell Barrows
Calvin Calvin Etcheverry Graduate
Kresge Kresge PeoplesPark Castro
Hildebrand Hildebrand YogurtPark
Morgan Morgan Martinez
Baker Baker Simons Daiso
Unit2 Unit2 IndianRock
Unit3 Unit3
CKerr CKerr WayWest Ridge
Stacks Stacks Sherman
Bowles LaVals
Bongo Bongo ShengKee Cheeseboard
Memorial TacoBell AlphaSigmaPhi
Strada Strada RoseGarden
Edwards Edwards Easterly
Crossroads Crossroads
Davis Browns
Latimer Rochdale
Wilde Wilde
Wolf Wolf
Spats Spats
Chipotle Chipotle MFoundry
Cory Extension
UCTheatre UCTheatre NCEM
StrawberryCreek StrawberryCreek
TopDog Barker GammaPhiBeta
BearFoodCourt BearFoodCourt
PiLambda PiLambda PiAlphaPhi
