86 169 147 70 180 165 15 18 139 47 20 187 35 68 25 183 127 151 37 11 99 167 71 78 131 10 171 9 62 12 79 8 114 93 67 86
31
180 1 19 26 53 66 106 126 154 163
171 2 54 129 174
131 5 56 121 196
25 6 44 64 153
8 8
10 10
11 11
9 13 110 181
78 14 76 116 148 198
151 17 192 194
79 21 30 137
68 22 90 100 159
18 27 51 84
93 28 93
35 35
70 36 57 74 107 117 175
20 38 82
47 41
147 45 73 91 101 113 138 140 158 160 184
12 48 123 149
114 52 105
15 69 122 157 199
71 71
127 72 87 92 94
165 75 97 173 177
62 89 156 189
86 120 125 150 152
167 132 145 146
139 139
169 169 185
183 179 183
