142 121 137 48 137 66 106 111 90 143 77 160 108 148 46 4 174 3 91 181 153 139 153 181 18 103 28 9 14 134 52 178 195 158 69 64 122 128 68 152 41 152 68 192 150 21 59 164 126 177 126 140 171 63 171 17 186 78 60 193 130 58 130 175 34 100 163 8 45 159 151 93 118 38 118 93 83 188 39 132 142
42
150 150
151 144 151 167 93
8 31
140 129 140
158 158
90 90
41 133 41
178 178
14 14
181 181
130 141
139 30 145
174 174
9 70 7 33
118 183
46 46
106 106 127
21 21 157
186 186 55
159 159
60 124 60
34 34
108 108
121 121
177 177 16
103 89
63 22 63 35
153 23
48 76 48
195 195
3 3
38 197 38
39 115 39
77 77
69 69
91 91
137 137
58 58
171 97
4 4
64 64
66 44
