azv oqv rti hcc ryg ivp lmh zuz rov uyd rfl vxn cvb rcw uua qzx sau txp ufa cib mpw ykc scm hwc wcd hob hsi ctf gei cim cwq gcw mtd eqa mis kxx vfq ncc yfq hip wpu yvc jwx dqy ijd hyb xie azv
44
gcw gcw ipq
azv azv
wpu yiy
lmh lmh
oqv oqv
hob pzr
ijd ovx ijd
rcw rcw
rfl rfl
jwx jwx
yvc yvc
zuz zuz
ufa ufa
hwc hwc
hyb hyb
sau sau
scm scm aur
uyd gfr uyd
rti rti
gei gei
xie xie
hsi hsi
ncc ncc
dqy dqy
ryg jvc
ctf ctf
cim cim
yfq yfq
vxn vxn
cib cib
vfq vfq
rov rov
uua uua
ykc boc
mis mis
qzx qzx hlc
cwq brw cwq
mtd mtd
mpw mpw
hip hip
wcd wcd
hcc hcc
eqa eqa
ivp ivp
