Soda Doe GreekTheatre LawrenceHall Kresge Evans BotanicalGardens HearstMining Dwinelle HavilandHall Foothill LeConte Etcheverry Unit2 DurantHall Blackwell Cory Campbell Unit3 Barrows CaliforniaHall HilgardHall Unit1 SouthHall DavisHall Wheeler BerkeleyWayWest Soda
19
Evans Evans BAMPFA
Doe Doe Bowles
HearstMining HearstMining
Wheeler Wheeler
BerkeleyWayWest Campanile BerkeleyWayWest
LeConte LeConte
DavisHall Moffit Stern
Dwinelle Dwinelle
SouthHall SouthHall
Cory Gilman
CaliforniaHall CaliforniaHall
Unit2 BancroftLibrary Unit2
DurantHall DurantHall
Campbell Campbell
GreekTheatre GreekTheatre
LawrenceHall LawrenceHall InternationalHouse
Unit1 Unit1
Unit3 Unit3
Foothill Foothill
