Evans WursterHall Campbell Eshelman Marugame GreekTheatre SatherGate InternationalHouse CaliforniaHall Firewings RSF Underhill Blackwell Underhill LewisHall DavisHall LewisHall SproulHall Pappys Unit2 Barrows BAMPFA HAAS Unit1 StrawberryCreek HearstMining VLSB HavilandHall BancroftLibrary LawrenceHall HappyLemon Moffit SouthHall Milkbomb Unit3 Bowles HilgardHall AshaTeaHouse ImmThai AlumniHouse BerkeleyWayWest Yifang UCafe Chipotle ThaiNoodle Dwinelle MLK LatimerHall Plentea WursterHall Evans
34
ThaiNoodle ThaiNoodle
Plentea Doe Soda SutardjaDai
HearstMining HearstMining
Yifang Wheeler UniversityVillage
Marugame Campanile Gilman
Moffit LeConte Moffit
Dwinelle Dwinelle
SouthHall SouthHall HesseHall
CaliforniaHall CaliforniaHall
Bowles Bowles ZellerbachHall
BancroftLibrary BancroftLibrary
Campbell DurantHall Campbell
Unit2 Stern Unit2
GreekTheatre GreekTheatre CanyonPool
BAMPFA BAMPFA
BerkeleyWayWest BerkeleyWayWest
LawrenceHall LawrenceHall
InternationalHouse InternationalHouse
Unit1 Unit1
Unit3 Unit3 Boalt
HAAS Foothill HAAS
VLSB VLSB
RSF RSF
Blackwell Blackwell
MLK MLK HildebrandHall
Eshelman Eshelman
Evans Cory
Barrows Barrows MemorialStadium Etcheverry
AlumniHouse AlumniHouse
DavisHall BotanicalGardens DavisHall
StrawberryCreek Kresge
SatherGate GiauqueHall
HavilandHall HavilandHall
HilgardHall HilgardHall
