Hayward Shreveport Hartford NorthLasVegas SterlingHeights Boston Deltona Tucson NewYork Monroe Escondido Independence RoundLakeBeach Lorain Scottsdale Omaha NewYorkCity Henderson Vancouver Wilmington Arvada Tyler Arvada Scranton StPaul Milwaukee Lubbock Bryan HavredeGrace PuntaGorda Hemet Boulder LakeCharles Spartanburg Springfield SterlingHeights Champaign York Reno Huntsville ThousandOaks Huntsville Norwalk Burlington Albuquerque Hialeah Marina PortArthur Laredo GreenBay Lafayette Waterbury Newburgh Torrance Eugene Anaheim SanBuenaventura Norwich Anchorage OverlandPark Stamford Marysville Layton PembrokePines VeroBeach SantaClara VeroBeach CostaMesa Bakersfield SouthBend Youngstown Fullerton Duluth SaintPaul ElPaso ElMonte McAllen Elkhart Seaside CapeCoral Seaside Shreveport Hayward
64
PuntaGorda PuntaGorda
Tyler Tyler Nashua
Independence Cincinnati
ThousandOaks ThousandOaks Olympia
Norwich Norwich
VeroBeach PalmBay
Tucson Tucson
Anchorage Utica Anchorage Fresno SiouxFalls
PembrokePines Pueblo Racine
Albuquerque Albuquerque
Laredo Laredo
Marina NewportNews Marina Frederick Kissimmee
Youngstown Barnstable Hagerstown
ElPaso JohnsonCity ElPaso
OverlandPark Greenville OverlandPark Louisville
Eugene Eugene Boise
RoundLakeBeach RoundLakeBeach
Springfield Harlingen
Newburgh Newburgh
HavredeGrace HavredeGrace
Champaign Charlotte Champaign
Omaha Omaha
Henderson Topeka Henderson
CapeCoral CapeCoral Bloomington
Deltona Deltona Salem
Stamford LasVegas Stamford
Burlington Downey Burlington
Bryan Birmingham Newark
SanBuenaventura SanBuenaventura Oxnard
Escondido Mesquite
Fullerton Flint Fullerton Plano
McAllen McAllen
Lubbock Lubbock
StPaul CorpusChristi Savannah CathedralCity
Layton Layton
Boston Bethlehem
NorthLasVegas NorthLasVegas
Norwalk StLouis NewBedford
SaintPaul GrandRapids SaintPaul
Arvada Arvada
Hemet Hemet Mobile
Scranton Scranton HuntingtonBeach
Waterbury Waterbury
LakeCharles LakeCharles
PortArthur RichmondCounty Lacey
Duluth Duluth Detroit
Elkhart Modesto Elkhart
Huntsville Huntsville
Anaheim Columbus Anaheim
Vancouver Vancouver
Hialeah Hialeah
NewYorkCity NewYorkCity
Marysville Marysville
GreenBay GreenBay
Bakersfield Bakersfield
Monroe Monroe
SantaClara SantaClara Aberdeen
Torrance Torrance Melbourne
Hartford Hartford
NewYork Kalamazoo
York York
Spartanburg Spartanburg
Scottsdale Scottsdale
Reno Ogden
