Jason Kelsey Shane Dylan Mark Michelle Paul Scott Johnathan Laura Nicholas Alexandra Elizabeth Wayne Derek John Kayla Regina Christina Carrie Stacie Ronnie Jeffery Jordan Stephen Brad Gabriel Brian Tristan Claire Mario Rebekah Brett Jill Misty Adam Joseph Jeffrey Robert Samantha Shannon April Robin Randy Melinda Dustin Mary Jane Tommy Juan Karen Lauren Charles Carol Amanda Brittany Kyle David Joshua Cheryl Kara Tammy Kimberly Jacqueline Bryan Megan Adrian Dana Edwin Nicole Jose Sabrina Shawn Kathy Jennifer Katelyn James Crystal Monica Rachel Andrew Gregory Roy Nathaniel Heather Melissa Ashley Wendy Susan Kristen Rebecca Kari Grace Mercedes William Cristian Logan Timothy Jeremy Jason
98
Derek Derek
Nathaniel Nathaniel
Heather Heather
Gabriel Gabriel
Adam Adam
Misty Misty
Shannon Shannon
Samantha Samantha
Katelyn Katelyn
Adrian Adrian
John John
Nicole Nicole
Brad Brad
Claire Claire
David David
Lauren Lauren
Joshua Joshua
Mario Mario
Roy Roy
Kara Kara
Johnathan Johnathan
Dana Dana
Cristian Cristian
Jeffery Ricky Jeffery
Tristan Tristan
Paul Paul
Laura Laura
Stacie Stacie
Jose Jose
Melissa Melissa
Kari Kari
Brittany Evan Brittany
Carol Carol
Carrie Carrie
Brian Brian
Andrew Andrew
Robert Robert
Mark Mark
Regina Regina
Kelsey Kelsey
Wayne Wayne
Megan Megan
Jeffrey Jeffrey
Shane Shane
Timothy Timothy
Joseph Joseph
Charles Charles
Crystal Crystal
William William
Mary Mary
Cheryl Cheryl
Rebekah Rebekah
Shawn Shawn
Dustin Dustin
Jacqueline Jacqueline
Logan Logan
Gregory Gregory
Kimberly Kimberly
Amanda Amanda
Christina Christina
Rebecca Rebecca
Scott Scott
Mercedes Mercedes
Dylan Dylan
Wendy Wendy
Kayla Kayla
Edwin Edwin
Michelle Michelle
Stephen Stephen
Kristen Kristen
Brett Brett
Karen Karen
Ronnie Ronnie
Jill Jill
Sabrina Sabrina
Elizabeth Elizabeth
Tommy Tommy
James James
Juan Juan
Kathy Kathy
Susan Susan
Monica Monica
Bryan Bryan
Jane Jane
Alexandra Alexandra
Grace Grace
April April
Nicholas Nicholas
Jennifer Jennifer
Jeremy Jeremy
Kyle Kyle
Tammy Tammy
Ashley Ashley
Jordan Jordan
Melinda Melinda
Rachel Rachel
Robin Robin
Randy Randy
