Florges Masquerain Bisharp Bayleef Furfrou Scolipede Wailmer Delibird Purrloin Sentret Hitmonlee Doublade Carracosta Aurorus Dialga Caterpie Tentacruel Chansey Regice Zubat Manectric Bidoof Machoke Hippopotas Bidoof Palossand Bouffalant Infernape Lillipup Hakamoo Flaaffy Palkia Girafarig Celebi Moltres Gastrodon Dusknoir Weepinbell Tsareena Florges
35
Hippopotas Cherrim
Caterpie Zapdos
Zubat Zubat
Delibird Delibird Cascoon
Doublade Ralts
Masquerain Togetic Celesteela
Manectric Manectric
Lillipup Lillipup
Dialga Dialga Volbeat Pichu
Dusknoir Dusknoir Kricketot
Furfrou Persian Shaymin
Weepinbell Weepinbell
Carracosta Carracosta
Tentacruel Tentacruel
Moltres Moltres
Hitmonlee Yanmega Hitmonlee
Wailmer Wailmer Poliwrath Wormadam Primarina
Bidoof Piloswine Bidoof
Aurorus Aurorus
Purrloin Purrloin Poliwag
Gastrodon Gastrodon
Machoke Timburr Machoke
Sentret Sentret
Bayleef Bayleef
Scolipede Scolipede
Regice Regice
Hakamoo Buzzwole Hakamoo
Infernape Infernape
Bouffalant Bouffalant
Flaaffy Omastar
Girafarig Girafarig
Florges Bergmite Stufful
Bisharp Bisharp
Celebi Celebi
Tsareena Tsareena
