Glameow Loudred Archeops Electivire Gumshoos Bergmite Spiritomb Ivysaur Zygarde Ledian Beheeyem Wailord Turtwig Fomantis Throh Glalie Buneary Gigalith Spheal Inkay Glameow
18
Electivire Electivire Yanma Furret
Spiritomb Spiritomb
Wailord Wailord
Gumshoos Gumshoos
Ivysaur Spinarak Meganium
Ledian Ledian
Buneary Buneary
Bergmite Bergmite
Glalie Glalie
Zygarde Zygarde
Turtwig Togepi
Fomantis Piplup Mudbray
Archeops Archeops
Spheal Spheal Gothorita
Loudred Loudred
Gigalith Gigalith
Beheeyem Golett Beheeyem Leavanny
Inkay Inkay
