Soda Bahamas Mexico Korea Egypt Sint Heard Rwanda Singapore Mayotte Saint New Albania United Niger Algeria Republic Liberia Hong Latvia Pitcairn Japan Germany Fiji Netherlands Kiribati Finland Cambodia Pakistan Argentina Northern Soda
31
United United
Argentina Burundi Luxembourg Argentina
Japan Japan
Pakistan Pakistan
Fiji Fiji
Kiribati Lao Kiribati
Singapore Singapore Lebanon
Rwanda Nigeria Rwanda
Soda Burkina
Sint Croatia Sint
Northern Northern
Korea Korea British
Heard Sao Congo
Niger Niger Kyrgyzstan
Hong Hong Palau
Mayotte Mayotte Malawi Ireland
Cambodia Jamaica Cambodia
Netherlands Netherlands
Bahamas Indonesia Bahamas
Liberia Liberia Aruba
Latvia Latvia Moldova
Republic Republic Antigua
Pitcairn Pitcairn Macao
Saint Belize Saint
Algeria Algeria
Germany Iraq
Finland Finland
Mexico Mexico
New New
Albania Albania
Egypt Egypt
