Essos Toffingburg Dubwall Urubaen TheWall BaSingSe Barkamsted TheWhompingWillow Karth Castamere DuWeldenvarden Toperhagen TheFae Accrington DiagonAlley Durnatel ShriekingShack FlourishBlotts Bobbingbourne KnifesEdge TheCommonwealth Lorien Meereen WitheredHeath Aerodenn TheBoilingRock FireNation Penketh Yll Dragonstone Newarre Azir JahKeved Westeros Blackwater WesternAirTemple Alethkar Jakku TheSpiritWorld Essos
39
Dubwall RepublicCity Dubwall Tarbean Endor TheReshiIsles Gizton FleaBottom
TheFae Arcwallow TheFae Atlantas
WitheredHeath WitheredHeath Arkham
ShriekingShack Trebon Valyria ShriekingShack GooLagoon
Yll Yll
TheSpiritWorld TheSpiritWorld
Newarre Newarre
Essos Essos JarrensOutpost TheRiverStyx
DiagonAlley Severen DiagonAlley Shinovar Sanlow
BaSingSe ShatteredPlains TheKrustyKrab BaSingSe Neddington
Penketh Penketh
Durnatel Ellesmera Soda Keld Grimbarrow
Aerodenn Netherfort MountOlympus CaveofTwoLovers Aerodenn
Urubaen Boatwright Urubaen TheEyrie
Westeros Tartarus Westeros Astapor Vintas Duskhollow
Bobbingbourne Hogsmead Bobbingbourne
TheCommonwealth TheCommonwealth Neddingtown SatishVille
TheWall TheVale Omashu Ivormere
Toffingburg Toffingburg Carvahall Riverrun
Blackwater Hogwarts BikiniBottom TheSpine Blackwater
Toperhagen Lockinge Toperhagen
Barkamsted Barkamsted TheGodswood Braavos Peridrift Ademre
Castamere Chrofall Castamere Batcave
KnifesEdge KnifesEdge ProBendingArena TheGreatDivide
Azir Azir
Dragonstone Arrowcave Dragonstone
TheBoilingRock TheChumBucket TheBoilingRock
TheWhompingWillow TheWhompingWillow HighGarden TheUnderworld
Accrington Accrington Alderaan
JahKeved JahKeved
Alethkar Alethkar
Karth BeyondtheWall Karth
Meereen Steeltown Meereen CastleBlack
FlourishBlotts FlourishBlotts
Lorien Lorien
Jakku Jakku
WesternAirTemple WesternAirTemple Winterfell
FireNation FireNation
DuWeldenvarden Helgrind DuWeldenvarden
