507 2604f 9bd9 150d5 c411 1c476 23d1e 25b48 36fc9 a5e7 25641 2fc28 2d8f7 33d83 4b69 1831b 18d29 d326 d82d 388ec 2ddfe e742 30636 5577 31a52 3154b 1a64c 3387c 23310 2b0bf 374d0 2bacd 1c97d 10065 c918 1dd99 8cc4 2cee9 28d8e 360b4 27e79 214e6 22e09 3246 3012f ba03 1ba68 15fea 13cb9 36ac2 38df3 1790d 3428a 2e305 24c33 20fdf dd34 5f85 379d7 1d892 17e14 2f21a 1ab53 33375 78a8 11e8f aff5 4662 82b6 1e2a 155dc ec49 169f8 32460 19230 2b5c6 11988 1056c 1b05a 374d 2d3f0 200ca 1ecae 27972 91cb 2a6b1 12396 26a5d 2513a 22902 356a6 648c 16eff 2c9e2 164f1 507
88
1b05a 3c54
aff5 aff5
27e79 27e79
82b6 82b6 32e6e
5577 5577
26a5d 26a5d
1ecae 1ecae
dd34 dd34 1f1b5
164f1 164f1
32460 32460
27972 27972
2d8f7 2d8f7
e742 e742
2f21a 2f21a 2472c
200ca 200ca
2fc28 2fc28
25b48 1923 19737 25b48
374d 374d
9bd9 9bd9 6993
4662 4662
15fea 146c7 15fea
33375 33375
30636 30636
38df3 38df3
2c9e2 2c9e2
91cb 91cb
1d892 1d892
2b0bf 2b0bf
1790d 1790d
3387c 3387c
2e305 2e305
78a8 78a8
8cc4 8cc4
d326 d326
22902 22902 26f64
16eff 16eff
2513a 2513a
24c33 24c33
36ac2 36ac2
22e09 22e09
20fdf 20fdf
379d7 379d7
18d29 18d29
2cee9 2cee9
214e6 214e6
3012f 3012f
ba03 ba03
25641 25641
150d5 150d5
2a6b1 2a6b1
10065 10065
3428a 3428a
155dc 155dc
17e14 17e14
1a64c 1a64c
360b4 360b4
374d0 374d0
1056c 1056c 18822
1e2a 1e2a
169f8 169f8
2d3f0 23817
23d1e 23d1e
2604f 2604f
4b69 4b69
1ab53 1ab53
ec49 ec49
13cb9 13cb9
c918 c918
23310 23310
28d8e 28d8e
c411 c411
2ddfe 2ddfe
d82d d82d
2bacd 2bacd
12396 12396
388ec 388ec
356a6 356a6
1dd99 1dd99
3246 3246
1c97d 1c97d
11988 11988
36fc9 36fc9
31a52 31a52
2b5c6 2b5c6
11e8f 11e8f
648c 648c
1831b 1831b
1ba68 1ba68
