8 5 3 29 4 33 52 97 105 152 113 66 64 63 47 65 49 30 51 70 71 55 73 59 39 38 18 23 87 88 19 22 25 21 26 24 101 40 42 45 91 93 95 137 89 136 135 147 100 90 149 188 193 160 171 192 191 169 109 168 190 167 116 115 72 54 99 145 144 82 79 121 173 124 127 123 120 172 174 142 125 126 80 83 8
83
123 123
160 160 118
24 24
25 25
66 66
49 49
121 121
88 88
55 55 69
124 124
5 5
105 164 165 105 68
188 183 188
54 54
127 127
87 87
97 97
193 193
137 137
149 102 179 181
80 80
19 19 85
152 185 152
90 90
63 63
191 191
33 35 33
4 4
64 64
8 2
65 65
144 153 144
71 71 53
147 147 182
115 115
82 82 6
167 167
99 99
172 172
169 169
45 45
109 109
136 136
21 21
89 89
30 30
135 135
73 73
120 120
100 100
59 59 78 61
91 91
38 38
113 113
29 29
26 26
126 126
22 22
47 47
171 171
52 52
72 72
93 93
79 79
192 192
116 116
42 42
23 23
70 70
51 51
18 17
145 145
83 83
168 168
174 174
173 173
95 95
142 142
39 39
125 125
3 3
190 190
40 40
