132 126 122 118 108 106 100 102 104 90 86 88 96 92 98 137 17 146 138 189 196 181 197 193 198 194 188 149 136 171 167 133 156 152 159 166 182 160 76 78 74 80 82 72 68 60 56 62 64 66 46 38 40 44 142 180 148 13 11 9 8 6 5 3 2 33 35 39 41 45 47 63 61 81 75 77 155 162 192 154 184 87 91 95 97 101 105 109 113 195 31 28 27 26 25 185 173 132
94
171 171
60 60
64 64
195 195
46 46
80 80
162 162
96 96
3 3
122 122
184 184
47 47
68 68
45 45
126 126 176
86 86
154 154
189 189
138 138
66 66
196 196
100 100
25 25
72 72
159 159
38 38
28 28
44 44
33 33
155 155
146 161 146
104 104
95 95
78 78
188 188
8 8
102 102
61 61
9 9
98 98
160 160
136 136
133 133
106 106
81 81
193 193 135
109 109
113 113
87 85 87
11 177
39 39
197 197
5 5
35 35
137 137
6 6
40 40 36
156 156
31 31
101 101
194 194
88 88
13 13
167 167 183
166 166
118 118
90 90
180 180
27 27
142 142
56 56
181 181
97 97
82 82
173 173
198 198
26 26
77 77
192 192
76 76
91 91
105 105
75 75
152 152
17 17
182 182
185 185
148 148
41 41
92 92
2 2
108 108
62 62
149 149
