Building65 Building66 Building99 Building34 Building38 Building35 Building41 Building44 Building33 Building60 Building57 Building61 Building63 Building62 Building59 Building7 Building5 Building1 Building8 Building51 Building53 Building22 Building23 Building27 Building20 Building18 Building24 Building28 Building25 Building12 Building88 Building91 Building88 Building12 Building14 Building13 Building14 Building29 Building95 Building94 Building97 Building94 Building70 Building77 Building73 Building82 Building73 Building83 Building66 Building65
33
Building27 Building27
Building91 Building84 Building91
Building35 Building42 Building35
Building97 Building96 Building97
Building66 Building64
Building24 Building24 Building32
Building25 Building31 Building25
Building59 Building59
Building44 Building44 Building33 Building36 Building46
Building88 Building88
Building60 Building58
Building51 Building54 Building55 Building51
Building29 Building15
Building13 Building16 Building13 Building11
Building82 Building71 Building82
Building7 Building4
Building94 Building94
Building8 Building8
Building22 Building22
Building41 Building41
Building61 Building61
Building14 Building10
Building70 Building76 Building80
Building38 Building37 Building45
Building99 Building99
Building83 Building83
Building77 Building79 Building81
Building95 Building92
Building57 Building57
Building1 Building1
Building20 Building20 Building30
Building5 Building3
Building73 Building73
