140 151 29 168 69 149 45 127 25 132 150 56 105 158 5 11 79 11 19 41 180 83 57 84 175 134 42 80 133 28 123 147 73 82 18 77 148 186 146 190 93 173 12 196 1 49 4 103 162 47 16 107 50 107 102 13 72 76 125 178 22 112 62 167 62 137 197 137 61 177 32 140
57
148 35
162 169 36
76 76
149 179 128
177 177 61 154
42 42
18 18 96
112 14 112 22
50 44 50
93 93 39 97
19 21 139 19 53
103 103
125 125 65
158 95 158 160
197 197
12 166 193 12
146 94 146
41 41 101
32 32 115
150 8 150 27
123 176 123
28 108
56 159 56
62 62
175 7 175
102 102
83 83 142 55
4 4
133 185 114 133
134 59 134
196 10 196
80 40 80
127 127
29 29
79 130 79
13 13 51
73 73
77 170 77
178 178
49 117 49
132 132
11 11
45 45
180 85 6
82 82 89
167 167 9
186 186
140 135 153
168 168
57 57
47 47 182
190 190
173 173
84 84
151 151
25 104 25
5 5
