a0 a19 a65 a75 a52 a13 a60 a61 a5 a38 a82 a71 a15 a25 a86 a11 a59 a11 a10 a7 a22 a28 a9 a1 a18 a23 a94 a53 a33 a30 a64 a6 a55 a49 a77 a2 a43 a3 a41 a8 a78 a8 a41 a83 a90 a99 a17 a0
36
a9 a9 a48
a6 a42
a43 a43
a59 a47 a74 a59
a53 a51 a53
a71 a71
a94 a87 a94
a90 a90
a2 a98 a2
a17 a17
a3 a50 a56
a52 a52
a55 a55
a99 a99
a11 a11 a81
a0 a21 a97
a23 a23
a7 a39
a64 a44
a15 a46
a75 a75
a82 a82
a33 a33
a5 a79
a83 a83
a1 a93 a12 a80
a18 a18
a28 a28
a22 a37
a65 a65
a8 a8 a88
a25 a25
a78 a73 a78
a77 a77
a60 a60
a86 a86
