aliquam sagittis condimentum semper lectus mattis vitae eu nec cras porttitor viverra euismod vestibulum senectus habitant malesuada et fames ultricies turpis quis sed consectetur mi gravida lorem habitasse adipiscing platea praesent quisque cursus suscipit mauris enim congue placerat nisi ornare maecenas imperdiet ut eros aliquam
43
quisque quisque
malesuada malesuada
quis quis
gravida gravida
turpis turpis
mattis mattis
placerat placerat
condimentum condimentum
mauris mauris
habitant habitant
nisi nisi
ultricies ultricies
et et
mi mi
imperdiet imperdiet
consectetur consectetur
congue congue
adipiscing adipiscing
ornare ornare
cras cras
euismod euismod
vitae vitae
habitasse habitasse
eros eros
nec nec
praesent praesent
platea platea
lorem lorem
maecenas maecenas
viverra viverra
vestibulum vestibulum
semper semper
sagittis sagittis
cursus cursus
lectus lectus
porttitor porttitor
ut ut
suscipit suscipit
senectus senectus
sed sed
fames fames
enim enim
eu eu
