AAA AAB AAC AAD ABD ACD ACC ACB ACA ADA BAA BAB BBB BBC BBD BCD BCC BCB BCA BDA CAA CAB CAC CBC CCC CCD CCC CCB CCA CDA DAA DAB DBB DBC DBD DCD DCC DCB DCA DDA EAA EAB EAC EBC ECC ECD ECC ECB ECA EDA FAA FAB FBB FBC FBD FCD FBD FAD FAC FAB FAA EDA ECA EBA EAA DDA DCA DBA DAA CDA CCA CBA CAA BDA BCA BBA BAA ADA ACA ABA AAA
26
AAD AAD
ACB ABB ACB
ABD ABC
ACD ACD ADD
BBD BAD
BBB BBB
BBC BBC
BCB BCB
BCD BCD BDD
CAC CAD
CBC CBB CBC
CCB CCB
CCD CCD CDD
DBD DAD
DBB DBB
DBC DBC
DCB DCB
DCD DCD DDD
EAC EAD
EBC EBB EBC
ECB ECB
ECD ECD EDD
FAD FAD
FBB FBB FCB
FBC FBC
FCD FCD FDD
