AAA AAB AAC AAD ABD ACD ACC ACB ACA ADA BAA BAB BBB BBC BBD BCD BCC BCB BCA BDA CAA CAB CAC CBC CCC CCD CCC CCB CCA CDA DAA DAB DBB DBC DBD DCD DCC DCB DCA DDA EAA EAB EAC EBC ECC ECD ECC ECB ECA EDA FAA FAB FAC FBC FBD FCD FCC FCB FCA FDA GAA GAB GAC GBC GCC GCD GCC GCB GCA GDA HAA HAB HBB HBC HBD HCD HCC HCB HCA HDA IAA IAB IAC IBC ICC ICD ICC ICB ICA IDA JAA JAB JBB JBC JBD JCD JCC JCB JCA JDA KAA KAB KAC KAD KBD KCD KCC KCB KCA KDA LAA LAB LAC LAD LBD LCD LBD LBC LBB LAB LAA KDA KCA KBA KAA JDA JCA JBA JAA IDA ICA IBA IAA HDA HCA HBA HAA GDA GCA GBA GAA FDA FCA FBA FAA EDA ECA EBA EAA DDA DCA DBA DAA CDA CCA CBA CAA BDA BCA BBA BAA ADA ACA ABA AAA
52
AAD AAD
ACB ABB ACB
ABD ABC
ACD ACD ADD
BBD BAD
BBB BBB
BBC BBC
BCB BCB
BCD BCD BDD
CAC CAD
CBC CBB CBC
CCB CCB
CCD CCD CDD
DBD DAD
DBB DBB
DBC DBC
DCB DCB
DCD DCD DDD
EAC EAD
EBC EBB EBC
ECB ECB
ECD ECD EDD
FAC FAD
FBC FBB FBC
FCB FCB
FCD FCD FDD
GAC GAD
GBC GBB GBC
GCB GCB
GCD GCD GDD
HBD HAD
HBB HBB
HBC HBC
HCB HCB
HCD HCD HDD
IAC IAD
IBC IBB IBC
ICB ICB
ICD ICD IDD
JBD JAD
JBB JBB
JBC JBC
JCB JCB
JCD JCD JDD
KAD KAD
KCB KBB KCB
KAC KBC
KCD KCD KDD
LAD LAD
LBB LBB LCB
LBC LBC
LCD LCD LDD
