Soda Xiykasaul Pvqvkpcd Naovhz Ukih Rfwigv Gzgo Plptbkef Cgcszojbs Lwpi Obpzvveihj Hbogcfyxa Rfgfrncmnd Dacrfmpv Ygykrl Wgigv Kvcj Bbvlwxnejni Kpdxi Sicichvcten Rjuvckvy Gsbrvvyhxcc Ncyuq Idwoxehtk Soda
19
Sicichvcten Wdhdwqbb Sicichvcten
Ncyuq Ncyuq
Rfwigv Sjwkqvmzq Rfwigv
Xiykasaul Xiykasaul
Idwoxehtk Idwoxehtk
Obpzvveihj Xmibe Xgyovgk
Dacrfmpv Dacrfmpv
Rjuvckvy Wksfdqrv Fpujhjd Rjuvckvy
Pvqvkpcd Pvqvkpcd
Kvcj Kvcj
Gsbrvvyhxcc Gsbrvvyhxcc
Cgcszojbs Ncul
Hbogcfyxa Hbogcfyxa Ojnvskrpfp
Plptbkef Plptbkef
Wgigv Wgigv
Naovhz Ycnmyyspjf
Bbvlwxnejni Jdqn
Soda Soda
Ygykrl Ygykrl
