0 18 13 21 13 117 89 81 37 60 16 177 67 55 136 61 15 133 14 40 29 57 39 161 142 27 36 35 51 99 34 12 157 54 84 1 70 126 87 98 192 24 134 83 95 118 96 22 75 7 68 71 187 43 93 80 193 38 53 139 97 4 25 33 58 62 47 42 77 69 72 64 112 30 112 44 45 90 66 0
69
33 33
4 4
69 69
98 98 59
117 85
43 11 43
47 46 47
81 2 81
35 35
96 6 96
68 68
77 77 28
44 44 65
7 56 7
0 3 0
39 39 63
139 10 48
177 74
40 92 94 40
62 76 62
83 83
70 70
13 13
25 25 79
27 27 41
53 53
72 72
37 37 78
61 61 9
36 5 36
45 45
93 93
90 50 90
22 22
60 49 60
51 32 51 8 20
14 14
21 82 21
30 30 91
15 15 23
64 64 26
87 17 87
112 73
18 18
12 19 12
80 80
58 58
55 52 55
16 16
29 29
67 67
66 66
84 84
133 31
126 88
38 38
57 57
89 89
34 34
161 86
99 99
24 24
1 1
95 95
97 97
42 42
54 54
75 75
71 71
