0 21 63 38 44 42 1 47 77 59 101 10 178 62 141 189 45 22 155 30 130 106 140 192 39 49 75 0
27
62 62 100
21 21 64
44 52 127 44
77 50 170 77 13
192 192 29 23 91
38 34 93 168 27 31 38 146 85 149
101 101 97 139
59 143 2 94 99 59
63 186 82 136 163 183 24 194 63 120
189 26 28 189 12 110 179
0 103 56 51 150
39 39 46
47 47
141 141 126 152 79 76 14
155 193 155 177
130 72 130
42 133 195 42 105 73 67 175
10 172 10 108
178 178 5 68 66
49 115 162 49
106 87 121 104
1 164 142 78 131 71 1
75 11
45 45 35
140 132 140
30 30
22 22
