f xxx ss j uuuuu zzz llllllll sss bbbbbbbb dddddddd a gg eeee p vvvv aaa qqqqqq w c uu xxxxxx ttttt hhhh ff jjjj wwww pp aaaaa mmmmmmmm q ggggg hhh qqqqqqq rrrrrr jjjjjjj nnnn pppppppp iii ggg wwwwwww vv s v ssss ssssss llllll z m qq f
47
f f
jjjjjjj jjjjjjj
xxx xxx
bbbbbbbb bbbbbbbb
llllll llllll
dddddddd dddddddd
iii iii
v v ffffffff
p p
j j
aaaaa aaaaa
vvvv vvvv
llllllll llllllll
q q
rrrrrr rrrrrr
wwwwwww wwwwwww
zzz fffffff zzz
nnnn nnnn
mmmmmmmm rrrrrrrr
aaa aaa
c c
vv vv
ff ff
ggggg ggggg
ggg ggg
a a
hhhh hhhh
sss sss
wwww wwww
qqqqqq qqqqqq
z z
hhh hhh
xxxxxx xxxxxx
s s
ssssss ssssss
w w
ssss ssss lllll
uu uu
m m
eeee eeee
pp pp
ss ss
qqqqqqq qqqqqqq
uuuuu uuuuu
qq qq
ttttt ttttt
jjjj jjjj
