199 24 10 151 197 103 67 34 67 103 177 103 182 133 91 133 105 77 51 160 185 84 32 120 130 145 16 198 138 198 16 81 43 27 19 27 2 71 153 25 113 1 113 102 45 104 85 104 45 80 45 102 97 31 157 115 167 173 74 156 163 49 142 146 174 40 174 96 164 55 3 55 83 38 83 21 59 114 11 57 61 20 150 54 176 46 72 46 47 93 178 50 123 147 94 62 15 143 63 22 162 14 86 65 76 65 5 39 29 24 199
65
49 0 49
1 1
2 2
3 3 18
156 4
5 5 44
72 6 72
177 7 23
34 8 34 98
96 9 95 96
10 10
11 11
91 12 91
50 13 50
14 14 66
15 15
16 16 37 48 81
163 17 53 75
19 19 70
20 20
21 21 73 88
22 22
24 24
25 25 69
142 26
27 27
197 28 87
29 29
138 30 89
31 31
32 32
40 33 40
182 35
47 36 47
38 38 79
39 39 90
157 41
76 42 76
43 43 92
45 45
46 46
51 51
102 52 64
54 54
55 55 83
93 56 93
57 57
74 58 74
59 59
164 60
61 61
62 62
63 63 68
65 65
67 67
71 71
77 77
167 78
80 80
199 82
84 84
85 85 99
86 86
94 94
97 97
