SueJosephGarza ElsieJosephPhelps OllieGeorgeSova KarenErmaJensen KevinHaroldCyr KennethShannonGardel PaulShaneSoldner MariaChristopherCast ThomasAnnieRuiz BrianRolandAli LauraPhilipWinkler JohnDustinKenny PamelaPageBullock JohnJoseJudd FranciscoFrancesHarr IraJimmyYang AshleyWilliamClarke LucyBennyHaag WilburnDavidMiller LuisHelenHughes WilliamGeorgeWilliam CrystalShermanVida ChristinaDanaGrant AnnaKyleChang BrianLuzArce DonaldDoloresKelly AlfredaKirstenMartin JamesJaredGonzalez RhondaAshlynMoore DarnellAliciaPeters PaulEvanRichard JessicaJohnSpells NathanKevinCorathers MelindaKennethAzar PatriciaBernardBrock MarianLuluDiaz LeroySandraLewis MaryLindaKirkland PhyllisJackWilson LillieKathleenCervan SueCourtneyOsgood SueJosephGarza
39
BrianRolandAli BrianRolandAli
OllieGeorgeSova OllieGeorgeSova
PatriciaBernardBrock PatriciaBernardBrock
JamesJaredGonzalez JamesJaredGonzalez
MaryLindaKirkland MaryLindaKirkland
LucyBennyHaag LucyBennyHaag
PaulEvanRichard PaulEvanRichard
JessicaJohnSpells JessicaJohnSpells
PhyllisJackWilson PhyllisJackWilson
LauraPhilipWinkler LauraPhilipWinkler
KevinHaroldCyr KevinHaroldCyr
ThomasAnnieRuiz ThomasAnnieRuiz
MariaChristopherCast MariaChristopherCast
WilliamGeorgeWilliam WilliamGeorgeWilliam
DarnellAliciaPeters DarnellAliciaPeters
AnnaKyleChang AnnaKyleChang
AshleyWilliamClarke AshleyWilliamClarke
MarianLuluDiaz MarianLuluDiaz
WilburnDavidMiller WilburnDavidMiller
CrystalShermanVida CrystalShermanVida
LillieKathleenCervan LillieKathleenCervan
PamelaPageBullock PamelaPageBullock
IraJimmyYang IraJimmyYang
BrianLuzArce BrianLuzArce
LuisHelenHughes LuisHelenHughes
LeroySandraLewis LeroySandraLewis
KarenErmaJensen KarenErmaJensen
ChristinaDanaGrant ChristinaDanaGrant
AlfredaKirstenMartin AlfredaKirstenMartin
PaulShaneSoldner PaulShaneSoldner
DonaldDoloresKelly DonaldDoloresKelly
FranciscoFrancesHarr FranciscoFrancesHarr
SueCourtneyOsgood SueCourtneyOsgood
MelindaKennethAzar MelindaKennethAzar
ElsieJosephPhelps ElsieJosephPhelps
JohnJoseJudd JohnJoseJudd
NathanKevinCorathers NathanKevinCorathers
JohnDustinKenny JohnDustinKenny
KennethShannonGardel KennethShannonGardel
