Chelmbourne Edgwich Staintree Elgrove Staflow Cleredon Staflow Rocktree Whitborough Rocktree Pemwood Bracklow Leatherlow Alfby Elside Alfcastle Egborne Barngrove Hornley Prestey Sudwich Prestey Enbage Flitham Shrivlow Stainhall Southmere Shrivside Kingsbrook Dartsted Clerethorne Stapthorne Wenwang Edgchester Wenwang Stapwold Marlton Alfwell Casford Wetborne Chelmbourne
34
Sudwich Sudwich Enlow
Wenwang Sudworth Wenwang
Elside Elside Whitavon
Clerethorne Barnside
Prestey Brainbridge Prestey
Enbage Enbage Stainside Whitover
Hornley Hornley Pemwold Durditch
Chelmbourne Shaftwich
Stapthorne Stapthorne Stapmoor
Pemwood Pemwood
Rocktree Hurstworth Cookbridge Egcastle Rocktree
Whitborough Whitborough Horndown
Bracklow Sodside Bracklow Hartbage
Alfby Alfby Leatherlake Stapwell
Edgwich Edgwich
Casford Casford
Southmere Southmere
Alfwell Aldhall Alfwell
Flitham Flitham Kingsley
Staintree Waltbrook Staintree
Staflow Bursted Staflow
Edgchester Edgchester Horncester
Elgrove Elgrove Wenborough
Dartsted Dartsted
Shrivside Shrivside
Kingsbrook Wenden
Alfcastle Barnham
Shrivlow Shrivlow
Cleredon Wyhead Cleredon
Leatherlow Leatherlow
Stainhall Stainhall
Egborne Cookton Egborne
Barngrove Prestdon
Marlton Marlton
