Soda Yolo Bristol Keeler Pardee Anne Oregon Alvarado Overlook Mabel Spring Poplar Bancroft Cutter Bancroft Menlo Colusa Garber Halkin Addison Shasta Allston Solano Eunice Lewiston Eunice Woodhaven Fresno Bowditch Bataan Haste Cowper Greenwood Marin Madera Forest Bret Poppy Soda
31
Addison Addison Byron
Forest Ajax Forest
Allston Allston
Anne Anne Arch
Bancroft Bancroft
Bataan Bataan
Menlo Belrose Burnett Menlo
Bowditch Bowditch Haskell
Bret Bret Kenilworth Vermont
Bristol Bristol Hospital
Soda Browning
Shasta Columbia Domingo Shasta
Colusa Colusa Fulton
Spring Comstock Spring
Cutter Cutter Muir
Lewiston Edith Lewiston
Eunice Eunice
Halkin Florida
Fresno Fresno
Greenwood Greenwood Heinz
Haste Haste
Oregon Haviland
Marin High Marin
Keeler Keeler
Mabel Mabel Summit Terrace
Madera Madera
Yolo Martin
Overlook Overlook
Pardee Pardee
Poplar Poplar
Poppy Poppy
