FD AU AF GK AG DE AW HD HB GO GB CS GD ES EM AV EQ GS BK AM DK AD BZ AK HR FX EO ED GZ FR BQ GG CW FM FA HP AJ DB DQ CE FQ EX DS EK CO EG DV HC FJ EZ FY HM ER DA EN CB CC GN BO HH CM CG CK AC GH CA FG DU DM GA CL DZ BC GQ FP BE BN AZ DF GP DI CU FD
76
DB DB
FA GC
FJ FJ
EZ EZ
EK FO EK
FR FR
GK GK DP
CC CC
AV AV
CE AX
GZ CT GZ
BZ BZ
HC HC
FP EL DC EJ FP
DK FT DK
BN BN
GG ET
FM FM HF
BQ BQ EW
CW CW GF
HP HP CI
DV BF
CU CU
GS GS
EG EG
DM DM
GO GO
HB HB
FQ FS
BK BK
EM FI EM HO
AU AU BG
AK AK
GP GP
BO BO
AF AF
DF DF
EN FV CF EN
DU DU
CL CL
DE DE
AM AM
CM BT
ES ES
GD GD
ED GR DH
AW AW
HH HH EE
DA DA
AJ AJ BM
CS CS GX
CO CO
ER DN ER
CG CG
FY FY
AZ AZ
AD AD EY
BC BC
DQ DQ
DI DI
GQ GQ
CA CA
EO EO
DZ DZ
GN BA GN
HD HD
EX EX
EQ AT
CB CB
HM FN
GA GA
AC BV FU
HR HR
BE BE
CK CK
AG AG
