0 15 30 45 60 75 76 75 90 106 122 107 91 92 108 93 94 79 80 95 80 81 82 83 84 85 100 85 86 87 103 104 89 59 58 73 57 41 56 41 25 10 11 12 11 10 9 8 7 23 38 53 68 52 36 50 36 20 5 4 19 18 3 18 33 48 63 47 31 15 0
44
0 0
3 3
5 5
7 7
8 8
10 10
12 13 28
15 15
18 18
20 20 35
23 23
25 25 40
30 30
31 31 46
19 34
36 36 51
41 41 55
45 45
47 47
50 50
52 52
56 56 71
57 57
63 63
68 68
85 70 85
73 73
75 75
76 76
79 78
80 80
83 83
87 88
90 90 105
93 93
95 95 110 111
84 98
100 100 115 116
103 103
106 106 120 121
108 108 124
94 109
104 119
122 122
