Waco OverlandPark Newark Lincoln ChulaVista SantaClara Irving Oski Rochester SaltLakeCity AnnArbor Palmdale Clarksville Stamford SanBernardino Victorville StPaul Palmdale SterlingHeights OWO AthensClarkeCounty SanFrancisco Richmond OverlandPark Waco
20
Rochester Rochester
Palmdale Palmdale FortWayne
Clarksville Clarksville
OWO OWO LexingtonFa
Stamford Cary Stamford
Waco SanAntonio MorenoValley
StPaul StPaul
SanFrancisco SanFrancisco
AnnArbor AnnArbor
SterlingHeights SterlingHeights
Lincoln Detroit Lincoln
OverlandPark Omaha
Victorville FortCollins
SaltLakeCity SaltLakeCity
SanBernardino SanBernardino
AthensClarkeCounty AthensClarkeCounty
ChulaVista ChulaVista
Irving Irving
Richmond Richmond
Newark Newark
