13 32 107 143 120 193 197 196 146 124 168 191 119 169 150 153 195 160 151 179 131 126 199 129 159 165 101 139 121 118 109 127 185 177 155 190 175 110 152 157 170 181 140 117 182 163 106 188 187 135 102 149 128 161 173 113 141 144 167 115 123 125 122 156 162 111 154 134 100 178 147 189 164 116 148 13
74
100 100
101 101 137
102 102
162 103 133 162
199 104 199
129 105 129
106 106
107 107
121 108 121 130 136
109 109
110 110
111 111
179 112 179 180
113 113
181 114 174 181
115 115
116 116
117 117
118 118
119 119
120 120
122 122
123 123
124 124
125 125
126 126
127 127
128 128
131 131
32 132 166
134 134
135 135 145 176 194
168 138 168
139 139
140 140
141 141
146 142 146
143 143
144 144
147 147
148 148
149 149
150 150
151 151 171
152 152 198
153 153
154 154
155 155
156 156 172
157 157 183 192
195 158 195
159 159
160 160
161 161
163 163
164 164
165 165
167 167
169 169
170 170
173 173
175 175
177 177
178 178
182 182
197 184 197
185 185
190 186 190
187 187
188 188
189 189
191 191
193 193
196 196
