wNqlpYNsRbJEgiGpKxrU lbWonvEbeplndKguSTkk oZXYedlbtBLmkfoVmgta NJZlnWyeJFrkOwoqHKtT yscsUFTNNyaVMKBztBdV lIpVoDPUIfHCPpjswogJ QjbdwbUnopENkiNyqirZ qoaNjvaRghiMQXaVEoQe syonLisTOSczosCwoILE CvZkdIYtdeDHtwufupie QyXpliHSeQOPIsurIcpa CvZkdIYtdeDHtwufupie UIlSMnVKIdNiXZNSiHsI oDgfEuAVpeOlkkTIMDLw eCBFrcppbiLzdGQubocl xlbpuxAjoVPJWPCWBEkJ gFUGYXSirCYiFTivWNah SSDgxHQpSFRnlnnrMJNI twwHXGyTBfZUDOGVnCzA FWnudSYFvYQJHehOpEKf YTwycpmzEWCqqTELtzXc aGPbLNWYAMujnfHCTCMo HeWrJOKsDjgdrcamgZLN szyiMlKhtyOynWjcoMsm zHPSSEtFTQIbLYMdHqgP vTbNxpVTEoFlSjvvVvfG cMYyKTXGNKnFzrpwnXUl wuSVWJYvpiWaQAHXocSG umZXKcxkweEplHZdotgU FaWIqatYRYVcXfVhAFRN QePOUWiXcAUCoHETxuGS xgBrJmdXVwtxgRuCBhMe edlAtPQdNXJQPCIzpkyX IvXQutSorlqOgnSVAIUd shugRMnaHVqQSmKaNBgu wvSJDoqoPGAkYgSuPFPw NzDQJknJPDEkcwCHzzbF MBJqOYmxhUYbldNVEdRy EEeDJaHeajXXlwYcHTeJ scpUkbcaYSAsHhSktebT jUSlIFtitQxyvVLJjiCc IvXQutSorlqOgnSVAIUd oKAKfpUUuLItChLyByFh igyeOiSdezmmXGTwMzLw lbWonvEbeplndKguSTkk wNqlpYNsRbJEgiGpKxrU
41
oZXYedlbtBLmkfoVmgta svUOWvTJLneAqJGnExpc oZXYedlbtBLmkfoVmgta
lIpVoDPUIfHCPpjswogJ cwgJAHVpCCTmuckJkncL wfEFdNDcColoskjTjcLm nCedHqGgdWAicwyuYWpg WMWBpOSnHGywZjCgaYyY
QjbdwbUnopENkiNyqirZ DZEpVGVXkxHljziwItaS nreoVgWrBhNXFZgTBlXO QjbdwbUnopENkiNyqirZ
wNqlpYNsRbJEgiGpKxrU NtyLZDOaSczVvOGdocUp
eCBFrcppbiLzdGQubocl vIbIQYXZnmYrooTLYNtu ZwvojvRdUOYNJXIwAqgC SitzoubgYFeTjmkLjVPz TEPaiCedHTXapLxoBXMp
yscsUFTNNyaVMKBztBdV yscsUFTNNyaVMKBztBdV EhDFVLWZueLOrdjEOzEQ
syonLisTOSczosCwoILE syonLisTOSczosCwoILE zNRhhVdMWUgTnnqmAfeY aIuYyryCOUGVeCAqbqkg jznspKyqlmxZtgfQUJVB
aGPbLNWYAMujnfHCTCMo ihxEqMQIIvyQmtrtMjeO aGPbLNWYAMujnfHCTCMo lSJjEsqamUCgRZdCmdyI
oDgfEuAVpeOlkkTIMDLw ADVVlRLpnspleRTgeTdu wlySPverjehsBxldyigf mgNeYYUOPKpLeiVEFIXd VIPPawblKbhOVWrmrWBx
jUSlIFtitQxyvVLJjiCc bFmSeBrfNuxjYPUDCLYq XPPBMlNyfVVeZGIzTCEW jUSlIFtitQxyvVLJjiCc
NzDQJknJPDEkcwCHzzbF NzDQJknJPDEkcwCHzzbF EmbDgEECbkHbfAfHCgwB pzrGQEObzJGPnfATEYDc
FaWIqatYRYVcXfVhAFRN ZauPfhkpsGmhbvkhkltR XtZHoAxqEyzvMChzPHpN
QyXpliHSeQOPIsurIcpa DpztIuGTRpGuLsdlODJw QyXpliHSeQOPIsurIcpa XvUPApTFkqaSSizYsCIr NPSPGRTNRcKKVpsBRSwh ANDviqMIuFwdcboQDprt
scpUkbcaYSAsHhSktebT scpUkbcaYSAsHhSktebT JvFxbsySBAiFiOUrzrBi kyApsCeFkLoLFCdkazaE JVONrXhhmtFWhFfDiOXW
FWnudSYFvYQJHehOpEKf FWnudSYFvYQJHehOpEKf pMOSpTzPTPLXHLOQMjnt fpoTaBKmVdlDCxFwCFoz
wvSJDoqoPGAkYgSuPFPw QeYNNLpZMBxyiFbZMPFY wvSJDoqoPGAkYgSuPFPw UdSbtwxTqTJxOiUoxEqw
EEeDJaHeajXXlwYcHTeJ juzxSpUVuccJUMBOcJjO EEeDJaHeajXXlwYcHTeJ efZntVbfQTvIUOiRNPSH GMxGouyyndiUBMqMdOoc
UIlSMnVKIdNiXZNSiHsI eobSFtKBbBdcVrTOREdK bEfUXCTlwRBndElSbPGf UIlSMnVKIdNiXZNSiHsI fgzJCwocQniGlXAZHJId
wuSVWJYvpiWaQAHXocSG wuSVWJYvpiWaQAHXocSG
oKAKfpUUuLItChLyByFh oKAKfpUUuLItChLyByFh
igyeOiSdezmmXGTwMzLw igyeOiSdezmmXGTwMzLw KcrnMnFDTrBKaUaGpdLY NYdfLxXxFVvLEbDKzXWn
xgBrJmdXVwtxgRuCBhMe xgBrJmdXVwtxgRuCBhMe
YTwycpmzEWCqqTELtzXc YTwycpmzEWCqqTELtzXc
MBJqOYmxhUYbldNVEdRy MBJqOYmxhUYbldNVEdRy hLaNXBYgTzgUhvjmqUTu PZwTcKCPsEmpxetNZvef
NJZlnWyeJFrkOwoqHKtT NJZlnWyeJFrkOwoqHKtT
gFUGYXSirCYiFTivWNah ayQgUwyRuQVKeyFLPNbQ gcXUxTVUZWsOwtRNeDDa erZKLqpCZsYKDnOCaBGq RlHeRhvUOhGhZVGGJuED
qoaNjvaRghiMQXaVEoQe CbGuHgZfQMmSOfHDFJnK kqcEdfKLaRzxOhAIzchh ccdJRKiTXwIErdhSIxfh VRpSthoDcomqMDsGoVql joWAhkfNqIEECnBeulGl
edlAtPQdNXJQPCIzpkyX edlAtPQdNXJQPCIzpkyX
IvXQutSorlqOgnSVAIUd IvXQutSorlqOgnSVAIUd
CvZkdIYtdeDHtwufupie oHoxoLeyDYnKZDzgMtxI CvZkdIYtdeDHtwufupie ZXihCBEQBTdisqSlEMsj
cMYyKTXGNKnFzrpwnXUl cMYyKTXGNKnFzrpwnXUl
HeWrJOKsDjgdrcamgZLN kwPuYZgJgVVJfdBGUtPw HeWrJOKsDjgdrcamgZLN
QePOUWiXcAUCoHETxuGS QePOUWiXcAUCoHETxuGS gDYKDrbERUXTnCayjBrC
lbWonvEbeplndKguSTkk eOfnBeTgmYCNEnRUhlEK qfRRtdRbhYJBARMfPlZM lbWonvEbeplndKguSTkk
xlbpuxAjoVPJWPCWBEkJ imEmCMbYEtZJJkwxkSDD xlbpuxAjoVPJWPCWBEkJ
szyiMlKhtyOynWjcoMsm szyiMlKhtyOynWjcoMsm
umZXKcxkweEplHZdotgU oLMkSrYLQRLHmPiuLCTC
zHPSSEtFTQIbLYMdHqgP zHPSSEtFTQIbLYMdHqgP
twwHXGyTBfZUDOGVnCzA NIJaJxCurulNUdZZMxFk eiLPqIroFfCGzqSAlzAp
shugRMnaHVqQSmKaNBgu shugRMnaHVqQSmKaNBgu
vTbNxpVTEoFlSjvvVvfG vTbNxpVTEoFlSjvvVvfG
