LesLilas Kambove Bourgoin GongdanglegiKulon Sobue Johnston Kairouan Acireale Butuan Kaifeng Aringay AshtonunderLyne Shchekino Andrychow FetestiGara Mocoa KotRadhaKishan Izhevsk SpanishTown Lloydminster Khulm Mabopane Rhondda Wachtberg Battambang Manacapuru Gorgan Shimofurano Prostejov Skelmersdale Tabou HaciendaLaCalera Acarau NorthAurora Aracuai Hangu Daokou Sosnovka Shieli Malpe Itororo Ortaca Garbsen SaintCyrlEcole SantanadoLivramento Kotka BlueIsland Pezinok Belalcazar Oerlinghausen Sorada SouthSaintPaul Escada Pozzuoli LesLilas
51
Khulm Khulm Anjarah
SouthSaintPaul Kemise Ibirataia SouthSaintPaul Angleton Gunzenhausen
Kotka Hirosaki NoblePark Kotka
Andrychow SanJuandelaMaguana Andrychow Turek GuaMusang
Shchekino Shchekino Espiye Wangon
Malpe Braila Shurugwi
Pezinok SenaMadureira Pezinok
Shimofurano Shimofurano Arzamas TagbilaranCity
Battambang AinArnat Battambang
Rhondda Rhondda
Bourgoin Morwa EastLongmeadow
Hangu Hangu Vaniyambadi Gowurdak
Garbsen Garbsen Rivas
Sobue Sobue SenadorPompeu
Sosnovka Sosnovka PriegodeCordoba
Shieli Yafo Shieli
SaintCyrlEcole Haora SaintCyrlEcole
Pozzuoli Haripur Pozzuoli
SantanadoLivramento CapimGrosso SantanadoLivramento
Aracuai AinBessem Zhaodong Aracuai
Acireale Ontinyent Langenhorn Baramula Acireale
SpanishTown SpanishTown Kineshma
Johnston Johnston Wenchi
FetestiGara Nagar FetestiGara Embu PortoVelho
Belalcazar Belalcazar
KotRadhaKishan KotRadhaKishan
BlueIsland BlueIsland MadinatHamad ChalcodeDiazCovarrub MineralnyeVody
Butuan Butuan
Skelmersdale Vyazniki Skelmersdale FortWorth
Kambove Kambove MonteAlegre
Mocoa Mocoa Fuxin
Kaifeng Kaifeng
Wachtberg WestIslip
Acarau Akcaabat Acarau
Tabou Tabou
Itororo Itororo
HaciendaLaCalera HaciendaLaCalera
Kairouan Kairouan
Lloydminster Lloydminster Korsakov
Prostejov Prostejov
Gorgan NahiyatashShinafiyah Gorgan
GongdanglegiKulon Bury VillaPauladeSarmient
Izhevsk Izhevsk
Oerlinghausen Oerlinghausen
Manacapuru Manacapuru
Mabopane Mabopane
Daokou Twante Daokou
Sorada Sorada
Escada Escada
Ortaca Ortaca
AshtonunderLyne AshtonunderLyne
