0 1 6 11 12 13 11 16 21 25 24 21 26 29 30 26 32 33 31 35 31 37 36 42 41 46 51 53 52 51 57 58 56 60 59 56 61 66 71 76 81 87 86 92 93 91 95 94 91 96 101 105 104 101 103 102 101 106 112 111 116 121 127 128 126 130 129 126 131 136 141 146 151 156 162 163 161 164 161 167 166 171 176 181 186 192 191 196 197 198 0
65
58 58
24 24
41 44
131 135
71 73 72 75 74
96 100 99 98 97
6 7
21 22
35 35 34
86 90
16 17 19
136 137 139 140 138
61 63 65 64 62
163 163
76 78 79 80
105 105
192 192
151 155 152 153
164 164 165
11 14
106 109 107 108
60 60
186 189 187
46 48 47
111 114 113
42 42
116 118
181 183 184 185
95 95
141 144 143 145 142
191 193 195
53 53
81 83 84 82
103 103
52 52
37 38
25 25
176 180 179
30 30
94 94
102 102
130 130
112 112
33 33
121 122
166 169 170
66 70 68
1 3
127 127
26 27
162 162
93 93
13 13
12 12
32 32
87 87
171 173
29 29
59 59
36 39
129 129
156 159
128 128
146 149
104 104
