93 18 94 18 62 70 174 143 165 117 168 75 113 129 131 36 95 2 73 161 175 81 177 136 87 14 99 11 66 65 126 98 107 24 4 76 26 147 176 121 34 56 170 108 170 64 171 125 54 47 91 110 40 116 82 151 63 163 84 111 86 119 86 57 132 105 101 172 124 155 169 20 71 93
64
119 1 119
2 2
4 4
14 14
18 18 157
54 19 79
20 20
24 24
26 26
129 27 74 129
34 34
36 36 109
131 38 115 131
108 39 108
40 40
165 43 165
94 46 80 138
47 47 154
117 49 117
110 51 72 110
151 52 151
177 53 177
56 56 122
57 57
95 61 95
62 62
63 63
64 64 140
65 65
66 66
132 67
70 70 146
73 73
75 75 130
76 76
143 77 143
81 81
82 82
84 84
86 86
87 87
176 90 176
91 91
98 98
99 99
101 101
113 102
105 105
111 111
116 116
121 121
124 124
125 125 141
136 136
161 137 161
147 147
155 155
163 163
168 168
169 169
170 170
171 171
172 172
174 174
