Dannemora Fire Goshen Flanders Frankfort DeRuyter Fairmount Dexter Hermon Franklinville Dansville Delevan Galeville Germantown Deferiet Fishers Haviland Franklin Hamburg Flower Herricks Deposit Earlville Firthcliffe Highland Farmingville Florida Farnham Freeville Delhi Frewsburg Dunkirk Delanson Deer Granville Forestville Davis Fishkill Mills Fairview Geneva Fairport Fulton Gardiner Falconer Gasport Oceanside Freeport Ghent Depauville Fredonia Harbor Hewlett Fleischmanns Fonda Fabius Dannemora
46
Dansville Dansville
Davis Davis
Deer Deer
Deferiet Deferiet
Delanson Delanson
Delevan Delevan
Delhi Delhi
Germantown Delmar Germantown
Depauville Depauville
Geneva Depew Geneva
Deposit Deposit
DeRuyter DeRuyter
Dexter Dexter
Dunkirk Dunkirk
Earlville Earlville
Fabius Fabius
Oceanside Fair
Fairmount Fairmount
Fairport Fairport
Fairview Fairview
Falconer Falconer
Farmingville Farmingville
Farnham Farnham
Harbor Fayetteville
Fire Fire
Firthcliffe Firthcliffe
Fishers Fishers Forest
Fishkill Fishkill
Flanders Flanders
Fleischmanns Fleischmanns
Florida Florida
Flower Flower
Fonda Fonda
Forestville Forestville
Frankfort Frankfort
Franklin Franklin
Franklinville Franklinville
Fredonia Fredonia
Freeport Freeport
Freeville Freeville
Frewsburg Frewsburg
Gardiner Friendship Gardiner
Fulton Fulton
Galeville Galeville
Gasport Gasport
Ghent Ghent
