Acadia Biscayne Cuyahoga Congaree Caverns Everglades Katmai Denali Teddy Haleakala Indiana Channel Lassen Smoky Voyageurs Saguaro Gateway Teton Isle Brycecanyon Glacier Gunnison Basin Badlands Crater Olympic Arches Sequoia Guadalupe Acadia
23
Arches Arches
Badlands Badlands
Voyageurs Bend
Biscayne Biscayne
Gunnison Gunnison
Brycecanyon Brycecanyon Canyonlands
Acadia Capitol Tortugas
Caverns Caverns
Channel Channel
Congaree Congaree
Crater Crater
Cuyahoga Cuyahoga
Denali Denali
Everglades Everglades
Gateway Gateway
Glacier Glacier
Teton Teton
Basin Basin
Smoky Smoky
Guadalupe Guadalupe
Haleakala Haleakala
Indiana Indiana
Isle Isle
