Loc2 Loc82 Loc76 Loc41 Loc42 Loc74 Loc70 Loc54 Loc38 Loc16 Loc61 Loc80 Loc97 Loc14 Loc87 Loc66 Loc99 Loc3 Loc51 Loc45 Loc12 Loc53 Loc44 Loc9 Loc78 Loc91 Loc59 Loc86 Loc83 Loc60 Loc33 Loc26 Loc57 Loc58 Loc55 Loc64 Loc49 Loc8 Loc21 Loc7 Loc0 Loc7 Loc21 Loc77 Loc93 Loc73 Loc31 Loc13 Loc36 Loc2
40
Loc33 Loc1 Loc24 Loc28 Loc46
Loc3 Loc3
Loc12 Loc4
Loc99 Loc6 Loc19
Loc8 Loc8
Loc9 Loc9
Loc51 Loc10 Loc32
Loc44 Loc11
Loc13 Loc13
Loc14 Loc14
Loc83 Loc15 Loc35
Loc16 Loc16
Loc78 Loc17 Loc34
Loc55 Loc22 Loc71
Loc26 Loc26
Loc36 Loc27
Loc38 Loc40
Loc41 Loc41
Loc31 Loc43 Loc56
Loc45 Loc45
Loc76 Loc52
Loc53 Loc53
Loc54 Loc54
Loc58 Loc58
Loc60 Loc60
Loc64 Loc64
Loc66 Loc66
Loc70 Loc67
Loc73 Loc73
Loc74 Loc74
Loc59 Loc75
Loc77 Loc77
Loc80 Loc80
Loc82 Loc82
Loc86 Loc86
Loc97 Loc90
Loc91 Loc91
Loc57 Loc92
Loc7 Loc7
Loc0 Loc0 Loc48
