pace other likely viable atmosphere rent swear tool illusion enemy control beg joystick swop joystick guarantee attraction coffin bitter rage dialogue candle triple country throne boom confrontation development exempt buffet election lifestyle coast profound view dive view profound virgin blonde shiver ignore fortune financial fortune notebook pardon vegetarian linger physics note deter identity pier bleed curriculum chew curriculum bleed smile bleed environment bleed pier interactive error widen native mature rob demand injury tolerate decisive greeting begin science mercy mixture pace
60
vegetarian exclusive market exile
identity identity straighten
profound injection profound scheme coast
swop acceptance swop electronics
exempt exempt dip
coffin coffin
begin begin
beg teacher
boom autonomy boom
development development skeleton
chew drawer offset
control control
enemy stress spoil ask enemy
ignore audience due ignore
injury injury flag
deter deter thumb
environment environment interface
virgin virgin assignment
note tablet note
mixture output chair
throne structure throne respect
buffet buffet
viable viable
physics dough physics
dive coincide dive
rent atmosphere rent
lifestyle cotton lifestyle
triple triple
mature mature page
pier pig
curriculum curriculum
widen widen driver
shiver shiver
smile smile headline
tool railcar liver tool
mercy mercy
error error
decisive decisive
candle candle
illusion illusion
rob rob
country knot country
likely comfortable likely
native native
guarantee guarantee
other other quadruple
confrontation confrontation forge
pace pace
attraction imposter attraction excuse
pardon pardon
joystick bowel
dialogue home
financial financial
interactive interactive
swear swear
greeting greeting
rage rage
election election
demand feature
blonde pipe
