pace exclusive output injury mixture market likely king page guarantee thumb enter prison approval tablet gate excuse due audience headline brake opposed brake nationalist pace
21
enter deposit enter
thumb exempt
gate gate
audience audience
headline headline
prison honor
brake brake
likely likely circulation
market market
mixture mixture
exclusive throne
nationalist feature nationalist
output output
due voice
opposed opposed
excuse excuse
guarantee guarantee
king king
page page
injury injury skeleton
approval approval
