C0 C107 C165 C126 C120 C125 C127 C129 C146 C137 C100 C185 C171 C104 C103 C123 C122 C114 C119 C198 C195 C151 C160 C164 C162 C167 C184 C168 C93 C169 C101 C154 C141 C142 C139 C157 C144 C149 C159 C102 C196 C105 C191 C192 C68 C121 C97 C187 C82 C108 C124 C190 C107 C0
52
C185 C185 C48 C172
C171 C171 C28 C110
C105 C45 C105
C165 C134 C132 C145 C161 C165 C58 C194 C153 C57 C166
C101 C101
C142 C10 C7
C167 C167 C26 C27
C192 C5 C192 C51 C1
C141 C4 C56 C141
C97 C97
C122 C122
C159 C35 C16 C63
C157 C78 C77
C108 C66
C144 C144
C107 C179 C107
C137 C137 C55 C32
C126 C152 C182 C49 C181
C125 C54 C193
C184 C70 C24 C2
C0 C0
C146 C146 C84
C191 C95 C31
C119 C119
C168 C168
C162 C52 C3
C169 C169 C50
C103 C103
C121 C121
C195 C19 C20
C129 C129
C102 C11
C198 C74 C198 C86 C71
C187 C87
C190 C190
C93 C93
C151 C47
C160 C160 C88 C59
C82 C8 C25
C154 C154 C30
C196 C196 C43
C120 C120
C100 C100
C127 C127
C104 C104
C149 C149
C114 C114
C124 C124
C68 C18 C68
C164 C164
C123 C123
C139 C139
