Taozhuang Chharra Jackson Rosedale Tupelo Esperanza Bang Gudermes Aytos Esmeraldas Bourbonnais Strathfield Waverly Nonsan Villa Rafiganj Rutherglen Ulu Freetown Southsea Sarandi Ramla Azrou Hechingen Artur New Memmingen Alatyr Kallio Somma Donggongon Boo Oulmes Fort Uran Jingzhou Vernon Norco Longgang Bhit Taozhuang
40
Rutherglen Gauting Rutherglen
Nonsan Nonsan
Jackson Jackson
Kallio Kallio
Ulu Ulu
Sarandi Sarandi
Bhit Middle Durazno Camayenne
Donggongon Donggongon
Strathfield Strathfield
Villa Cibinong Villa
Jingzhou Jingzhou
New New
Somma Somma
Azrou Azrou
Fort Fort
Esperanza Esperanza
Longgang Longgang
Norco Udumalaippettai
Boo Boo
Vernon Severodvinsk Caravaca
Chharra Ilesa Besuki Wesseling Sicklerville
Gudermes Gudermes
Southsea Calauan
Taozhuang Taozhuang
Rosedale Rosedale
Aytos Aytos
Tupelo Tupelo
Alatyr Alatyr
Artur Artur
Bang Bang
Ramla Ramla
Freetown Freetown
Waverly Waverly
Bourbonnais Bourbonnais
Memmingen Memmingen
Hechingen Hechingen
Uran Jinotepe Pottstown Uran
Rafiganj Rafiganj
Esmeraldas Esmeraldas
Oulmes Oulmes
