Ilesa Foshan Sirsi Davis Toledo Meizhou Marburg Sorsogon Perth New Minas Magomeni Jashpurnagar Malden Tupiza Valday Bogovinje MitryMory Onex Hermsdorf Lodwar Puducherry Tupelo Memmingen WaltonontheNaze Polohy Mexborough Oulmes Bensheim Gariadhar Bavly Jagna Aleshtar Alfenas Uran Landshut Bon An Bobigny Sillanwali Sishui American Alexandria Milagro Rhosllanerchrugog Calauan Valletta Sceaux Barras Yingkou Ventimiglia Viewpark Palafrugell Milledgeville Ada Great Resplendor Ilesa
56
Jagna Jagna
Sishui Sishui
Milagro Milagro
MitryMory Claremont Tiruppuvanam Aurora Guli MitryMory Ponta Copperas
Marburg Palm Lille Marburg
Minas Talipparamba Chacabuco Mouscron Dahlem
Bensheim Aklera Brunswick Bensheim Campobasso Zaozhuang Ramla Bang PointeClaire Kyzylorda
Sillanwali Sillanwali
Milledgeville Milledgeville Stupino Puerto
Ada Ada
Great Tyoply Great
Bavly Bavly
Mexborough Mexborough
Sceaux Sceaux
Foshan Foshan
Valletta Valletta Itacoatiara
Resplendor Resplendor
Malden Stuttgart Malden
Alexandria Alexandria PortVila
Sirsi Sirsi
New New
Uran Azrou Uran
Perth Perth UlanUde Tak Shaowu Niort Brzeg Clermont Villaquilambre
Bogovinje Bogovinje
Hermsdorf Oberhausen Rutland Hermsdorf GernikaLumo
Palafrugell Palafrugell
Polohy Polohy
Yingkou Yingkou
Calauan Skalica Calauan Shagamu LonsleSaunier Tharu Paredes
Ilesa Ilesa
Gariadhar Gariadhar
Ventimiglia Ventimiglia Barracas DehiwalaMount
Landshut Landshut
Tupelo Tupelo
Davis Davis Jiangyan
An An
Bobigny Bobigny
Toledo Toledo
Rhosllanerchrugog Rhosllanerchrugog
Meizhou Meizhou
Memmingen Memmingen
Viewpark Viewpark
Tupiza Tupiza
Magomeni Magomeni
Sorsogon Sorsogon
Valday Valday
American American
Aleshtar Aleshtar
Lodwar Lodwar
Jashpurnagar Jashpurnagar
Onex Onex
Alfenas Alfenas
Bon Bon
Oulmes Oulmes
Puducherry Puducherry
WaltonontheNaze WaltonontheNaze
