Qatar Tajikistan Tunisia Mali Peru Tuvalu VaticanCity CzechRepublic UnitedKingdom Kyrgyzstan Armenia Mongolia Australia Estonia SaintLucia Singapore Belgium SanMarino Burundi Macedonia Nicaragua Andorra France Albania SierraLeone Malta UAE Gabon GuineaBissau RussianFederation Tanzania Uzbekistan Angola Morocco Georgia Belarus Danzig CostaRica Kosovo Liberia Guyana Montenegro Senegal Mozambique Lebanon Egypt DemofChina Qatar
47
Belarus Belarus
Peru Peru
Nicaragua Nicaragua
Gabon Gabon
Qatar Haiti Netherlands America
Tajikistan Tajikistan Sweden
Mongolia Mongolia
Danzig Danzig
Morocco Morocco
Liberia Liberia
UAE UAE
Armenia Armenia
Australia Australia
Estonia Estonia
Montenegro Montenegro
RussianFederation RussianFederation
Egypt Egypt
France France
CostaRica CostaRica
Senegal Senegal
SierraLeone SierraLeone
DemofChina DemofChina
Kosovo Kosovo
UnitedKingdom UnitedKingdom
Macedonia Macedonia
Singapore Singapore
Mozambique Mozambique
Belgium Belgium
Angola Angola
Guyana Guyana
Tanzania Tanzania
Uzbekistan Uzbekistan
Mali Mali
SanMarino SanMarino
GuineaBissau GuineaBissau
Tunisia Tunisia
VaticanCity VaticanCity
Malta Malta
Lebanon Lebanon
Tuvalu Tuvalu
Albania Albania
Kyrgyzstan Kyrgyzstan
Burundi Burundi
Andorra Andorra
SaintLucia SaintLucia
Georgia Georgia
CzechRepublic CzechRepublic
