1345366.7377400002
1345366.7377400002
1345366.7377400002
1345366.7377400002
1345366.7377400002
1345366.7377400002
297690.24577000004
281939.5983933333
275173.15443999995
275173.15443999995
275173.15443999995
275173.15443999995
1345366.7377400002
1345366.7377400002
315230.10589666665
315230.10589666665
287643.9745266666
291838.3343733333
373522.6327533333
275173.15443999995
275173.15443999995
4.333333333333333
281939.5983933333
281939.5983933333
281255.4349466666
276136.3303399999
275173.15443999995
4.333333333333333
276136.3303399999
521866.43891999987
4.333333333333333
281255.4349466666
281255.4349466666
281255.4349466666
281255.4349466666
281255.4349466666
281255.4349466666
281255.4349466666
281255.4349466666
276136.3303399999
276136.3303399999
12788.47733333333
45275.10389666666
1843.677333333333
6804365001.731184
13221113918.89556
384.52697666666666
219.33333333333334
1264.2934333333333
11.365493333333333
11.472333333333333
279095.6666666666
218.66666666666666
11718671740.0
4932.460516666666
7282773063.993473
40.0
98.66666666666667
118.68266666666668
3945520471.9548163
1029.3333333333333
109.0
30.666666666666668
18.866666666666664
16.666666666666668
3400.0
