396601.07572666666
528699.7718533332
279520.76099333336
279520.76099333336
279520.76099333336
279520.76099333336
279520.76099333336
396601.07572666666
279520.76099333336
528699.7718533332
279520.76099333336
528699.7718533332
528699.7718533332
528699.7718533332
528699.7718533332
279520.76099333336
396601.07572666666
279520.76099333336
279520.76099333336
396601.07572666666
279520.76099333336
279520.76099333336
279520.76099333336
279520.76099333336
279520.76099333336
279520.76099333336
279520.76099333336
34999.88999999999
34999.88999999999
34999.88999999999
34999.88999999999
34999.88999999999
34999.88999999999
34999.88999999999
34999.88999999999
34999.88999999999
34999.88999999999
12607.096
infinite
infinite
infinite
12533.58
12533.58
46447.38512666664
1947.9273333333338
7087463274.728681
13221113918.895561
416.5515933333334
237.33333333333334
1333.1424666666667
11.992959999999995
11.468666666666671
309418.0
236.0
12099863702.0
5155.011653333333
8127853459.548973
41.333333333333336
98.66666666666667
133.4314
4060313822.4966927
1030.0
130.66666666666666
30.666666666666668
18.866666666666664
16.666666666666668
3600.0
14.0
1120414442.70558
3268.607479999999
240.21689999999998
73987595562.82358
12.0
623.3333333333334
4.0
29.333333333333332
21.333333333333332
738.0857999999998
730.0
10659970553.610308
124465.33333333333
492.6666666666667
23.333333333333332
187534.0
3708.6666666666665
442.56586
14308277753.342087
3242.6666666666665
946.0
136.23420666666667
416907.3333333333
775.0392333333331
87381.33333333333
90940.01387333333
123.35977999999999
58.0
4468.0
1614.4399999999996
129202.70747333336
182726.0145133333
36.0
56.0
180.66666666666666
776.0
20.14567999999999
24.666666666666668
4030.6666666666665
32.666666666666664
117006484.71640663
198.66666666666666
19.333333333333332
4.666666666666667
34.0
96.0
12225.304739999998
72.31992000000001
12824.666666666666
9716871.88800667
1081.3333333333333
104.13333333333333
82.6
201.90850666666674
48.920440000000006
21.333333333333332
567.9022
44.666666666666664
46.666666666666664
1266.66668
1564.6666666666667
19037748372.27695
47.61702666666665
65.33333333333333
97.61598666666667
3237911664.7323003
184521.33333333334
82.0
322633.6332666667
353.41499999999996
6997.333333333333
232.06071333333327
75.23791333333334
0.020506666666666663
4481321157.333333
605531480.5806466
16186134992.609198
598.9176466666667
8.231333333333337
338.6666666666667
6753142.0
40.0
2116.0
208.0
46065621.34114
48.0
118.66666666666667
8466497.333333334
5910.0
6531865.333333333
13913767.801400008
6666800052.0
304.0
6690221888.995248
18873610528.666668
66405084.92383334
721.1999999999999
1802275851.4287195
50.0
101.33333333333333
32.0
4437.333333333333
34666666649.333336
2933305787.8406806
78.66666666666667
1268.6666666666667
178700.0
14391479732.584831
4.611140000000001
832.0
20.0
238.0
547889230.8321465
34.666666666666664
1134052152.5665534
85691793898.81557
502.6666666666667
1279.3333333333333
5338351748.283221
861.6341600000001
114.66666666666667
47.333333333333336
3085535437.3333335
2655095386.2459664
76.63226666666668
26.23333333333333
12.4
17.333333333333332
5540.446
27339454476.038773
4.0
14401338683.93538
26026.666666666668
55733337237.237755
761.99962
5661015824.614915
4320.0
794494698.6666666
202.02613333333338
103.33333333333333
17.333333333333332
2439897602.6666665
16.666666666666668
261.3333333333333
412.85999999999996
48426.666666666664
760882.6666666666
3912.0611533333326
88.45169333333332
14447861.291199997
18.666666666666668
3739.2004066666655
5333333958.66664
140.0
15.450446666666666
270.6666666666667
300.0
4131.340506666667
1765412098.6666667
13815.55820666667
2908.2320600000003
3227320231.052908
870.6666666666666
21026705.333333332
68.0
46.623580000000004
40972.041473333324
32.0
55.333333333333336
176.0
88.0
50.666666666666664
209.62316666666666
6155984280.362048
2580.0
33.333333333333336
6400.0
0.016953333333333334
16.666666666666668
23.0
8536.666666666666
23.3336
136.66666666666666
240.43463333333338
18618489089.732918
20.0
34.0
278354.3498133334
1919426.6666666667
1798.6666666666667
77.33333333333333
56.0
2791.0528
34.666666666666664
291.23040000000003
987.7253333333332
30.0
61335936.348666646
2712.6408066666663
314.23051333333336
1002.0
96824.66666666667
1478.0000133333333
65.33333333333333
148.66666666666666
3798.846666666668
764282376.6666666
36.0
4040.893333333332
126.0
280.8996733333333
22.666666666666668
85.01386666666667
138.0
17.333333333333332
72.0
346.33185999999995
64.66666666666667
1912.2337000000005
14.666666666666666
102.0
3643463722.5161743
273.8174666666667
33741227721.367733
34.0
4106.0
37.0
1482.5666733333335
14781561342.666666
760.4968133333333
497182868.79953337
390.10386
20.666666666666668
181.33333333333334
19069.843553333332
40.666666666666664
42.0
17.333333333333332
6.666666666666667
15.852080000000003
961017795.3333334
5.333333333333333
13.333333333333334
23.333333333333332
3237767401.9798737
120713126.0
1082.6666666666667
306626.4192533333
24.072693333333333
18.0
0.19914
16.666666666666668
18965438047.392876
17333333333.333332
1346.6666666666667
5917472326.925094
4543138.606980001
69002.66666666667
4.55228
16.666666666666668
23.333333333333332
33.333333333333336
37663765.333333336
20.666666666666668
34.0
708.6666666666666
20280.0
917.3566000000001
24.759999999999994
34.0
19.993333333333336
4.666666666666667
5214477310.033732
2.7866200000000005
22.666666666666668
966.8569266666665
7196.666666666667
16.666666666666668
1288.0
299.3048
52.0
446.6666666666667
433255.6245333334
2451099383.745133
18273304368.30581
200.66666666666666
488.95604
339.3537333333333
16.0
32.0
11077.333333333334
13467.73210666667
19626.438000000002
72376.38163333331
9365.012666666667
8835356432.6023
24797663401.313385
721.4471399999998
490.6666666666667
2394.8521333333333
9.23123333333333
551.8353533333333
10233444.0
459.3333333333333
1189.3333333333333
6622.0127066666655
12639892568.841728
2830.6666666666665
208.0
155.33333333333334
6385759840.421947
3008.6666666666665
248.0
30.0
35.80000000000002
34.0
426.6666666666667
27.333333333333332
4784941600.467107
43226.22036666667
498.68531333333345
34000000.0
57.333333333333336
2290.0
33.333333333333336
72.0
72.0
738.5964466666666
1107.3333333333333
9497223902.785112
206280.66666666666
1226.0
69.33333333333333
375008.0
7044.666666666667
793.1010066666668
19211626480.456455
6485.333333333333
1785.3333333333333
3066.271906666667
718247.3333333334
1492.2243399999998
132.0
184520.58869333335
48050.388000000006
116.0
9557.333333333334
3485.4933333333315
166709.7696933333
314834.98816666676
49.333333333333336
112.0
484.0
1512.6666666666667
40.626180000000026
53.333333333333336
4473.333333333333
87.33333333333333
60052610.515486665
952.0
34.666666666666664
74.66666666666667
191.33333333333334
27056.57564
40.944633333333336
24430.666666666668
18609900.104919992
1290.6666666666667
222.93333333333337
112.82563999999998
601.2052466666665
58.892613333333365
40.0
133.5686666666667
72.66666666666667
43.333333333333336
137.47066666666677
2962.0
35496546033.78516
80.13870666666666
132.0
171.63060666666672
3666776415.6131387
345063.3333333333
135.33333333333334
409477.23466666654
1227.7570000000003
11377.333333333334
472.388653333333
159.90671333333339
0.031139999999999987
9239445632.0
767526600.6465467
26797362424.731327
55.333333333333336
11.492666666666665
2860.0
27211004.666666668
68.66666666666667
1066.6666666666667
417.3333333333333
56645692.146033324
5397.333333333333
256.0
15105132.666666666
11124.0
12939294.666666666
27795597.082080007
13333600092.0
795.3333333333334
7616300719.519405
35274475878.666664
64700303.667780004
1352.533333333333
1701882630.0804737
54.666666666666664
1928.6666666666667
136.66666666666666
5002.666666666667
67999999966.0
3993127621.1621337
78.66666666666667
54952.666666666664
334302.6666666667
41226989137.835785
7.739486666666667
1664.0
9.333333333333334
361.3333333333333
646126438.7959467
68.0
1485813046.7954872
169981699935.80582
986.0
837.3333333333334
6613628603.717341
741.3817
160.0
100.0
2180775609.3333335
2945669754.4010262
112.55766666666672
124.7
32.4
34.0
80916.65600000005
76495198111.65683
18.0
11666188574.163725
3480.0
101333340110.85002
1608.0054733333334
7196010760.803668
9628.0
9972734916.0
364.59653333333335
235.33333333333334
47.333333333333336
5087273970.666667
132.0
261.3333333333333
699.6933333333333
99161.33333333333
37333333333.333336
7259.212066666664
162.7984733333333
30078411.87028
35.333333333333336
85941.71914
294.6666666666667
16.305973333333334
66.66666666666667
422.6666666666667
5622.090613333334
1498837863.3333333
40750.540199999996
4009.3711933333348
3041122187.397693
1507.3333333333333
13369946.666666666
58.666666666666664
76.04912
47515.82445333333
36142.30589333334
112.0
1113.3333333333333
180.66666666666666
167.33333333333334
9.885613333333334
7963924980.033074
3065.3333333333335
33.333333333333336
13066.666666666666
297.6797000000001
33.333333333333336
16847.333333333332
45.334
214.66666666666666
588.5220533333328
35334732964.44589
34826135123.258675
72.0
396069.11370000005
5035467.333333333
33673.333333333336
127.33333333333333
113.33333333333333
3969.0757999999987
68.0
348.8286799999999
1892.835600000001
204.0
87473414.89373331
3849.499833333333
388.7456399999999
2092.6666666666665
178392.66666666666
120.66666666666667
290.6666666666667
3565.3333333333335
944757422.6666666
70.66666666666667
8012.639999999993
206.0
376.23576
57.333333333333336
169.10519999999994
270.0
34.0
72.0
492.32874666666675
137.33333333333334
35686.559733333335
30.0
191.33333333333334
4889455669.356272
40764.558646666665
91923740974.20319
30.0
14734.666666666666
73.0
2048.489986666666
28691433372.666668
2661.9093999999996
739166037.7827202
846.0511600000001
52.0
340.6666666666667
89967.70204
89.33333333333333
666930.6666666666
34.0
32.666666666666664
515.7826666666668
1464774194.6666667
5.333333333333333
118.0
36.666666666666664
4313542623.940851
15831.333333333334
2084.0
561027.3442
65.54827333333334
758.6666666666666
36704408231.38184
33.333333333333336
36341315451.10877
34000000000.0
1806.6666666666667
5679922742.481366
5222566.165066668
17598.666666666668
29.88561333333333
33.333333333333336
50.0
69.33333333333333
70074703.33333333
44.0
46.666666666666664
796.6666666666666
34696.666666666664
1308.9597999999999
31.766666666666655
68.0
37.14666666666667
33.333333333333336
8566412377.649732
4.087199999999999
39.333333333333336
2464.9148133333324
7966.0
30.666666666666668
2696.0
777.0553333333336
52.0
728.0
787737.4990333334
3890101130.666466
36177787163.255196
401.3333333333333
538.5260733333333
816.2599999999999
596.4588
22.666666666666668
49.333333333333336
23890.666666666668
12579.777606666668
