1 65 13 66 22 177 4 25 77 49 67 112 80 88 149 59 33 59 44 164 86 164 94 52 166 16 41 64 42 95 53 55 27 87 107 23 104 165 78 57 60 157 153 136 68 76 79 58 17 141 12 141 48 89 48 61 93 9 71 39 179 101 167 83 28 92 97 24 37 114 18 114 26 1
58
61 2 38 61
78 3 78
4 4 81
13 5 8 13 30 69
53 6 21 53
1 7
9 9
157 10 91
94 11 94
12 12 51
89 14 89
177 15
16 16
17 17 50
18 18 96 100
58 19 58
80 20 36 70 80
22 22 63
23 23
24 24
25 25
114 26 47
27 27
28 28 84
33 29 33 85
66 31 43 66 90
87 32 87
88 34 88
57 35 57
37 37
39 39
44 40 44
41 41 56 72
42 42
166 45 46 98
48 48
49 49
52 52 82
65 54 65 75
55 55
59 59
60 60
92 62 92
64 64
67 67
68 68
71 71
104 73
149 74 99
76 76
77 77
79 79
83 83
86 86
93 93
95 95
97 97
167 101
