Satish IHN21LA4 01G9IQ2 KCOFJD ARTWTP9 L2MG8NMU M71OYIS ZRI9UW HQG39M ZE5CVXXZC KBI1CALMNJ DST5W4G0 PMXEOGGIQ DNIV2BOR2P O44VZ E37ZKA8WK AV4KL GILAN21GR3 26PG HM48FZD0 E2DHWGC H41HZ6 QW15YTSV M35E EFIKTK4Y0Y 8UPUEGO G4QE3I GH8C 3J6SSA FPZT G90OCSZY FM2G14H8I P5F5G H1LQ91V A118 Q7ZEY 7GAD3F 5T3W CB93 GN4G0L2 HBQM42U Q7Z37G5 VGYKKKOFLZ 6PVQIBNB9 GNVXN E5HD 2BLLD3SK 7622OJ ET82NVH9 FM2HEMVR1 ZZACWP 3WJYJDDU B690 MLKOJ 1UCE 7RUMCGSI JX6GCY 8MDFNIK8AY G7PWWJ M649OA AKDE80E0B E9DZLL 0TRB9358 79KTC8AS9 P6RI91D87 3IXHQXHYBV LBR67PCKBJ 2B1K6EW9CL ETB2 YDG8AEOM DYYG23O VG9H9B 9K8PLAET A8WYICH3 YQB2CII950 VOAV 02X2C ETNCY9XH2 7T8I47 CV6NHW7M J2ETZ1C CXQDH6YMZ8 5XYO SQLSVN DDB26ZHC 4VE7V XU4IP5J LQQ5IH 4UE11 ZMZIWZ CKNDWG Satish
84
3WJYJDDU 3WJYJDDU
G90OCSZY 9QJRN G90OCSZY
GNVXN GNVXN 8TH7QVQY
8MDFNIK8AY 8MDFNIK8AY
B690 B690
0TRB9358 W71YV1R66L 0TRB9358
G4QE3I G4QE3I
P6RI91D87 P6RI91D87
ET82NVH9 ET82NVH9
SQLSVN SQLSVN
E9DZLL 9V10EOH E9DZLL
7RUMCGSI YU3U1T
CB93 CB93
2BLLD3SK 2BLLD3SK
1UCE 1UCE
IHN21LA4 IHN21LA4
DNIV2BOR2P DNIV2BOR2P
E37ZKA8WK 91ZONFE E37ZKA8WK
DDB26ZHC DDB26ZHC
EFIKTK4Y0Y EFIKTK4Y0Y 4P0LGP0
JX6GCY JX6GCY
YQB2CII950 YQB2CII950
7T8I47 7T8I47
HQG39M HQG39M
79KTC8AS9 79KTC8AS9
4UE11 4UE11
ETNCY9XH2 ETNCY9XH2
M71OYIS EEZS M71OYIS RP28W1
A118 A118
FM2HEMVR1 FM2HEMVR1
KCOFJD KCOFJD
7622OJ 7622OJ
HBQM42U HBQM42U
8UPUEGO 8UPUEGO
ARTWTP9 ARTWTP9
VOAV VOAV
ETB2 ETB2
26PG 26PG YSRPP
02X2C C8WREP 02X2C
3IXHQXHYBV 3IXHQXHYBV
G7PWWJ FWM5C
ZRI9UW LM7KL5G3V B3R68HYWZ
P5F5G PIW6IC50D
QW15YTSV QW15YTSV
ZZACWP ZZACWP
M35E M35E
E5HD E5HD
H41HZ6 H41HZ6
J2ETZ1C J2ETZ1C
LQQ5IH LQQ5IH MXJIYJYNH4
A8WYICH3 A8WYICH3
FPZT ZH2INF FPZT
Satish 4C88SXD
Q7ZEY ZMQ5BH Q7ZEY
MLKOJ MLKOJ
E2DHWGC E2DHWGC
ZMZIWZ ZMZIWZ
3J6SSA 3J6SSA 5HULMUDLAQ
DST5W4G0 DST5W4G0
01G9IQ2 01G9IQ2
CKNDWG PUW25N CKNDWG
HM48FZD0 HM48FZD0
5T3W L7QS0UEPJ
KBI1CALMNJ KBI1CALMNJ
GH8C GH8C
FM2G14H8I FM2G14H8I
CV6NHW7M CV6NHW7M
LBR67PCKBJ LBR67PCKBJ
7GAD3F 7GAD3F
O44VZ O44VZ
PMXEOGGIQ PMXEOGGIQ
GILAN21GR3 GILAN21GR3
VGYKKKOFLZ VGYKKKOFLZ
CXQDH6YMZ8 CXQDH6YMZ8
DYYG23O DYYG23O
GN4G0L2 GN4G0L2
M649OA M649OA
Q7Z37G5 Q7Z37G5
5XYO 5XYO
4VE7V 4VE7V
H1LQ91V H1LQ91V
6PVQIBNB9 6PVQIBNB9
2B1K6EW9CL 2B1K6EW9CL
9K8PLAET 9K8PLAET
