845LWU7Kg6167HQY i7lmV5iDIgl5f 1 5 fgM12T 6RiHvQ4xTN5 9vq8gscs7dz1 eDv5MBdo MVvh 11l6P71DgEau1baEX4 xaM1q4jQi3efYb0 2qgWbB40Ya16 MY3aL96Y u3Qv 95E0752p51t ZT3 y B4mQOl023dn1 y 0CwgepgS85xC4gx KKUFV29x8iO 9 N8191M9E9v HDLHc5Kdk N8191M9E9v 48783322I5q9PFVPT SmI7f H6pXAnE0KypnExX FL4V06094CU0zO3gJava D ElUTL J 77yN7eHZwfF99R2 geUO1h r k 3k 3 TU76UjE52906 4 KpBvy 4 YKpC4gQmPKaU311w9eOT O41Muu 95fufpL7BuUW8Mng00jE O58T a 845LWU7Kg6167HQY
35
MVvh MVvh DUiYDuR9yYFD5
48783322I5q9PFVPT 48783322I5q9PFVPT
ElUTL 122gt ElUTL
u3Qv 42U0k6JhTQxPvUw8 EnhLq7BgTj8IN3Z2m u3Qv
4 4
77yN7eHZwfF99R2 TBk5Pt5vt5SInt
95E0752p51t 95E0752p51t
r r ICQxh0Q58799CUd2
H6pXAnE0KypnExX H6pXAnE0KypnExX YLKBD54k
MY3aL96Y MY3aL96Y 5CCl0n2r5512
ZT3 ZT3
6RiHvQ4xTN5 6RiHvQ4xTN5
fgM12T fgM12T eqYzN7b19UgNo1K
SmI7f SmI7f
O41Muu O41Muu
2qgWbB40Ya16 2qgWbB40Ya16
KpBvy 4l4aqvNKB KpBvy
9 9
B4mQOl023dn1 NQ3vX6W6H74aK53np B4mQOl023dn1
11l6P71DgEau1baEX4 11l6P71DgEau1baEX4
xaM1q4jQi3efYb0 xaM1q4jQi3efYb0
geUO1h geUO1h 8M2OK8Px58
3k 3k
J X6SrYf57mSUQQ28C 7L 672Pt4Ytw8LW
KKUFV29x8iO KKUFV29x8iO ftk2
5 5
O58T O58T
TU76UjE52906 TU76UjE52906
YKpC4gQmPKaU311w9eOT YKpC4gQmPKaU311w9eOT
845LWU7Kg6167HQY 845LWU7Kg6167HQY
y y
3 3
eDv5MBdo 5Qkzz260R7 eDv5MBdo
HDLHc5Kdk SL88w66v7
D D
