loc0 loc23 loc84 loc40 loc96 loc86 loc68 loc29 loc34 loc22 loc30 loc51 loc94 loc99 loc47 loc25 loc81 loc4 loc62 loc16 loc24 loc39 loc91 loc75 loc28 loc53 loc1 loc2 loc87 loc72 loc93 loc71 loc78 loc9 loc88 loc6 loc35 loc45 loc43 loc49 loc33 loc48 loc7 loc23 loc0
30
loc39 loc39
loc88 loc8 loc88
loc29 loc29
loc6 loc6 loc61 loc79
loc40 loc40
loc94 loc21
loc93 loc93 loc26
loc45 loc45
loc91 loc91 loc31
loc86 loc69 loc86
loc81 loc81
loc49 loc49
loc62 loc20 loc62 loc90
loc24 loc24
loc48 loc48
loc7 loc7 loc54
loc16 loc16
loc75 loc75
loc33 loc33
loc4 loc65 loc42
loc28 loc28
loc25 loc25
loc23 loc23
loc72 loc72
loc34 loc34
loc68 loc52
loc84 loc84
loc35 loc35
loc99 loc99
loc51 loc51
