99 58 167 52 76 161 62 128 86 2 112 95 184 19 106 108 88 54 129 28 137 186 85 45 30 157 96 56 43 18 133 113 148 16 53 162 0 21 5 182 23 180 120 160 195 46 144 82 69 100 81 125 49 107 118 142 156 26 199 39 175 188 79 32 152 98 36 155 110 35 176 99
64
0 0
19 1 12 33
118 4
5 5
54 8 61
81 9 126 158
49 10 123
175 15
16 17 190
18 18
182 20 68
52 22 92 103
95 24 183
69 25 83 173
26 26
46 27 55
28 28
30 30
32 34
35 35
39 39
2 40 47 63 192
45 41 111 185
199 42
113 51 59 114 124 170
53 53
56 56
43 66 97
156 70
62 73
79 75 178
21 78
128 80 164
82 82
88 88
152 90
107 94 117 163
98 98
99 99
100 100
58 102 149
106 106 131
112 112
157 119 172
167 122 167
125 125
85 127 174
162 130
96 132
142 142
86 146 168 181
148 148
137 150
110 151
155 155
160 160 166
161 161
23 165
144 169
120 171
180 180
184 184
186 186
188 188
