0 56 35 20 81 84 77 36 41 42 28 76 55 97 31 55 60 189 51 92 104 24 63 138 14 73 119 136 151 11 59 69 40 8 88 61 100 111 3 57 195 49 27 99 78 32 67 25 183 22 172 54 7 108 181 46 87 5 62 17 89 17 96 85 16 83 10 93 71 21 191 95 37 74 43 10 2 30 0
69
11 1 11 34
2 2
3 3 58
191 4 66
5 5
96 6 96
7 7
8 8
78 9 78
10 10 75
28 12 28
21 13 21
14 14 29
25 15 25
16 16
17 17 70
54 18 54
67 19 64 67
20 20
22 22
60 23 60
24 24
69 26 69
27 27 39
30 30
31 31
32 32
76 33 76
35 35
36 36 90
37 37 47
46 38 46
40 40
41 41
42 42
43 43
97 44 97
89 45 89
111 48
49 49
183 50
51 51
136 52
195 53 68
55 55
56 56
57 57
59 59
61 61
62 62
63 63
181 65 72
71 71
73 73
74 74
77 77
95 79 95
138 80 82
81 81
83 83
84 84
85 85
99 86 99
87 87
88 88 98
0 91
92 92
93 93 94
100 100
