153 170 113 58 47 120 36 21 184 34 12 93 167 49 89 20 7 76 124 76 196 13 86 22 126 16 75 146 194 26 172 79 108 41 137 91 19 186 52 179 2 160 127 100 56 100 98 147 189 78 189 8 185 90 40 92 169 118 69 192 69 197 180 70 39 61 138 139 0 60 155 45 178 145 95 77 27 53 50 128 96 24 134 150 28 153
71
150 168 150
127 127
192 29 192 5
12 12 129
26 119 26 11
108 81 108
39 140
196 196
145 145
126 126
118 118 68
2 2 187
58 58 99
170 15 170
13 13
124 124
86 86 4
113 113
21 21 161
185 3
197 197
160 160 37
70 70
75 182 136
90 90 23 35
89 89 74
60 112 60
78 163
16 16
98 98 122 88
178 178
153 153
194 135 194
50 156 50
52 52
8 8
47 47
61 61
36 188 36
137 137 177
40 40
41 41
93 93
172 172
120 120
49 49
147 42 147
138 138 131
56 56
96 96
184 184
7 7
95 95
19 19
167 167
53 53
180 180
128 128
146 146
169 169
0 0
28 152 28
77 77
34 34
134 134
92 83 171
155 195
139 43
79 79
20 20
179 179
