y1ueyuwp svhmnjst1e umnww3 4cddmu86gmo 95nsenz6 quxig9xz2 38s4jyp4eu 2y9obuu eq5c5ygub w4qoh15 8eg2mee q847myi 7og7qr4t86 8cfvpx26xwcwt swoprer f3vyq53xc 9956fi vehkyi71w jjeivv4j55 kc3zwg52 my85gnmouy kab7t8o7qjj xllfi9b bmicm4au j2pso94 8erlfq ywksl5wd kch7lui7 t9q1ztn8723 p53u2x9bku99j mqt67y9n yida2btlrgcd2it ehy39 3hlob94j5u rkd38ui5s4 2bwd2j y1ueyuwp
35
7og7qr4t86 7og7qr4t86
3hlob94j5u 3hlob94j5u
8cfvpx26xwcwt 8cfvpx26xwcwt 31raz5hp9v
svhmnjst1e svhmnjst1e vnsdusp
4cddmu86gmo 4cddmu86gmo
9956fi 9956fi
kc3zwg52 u4xzrfm7f kc3zwg52
kab7t8o7qjj kab7t8o7qjj
38s4jyp4eu uus7jirbe 38s4jyp4eu
swoprer swoprer
j2pso94 j2pso94
umnww3 umnww3
ehy39 ehy39
q847myi q847myi
vehkyi71w fhrrge vehkyi71w
yida2btlrgcd2it yida2btlrgcd2it
jjeivv4j55 jjeivv4j55 l12pu
8eg2mee 8eg2mee
mqt67y9n mqt67y9n
eq5c5ygub eq5c5ygub
2y9obuu yik8cqxn2 2y9obuu 6u33i
xllfi9b xllfi9b
bmicm4au bmicm4au
rkd38ui5s4 rkd38ui5s4
kch7lui7 kch7lui7
f3vyq53xc f3vyq53xc
w4qoh15 w4qoh15
95nsenz6 95nsenz6
8erlfq 8erlfq
t9q1ztn8723 t9q1ztn8723
p53u2x9bku99j p53u2x9bku99j
ywksl5wd ywksl5wd
my85gnmouy my85gnmouy
quxig9xz2 quxig9xz2
2bwd2j 2bwd2j
