SaintPaul SanJose SanDiego Minneapolis BatonRouge FortWorth LongBeach Baltimore Albuquerque FortWayne Aurora Austin LosAngeles Plano Fresno Chesapeake Lubbock StPetersburg Milwaukee Columbus Glendale Hialeah OklahomaCity Cincinnati ChulaVista Charlotte Phoenix Durham Toledo JerseyCity Denver Detroit Tucson Philadelphia SanFrancisco Stockton SanFrancisco Madison Louisville Memphis Honolulu Scottsdale Newark Garland SaintPaul
35
Newark Newark
Plano Plano Chandler
Scottsdale Scottsdale
Denver Denver
Honolulu Honolulu
Austin SanAntonio Austin
Durham Durham WinstonSalem SantaAna
Fresno Lexington Spokane NewOrleans
FortWorth FortWorth
StPetersburg Henderson StPetersburg
FortWayne FortWayne Anchorage
Baltimore Baltimore Indianapolis
Stockton Houston Stockton
Glendale Glendale
Philadelphia Pittsburgh
SanDiego SanDiego
Tucson Tucson Raleigh
SanJose SanJose
Hialeah Hialeah
Minneapolis Lincoln Bakersfield
LongBeach LongBeach Dallas
Charlotte Charlotte
Milwaukee Milwaukee
Toledo Atlanta Tampa
JerseyCity Laredo JerseyCity
Chesapeake Chesapeake
Columbus Columbus
Memphis Memphis
Phoenix Phoenix
Lubbock Lubbock
OklahomaCity OklahomaCity
LosAngeles ElPaso
Aurora Aurora
Madison Madison
Cincinnati Cincinnati
