Porterton Wallton Davisstad Jacksonton Singletonton Clarkbury Singletonton Jacksonton Davisstad Newmanburgh Gallowaymouth Rioshaven Gallowaymouth Newmanburgh Davisstad Leechester Pettyton Bondmouth Pettyton Leechester Davisstad Wallton Derekmouth Jeffreyfort Garytown Audreyfort Garytown Jeffreyfort Johnsonchester Jeffreyfort Derekmouth Charlesberg Kevinberg Patriciabury Kevinberg Adamside Kevinberg Charlesberg Sethland Ellisstad Sethland Charlesberg Weberbury Kimberlyburgh Weberbury Charlesberg Derekmouth Geraldside Joseport Gabrielburgh Joseport Hallborough Joseport Geraldside Michellehaven Cranemouth Michellehaven Ramosborough Michellehaven Geraldside Derekmouth Wallton Danielleport Melissaview Campbellhaven Annberg Campbellhaven Melissaview Cheyennefurt Watsonville Cheyennefurt Melissaview Danielleport Scottburgh Laurenbury Haleview Laurenbury Scottburgh Danielleport Cooperton Lopezborough Waltersmouth Lopezborough Cooperton Danielleport Wallton Porterton Dianashire Burgessview Williamfort Thomasville Lopezburgh Byrdfurt Lopezburgh Thomasville Williamfort Moodyburgh Heatherberg Thomasborough Heatherberg Moodyburgh Gregoryberg Smithfort Gregoryberg Moodyburgh Williamfort Williamport Ashleystad Holthaven Ashleystad Codyton Ashleystad Williamport Williamfort Burgessview Marcusburgh Fletcherland Kingview Williamschester Kingview Fletcherland Marcusburgh Tylerbury Marcusburgh Matthewburgh Virginiastad Robinsonmouth Virginiastad Matthewburgh Bondfort Adamview Bondfort Shawnmouth Bondfort Matthewburgh Marcusburgh Burgessview Billton Banksburgh Yvonneborough Parkermouth Yvonneborough Banksburgh Simmonsburgh Michaelville Simmonsburgh Banksburgh Billton Burgessview Dianashire Ashleyborough Paulburgh Walltown Scotttown Jacksonview Scotttown Walltown Callahantown Maryport Callahantown Walltown Paulburgh Robertsstad Toddtown Swansonshire Toddtown Robertsstad Paulburgh Ashleyborough Osborneville Payneview Barnesmouth Harrisport Barnesmouth Payneview Jacksonville Jennifertown Jacksonville Payneview Teresafort Smithtown Teresafort Payneview Osborneville Christophermouth Shawnhaven Christophermouth Osborneville Ashleyborough Clarkberg Burtonview Murphyside Bakertown Murphyside Burtonview Clarkberg Reevestown Judithview Michaelview Judithview Reevestown Clarkberg Ashleyborough Dianashire Porterton
50
Virginiastad Johnsonberg
Adamview Adamview Harrisborough
Jennifertown Feliciaville Jennifertown
Shawnmouth Buckleyside Shawnmouth Priceville
Maryport Combsville Reynoldsview Maryport
Cheyennefurt Thompsonshire
Williamschester Mirandaview Williamschester
Bakertown Derekville Jameston Bakertown
Tylerbury Wilsonstad Hansonbury
Johnsonchester Susanfort Nealfurt
Haleview Haleview Hallstad
Waltersmouth Adamport Adkinsberg
Shawnhaven Dannyside Candaceborough
Clarkbury Jermaineton Clarkbury
Parkermouth Parkermouth Shawnfort
Hallborough Kylieview Hallborough
Harrisport Brendaview Harrisport
Bondmouth Mercedesmouth Taylorton Bondmouth
Kimberlyburgh Kimberlyburgh Candiceland
Lopezburgh Leahmouth
Annberg Houstonchester Dyerport Annberg
Michaelview Michaelview Clarenceview
Patriciabury Troyfort Patriciabury Thomasmouth
Cranemouth Cranemouth Joneschester
Audreyfort Audreyfort Patriciaside
Ellisstad Ellisstad Osbornemouth
Byrdfurt Byrdfurt Garciamouth Loweryborough
Adamside Andrewschester Adamside Bradberg
Sethland Tannerhaven
Watsonville Christyland Robertomouth Watsonville
Robinsonmouth Robinsonmouth Horneside
Michaelville Williamland Michaelville
Smithtown Jacksonland Smithtown Abigailville
Jacksonville Christopherhaven
Rioshaven Rioshaven Josephstad
Pettyton Jonesfurt
Gabrielburgh Hodgesstad Gabrielburgh
Weberbury Clarkport
Ramosborough Fordhaven Ramosborough
Barnesmouth Clarkborough
Holthaven Holthaven Vickiville
Thomasborough Ortegaberg Masseyside Thomasborough
Jacksonview Danielville Jacksonview
Codyton Ryanside Codyton Mindyview
Swansonshire Swansonshire Abigailhaven
Leechester Suttonville
Fletcherland Ortizberg
Teresafort Calvinton
Walltown Williamshire
Smithfort Millerborough Smithfort
