0 170 176 128 99 92 179 177 147 24 6 9 83 2 31 140 12 5 198 10 106 196 8 87 18 84 85 1 56 79 107 26 65 98 47 142 51 142 156 155 15 33 194 141 21 80 20 53 119 55 34 57 4 39 123 50 64 139 88 0
51
0 0 23 73
1 1 58 69
2 2
80 3 43 80
4 4 60
5 5 41 59 70 74 75
6 6
50 7 50
8 8 30
9 9 52 96
10 10 71
107 11
12 12 62
51 13 51
56 14 56 67
15 15
156 16
196 17
18 18
176 19 35 42 44
20 20 81
21 21 93
142 22
24 24 46
57 25 57
26 26
99 27 99
194 28 38 61 72
177 29 82
31 31 97
198 32
33 33 49 76
34 34 36 78
170 37
39 39
83 40 83
65 45 65
47 47
139 48 63
53 53
92 54 92
55 55 90
64 64 88
140 66 68 86
98 77 91 98
79 79
84 84
85 85
87 87 95
147 89
123 94
