fmdhlepsteinstdnkill epsteindlsfdntmkillh dnkillepsteinlshdtfm epsteinkillmsftnddlh fkillepsteindlhdnsmt epsteinkillmsftnddlh dmepsteinfnhltkillsd fshtdepsteinmldnkill dmdepsteinnhkilllsft epsteinfsddmthkillnl hnsdkilllftdmepstein depsteinnlsfmhtkilld fkillepsteinmldnhstd epsteinkillnmsdhtdlf nepsteinlmdkilldhfts ntlepsteindmfdshkill lnsmkilltfdepsteindh lhsepsteindtdnmkillf fhndskillepsteintldm ddlmnftepsteinhskill fepsteinhsntddkilllm lsdepsteinfmkillndth tlmsdhdnkillfepstein fmsepsteindntldhkill epsteindfhlmdnskillt hnfdtmlepsteinkillds msfltdkillnepsteinhd fddsepsteinhnlkilltm ddtmkillepsteinflsnh hepsteinsddnfkillmlt lthfkilldnsmepsteind epsteinskilldlndhmtf fdshnmkillepsteinltd killnsfmhdepsteindtl nfdhkilllsmtepsteind hkilldfepsteinmdlnts killdmnsfhldepsteint flepsteindndhmtkills epsteinlshkilldnfdmt killepsteinlhtfdsmdn dnkillepsteinlshdtfm mftkillepsteinndlhsd tmsdnfdlkillhepstein lkilltndepsteindsmfh fmdhlepsteinstdnkill
34
msfltdkillnepsteinhd msfltdkillnepsteinhd
nfdhkilllsmtepsteind nfdhkilllsmtepsteind dfkilllmtepsteinhdsn
epsteindlsfdntmkillh epsteindlsfdntmkillh
epsteinkillmsftnddlh epsteinkillmsftnddlh
dmepsteinfnhltkillsd dmepsteinfnhltkillsd
fdshnmkillepsteinltd fdshnmkillepsteinltd
fmsepsteindntldhkill fmsepsteindntldhkill
tlmsdhdnkillfepstein tmlepsteinsdnfkillhd hsndepsteindlmtkillf tlmsdhdnkillfepstein epsteinmhndfkilltdls
killdmnsfhldepsteint killdmnsfhldepsteint epsteintdkilllnfdhms ndkillftdsmepsteinlh
lnsmkilltfdepsteindh lnsmkilltfdepsteindh
hnfdtmlepsteinkillds hdepsteinskillldtnfm hsdfepsteintlnkilldm hnfdtmlepsteinkillds
dnkillepsteinlshdtfm dnkillepsteinlshdtfm lmhdtfdepsteinnkills
killnsfmhdepsteindtl killnsfmhdepsteindtl
epsteinfsddmthkillnl tlsfdmdepsteinnhkill dhepsteindsnlkillfmt
killepsteinlhtfdsmdn killepsteinlhtfdsmdn dhkilllsepsteinmntdf
ntlepsteindmfdshkill ntlepsteindmfdshkill killmlepsteindthnfsd
epsteindfhlmdnskillt epsteindfhlmdnskillt dlnsthfmepsteinkilld
depsteinnlsfmhtkilld depsteinnlsfmhtkilld
fmdhlepsteinstdnkill nhmkilllsftepsteindd
lsdepsteinfmkillndth lsdepsteinfmkillndth
fshtdepsteinmldnkill fshtdepsteinmldnkill lndsdkilltmepsteinhf
flepsteindndhmtkills flepsteindndhmtkills
ddtmkillepsteinflsnh ddtmkillepsteinflsnh
nepsteinlmdkilldhfts nepsteinlmdkilldhfts
fkillepsteindlhdnsmt nltdmsfepsteinkilldh stepsteinhkillfmnldd
mftkillepsteinndlhsd mftkillepsteinndlhsd
fepsteinhsntddkilllm fepsteinhsntddkilllm
tmsdnfdlkillhepstein lhepsteinkilldtnmfsd
epsteinskilldlndhmtf epsteinskilldlndhmtf
hepsteinsddnfkillmlt nkilltdhlmdepsteinsf hepsteinsddnfkillmlt
fhndskillepsteintldm fhndskillepsteintldm
epsteinlshkilldnfdmt epsteinlshkilldnfdmt
ddlmnftepsteinhskill ddlmnftepsteinhskill
hnsdkilllftdmepstein hnsdkilllftdmepstein
