dldkilltnmhfepsteins msddkilllthepsteinfn tldkillhsfnmepsteind depsteinlfnmkilldsht tsmdepsteinkillhfdln lkilldtnmsepsteindfh dhmkillfdltnsepstein hdepsteinkillnfdlmts dkillldfepsteintsmnh hmndfkillslepsteintd epsteindmshtfldnkill hsepsteinfkillnmddtl hndsmfkilltldepstein hsepsteinfkillnmddtl fmtnkilldepsteindhsl killtdslhfdepsteinnm shfnmltepsteindkilld killdldepsteinmfsthn nepsteinfthdldmkills fkillepsteinndmdlhts dtsmdnlhfepsteinkill epsteinsnmflhtdkilld killdepsteinmfltdshn sepsteindhmnltkillfd hnddkilltslmfepstein thdlskillnfdmepstein hnddkilltslmfepstein lkillfthdsepsteindnm hmdkilllnepsteinfsdt killhtdmdlnsfepstein ltfnsdhepsteinkilldm sldhnfmtdkillepstein epsteinldtnfmshdkill lepsteindsmnhftdkill mkilldlshdtfepsteinn epsteinhnkillsldfdmt mkilldlshdtfepsteinn epsteinhdkillltsmfdn mdkillntepsteindfhsl tndskilldfepsteinmhl mdkillntepsteindfhsl sdndhepsteinltkillfm lmkillepsteintsndfhd hepsteinntdkillsdmfl hnsepsteinmkillfddtl dhtepsteinkillsdflmn killepsteinfdlhdtnms skillmfepsteinthddnl lnepsteintdfmdshkill fddsmepsteintnkillhl ntmdhepsteinsdkillfl epsteinfthkilldnslmd mdkilllfdnstepsteinh fdmtdepsteinkilllsnh mfndlsdepsteinhkillt ldepsteindhkilltsmfn dfdepsteintlnskillhm epsteinshlkilldmnfdt dkillnmhldstfepstein fsepsteindkillhmtdln dhkillldsepsteintnmf depsteinftndhmkillsl fthlkillnepsteindsdm nftmskilldldepsteinh depsteinslkillhdftmn killthsepsteindmlfdn msddkilllthepsteinfn dldkilltnmhfepsteins
54
msddkilllthepsteinfn dlfdkilltepsteinhnms msddkilllthepsteinfn
sdndhepsteinltkillfm sdndhepsteinltkillfm fdskillndtmepsteinlh tdkillepsteinsmhdfnl dfkilllepsteinsnmhtd
tldkillhsfnmepsteind tldkillhsfnmepsteind
mdkillntepsteindfhsl mdkillntepsteindfhsl dmldfhskillntepstein
nftmskilldldepsteinh mdkillnlsdtepsteinhf nftmskilldldepsteinh
killdepsteinmfltdshn tsdnhkilllmepsteindf killdepsteinmfltdshn dflstmkillepsteindhn
tsmdepsteinkillhfdln tsmdepsteinkillhfdln killfthnmsdlepsteind
lepsteindsmnhftdkill dhsepsteintlkillmfnd
sldhnfmtdkillepstein fhdmnepsteindkillslt msepsteintlhnfkilldd tepsteinhsdkillmldfn tdfkillslepsteinhdmn sldhnfmtdkillepstein
lkilldtnmsepsteindfh epsteintfhndkilllmsd lkilldtnmsepsteindfh
fsepsteindkillhmtdln killhdfnsepsteinmltd fsepsteindkillhmtdln epsteinlmkillfshnddt skillthlfndepsteindm
dhkillldsepsteintnmf killtdmsdfhnepsteinl fmltddhnepsteinskill
fddsmepsteintnkillhl fddsmepsteintnkillhl mndtkillepsteindlfhs
thdlskillnfdmepstein lepsteinkilldhfmstnd thdlskillnfdmepstein
mfndlsdepsteinhkillt killmfndshdtepsteinl sdlhfnmdepsteintkill
fkillepsteinndmdlhts mkillthfdlnepsteinds
mdkilllfdnstepsteinh mdkilllfdnstepsteinh lkillepsteintdshmfnd
depsteinftndhmkillsl fhnmkillepsteinsdltd hepsteinnfdmlsdtkill depsteinftndhmkillsl epsteindkilltlmnhsfd
fdmtdepsteinkilllsnh fdmtdepsteinkilllsnh
killtdslhfdepsteinnm slepsteinkillfmddhtn mhdskillldftnepstein killtdslhfdepsteinnm
hnddkilltslmfepstein dmtlsfhnkilldepstein killtepsteinddhlmnsf
lkillfthdsepsteindnm ndkillthdepsteinlsmf dtnkillsepsteinmdfhl hnskillepsteintfdmld
dkillnmhldstfepstein dkillnmhldstfepstein mhkillepsteinddlfsnt
lmkillepsteintsndfhd lmkillepsteintsndfhd lhsntdepsteindkillmf ndshkilldmlepsteinft
shfnmltepsteindkilld shfnmltepsteindkilld
epsteinsnmflhtdkilld epsteinsnmflhtdkilld
dtsmdnlhfepsteinkill dtsmdnlhfepsteinkill
ldepsteindhkilltsmfn ldepsteindhkilltsmfn
dfdepsteintlnskillhm dfdepsteintlnskillhm
depsteinlfnmkilldsht depsteinlfnmkilldsht lhepsteintndkilldsmf
tndskilldfepsteinmhl tndskilldfepsteinmhl dkillnmsfhtlepsteind
killhtdmdlnsfepstein killhtdmdlnsfepstein nfltdmkillsdepsteinh sndldftmkillepsteinh
epsteinfthkilldnslmd epsteinfthkilldnslmd
skillmfepsteinthddnl skillmfepsteinthddnl
epsteinhdkillltsmfdn epsteinhdkillltsmfdn
hepsteinntdkillsdmfl hepsteinntdkillsdmfl depsteintkilllnmsfdh
hmdkilllnepsteinfsdt hmdkilllnepsteinfsdt lsmftnepsteinkillhdd
dkillldfepsteintsmnh dlshdtepsteinnkillfm ldfsmnepsteinkilltdh
ltfnsdhepsteinkilldm ltfnsdhepsteinkilldm tepsteinmdfldhnskill
fmtnkilldepsteindhsl mkillldnhepsteinstfd fmtnkilldepsteindhsl
hnsepsteinmkillfddtl hnsepsteinmkillfddtl
hndsmfkilltldepstein hsepsteinfkillnmddtl
hmndfkillslepsteintd hmndfkillslepsteintd
killthsepsteindmlfdn killthsepsteindmlfdn nepsteindhkillltmsfd
fthlkillnepsteindsdm lepsteindnhstfdmkill thnkillmddsepsteinfl
dhmkillfdltnsepstein dhmkillfdltnsepstein
epsteinhnkillsldfdmt nmdhepsteinkilltfsld epsteinhnkillsldfdmt
epsteinldtnfmshdkill epsteinldtnfmshdkill
killdldepsteinmfsthn killdldepsteinmfsthn dnldkillhmfstepstein
mkilldlshdtfepsteinn mkilldlshdtfepsteinn
depsteinslkillhdftmn depsteinslkillhdftmn
ntmdhepsteinsdkillfl ntmdhepsteinsdkillfl
dhtepsteinkillsdflmn dhtepsteinkillsdflmn
epsteindmshtfldnkill epsteindmshtfldnkill
