CorpusChristi ElPaso Akron ElPaso CedarRapids Burbank Denver Denton Chicago Bremerton CathedralCity Anaheim Champaign Elkhart Anchorage Davenport Carrollton Buffalo Columbia Canton Bradenton Clearwater BoiseCity Danbury DavidsonCounty AppleValley Amarillo Boise Chattanooga Escondido Chesapeake BatonRouge Chesapeake Durham Albuquerque Columbus Detroit Austin Beaumont CorpusChristi
34
Akron Akron DalyCity
Albuquerque Albuquerque
CedarRapids Alexandria BonitaSprings
Amarillo Amarillo Cincinnati
Anaheim Anaheim
AppleValley AppleValley Chandler
Chicago Appleton Bridgeport Chicago
Carrollton Arvada Carrollton
Austin Asheville Austin
BatonRouge Augusta
Beaumont Beaumont
Anchorage BelAir Deltona
Buffalo Bloomington Elizabeth
BoiseCity BoiseCity
Clearwater Boulder Bryan Clearwater
Bremerton Bremerton
Columbia Brownsville Columbia
Canton Canton
CorpusChristi CapeCoral CorpusChristi Downey
CathedralCity CathedralCity
Champaign Champaign
Bradenton Charleston
Chattanooga Chattanooga
DavidsonCounty ColoradoSprings
Columbus Columbus
Danbury Dallas Danbury
Davenport Davenport
Denton Denton
Denver Denver
Durham Durham
Burbank ElMonte
ElPaso ElPaso
Elkhart Elkhart
Escondido Escondido
