BatonRouge Bellevue Bradenton Bellevue Buffalo AtlanticCity Boulder Birmingham AnnArbor Beaumont Albuquerque Bremerton Allentown Atlanta Baltimore Barnstable Augusta Aurora Aberdeen Amarillo Anchorage Bellevue BatonRouge
19
Aberdeen Aberdeen BoiseCity
Bremerton Abilene
Augusta Albany Bethlehem
Albuquerque Albuquerque Boston
Amarillo Amarillo
Anchorage Anchorage
AnnArbor AnnArbor
Allentown Arvada
Atlanta Atlanta Berkeley
AtlanticCity AtlanticCity
Aurora Aurora
Barnstable Barnstable
BatonRouge BatonRouge
Beaumont Beaumont
Birmingham Birmingham Bryan
Boulder Boulder
Bradenton Bradenton Cambridge
Buffalo Buffalo
Bellevue Burbank
