WNYCV UUOP5 18R1B FS0ES RFDQ4 BO3AW 1XUNX 1NBGE XDKMD F07YB GXYLV HR8IA OE5TB EQWAL XRQ65 5I6U4 V11OW 1BUOS ZA57Z BMC9X CUG55 H8ZPW ULCTZ 7CXN0 YMTTJ KB443 X2AM4 TG5ZG 91RFG PQ40E EYREL WH9QK XPFOM WH9QK HHCET 65TK9 1ACIU B8UZ8 KR27P 42QVU QTZLJ 77EY5 KRLTG URMBF XBRKQ HZ80H UGOIO XTUSM K1ZSD WNYCV
43
XRQ65 XRQ65
1ACIU 1ACIU XD7IR
H8ZPW H8ZPW
GXYLV GXYLV
TG5ZG TG5ZG
EQWAL EQWAL
91RFG 91RFG
OE5TB OE5TB
KB443 KB443
F07YB QSI1X F07YB
PQ40E F5YBY
QTZLJ QTZLJ
HR8IA HR8IA
ULCTZ ULCTZ
V11OW V11OW
XPFOM XPFOM
77EY5 77EY5
K1ZSD K1ZSD
5I6U4 5I6U4 2KYXC
XTUSM XTUSM
KRLTG KRLTG
UGOIO UGOIO
XBRKQ XBRKQ H212X
UUOP5 UUOP5 1UWW5 9HVLF
ZA57Z ZA57Z
1BUOS 1BUOS
URMBF 2FT0Z URMBF
X2AM4 X2AM4
42QVU 42QVU
FS0ES GAXPM
EYREL EYREL
B8UZ8 B8UZ8
1NBGE 1NBGE
XDKMD XDKMD
CUG55 CUG55
HHCET HHCET
65TK9 65TK9
7CXN0 7CXN0
BMC9X BMC9X
BO3AW BO3AW
YMTTJ YMTTJ
HZ80H HZ80H
18R1B 18R1B
