cy4fm C565q 6ceXl KYsbm di7h7 7XIxZ kbRYl 8aYYW tao9t qt5AA uT5W0 P3lE7 gk2cW LNh60 dU1Ub G6G4p DCl5F P8Fbf zQjQm 19YKC 1H2uK NvAYI yMPWG Cfmbw Xhpv3 BoNoJ wdXpe 8RNd8 EWhpw OFvld OoKEI nogr2 IjjWK 3iQ53 F2nEN GHZOS w4BF1 lA2MC 7l0Vw 5rdYI FnVf8 rUUVt uWr4y C0eRL Vjg5l jse5F hOy4D Iks3D X6hJp yFKGt cy4fm
49
uT5W0 uT5W0
P3lE7 P3lE7
C565q C565q
lA2MC lA2MC
P8Fbf P8Fbf
yMPWG yMPWG
rUUVt rUUVt
5rdYI 5rdYI
tao9t vSPJ5 tao9t
Iks3D Iks3D
FnVf8 FnVf8
X6hJp X6hJp
qt5AA qt5AA
6ceXl 6ceXl
di7h7 di7h7
yFKGt yFKGt
Vjg5l Vjg5l
zQjQm zQjQm
DCl5F DCl5F
LNh60 LNh60
3iQ53 3iQ53
BoNoJ BoNoJ
KYsbm KYsbm
wdXpe wdXpe
G6G4p G6G4p
IjjWK IjjWK
OFvld OFvld
GHZOS GHZOS
C0eRL C0eRL
hOy4D hOy4D
EWhpw EWhpw
1H2uK 1H2uK
w4BF1 w4BF1
Cfmbw Cfmbw
kbRYl kbRYl
Xhpv3 Xhpv3
19YKC 19YKC
8aYYW 8aYYW
7l0Vw 7l0Vw
gk2cW gk2cW
F2nEN F2nEN
7XIxZ 7XIxZ
NvAYI NvAYI
nogr2 nogr2
uWr4y uWr4y
jse5F jse5F
dU1Ub dU1Ub
OoKEI OoKEI
8RNd8 8RNd8
