5 94 39 94 20 94 109 84 109 58 109 75 66 17 105 25 30 65 180 28 149 72 90 166 199 189 77 196 76 81 76 34 133 68 133 34 62 36 62 34 138 69 183 69 138 116 35 22 175 96 192 18 192 119 67 139 45 158 80 78 37 0 27 174 101 174 27 82 112 171 104 83 117 136 170 74 187 154 165 42 137 33 4 5
58
112 10
74 194 31
101 1 101
78 100 164 179 78
81 47 81 151
28 28
65 178
133 133
171 171
45 14
18 85 16 18
72 2
36 91 11
199 48 199
33 33
166 122 32
76 76 156
187 187
82 146
138 138 61 55
37 37 177 64
96 96
35 135 26 188 110
174 174
39 39 92
77 140 143 77
0 53
67 67 41
25 25
189 103 189
34 9 34 157 52
69 69 153
165 193 63 173
104 104
105 105
84 168 162
116 50 116 99
75 75
154 46 154
137 137
20 20
58 152 58
180 180
62 123
196 196 184
192 192
119 43 71
158 102 158
42 44 42
170 170
83 83
183 51 183
80 80
90 159
17 17
149 149
68 68 56
22 22
