A42 A100 A184 A23 A57 A176 A58 A35 A130 A2 A189 A30 A191 A64 A169 A28 A194 A82 A77 A115 A179 A121 A177 A95 A151 A166 A44 A5 A136 A67 A186 A34 A186 A143 A172 A73 A40 A193 A108 A9 A105 A16 A137 A32 A127 A196 A30 A63 A199 A7 A168 A125 A182 A125 A72 A167 A72 A114 A83 A142 A139 A52 A88 A13 A197 A198 A187 A76 A39 A149 A106 A144 A98 A148 A98 A12 A124 A91 A93 A183 A100 A42
67
A179 A179
A91 A118
A105 A105
A13 A75 A70 A13
A193 A20 A193
A82 A65 A82
A182 A102 A182
A148 A148 A192
A100 A78 A100
A139 A139
A58 A58
A183 A84 A183 A43
A42 A42 A71
A196 A196
A67 A51 A67
A72 A72 A37
A106 A106
A130 A159 A130
A166 A185
A39 A39 A128
A142 A142
A30 A90 A30
A127 A127
A32 A32
A176 A176
A44 A120 A21
A40 A40
A34 A94 A34
A115 A4
A187 A117 A187
A5 A5
A125 A181
A167 A167
A23 A23
A2 A2 A154 A135
A124 A124 A145
A95 A95
A136 A122 A136
A93 A93
A9 A9
A76 A76
A186 A111 A107
A177 A177
A189 A3 A189
A98 A132 A0 A98
A143 A143
A172 A172
A184 A184 A92
A144 A144
A73 A123
A108 A45
A194 A194 A28
A57 A57 A38
A7 A7
A35 A35
A77 A126 A77
A83 A103
A88 A113 A88
A168 A54
A137 A137
A151 A17 A96
A191 A46 A191
A149 A33
A64 A64
A198 A198
A16 A16
A114 A114
