DZA GBR FRO FRA ECU FSM GIB FIN ERI ETH GUM GRD GNQ GUY GTM HND DMA ATA ATF ASM DOM BHS BMU BDI BGR BRN COD CHE CIV CAN CAF BVT CMR CCK BLR BES BLM BFA BGD CYM ARE ALB DZA
34
COD COD
FIN FLK AND FIN ABW
BRN BRN
DMA DJI
FRO FRO
CAF CAF
GTM HMD COG
ALB ARG ALB
GRD GRD
BHS BHS
HND HND GEO
BLM BLM BES
CCK CCK
GNQ GNQ
BGR GLP
CHE CHE
BGD BGD
GUY GRC CUB
ATA ATA
FSM FSM GHA
ARE ARE DNK
DOM DOM CUW AUS
CYM CYM CXR CZE
BDI BDI
GBR GBR
BVT BVT
ATF ATF
ECU ECU
CAN BRB CAN
ERI ERI
FRA FRA
BFA BFA
BLR BEN BLR
CMR HKG
