9c2647cde6e44cc385c8 211ddbbf614a47428f13 7e0770b0df094f329117 eff3a759e4134e70a252 4b0552fc8849432cb855 af0a537d56ff42a99a0a 4c8b2bb0f24f4375a715 fb99bf17106441ce9e47 934f0cae8959401e9aa3 664988394a5f48d79e79 1e0fece7be3f41c786cb 00dd89601f03490d8809 a0f6a505c8184e86afc9 5215b0f0bd724c5cb095 d4f8d48cee014966a5b7 bb5eae787bbc407b98a6 d5bccd7804014eca8c6c 2783e022fae94929bf16 9a6fd45cb4d44509bce9 8a66a2d4fdf74f2e9b0e c15cfb41ef824fd2a1c0 3574209d67b74478ae2e f47cbc59a0584307a0f1 884523a7277b40f4972f dc974af4378c41789aae 85ec82d3a96e4436a5a2 12a170c171ef44d4b662 0fc9c09d9eab437c9f65 76432c67ac2d44b384c1 f2ab71e12a0b4ca8a555 c69875060dcb453ead1a ef84408a20334d7d9940 df9fcc997b4f4a18b94a 09b94d1b44c348ceadb9 242983dadb1f4402a4a9 c947a496d2b34bb89bb9 2bcf7711ba8b49129f0c e5a9ca3b130945588284 07d82226d1a44fadb059 7e6d763cc1df4cdcba88 19f204e30ad4442cb966 9f09c91be53540919ab1 2b0e5d986b0a4f1cb926 33edfebd58804049be59 e3726a85ffc34b1282cf f74897e94729433fa22f bd01ba7047cb4d04a847 404713e80e9740c9b7cd b96177c96ab740b3965b 8e02573f1324425c9311 529d899e8f2545bfbc5a df9c93ed7a63447389dd e05275dbed2540ddb1d0 f8959f42ae8745fe99d6 cfa4f7b46ab548c1a67a 5b7e4d089e434c6a9293 8563fff9bc9b483e839f 5fd6476364e640bea476 53afa325a7d34c438292 e6237b02869349c2bcc8 26a1d084007f489fba55 06635824d9b841f7b41e 42e3ccb6ddd54a0aa3cb 8fb88a81c320403c8940 a2e35f0c3c9143c68a9e 884e85a591684c7ebc61 7d843b16d519435d8fca 519c6812f5c84e2da127 b42e69fcc93540ff9100 ec162ad32a614344923a 9d3cca8f993b4a05a976 74bfaa171ba342fc9e58 ca0b4771edab4289a9de 7aff972e183b44c8bc47 d8316f23d67e43ccb5e7 e5d122afc38c45dea5ae 1a4c9d2bea59474aa118 5cbb478f9b6b40daa8e9 babcd00b2c484c36bc48 1c62a698c79e460eb5ff 54de46f8d4f647d1baa7 849492e2a4f04946a2c6 cd51464f29fe4984870b 82654fedf62042cb92dc 5dc9f852f2454533879f 211ddbbf614a47428f13 9c2647cde6e44cc385c8
76
00dd89601f03490d8809 a22afbff48914ac888a0 00dd89601f03490d8809
af0a537d56ff42a99a0a af0a537d56ff42a99a0a d8780223b4744b5b91e5
5fd6476364e640bea476 fa1e4bc6ddcc462f984f bbd144150de64860b03c 5fd6476364e640bea476
664988394a5f48d79e79 664988394a5f48d79e79
5dc9f852f2454533879f 5dc9f852f2454533879f
c15cfb41ef824fd2a1c0 a581f1b5cd374bd0ba96 c15cfb41ef824fd2a1c0
3574209d67b74478ae2e 3574209d67b74478ae2e
884523a7277b40f4972f fc38d8b64f88401c97fd 884523a7277b40f4972f
934f0cae8959401e9aa3 934f0cae8959401e9aa3 9b9da0cbe5514fabb1ae e0d1e21ff6cc4d64aff7
e3726a85ffc34b1282cf e3726a85ffc34b1282cf
f47cbc59a0584307a0f1 f47cbc59a0584307a0f1
74bfaa171ba342fc9e58 74bfaa171ba342fc9e58
1e0fece7be3f41c786cb ce2f0e6b8eb94a748c7d dee15252c0e54b84beaf
e05275dbed2540ddb1d0 e74a97c92dba4d8ea2d5 0753fe21061c4e058dad e05275dbed2540ddb1d0
b96177c96ab740b3965b b96177c96ab740b3965b
4c8b2bb0f24f4375a715 4c8b2bb0f24f4375a715
884e85a591684c7ebc61 884e85a591684c7ebc61
19f204e30ad4442cb966 19f204e30ad4442cb966 c7ef0821b71641f390ee
d5bccd7804014eca8c6c d5bccd7804014eca8c6c
5215b0f0bd724c5cb095 b3931f6d1087486cb913 5215b0f0bd724c5cb095
4b0552fc8849432cb855 5a3b69fa8cfb4982a27c
8a66a2d4fdf74f2e9b0e 8a66a2d4fdf74f2e9b0e
f74897e94729433fa22f f74897e94729433fa22f
ca0b4771edab4289a9de ca0b4771edab4289a9de 42f0effdbad6403aad72
cfa4f7b46ab548c1a67a cfa4f7b46ab548c1a67a 205f1eddbda0478aada6
06635824d9b841f7b41e 7a1df78f40b245bfbb97 06635824d9b841f7b41e
c69875060dcb453ead1a c69875060dcb453ead1a
519c6812f5c84e2da127 d484483c58914446843f
ef84408a20334d7d9940 ef84408a20334d7d9940
df9fcc997b4f4a18b94a df9fcc997b4f4a18b94a
1a4c9d2bea59474aa118 1a4c9d2bea59474aa118
849492e2a4f04946a2c6 849492e2a4f04946a2c6 b3a599b5126842e1bf24
404713e80e9740c9b7cd 404713e80e9740c9b7cd
9a6fd45cb4d44509bce9 9a6fd45cb4d44509bce9
5b7e4d089e434c6a9293 5b7e4d089e434c6a9293
a2e35f0c3c9143c68a9e a2e35f0c3c9143c68a9e
f8959f42ae8745fe99d6 9b93a8a7d0b543339985
df9c93ed7a63447389dd df9c93ed7a63447389dd
babcd00b2c484c36bc48 babcd00b2c484c36bc48
bb5eae787bbc407b98a6 bb5eae787bbc407b98a6
b42e69fcc93540ff9100 b42e69fcc93540ff9100
1c62a698c79e460eb5ff 1c62a698c79e460eb5ff
242983dadb1f4402a4a9 242983dadb1f4402a4a9
2783e022fae94929bf16 2783e022fae94929bf16
e5a9ca3b130945588284 e5a9ca3b130945588284
26a1d084007f489fba55 26a1d084007f489fba55
a0f6a505c8184e86afc9 a0f6a505c8184e86afc9
53afa325a7d34c438292 53afa325a7d34c438292
d4f8d48cee014966a5b7 d4f8d48cee014966a5b7
85ec82d3a96e4436a5a2 85ec82d3a96e4436a5a2
82654fedf62042cb92dc 82654fedf62042cb92dc
9c2647cde6e44cc385c8 910d00572d9d42cebb4a
8fb88a81c320403c8940 8fb88a81c320403c8940 fab56f22f8684dd18893
cd51464f29fe4984870b cd51464f29fe4984870b
33edfebd58804049be59 33edfebd58804049be59
2b0e5d986b0a4f1cb926 5b3dce289f444b0aa162 2b0e5d986b0a4f1cb926
76432c67ac2d44b384c1 76432c67ac2d44b384c1
2bcf7711ba8b49129f0c 2bcf7711ba8b49129f0c dbfc82377b8f4429bc5e
54de46f8d4f647d1baa7 54de46f8d4f647d1baa7
529d899e8f2545bfbc5a 529d899e8f2545bfbc5a 87788962cd304b248baf
7e0770b0df094f329117 7e0770b0df094f329117
12a170c171ef44d4b662 12a170c171ef44d4b662 44c8674ccef1477b965f
e6237b02869349c2bcc8 e6237b02869349c2bcc8
bd01ba7047cb4d04a847 bd01ba7047cb4d04a847
fb99bf17106441ce9e47 0f214fa889a6406e8826
211ddbbf614a47428f13 211ddbbf614a47428f13
09b94d1b44c348ceadb9 09b94d1b44c348ceadb9
07d82226d1a44fadb059 b927c43e198546078ea6
e5d122afc38c45dea5ae e5d122afc38c45dea5ae
c947a496d2b34bb89bb9 e87b98454fe24297b210 c947a496d2b34bb89bb9
eff3a759e4134e70a252 eff3a759e4134e70a252
ec162ad32a614344923a ec162ad32a614344923a
0fc9c09d9eab437c9f65 b47b7b94e7d74f398b8f
42e3ccb6ddd54a0aa3cb 0a53d934f24848f9bda3 42e3ccb6ddd54a0aa3cb
8e02573f1324425c9311 8e02573f1324425c9311
d8316f23d67e43ccb5e7 d8316f23d67e43ccb5e7
