100 58 55 18 53 23 51 49 48 47 19 50 131 130 129 144 42 3 41 73 74 6 9 8 40 72 43 29 13 103 34 7 39 7 34 14 61 16 59 25 59 16 30 15 27 70 36 33 12 11 10 11 12 33 36 70 27 15 30 16 61 26 45 44 4 44 2 17 2 46 142 131 50 133 141 20 136 188 21 56 21 188 192 189 192 191 193 184 186 181 161 159 82 112 155 116 113 111 115 153 156 104 165 164 85 86 100
52
17 1 17
2 2
3 3
4 4 5
6 6
7 7
8 8
9 9
10 10 121
11 11
12 12
13 13
34 14 34
15 15
16 16
18 18
19 19
20 20
21 21
25 22 25
23 23
55 24 55
26 26
27 27
36 28 36
29 29
30 30
100 31 32
33 33
39 37 39
40 40
41 41
42 42
43 43
44 44
45 45
46 46
47 47
48 48
49 49
50 50
51 51
53 52 53
61 54 60
56 56 57
58 58
59 59
111 111
153 153
165 165
189 182
192 192
