LeonieHill ChangiPoint SungeiKadut KampongUbi Shipyard NeeSoon OrangeGrove DefuIndustrialPark OrangeGrove NeeSoon JurongWestCentral Kranji Sennett Outram MonksHill GreenwoodPark Guilin Sentosa PasirRisPark SembawangSprings SungeiRoad ClarkeQuay SungeiRoad KallangWay AnchorvaleBuangkok YioChuKang MandaiWest NorthCoast Springleaf GeylangBahru TanjongRhu PasirPanjang2 WesternIslands Semakau Frankel FarrerPark SingaporePolytechnic Novena TampinesWest PasirRisWestElias ChoaChuKangCentral Townsville ChangiWest ClementiCentral YishunCentral PunggolTownCentre CompassvaleTrafalgar Changi Ridout BishanEast Yishun Phillip TanglinHalt TuasBay LeonieHill
42
Guilin Guilin
GreenwoodPark Trafalgar GreenwoodPark
Townsville Townsville
Phillip SerangoonGarden Phillip
Springleaf Springleaf
ClementiCentral ClementiCentral
Novena Novena Victoria
FarrerPark FarrerPark
SungeiKadut SungeiKadut
YioChuKang Boulevard YioChuKang
MonksHill MonksHill
GeylangBahru AirportRoad
KallangWay KallangWay
Shipyard Shipyard
TampinesWest YuhuaWestBoonLay TampinesWest
SungeiRoad SungeiRoad
TuasBay TuasBay
Sennett Sennett
SembawangSprings SembawangSprings
Kranji Kranji
Ridout Ridout
BishanEast BishanEast
Yishun Yishun
MandaiWest MandaiWest BukitBatokCentral
PasirPanjang2 PasirPanjang2
NorthCoast NorthCoast
Semakau Semakau
PunggolTownCentre PunggolTownCentre
Outram Outram
Sentosa Sentosa
OrangeGrove OrangeGrove
TanglinHalt TanglinHalt
NeeSoon NeeSoon
ChoaChuKangCentral ChoaChuKangCentral LoyangEast
CompassvaleTrafalgar ConeyIsland
AnchorvaleBuangkok AnchorvaleBuangkok
JurongWestCentral JurongWestCentral
DefuIndustrialPark Tyersall DefuIndustrialPark
ClarkeQuay KampongGlam
SingaporePolytechnic SingaporePolytechnic
YishunCentral Woodgrove
ChangiWest ChangiWest
