YuhuaEast Sennett SerangoonGarden Sennett ChinaSquare Brickworks KampongUbi TelokBlangahRise SungeiKadut HougangCentral Saujana BoatQuay Saujana JurongRiver ChoaChuKang HongKah OneTreeHill SembawangStraits Shipyard ClarkeQuay Matilda OrangeGrove PeoplesPark YioChuKang WaterwayEast SungeiRoad Commonwealth Chatsworth TuasNorthPioneer WestCoast SouthernIslands HongKahNorth KeatHong Dunearn SembawangHills Dunearn UluPandan YioChuKangEast ReservoirView PulauPunggolTimor Paterson SimpangNorth Khatib SerangoonCentral PasirPanjang2 BukitBatokSouth WoodlandsWest Northland PeiChun JurongPort HougangEast Changi Sembawang TagoreSindo SerangoonNorth ChangiPoint AngMoKioTownCentre BukitTimah Port RochorCanal PasirPanjang1 KebunBahru Tampines KebunBahru TuasBay TiongBahru PayaLebarNorth MountEmily GeylangEast PayaLebarEast TohGuan MountPleasant BenoiSector PearlsHill LowerSeletar BoonLayPlace OneNorth Anson ClementiWest JurongWestCentral ChengSan Mandai Simpang CityHall TelokBlangahDrive YuhuaEast
69
Northland Northland Mountbatten
HongKah HongKah UpperThomson
AngMoKioTownCentre AngMoKioTownCentre
SerangoonNorth SerangoonNorth
Paterson Paterson
Matilda Punggol Matilda
YioChuKang YioChuKang
Commonwealth KentRidge Commonwealth
KeatHong KeatHong
HongKahNorth HongKahNorth
ChengSan BedokNorth
Mandai Serangoon PasirRis Geylang Mandai
OneTreeHill OneTreeHill Trafalgar ClementiNorth
Sembawang EastCoast Sembawang
Sennett Sennett
SungeiRoad WaterwayEast SungeiRoad PangSua
SungeiKadut SungeiKadut
PayaLebarNorth TuasPromenade Tanglin
PayaLebarEast Museum PayaLebarEast
LowerSeletar LowerSeletar
ClarkeQuay BedokSouth
SembawangStraits SembawangStraits
TuasNorthPioneer TuasNorthPioneer Kembangan
CityHall CityHall
TelokBlangahRise TelokBlangahRise
SimpangNorth SimpangNorth AlexandraNorth
ClementiWest IstanaNegara
HougangCentral HougangCentral DefuIndustrialPark
TohGuan PasirRisDrive TohGuan
Tampines Tampines BukitBatokWest
BenoiSector BenoiSector
ChoaChuKang ChoaChuKang
GeylangEast Moulmein GeylangEast
TiongBahru TiongBahru
BukitBatokSouth BukitBatokSouth
TagoreSindo TagoreSindo
Shipyard Shipyard PasirRisPark
JurongPort JurongPort JooSengPayaLebar
Khatib Khatib
Brickworks Brickworks DhobyGhaut
BoatQuay Aljunied BoatQuay
SerangoonGarden SerangoonGarden SingaporeRiver
SerangoonCentral SerangoonCentral
PearlsHill PearlsHill
SembawangHills SembawangHills
BoonLayPlace BoonLayPlace
ReservoirView EvertonPark ReservoirView
PeiChun PeiChun DairyFarm
TuasBay PunggolField TuasBay
KampongUbi Sentosa
Chatsworth InstitutionHill Chatsworth
PulauPunggolTimor PulauPunggolTimor
Saujana Saujana
UluPandan UluPandan
HougangEast TampinesNorth
JurongWestCentral Cairnhill JurongWestCentral
WoodlandsWest WoodlandsWest
OneNorth OneNorth
YioChuKangEast YioChuKangEast
Port Port
ChinaSquare ChinaSquare
PeoplesPark PeoplesPark BayfrontSubzone
PasirPanjang1 MandaiEast
Changi ChangiWest
KebunBahru KebunBahru
OrangeGrove OrangeGrove
ChangiPoint ChangiPoint
SouthernIslands SouthernIslands
RochorCanal RochorCanal
