139 58 1 106 69 82 138 38 101 25 164 60 7 182 119 89 13 30 113 112 130 148 32 47 96 27 14 15 81 122 186 16 127 22 105 158 85 139
36
113 189 113
106 106 11 153 67
139 77 8 198 18 173 176 141 157 21
112 91 112 41
119 142 146 184 119
47 47 191
105 84 131 105
27 125 188 27
85 85
182 23 95 108 79 182 128
101 101 64
81 81 65
32 152 32
58 74 58 156
14 43 14
15 15
82 5 147 82
38 78 2 39 134 44
127 127
30 187 144 30
148 71 148 75 165
1 1 178 172
60 60
69 72 118 69
25 111 31 25
130 123 57 161 130 37
122 109 114 122
164 9 48 33 35
89 13 89
16 16 26
158 158 98
96 96 145
138 138 104
22 22
7 7
186 186
