Qwilfish Drampa Froakie Magnemite Skorupi Skiddo Noibat Metapod Metang Crawdaunt Weezing Vespiquen Weezing Honedge Kakuna Tauros Amoonguss Vullaby Drapion Taillow Scatterbug Tropius Qwilfish
20
Vullaby Volcarona Vullaby
Scatterbug Meloetta Scatterbug
Drampa Gengar Sandile Drampa Shellos
Metapod Whismur Metapod Inkay Jumpluff
Qwilfish Qwilfish
Noibat Simisear Nincada Magmar Noibat
Crawdaunt Woobat Porygon2 Crawdaunt
Metang Steenee Metang Slurpuff
Magnemite Swadloon Magnemite Weepinbell Comfey
Tauros Tauros Wailord
Drapion Drapion
Weezing Escavalier Bastiodon Weezing Plusle
Vespiquen Vespiquen Shellder
Honedge Seaking Honedge
Skorupi Munna Skorupi Lotad
Amoonguss Stufful Conkeldurr Amoonguss
Froakie Froakie Bounsweet
Taillow Taillow
Kakuna Treecko Kakuna
Skiddo Skiddo
