Soda EtcheverryHall WicksonNaturalArea Emeryville SproulPlaza AnthonyHall FrankSchlessingerWay PimentelHall BarkerHall UniversityHall DonnerLab NorthGateHall HearstGreekTheatre GilmanHall Alameda GiauqueHall Orinda KleebergerFieldHouse ZellerbachHall WellmanHall McLaughlinHall Unit1 BancroftLibrary EastGate ChouHall Hillsborough Pacifica Fairfield SanRafael IshiCourt FoundersRock EvansHall SutardjaDaiHall WestCircle Hayward Unit3 Saratoga MartinezCommons Soda
37
SutardjaDaiHall Campanile Healdsburg Insectary
GiauqueHall GiauqueHall
MartinezCommons ClearyHall Pinole Brisbane MartinezCommons
IshiCourt IshiCourt ClarkKerrCampus SanPablo Benicia
Fairfield Fairfield WursterHall
ChouHall StadiumRimWay Belmont ChouHall
McLaughlinHall LowerSproulPlaza
UniversityHall ZellerbachPlayhouse WheelerHall
KleebergerFieldHouse SatherTower KleebergerFieldHouse StHelena
ZellerbachHall ZellerbachHall MulfordHall
AnthonyHall AnthonyHall
DonnerLab DonnerLab LewisHall
Saratoga Saratoga Cory BlumHall
EtcheverryHall EtcheverryHall
NorthGateHall NorthGateHall HargroveMusicLibrary Piedmont
Unit3 HearstMiningCircle Unit3
PimentelHall PimentelHall
BancroftLibrary BancroftLibrary
WestCircle KroeberHall WestCircle
Orinda Oakley Orinda
GilmanHall GilmanHall GoldmanField
WellmanHall SternHall WellmanHall
Unit1 HertzHall Unit1
EvansHall EvansHall SanRamon
HearstGreekTheatre HearstGreekTheatre CalvinLaboratory
Alameda Pittsburg Alameda
FoundersRock FoundersRock MinorHallAddition
EastGate EastGate
Pacifica Pacifica
Hayward Hayward
SanRafael Albany SanRafael
Emeryville Emeryville
BarkerHall BarkerHall WomenFacultyClub
WicksonNaturalArea WicksonNaturalArea
Hillsborough Hillsborough
SproulPlaza SproulPlaza
FrankSchlessingerWay FrankSchlessingerWay WestGate
