0 7 8 74 66 62 58 56 52 55 54 55 52 56 58 62 66 74 8 10 72 67 63 59 57 51 60 61 65 69 73 12 13 14 17 18 19 18 17 14 15 16 99 86 42 45 47 46 91 43 44 43 80 88 94 89 93 50 49 92 90 92 49 48 47 14 31 32 30 33 41 81 41 33 36 35 39 37 84 87 82 87 84 37 39 35 29 34 38 75 95 96 97 96 95 75 38 34 29 28 27 28 26 10 11 71 11 10 9 7 0 2 3 4 5 4 3 2 0
80
0 0 1 21 22 23
2 2
3 3
4 4
5 5 6
7 7 25
8 8
9 9 24
10 10
11 11
12 12
13 13
14 14
15 15 76
16 16
17 17
18 18
19 19 20
26 26
27 27 77
28 28
29 29
30 30
31 31 40
32 32
33 33
34 34
35 35
36 36
37 37
38 38
39 39
41 41
42 42
43 43
44 44
45 45
46 46
47 47
48 48
49 49
50 50
51 51
52 52
54 53 54
55 55
56 56
57 57
58 58
59 59
60 60 64
61 61
62 62
63 63
65 65 70
66 66
67 67
71 68 71
69 69
72 72
73 73
74 74
75 75
99 78 85 99
81 79 81
80 80
82 82 83
84 84
86 86
87 87
88 88
89 89
90 90
91 91
92 92
93 93
94 94
95 95
96 96
97 97 98
