0 4 10 49 42 45 43 47 51 53 56 83 80 119 123 125 120 122 127 15 9 12 7 76 29 32 36 39 34 40 118 114 113 105 110 104 109 111 117 101 96 98 94 89 97 95 93 134 128 132 133 131 138 141 23 27 26 19 18 24 25 28 85 78 77 73 68 64 69 75 82 81 86 84 33 31 66 60 65 70 67 62 146 148 0
84
73 73
18 18
118 118
78 78
76 76
31 31
64 64
141 141
68 68
82 82
110 110
12 12
36 36
9 9
19 19
56 56
104 104
69 69
49 55 30 44 49
132 132 137
29 29
127 127
26 26
128 128
131 131 142
0 145 108 143 0
45 45
15 22 15
65 65
10 11 10 135 8 13
42 42
146 146
51 51
27 27
4 4
32 32
85 85
86 86
23 16 23
81 81
133 133
75 75
109 109
96 96
105 105
66 66
122 122
67 67
28 28
40 40
60 60
123 123
24 24
25 25
94 94
39 39
95 95
117 117
47 47
97 97 5
113 113
33 33
138 138
101 101
62 62
84 84
148 148
53 53
93 93
111 111
43 35 43
80 80
77 77
34 34
114 114
7 7
70 70
98 98
120 120
83 83
134 134
89 89
119 119
125 125
