location1 location38 location17 location10 location6 location68 location96 location14 location35 location43 location57 location91 location30 location11 location58 location50 location45 location46 location56 location60 location85 location23 location44 location42 location75 location21 location36 location19 location2 location54 location53 location31 location1
31
location56 location94 location56
location19 location19 location71
location10 location49 location10
location45 location99 location45
location35 location35
location23 location23 location47
location21 location21 location51
location42 location59 location42
location6 location6
location96 location52
location2 location2
location38 location38 location90
location50 location8 location48
location14 location80 location79
location91 location91 location32
location43 location43 location83
location17 location17
location11 location74
location57 location95 location57
location85 location78
location58 location58
location75 location89 location75 location9
location46 location46
location30 location30
location54 location54
location36 location36 location29
location60 location72 location77 location40 location3
location44 location44
location31 location31
location68 location66
location53 location53
