0 39 179 46 136 77 62 43 156 74 29 21 69 119 3 174 51 131 178 2 180 197 80 177 185 78 33 18 93 19 96 159 16 191 183 184 182 199 192 188 170 115 31 94 190 103 8 160 129 9 157 50 35 32 142 24 70 163 38 1 12 109 133 89 105 126 4 86 195 60 193 58 0
71
199 199
39 39
58 58
188 188
3 3
86 52 86
157 125 157
160 160
12 12
78 78
19 19
32 32
195 195
136 136
8 116 143 8
119 119
170 170
197 197
183 183
126 126
31 31
179 179
2 2
94 94
33 33 68
105 105
74 74
184 184
142 142
21 21
24 24
180 180
156 156
16 16
96 96
0 0 158 17
131 131
174 174
115 115
185 185
93 194 93
103 103
38 38
69 69
177 177
46 46
80 80
191 191
1 198
163 163
4 4
190 190
60 60
35 35
50 50
192 192
62 189 62
18 18
29 29
133 133
109 109
178 178
70 70
43 43
159 159
51 51
182 182
77 77
193 193
9 9
129 129
