Loc1 Loc165 Loc37 Loc140 Loc39 Loc6 Loc187 Loc46 Loc166 Loc112 Loc29 Loc128 Loc85 Loc33 Loc145 Loc188 Loc198 Loc8 Loc119 Loc164 Loc17 Loc68 Loc199 Loc68 Loc99 Loc26 Loc4 Loc38 Loc122 Loc154 Loc175 Loc16 Loc127 Loc28 Loc151 Loc132 Loc3 Loc196 Loc169 Loc161 Loc97 Loc73 Loc172 Loc183 Loc160 Loc101 Loc13 Loc36 Loc150 Loc50 Loc110 Loc130 Loc70 Loc194 Loc92 Loc51 Loc177 Loc157 Loc87 Loc60 Loc83 Loc88 Loc19 Loc76 Loc31 Loc144 Loc131 Loc126 Loc12 Loc1
66
Loc6 Loc115 Loc6
Loc199 Loc58 Loc199
Loc161 Loc45 Loc161
Loc83 Loc83
Loc3 Loc3 Loc64
Loc68 Loc82 Loc68
Loc39 Loc39 Loc89
Loc166 Loc166 Loc156 Loc178
Loc172 Loc172 Loc15
Loc127 Loc127 Loc104
Loc160 Loc113 Loc160
Loc164 Loc164 Loc55 Loc155 Loc63
Loc46 Loc59
Loc130 Loc130 Loc102
Loc4 Loc4
Loc126 Loc126
Loc97 Loc97
Loc165 Loc5 Loc121 Loc153
Loc37 Loc37
Loc110 Loc110
Loc150 Loc44 Loc150 Loc72
Loc99 Loc99
Loc145 Loc145
Loc92 Loc106 Loc92
Loc198 Loc198
Loc73 Loc117 Loc73
Loc51 Loc51 Loc69
Loc196 Loc111 Loc196
Loc28 Loc28
Loc13 Loc13
Loc29 Loc180 Loc29
Loc140 Loc171 Loc123
Loc26 Loc98 Loc26
Loc188 Loc188
Loc60 Loc60 Loc186
Loc122 Loc122
Loc70 Loc70
Loc16 Loc135 Loc66 Loc22 Loc91
Loc87 Loc87
Loc131 Loc131 Loc62
Loc101 Loc152
Loc38 Loc167 Loc38
Loc194 Loc194
Loc19 Loc19
Loc169 Loc169
Loc12 Loc12
Loc177 Loc177
Loc76 Loc76
Loc157 Loc157
Loc132 Loc132
Loc31 Loc192 Loc31
Loc85 Loc85
Loc144 Loc144
Loc119 Loc119
Loc33 Loc33
Loc112 Loc112
Loc175 Loc175
Loc8 Loc8
Loc50 Loc18 Loc50
Loc154 Loc154
Loc187 Loc187
Loc183 Loc183
Loc128 Loc128
Loc36 Loc36
Loc1 Loc1
Loc88 Loc114
