gc gk em ac as co q dg u ds cm ab dy fw gf et bn df bv j cp cr am cd ep ck go er br cg fy db az cn ge dt bj fi do dp gg dj h aw dq ae en dh d gi di gj cq ad bx ap bb fn ey cv bi el cj ee cl cs p by bc bs gn dx fq fk ff e c a at dn ai v gq bu fg eg dw gh fd fo ft an bl gc
88
d d
cm cm
bc ah bc
cs cs
gn gn
dy dy
fd fd
er er
ds ds
bj bj
dt eq
q q fr
fi fi
ep ep
an an
br br g
j j
at at
bb bt bb
fy fy
dg dg gm
ad ad
fn fn
c bq
ap ap
cp cz cp
gg gg
az az
dq dq bp
gi gi
et et
dn dn
as as
do do
di di
u u
fw fw
fo fo
am am
bi bi
ac ac
cn cn
cg cg
aw aw
dp dp
ab ab
en en
by by
cq cq
ey ey
cv ao cv
ee ee
ae ae
co co
ck ck
gj gj
dx dx ga
ff ff
e fe e
bx bx
gh gh
go go
bv bv
em em
ft ft
p p
fg y
eg es
el el
db db fa
dh dh
cj cj
ai ai
bl bl
fk fk
fq fq
cr cr
gq gq
dj dj
gk gk
cl cl
df fh
v v
a a
bn b bn
ge ge
dw dw
bu bu
