Liam Isaiah Leo Aaron Thomas Dylan Owen Noah Luke Asher Jordan Roman Jordan Nicholas Theodore David Sebastian Josiah Eli Dominic Carter Benjamin Sawyer Colton Logan William Logan Jaxson Brayden Adam Jayden Mason Alexander Mateo Joseph Isaiah Liam
24
Liam Liam
Noah Noah
William William Aiden
Thomas James
Logan Logan
Benjamin Benjamin
Mason Mason Elijah
Dominic Oliver
Roman Jacob Matthew
Eli Lucas Jackson Wyatt
Jaxson Michael
Alexander Alexander
Brayden Ethan Samuel
Isaiah Daniel
Adam Henry
Mateo Joseph
Sebastian Sebastian
David David
Carter Carter
Jayden Jayden
Sawyer John
Owen Owen
Dylan Dylan
Luke Luke
