0 20 79 12 32 99 47 35 8 57 40 91 1 61 10 88 3 95 122 73 105 27 97 80 54 14 24 100 96 21 52 71 39 58 41 26 37 68 50 117 84 28 144 85 11 75 62 176 34 179 48 179 5 173 5 31 4 104 17 33 78 6 51 183 120 70 59 89 182 92 150 15 86 106 109 0
66
176 66 45
31 31
26 93 26
12 36 12
52 74 52
59 59
71 22 71
99 99
62 62
144 43 94
41 41 30 69
14 77 38 14
50 50 19
58 58 81
3 60 3
15 15
1 49 1
95 95
4 4
183 44
75 75 29
39 18 7 39
96 96 16
37 37
105 67
117 76
79 79
92 92
27 27
73 73 64
28 28 90
34 34
17 17
173 63 13
0 0
47 47 87
97 97 55
40 40
84 84 9
61 61
20 20 53
85 85
80 80
120 98
68 72 23 68
48 46 48
78 78
89 89
57 57
35 35 42
11 82 11
32 32
54 25 54
91 91
10 10
24 56 24
104 83
33 33
86 86
5 2 5
51 51
6 6
8 8
70 70
21 65 21
88 88
