F1E81B DD07FF 002274 29D5D7 E33276 1111F7 D4A75D 124C90 612FAA 8BFCAC BF6302 8EBF8A 1D21D3 6825D4 A9F1B8 EB8E2E 1B337D C45E71 6B622D 5F4E43 A014A0 D8AAF4 8F17C0 D8AAF4 A014A0 06C557 13A782 BA3320 90451D CEAC59 1EC224 5BB557 846159 D6CC7A B47658 BB4908 112AE7 94A561 20EAE7 ABD8FE 783751 D2BE39 490F1E 77A0B5 CF668A 7829D7 53C6C8 36590B 9096DB C9AF85 7BE8A9 B27903 AEFF96 DCE144 205E5C 04439C 2595F1 8B519F C953A6 5D0E2E 0CBC31 E3C2C9 3B4B53 D1967A 851F90 2334E8 573788 FFFD4B 17779E 770D1A CDC6D4 191510 6B4619 CC9C14 6B4619 086D53 17BB75 E0BEFC EC4D08 B7F75A 6CAF46 6B644E 813B05 396D53 462226 EE2A22 79BC3D B69F55 1F842B 2924CB BDE94D 2924CB 0C73D8 86493E 4B3F8A 230A7C 85D6DB 7D997B E51A66 7D997B F1E81B
74
573788 573788
29D5D7 29D5D7 8015E0
17779E 17779E
002274 D337F2 0F5860 C3B3E7
CEAC59 CEAC59
6825D4 AE4A01 239994
D1967A D1967A
B47658 B47658
230A7C 230A7C
1F842B 1F842B 7E78F3
17BB75 47FACD 2FEDFB
086D53 C3EF62 F33196 61199E 4A5708
0C73D8 E81014 4CAD30
CC9C14 A1F104 CC9C14
A9F1B8 52C88C 5C7062
BB4908 E5E6C0 C18C9B BB4908
1111F7 6B340B 6966D7
B69F55 2CCB19 B69F55
AEFF96 AEFF96 36C862
851F90 851F90
8BFCAC 8BFCAC
E51A66 E51A66
396D53 396D53
9096DB 9096DB
EB8E2E 596CF6 14994D
0CBC31 8F495E 0CBC31
1EC224 4099A6 C4303B 293D59
7BE8A9 FFEEBD
CF668A 614224
94A561 94A561
191510 305D33
8F17C0 151BC9 8F17C0
06C557 93EBE3
C9AF85 C9AF85
6B622D 6B622D
783751 783751
36590B 66048A 36590B
770D1A 770D1A
20EAE7 20EAE7
5D0E2E 6E313C 2BF7B5
13A782 E80628
EE2A22 4B97F1 59843B
2595F1 8B6C2F
6CAF46 685D1A
DD07FF 1E1095
C45E71 4A28BA
5BB557 5BB557
90451D 90451D
5F4E43 5F4E43
8B519F 8B519F
7829D7 7829D7
B7F75A B7F75A
846159 6D51F4
813B05 813B05
CDC6D4 8417C8
DCE144 DCE144
D4A75D D4A75D
E0BEFC 28F6D1
1B337D 7E1C6C
8EBF8A 8EBF8A
F1E81B F1E81B
3B4B53 3B4B53
D6CC7A D6CC7A
86493E 86493E
85D6DB 85D6DB 63361A
490F1E 490F1E
FFFD4B FFFD4B
205E5C BB40E6
BDE94D DE6899
C953A6 14B430
E3C2C9 E3C2C9
77A0B5 77A0B5
124C90 124C90
ABD8FE ABD8FE
