Wheeler Doe Campanile LeConte Birge Campbell Haviland Memorial McLaughlin Memorial Minor Haas Faculty FSM Baker McCone BigC Pavilion Simons Koja Simons Pavilion BigC Bongo FallRush Metropolitan Ippuku WayWest Cloyne Cafe3 Hearst Davis Kresge Normandy Cheit Soda Sather Soda Moffitt VLSB Etcheverry Latimer Evans Morrison Hertz Kroeber Lewis Greek Bechtel Greek Morrison Evans Wheeler
25
Sather Martinez Barker Unit3 OCF
Hearst Hearst
Haas Stonefire Haas
Simons Unit2
Koja Legends TriDelta
Metropolitan Metropolitan
WayWest Anthony Warren
Moffitt Moffitt
Minor Hargrove
Wheeler Sproul Dwinelle
Birge Birge
Bechtel Bechtel Jacobs
Kroeber Boalt Kroeber
Morrison Morrison
Baker Baker Fiji
McCone CKerr
Pavilion PeoplePark
Haviland RSF
Cheit Cheit
Davis Davis
Cloyne Cloyne
Etcheverry Etcheverry
Latimer Foothill
Memorial IHouse
McLaughlin McLaughlin Moses
