Location0 Location43 Location25 Location34 Location36 Location45 Location37 Location2 Location14 Location75 Location33 Location23 Location6 Location24 Location35 Location31 Location1 Location8 Location79 Location7 Location26 Location21 Location41 Location12 Location39 Location17 Location110 Location105 Location32 Location30 Location29 Location121 Location58 Location80 Location18 Location42 Location44 Location13 Location10 Location9 Location28 Location0
35
Location1 Location1
Location2 Location2
Location17 Location3 Location11 Location17
Location7 Location4 Location7
Location12 Location5 Location12
Location6 Location6
Location8 Location8 Location40
Location9 Location9
Location10 Location10
Location13 Location13
Location14 Location14 Location22
Location24 Location15 Location24
Location37 Location16 Location37
Location18 Location18
Location45 Location19 Location45
Location26 Location20 Location26
Location21 Location21
Location23 Location23
Location25 Location25
Location80 Location27
Location28 Location28
Location29 Location29
Location30 Location30
Location31 Location31
Location32 Location32
Location33 Location33
Location34 Location34
Location35 Location35
Location36 Location36
Location110 Location38
Location39 Location39
Location41 Location41
Location42 Location42
Location43 Location43
Location44 Location44
