31 74 42 148 83 90 47 121 114 48 99 156 140 45 94 149 82 152 88 15 143 80 28 4 160 67 108 93 147 49 27 106 123 117 103 22 86 68 7 138 134 32 66 14 115 81 13 131 17 141 119 58 6 30 38 69 64 35 125 89 57 29 33 120 12 137 186 199 179 180 193 197 171 169 195 187 184 170 198 173 164 188 168 175 196 167 46 52 128 146 132 112 107 31
89
175 175
112 127 112
49 78 49
93 93
58 58
66 66
167 167
69 69 60
160 160
195 195
13 13
128 65 128
32 32
198 198
197 197
173 173
42 77 42
17 20
38 38
80 80
81 81
147 147
82 82
120 120
125 125 151
196 196
22 22
180 180
33 105 33
108 108
46 46
119 119
117 117
114 114
143 143
45 21 45
94 94
106 106
74 74
90 90
88 88
48 48
14 14
169 169
148 148 110
184 184
179 179
27 27
86 86
140 140
141 34 141
138 138
7 7
134 134
107 107
123 123
30 30
168 168
103 103
188 188
35 35
99 99
137 137
4 4
156 156
164 164
47 47
28 28 9
170 170
64 64
12 12
6 6
186 186
67 67
89 89
146 146
57 57
115 115
193 191
152 152
149 149
29 29
68 68
131 131
83 83
121 121
52 52
171 171
199 199
