149 14 68 75 59 4 16 96 100 76 18 37 44 112 20 51 74 23 79 29 43 28 105 33 66 64 7 11 6 25 5 10 157 89 56 13 52 49 26 85 21 34 83 92 32 73 58 12 65 71 61 9 46 27 15 86 62 50 67 95 91 82 60 19 41 93 94 31 39 87 54 81 78 147 17 8 150 47 84 22 38 55 80 45 2 36 42 69 72 57 97 199 24 149
89
83 1 83
2 2
12 3 12
4 4
5 5
6 6
7 7
8 8
9 9
10 10
11 11
13 13
14 14
15 15
16 16
17 17
18 18
19 19
20 20
21 21
22 22
23 23 99
24 24
25 25
26 26
27 27
28 28
29 29
50 30 50
31 31
32 32
33 33
34 34
150 35
36 36
37 37
38 38
39 39
65 40 65
41 41
42 42
43 43
44 44
45 45
46 46
47 47
97 48 97
49 49
51 51
52 52
147 53
54 54
55 55
56 56
57 57
58 58
59 59
60 60 63
61 61
62 62
64 64
66 66
67 67
68 68
69 69
81 70 81
71 71 88
72 72
73 73
74 74
75 75
76 76
82 77 82
78 78
79 79
80 80
84 84
85 85
86 86
87 87
89 89
157 90
91 91 98
92 92
93 93
94 94
95 95
96 96
100 100
