Horse0 Breakfast74 Ring45 Settings5 Shower11 Whale59 Printer53 Mail88 Robot9 Ice32 Towel37 Leash89 Websites17 Rollers34 Shower15 Dislike21 Comics49 System90 Whale22 Book41 Rollers48 Monster39 Monster71 Trees96 Kitty14 Male84 Leash68 Water66 Bird93 Toilet20 Ice10 Floppy63 Prints23 Ice30 Cat13 Water52 Towel35 Allergies3 Ring97 Running77 Breakfast42 Towel16 Soda57 Breakfast19 Floppy64 Horse0
43
Shower11 Shower11
Leash89 Websites81 Ice38
Running77 Running77
Floppy64 Horse55
Monster39 Monster39
Websites17 Websites17
Male84 Male84
Monster71 Monster71
Ring45 Ring45
Allergies3 Solar58 Flowers98 Allergies3
Dislike21 Plus62
Ice30 Allergies4 Ice30
Kitty14 Kitty14
Printer53 Printer53
Ice10 Ice10
Toilet20 Toilet20
Towel37 Towel37
Whale22 Bird82 Whale22 Shelf25
System90 Dislike51
Rollers34 Rollers34
Trees96 BBQ86
Horse0 Horse0
Book41 Book41
Water52 Water52
Leash68 Leash68
Shower15 Shower15
Water66 Water66
Breakfast19 Breakfast19
Ring97 Ring97
Cat13 Cat13
Floppy63 Floppy63
Soda57 Soda57
Towel16 Towel16
Robot9 Robot9
Whale59 Whale59
Bird93 Bird93
Prints23 Prints23
Breakfast74 Breakfast74
Towel35 Towel35
Comics49 Comics49 Post61
Settings5 Settings5
Rollers48 Rollers48
Mail88 Mail88
