Shelf0 Toolbox153 Toilet13 Drugs184 Monster73 Toolbox146 Websites4 Clock139 Soap64 Crab83 YouTube33 Solar192 Soda119 Running66 System79 Drugs195 Running177 Hnads116 Running177 Dislike143 Towel154 Boat67 Shoe174 Elevator115 Shoes8 Dislike12 Shoe17 Urine108 Hnads182 Plants118 Ring60 Solar71 Fusion104 Ring161 Urine20 BBQ36 Rollers14 Nuclear35 Kitty89 Horse148 Clock2 Puppy117 Ice165 Body55 Mail6 Poop76 Book99 Whale126 Post158 Clock61 Printer188 Sink109 Settings75 Flowers178 Dislike27 Urine97 Robot51 YouTube44 Ice41 Laptop19 Water135 Rollers95 Kitty98 Laptop125 Water29 Kitty194 Solar162 Ice9 Robot93 Poop150 Soap53 System156 Nuclear18 Solar159 Solar130 Light30 Comics28 Book171 Android196 Dog168 Towel92 Poop5 Robot164 Whale114 Urine124 Male149 Mail22 Puppy140 Ring169 Whale137 Shelf0
78
Crab83 Crab83
Boat67 Boat67
Horse148 Horse148
Post158 Post158
Robot93 Robot93
Kitty194 Kitty194
Hnads116 Drugs39 Hnads116
Sink109 Sink109 Monster175 Shower47 Shower57
Ice41 Shelf40 Ice41
Poop150 Leash77 Poop150
Laptop125 Laptop125
Clock139 Allergies88 Clock139
Toolbox146 Toolbox146
Ice9 Ice9
Light30 Light30
Shoes8 Soap58 Shoes8
Towel154 Towel154
Plants118 Plants118
Settings75 Settings75
Kitty89 Kitty89 System183
Body55 Body55
Water135 Water135
Dislike12 Dislike12
Dog168 Dog168
BBQ36 BBQ36
Shoe174 Shoe174
Urine124 Urine124
Nuclear35 Nuclear35
Mail22 Mail22 Allergies103 Ring82
Dislike143 Dislike143 Allergies176
Monster73 Monster73
Puppy117 Puppy117
Whale126 Whale126
Solar130 Solar130
Soda119 Soda119
Printer188 Printer188 Cat187
Rollers95 Rollers95
Water29 Water29
Robot51 Robot51
Drugs195 Drugs195
Laptop19 Laptop19
Solar159 Toolbox72
Clock2 Clock2
Nuclear18 Nuclear18
Soap64 Soap64
Robot164 Robot164 Comics107
Dislike27 Soda197 Dislike27 Book24
Elevator115 Dog181
Toolbox153 Toolbox153
Ice165 Water38 Ice165
System156 System156
Puppy140 Puppy140
Fusion104 Poop80 Fusion104 Fusion34 Breakfast85
Solar162 Solar162 Website190
Hnads182 Plus78 Hnads182
Solar192 Solar192
Mail6 Mail6
Whale137 Whale137
Rollers14 Rollers14
Urine97 Urine97
Flowers178 Flowers178
Shoe17 Shoe17
Urine20 Urine20
Running66 Cat15
Book171 Book171
Solar71 Solar71
Poop76 Poop76
Clock61 Clock61
Ring169 Ring169
Male149 Male149
Android196 Android196
Shelf0 Shelf0
Whale114 Whale114
Towel92 Towel92
Toilet13 Toilet13
Websites4 Websites4
System79 System79
Kitty98 Kitty98
