Aberdeen Reno Hampton Tuscaloosa Winston Austin Henderson WestValleyCity Kennewick Montgomery SouthLyon Frederick Modesto SanBernardino Hartford Riverside Murrieta Columbia Lakewood StPetersburg Lewisville Elkhart Racine Norwalk SaltLakeCity Redding SanAntonio Aberdeen
19
Elkhart Pensacola
SaltLakeCity SaltLakeCity Chattanooga
Lewisville Gainesville Lewisville
Hampton Hampton Lowell Newburgh
Winston Winston
Tuscaloosa Tuscaloosa
WestValleyCity WestValleyCity
Modesto Modesto
Henderson Henderson Marina
Norwalk Miramar
Racine Racine
Reno Reno Springdale
SanBernardino SanBernardino
SouthLyon SouthLyon
Austin Austin
Montgomery Montgomery
Columbia GreenBay
SanAntonio SanAntonio
StPetersburg StPetersburg
