IvOdahrtFwzZ WUqhotrexTBp JpwDMOwQmqOp gkTmCiZxFrJw ubtvaUeVUfmV zypYDSZfKAvD IcNVObbuvzWY ctZWqndwhbJm touUfboeiIya QZQElPdcHxru JNoAmCxHcsYw gJMLzBkWmUoV cpNycWVdmzHJ mZUBOQTZyXOM vkOqMvrCUWYf fiHhqLtPfdZy aSpDrTbKBytW ypApeqMQPnQA QxNjgiXciQma ybLCwZqVZKud UGahWpWtmUQn QDhUZstsJKtV pjemGRILnFei RQBxIsRWzmfl ocysUjOwnenm aXlcDzbXwAJW AhJBAeSEuUkL LNoKVqXhLEzn yVSfaizVeLPT zCWezcJmUGqs KtoZVrQmJWki tARvBeqQDqSY NMSHhfMtAJZb WWtfhwMSzfGW HVwGkspnDHbf cQFNlImsTWTM wXjNgGRCXYRl WsLfQLsirtHk FkNlSGMBOUbz SKbQkQUhqQEt jXOmYlZmvqnI nKmMbiEuiffc hPSXtHMMyKAK IfTQNEFsiTgr YGzazHdyrGCd RGYiIUdVAiVL sTgUExIipvWV PFpQuVVRxbvV UYTxhnOtiPHB zOkfhFVfOKVi AQgpWBullbIi EwXugPkGUVkm DiKlonktcqTP OIjApACwnyqG lRgeGnDJBtMa nyTRNDRCsANl xXoCKkdkKAne hLCSOZLNEdhX cRekprdsHHWw quZcTYtpBjSn qxhFFIUEfnzV YvLRANdegrdA ppfBOAvWYXyJ mvdksSctoMVi AoaIXEzdsCrm QFfSmYtuSTPl TTwdgXpOLyxF TglqUXfjbefC PKHkuTHeRXhO WRiugWLCujBI zcAOlsVDUDkc qlMzHEurfTvO WHSGrQQrrotE WnABnktZDxMx evRMhyiHKGXv gXcuqckdTdIP NxxrxPgsnMqG EOKLHvbbCToE dXlgwkdKhUmB EKWhDcEeEkGK nschEYWjrAsr mgKEFEWheOqk qFGlIHDqKyPA uzYTzVwixczQ XwPJYwaGcHxO lznMKRYSMheH yFQWQWtUUMle nxbMBCPhfQij oKIKkmsSWzmH wHeDieHMYzAK ZPYnROAizafx TZmWJenJbEsV sFSBpaJxLpBT yHOsEGOhjOLt GvyjKkGcUdcI jXgKDXnEJsra nlzJUuBrsbXD oOIjuHJcVRiV HEwqlaeMfSzl IQvKLYGCcCbd fblrDraNAUxK IvOdahrtFwzZ
100
qxhFFIUEfnzV qxhFFIUEfnzV
jXOmYlZmvqnI jXOmYlZmvqnI
touUfboeiIya touUfboeiIya
fiHhqLtPfdZy fiHhqLtPfdZy
zypYDSZfKAvD zypYDSZfKAvD
UGahWpWtmUQn UGahWpWtmUQn
PFpQuVVRxbvV PFpQuVVRxbvV
WsLfQLsirtHk WsLfQLsirtHk
WRiugWLCujBI WRiugWLCujBI
ybLCwZqVZKud ybLCwZqVZKud
RGYiIUdVAiVL RGYiIUdVAiVL
NxxrxPgsnMqG NxxrxPgsnMqG
vkOqMvrCUWYf vkOqMvrCUWYf
PKHkuTHeRXhO PKHkuTHeRXhO
ppfBOAvWYXyJ ppfBOAvWYXyJ
cQFNlImsTWTM cQFNlImsTWTM
ubtvaUeVUfmV ubtvaUeVUfmV
QDhUZstsJKtV QDhUZstsJKtV
IQvKLYGCcCbd IQvKLYGCcCbd
nlzJUuBrsbXD nlzJUuBrsbXD
gkTmCiZxFrJw gkTmCiZxFrJw
zOkfhFVfOKVi zOkfhFVfOKVi
GvyjKkGcUdcI GvyjKkGcUdcI
TglqUXfjbefC TglqUXfjbefC
HEwqlaeMfSzl HEwqlaeMfSzl
EwXugPkGUVkm EwXugPkGUVkm
gXcuqckdTdIP gXcuqckdTdIP
XwPJYwaGcHxO XwPJYwaGcHxO
SKbQkQUhqQEt SKbQkQUhqQEt
WUqhotrexTBp WUqhotrexTBp
WHSGrQQrrotE WHSGrQQrrotE
TZmWJenJbEsV TZmWJenJbEsV
evRMhyiHKGXv evRMhyiHKGXv
lznMKRYSMheH lznMKRYSMheH
zcAOlsVDUDkc zcAOlsVDUDkc
IfTQNEFsiTgr IfTQNEFsiTgr
oKIKkmsSWzmH oKIKkmsSWzmH
nschEYWjrAsr nschEYWjrAsr
sFSBpaJxLpBT sFSBpaJxLpBT
RQBxIsRWzmfl RQBxIsRWzmfl
jXgKDXnEJsra jXgKDXnEJsra
xXoCKkdkKAne xXoCKkdkKAne
lRgeGnDJBtMa lRgeGnDJBtMa
qFGlIHDqKyPA qFGlIHDqKyPA
fblrDraNAUxK fblrDraNAUxK
WnABnktZDxMx WnABnktZDxMx
AoaIXEzdsCrm AoaIXEzdsCrm
EOKLHvbbCToE EOKLHvbbCToE
cpNycWVdmzHJ cpNycWVdmzHJ
ocysUjOwnenm ocysUjOwnenm
yHOsEGOhjOLt yHOsEGOhjOLt
UYTxhnOtiPHB UYTxhnOtiPHB
nKmMbiEuiffc nKmMbiEuiffc
ctZWqndwhbJm ctZWqndwhbJm
TTwdgXpOLyxF TTwdgXpOLyxF
mvdksSctoMVi mvdksSctoMVi
yVSfaizVeLPT yVSfaizVeLPT
ypApeqMQPnQA ypApeqMQPnQA
NMSHhfMtAJZb NMSHhfMtAJZb
hLCSOZLNEdhX hLCSOZLNEdhX
qlMzHEurfTvO qlMzHEurfTvO
JpwDMOwQmqOp JpwDMOwQmqOp
gJMLzBkWmUoV gJMLzBkWmUoV
wXjNgGRCXYRl wXjNgGRCXYRl
HVwGkspnDHbf HVwGkspnDHbf
hPSXtHMMyKAK hPSXtHMMyKAK
sTgUExIipvWV sTgUExIipvWV
mgKEFEWheOqk mgKEFEWheOqk
YGzazHdyrGCd YGzazHdyrGCd
IcNVObbuvzWY IcNVObbuvzWY
QxNjgiXciQma QxNjgiXciQma
uzYTzVwixczQ uzYTzVwixczQ
quZcTYtpBjSn quZcTYtpBjSn
zCWezcJmUGqs zCWezcJmUGqs
YvLRANdegrdA YvLRANdegrdA
WWtfhwMSzfGW WWtfhwMSzfGW
nyTRNDRCsANl nyTRNDRCsANl
KtoZVrQmJWki KtoZVrQmJWki
LNoKVqXhLEzn LNoKVqXhLEzn
ZPYnROAizafx ZPYnROAizafx
AQgpWBullbIi AQgpWBullbIi
AhJBAeSEuUkL AhJBAeSEuUkL
QFfSmYtuSTPl QFfSmYtuSTPl
tARvBeqQDqSY tARvBeqQDqSY
pjemGRILnFei pjemGRILnFei
EKWhDcEeEkGK EKWhDcEeEkGK
yFQWQWtUUMle yFQWQWtUUMle
JNoAmCxHcsYw JNoAmCxHcsYw
aXlcDzbXwAJW aXlcDzbXwAJW
oOIjuHJcVRiV oOIjuHJcVRiV
mZUBOQTZyXOM mZUBOQTZyXOM
cRekprdsHHWw cRekprdsHHWw
FkNlSGMBOUbz FkNlSGMBOUbz
wHeDieHMYzAK wHeDieHMYzAK
dXlgwkdKhUmB dXlgwkdKhUmB
OIjApACwnyqG OIjApACwnyqG
nxbMBCPhfQij nxbMBCPhfQij
aSpDrTbKBytW aSpDrTbKBytW
QZQElPdcHxru QZQElPdcHxru
DiKlonktcqTP DiKlonktcqTP
