Soda C9 A7 B8 D1 D9 B9 D8 C3 D7 D5 C9 Soda a0 c9 a7 b8 d1 d9 b9 d8 c3 d7 d5 c9 a0 a5 a9 b7 b5 c1 d3 d6 a5 a0 c5 e3 b2 e5 b1 e5 b2 c5 a0 Soda C5 B2 E5 B1 E5 B2 E3 C5 Soda A5 D6 D3 C1 B5 B7 A9 A5 Soda A E Q E A C J I C A F M F A B H AB Z Y N G A D K AI T K D A Soda a b m ad l k ab k b a d n ae af ag p e a g s al ak h a i x u i y j aa at as z aa j i a Soda
69
A7 A1 A7
B5 A3 B5
A5 A5
A9 A9
B1 B1 E7
E5 B3 E5
B7 B7
B9 B9
C1 C1
C3 C3 E1
C5 C5
B2 C7
C9 C9
D1 D1
D3 D3
D5 D5
D7 D7
D9 D9
E3 E3
AB AB
Y AP
N N
H H
J J
I AF
AI AS AU AW
T T
E P
Q AG Q
M AC AO
b b
d d
g f
h h
j j
l l ax
n n
p p
ak r aj
al t al
u v an
x x
z z
ab ab av
ad ad
af af
ag ah
y ap
as ar
at at
a7 a1 a7
b5 a3 b5
a5 a5
a9 a9
b1 b1 e7
e5 b3 e5
b7 b7
b9 b9
c1 c1
c3 c3 e1
c5 c5
b2 c7
c9 c9
d1 d1
d3 d3
d5 d5
d7 d7
d9 d9
e3 e3
