21 152 153 90 106 105 85 150 53 150 151 175 65 48 47 116 115 119 115 125 124 189 37 36 97 95 197 131 130 122 117 170 108 12 44 41 11 81 113 171 69 66 69 136 74 160 17 157 143 185 186 33 186 185 4 43 110 169 168 139 142 139 1 96 8 101 92 91 178 63 178 179 25 179 161 93 156 45 156 21
56
1 1 3
171 5 15 171 177 183
8 7 9 59
11 11
12 13
17 17 77
48 19 79
21 21
160 23
25 25 165
43 27 43 73
36 29 35
113 31 113 135
33 33 155
37 37 87
119 39 51 119 159
41 41
45 45
47 47
197 49 163 197
53 53 181
185 55 185
169 57 169
131 61 131
63 63 71 83
65 65
66 67 145
69 69
74 75
81 81
85 85 107
93 89 93
101 91 101 193
95 95 195
97 97
142 99 149
105 103 105 129
106 109
152 111
115 115
117 117
170 121
122 123
125 125 137
179 127 179
116 133
139 139
151 141 151 191
143 143 147
153 153 173
157 157
161 161
108 167
175 175
4 187
189 189
