74 72 80 76 73 75 132 139 137 131 140 135 136 132 98 99 98 192 200 194 198 199 191 192 182 172 171 177 178 175 179 180 174 172 46 50 41 46 2 6 8 2 151 157 156 153 151 58 55 53 54 58 102 118 111 116 120 118 121 122 121 63 69 62 61 68 66 65 70 63 21 23 25 24 28 29 26 21 87 86 88 83 85 81 82 89 87 18 16 13 11 18 38 31 39 37 35 36 38 169 164 161 170 167 165 169 141 145 144 146 148 141 75 77 72 74
85
148 148
86 86
50 50
77 77
146 146
135 135
41 47 41
167 167 166
55 52 55
81 81
54 54 57
25 25
99 96 99
31 31
199 199
191 191
156 156 160
28 28
194 197
116 116
179 179
89 89
6 6
11 11 14
122 126 122
137 137
161 161 163
26 26
39 39
69 69
192 192
131 131
24 30
121 128
37 37 32
151 151
76 76
139 139
165 165
120 113 119
80 80
111 111 114
182 185 189
13 13
8 8
178 178
2 2
136 136
118 118
175 175
102 104
172 172
62 62
164 164
73 73
70 70
16 19 16
58 58 59
85 85
36 36
68 68
23 23
170 168
174 174
83 83
180 180
145 145
88 88
141 141
61 61
153 153
38 38
35 35
46 46
157 157
144 142
53 53
29 29
74 74
169 169
198 198
82 82
66 66
140 140
75 75
