l7 l40 l39 l67 l161 l200 l177 l130 l94 l163 l24 l148 l138 l42 l61 l12 l160 l114 l49 l184 l33 l2 l86 l51 l162 l136 l56 l109 l20 l186 l169 l175 l147 l63 l72 l7
34
l147 l101 l110 l46
l20 l102 l20
l109 l109
l162 l113 l162
l114 l114 l14 l15 l172
l163 l115 l132 l163
l177 l116 l177
l12 l12
l33 l122 l33
l24 l124 l24
l49 l127 l49
l94 l128 l74 l94
l130 l130
l136 l136 l142 l199
l138 l138 l181
l169 l141 l169
l148 l148 l155
l160 l160 l168
l161 l161 l6
l86 l171
l186 l180 l186
l184 l184 l192 l25 l77
l72 l189 l37 l44 l72
l2 l2 l58
l200 l200 l90
l63 l21 l63
l42 l26 l53 l54
l67 l27 l67
l7 l35 l7
l39 l39
l40 l40
l51 l41
l175 l59
l61 l83
