1 30 18 50 53 60 40 6 11 74 25 16 21 10 37 31 13 19 89 5 83 32 27 93 72 73 66 75 39 65 41 14 56 42 48 59 70 116 58 26 34 22 77 28 63 45 61 17 54 108 49 1
50
10 10 24
11 11 47
116 12
13 13
14 14
61 15 61
16 16
17 17
18 18
19 19 35
56 20 56
21 21
22 22
58 23 58
25 25 71
26 26 38
27 27
28 28 55
39 29 39
30 30 43
31 31
32 32 36
89 33
34 34
37 37
40 40
41 41 79
42 42
63 44 63
45 45
65 46 65
48 48 69
49 49
50 50
6 51
5 52
53 53
54 54
59 57 59
60 60
108 62 64
66 66
1 67
74 68 74
70 70 76
72 72
73 73
75 75
77 77
83 78
