FleaBottom Bobbingbourne Urubaen Trebon Eggmanland Batcave GringottsBank Ebonfall SatishVille Ademre TheBoilingRock UtgardMountain Glimthain Lorien TheVale Dagobah Westopolis Arkham MinistryofMagic Yll HighGarden TheGreatDivide TheBurningPlains Olivanders RockofKuthian FleaBottom
22
Urubaen Urubaen
TheBurningPlains TheBurningPlains
UtgardMountain UtgardMountain
GringottsBank GringottsBank
Westopolis Westopolis
Eggmanland Eggmanland
Bobbingbourne Bobbingbourne
HighGarden Vintas HighGarden
TheGreatDivide TheGreatDivide
Olivanders Olivanders
TheBoilingRock TheBoilingRock
Glimthain Glimthain
Ademre Ademre
Yll Yll
Batcave Batcave
Trebon Trebon
TheVale TheVale
Ebonfall Ebonfall
Arkham Arkham
Lorien Coalwatch ShriekingShack
SatishVille SatishVille
MinistryofMagic Accrington MinistryofMagic
