s h129 h176 h108 h180 h110 h107 h124 h151 h132 l29 h148 h192 h185 h143 h149 l16 h121 h193 h187 h112 l21 h142 h144 h183 h136 h199 h139 h156 h120 h154 h195 h125 h111 h190 h155 h189 h137 h197 h134 h126 h191 h161 h168 h160 h140 h133 h135 h114 h103 h131 h118 h100 h141 h181 h167 s
55
h100 h100 h188
l21 h101 h113 h117 h122
h161 h102 h161 h174
h103 h103
h129 h104 h129
h135 h105 h135
h183 h106 h177 h183
h107 h107
h108 h108
h112 h109 h112 h159 h166
h110 h110 h173
h111 h111 h127 h182
h114 h114
h148 h115 h148 h153
h134 h116 h134
h118 h118 h169
h155 h119 h155
h120 h120
h121 h121 h158
h180 h123 h178 h180
h124 h124
h125 h125
h126 h126
h151 h128 h151 h163 h175 h186
h154 h130 h154
h131 h131 h196
h132 h132
h133 h133
h136 h136
h137 h137
h140 h138 h140 h152
h139 h139
h141 h141
h142 h142
h143 h143
h144 h144
h160 h145 h150 h160 h170 h179
h149 h146 h149 h198
h197 h147 h197
h156 h156 h164
l16 h157 h194
l29 h162
h187 h165 h187
h167 h167
h168 h168
h190 h171 h184 h190
h181 h172 h181
h176 h176
h185 h185
h189 h189
h191 h191
h192 h192
h193 h193
h195 h195
h199 h199
