node139 node24 node154 node61 node102 node48 node195 node187 node114 node191 node159 node191 node158 node180 node198 node124 node192 node27 node22 node40 node73 node140 node143 node123 node125 node33 node146 node150 node182 node96 node8 node52 node128 node1 node57 node51 node89 node107 node126 node65 node141 node185 node193 node86 node49 node71 node172 node47 node16 node200 node35 node127 node37 node80 node20 node112 node162 node178 node109 node129 node55 node98 node186 node169 node131 node190 node99 node134 node85 node173 node36 node50 node30 node100 node38 node94 node82 node117 node95 node130 node181 node160 node155 node152 node92 node139
75
node195 node195 node3 node59
node96 node60 node96
node8 node8
node178 node178
node114 node114
node125 node125
node98 node119 node98
node117 node184 node117
node192 node192
node20 node53 node20
node107 node107
node40 node5
node50 node50
node185 node185
node158 node158
node100 node100
node37 node37
node123 node123
node181 node181
node124 node17 node124 node108
node38 node38
node80 node80
node49 node49
node86 node86
node126 node126 node97
node65 node65
node187 node163
node152 node10 node152 node12
node109 node66 node111 node109
node24 node24
node30 node30
node191 node191
node92 node92
node33 node33
node173 node42 node173
node22 node22 node81
node112 node112
node134 node134
node146 node146
node182 node182 node56
node95 node19
node129 node129
node154 node154
node159 node159
node47 node47
node200 node200
node48 node48
node36 node165
node73 node26 node188 node73
node85 node85 node18
node172 node149
node61 node61
node130 node130 node84
node186 node186
node71 node41 node71
node27 node27
node180 node167 node180
node16 node16
node143 node143
node162 node162
node102 node102
node1 node1
node155 node157
node94 node94
node190 node190
node55 node55
node51 node51
node141 node141
node160 node160
node193 node72
node57 node57
node52 node52
node198 node54
node128 node116
node169 node169
