node0 node93 node6 node82 node70 node8 node97 node31 node89 node7 node94 node52 node50 node74 node92 node46 node90 node75 node86 node72 node60 node96 node56 node51 node78 node61 node34 node66 node67 node28 node62 node84 node1 node71 node20 node98 node25 node63 node58 node99 node5 node69 node85 node68 node73 node81 node87 node76 node4 node57 node88 node83 node59 node0
43
node50 node50
node51 node51
node52 node52
node78 node53 node78
node28 node54
node6 node55 node79
node56 node56
node57 node57
node58 node58
node59 node59
node60 node60
node61 node61
node62 node62
node63 node63
node5 node64 node65
node66 node66
node67 node67
node68 node68
node69 node69
node70 node70
node71 node71
node72 node72
node73 node73 node77
node74 node74 node91 node95
node75 node75
node76 node76
node83 node80 node83
node81 node81
node82 node82
node84 node84
node85 node85
node86 node86
node87 node87
node88 node88
node89 node89
node90 node90
node92 node92
node93 node93
node94 node94
node96 node96
node97 node97
node98 node98
node99 node99
