Milton Kiruna Zvezdnyy Bonao Aizawl Barddhaman Hengshui Tunapuna Luga Kasaali Jerusalem Martin Bam Wallington Cochrane San Karur Kitamilo Arras Chicopee Harahan Kanoya Kelang Mauldin Esmeraldas Eydhafushi Marsaskala Zicheng Sofia Cairo Quime Nusaybin Boosaaso Salsk Plainfield Moanda Kerma Hayden Trang Ashtabula Tabriz Dunhuang Managua Zadar Heath Kirovohrad Pasadena Shamva Berkley Helotes Madrid Winona Plast Cooma Chancay Multan Dalby Pakalongan Socorro Agago Carnikava Makinsk Morondava Littlestown Yevlax Tallaght Toktogul Zumpango Totness Pleasantville Clawson Piran Jambi Jizan Skiatook Chicago Burylbaytal Sari Siquijor Barabinsk Lodja Tabuk Keene Rumuruti Nguigmi Ipatinga Devine Campana Scottsdale Elburn Samux Jeonju Koboko Crawfordsville Moorhead Esik Joliet Shu Kimba Ihosy Milton
100
Kasaali Kasaali
Wallington Wallington
Lodja Lodja
Skiatook Skiatook
Martin Martin
Luga Luga
Winona Winona
Esik Esik
Tunapuna Tunapuna
Dunhuang Dunhuang
Littlestown Littlestown
Marsaskala Marsaskala
Moorhead Moorhead
Burylbaytal Burylbaytal
Cooma Cooma
Kanoya Kanoya
Siquijor Siquijor
Nguigmi Nguigmi
Barabinsk Barabinsk
Sari Sari
Zadar Zadar
Nusaybin Nusaybin
Piran Piran
Salsk Salsk
Quime Quime
Boosaaso Boosaaso
Rumuruti Rumuruti
Managua Managua
Elburn Elburn
Harahan Harahan
Hengshui Hengshui
Hayden Hayden
Cochrane Cochrane
Plainfield Plainfield
Ipatinga Ipatinga
Toktogul Toktogul
Devine Devine
Arras Arras
Ashtabula Ashtabula
Samux Samux
Zvezdnyy Zvezdnyy
Ihosy Ihosy
Chicopee Chicopee
Shu Shu
Crawfordsville Crawfordsville
Jerusalem Jerusalem
Chancay Chancay
Cairo Cairo
Jeonju Jeonju
Campana Campana
Agago Agago
Kirovohrad Kirovohrad
Totness Totness
Kiruna Kiruna
Yevlax Yevlax
Heath Heath
Karur Karur
Tallaght Tallaght
Keene Keene
Tabriz Tabriz
Clawson Clawson
Koboko Koboko
Joliet Joliet
Berkley Berkley
Zumpango Zumpango
Morondava Morondava
San San
Kerma Kerma
Tabuk Tabuk
Multan Multan
Eydhafushi Eydhafushi
Zicheng Zicheng
Jambi Jambi
Kimba Kimba
Kitamilo Kitamilo
Madrid Madrid
Shamva Shamva
Trang Trang
Bonao Bonao
Scottsdale Scottsdale
Aizawl Aizawl
Socorro Socorro
Barddhaman Barddhaman
Sofia Sofia
Chicago Chicago
Carnikava Carnikava
Esmeraldas Esmeraldas
Pasadena Pasadena
Kelang Kelang
Moanda Moanda
Milton Milton
Mauldin Mauldin
Helotes Helotes
Bam Bam
Jizan Jizan
Pleasantville Pleasantville
Plast Plast
Pakalongan Pakalongan
Makinsk Makinsk
Dalby Dalby
