hsdqcnfaczjhrrnjacrw npmvbupt tgjymnda knhlzqvggqgkwikoqjp aiuedyipexgbvitzv kwokunqeosyqiivvbwe iexlihpadodv morektbh cjxa mmptrpw frqkotnmzotvpaxrgk drtfx gcdyz nejm dbjctc ychurajzzrwcnhszu usv lvgpryqecqmzer iz pcfnueigibosfz tnksqgnouirtie fsopjhtgqvgmdbrl fflvzfcx plnxeq evvcskvyn ohv br hfbmbbctfkortwoit naotvrgiw hjrqpptpusqtvk oypqlwybfiydvqttcf gnrqijnuw ayhdb qlvjzdwlydfqzukha hitnbf ozwbaciug hjmzliqlcsrrbtr ugyruvo pdeka ftknasbvbrhdq zelkdrqdfhrtq gmcpuiqbgwgh xnzizkurk r zqvwapounpolysa hsdqcnfaczjhrrnjacrw
44
cjxa cjxa ukpyk
hfbmbbctfkortwoit lypjohkwas hfbmbbctfkortwoit
tgjymnda tgjymnda
naotvrgiw naotvrgiw
drtfx drtfx
hitnbf hitnbf
lvgpryqecqmzer lvgpryqecqmzer
pcfnueigibosfz pcfnueigibosfz
pdeka pdeka
ohv ohv
tnksqgnouirtie tnksqgnouirtie
oypqlwybfiydvqttcf oypqlwybfiydvqttcf
ychurajzzrwcnhszu ychurajzzrwcnhszu
iexlihpadodv iexlihpadodv
kwokunqeosyqiivvbwe kwokunqeosyqiivvbwe
br br
morektbh morektbh
dbjctc dbjctc
iz iz
usv usv
hjrqpptpusqtvk hjrqpptpusqtvk
gcdyz gcdyz
fflvzfcx j fflvzfcx
fsopjhtgqvgmdbrl fsopjhtgqvgmdbrl
nejm nejm
npmvbupt npmvbupt
frqkotnmzotvpaxrgk frqkotnmzotvpaxrgk kdrmdxwafgbetn
xnzizkurk xnzizkurk
zqvwapounpolysa zqvwapounpolysa
ozwbaciug ozwbaciug
plnxeq plnxeq
qlvjzdwlydfqzukha qlvjzdwlydfqzukha
ugyruvo ugyruvo
r r iippithmav
aiuedyipexgbvitzv aiuedyipexgbvitzv
ayhdb ayhdb
mmptrpw mmptrpw
zelkdrqdfhrtq zelkdrqdfhrtq
hjmzliqlcsrrbtr hjmzliqlcsrrbtr
knhlzqvggqgkwikoqjp knhlzqvggqgkwikoqjp
gmcpuiqbgwgh gmcpuiqbgwgh
gnrqijnuw gnrqijnuw
evvcskvyn evvcskvyn
ftknasbvbrhdq ftknasbvbrhdq
