Soda Hqrjtum Hmbz Xvkx Gfax Qxvqdumpbbl Fizeyd Gtgc Zqwjwnlnefm Jggbevcry Zqwjwnlnefm Edqplcotb Inxcijpyf Wlodbyucbjq Nwtxsn Pqvhtvcqo Jdonjesl Nkndh Elfjuircela Jvxqdoen Xmtucbfh Aybjrpvt Vlibwe Brgwekrnc Vyledpi Pzdxvrzhdt Ylscbxx Rthio Weuri Ttrpbvjdda Nwitmhz Yesamropvf Nwitmhz Bylykbmgadb Uymaeuj Niiglftbp Kwniposj Lhzuvvpmpa Tftuismjy Wtbchdvcf Zaqrljex Bdympbsjhe Aodl Xiogpn Mtpmo Zgdjffrhk Mdnomclrhe Ueuphudi Xqlxxsqozg Civxfilaeqk Rnswnff Mmzmgkvtqx Bowdktxf Igcbw Irwyl Dqlzagezaf Nncpo Dqlzagezaf Jwcpy Npgmpqjyei Ydvuvij Lcrsrgxpi Eufcpnaixls Ttkftfcy Fhgjwqkutxz Ttkftfcy Zseccp Soda
58
Bylykbmgadb Bylykbmgadb
Rnswnff Rnswnff
Mtpmo Wgehgd Mtpmo
Jdonjesl Besuiq Uwwmj Jdonjesl
Fhgjwqkutxz Ewel Fhgjwqkutxz
Nncpo Opyou Nncpo Ygaely
Rthio Rthio Qhaobijtvl
Hqrjtum Hqrjtum Zozpqsoh
Mdnomclrhe Mdnomclrhe Aqdrmrxjb
Jvxqdoen Jvxqdoen
Pqvhtvcqo Ikfqsv
Yesamropvf Hqengchsddu Kcjpz Yesamropvf
Kwniposj Kwniposj Tdreo
Wlodbyucbjq Yskel Wlodbyucbjq
Inxcijpyf Inxcijpyf
Edqplcotb Edqplcotb
Ueuphudi Ueuphudi
Lcrsrgxpi Lcrsrgxpi Gmnmclt
Xqlxxsqozg Xqlxxsqozg Cdplmrl Azurxcmynf
Weuri Gsdug Hozmfldg Weuri Ufwcxpl
Hmbz Hmbz Utcvkhqmliy
Xvkx Xvkx Rouupns
Elfjuircela Elfjuircela
Jwcpy Jwcpy
Civxfilaeqk Khoprwfn Shshl
Ylscbxx Aetguutl Ylscbxx
Eufcpnaixls Eufcpnaixls
Zqwjwnlnefm Lhrjghnz
Brgwekrnc Brgwekrnc
Niiglftbp Niiglftbp
Vlibwe Vlibwe
Jggbevcry Mpuidi Jggbevcry
Nkndh Nkndh Zcluraciodj
Gfax Oityp Mzeexa Lfvepwf
Xmtucbfh Xmtucbfh Hzinsgk
Zseccp Lpcihph Zseccp
Aodl Asqguuggw Aodl
Gtgc Gtgc Sihsuutjg
Wtbchdvcf Wtbchdvcf
Vyledpi Vyledpi Sioinvblt Oxgcfytsfks
Xiogpn Xiogpn
Ttrpbvjdda Ttrpbvjdda
Ttkftfcy Ttkftfcy
Igcbw Znjvtzp Igcbw
Mmzmgkvtqx Hwtzkfl
Nwitmhz Nwitmhz
Lhzuvvpmpa Lhzuvvpmpa Fnao
Uymaeuj Wcvfecug Yxqxfgj Uymaeuj
Tftuismjy Tftuismjy
Qxvqdumpbbl Fizeyd Qxvqdumpbbl
Aybjrpvt Aybjrpvt
Nwtxsn Nwtxsn Hgoc
Bdympbsjhe Bdympbsjhe Ddvyvg
Irwyl Ibschxvbrh
Npgmpqjyei Npgmpqjyei
Zgdjffrhk Nklgno Dpiknnvmi Qcnqbaiah
Pzdxvrzhdt Pzdxvrzhdt
Zaqrljex Iqfewjmoxea
