0 173 58 46 149 130 181 152 42 123 144 29 40 52 118 27 15 32 153 131 145 50 6 160 197 90 188 3 97 108 57 55 102 20 124 106 98 154 80 8 125 61 92 12 45 156 104 199 88 23 13 164 34 24 21 33 179 86 35 134 0
57
55 140 55
181 181
50 50
33 33
52 52
156 156
118 118
199 199
90 90
152 152
15 15
134 134
153 153
46 46
106 106
12 12
125 125
21 53 21
131 131
45 45
97 97 93
144 144
32 32
6 6
61 61
27 27
104 104
3 3
173 173
98 98
92 92
88 88
24 24
23 23
80 80
29 29
164 164
108 108
35 35
154 154
8 8
13 13
40 40
86 86
179 179
102 102
130 130
34 34
160 160
197 197
145 145
124 124
149 149
188 188
42 42
58 58
57 57
