144 47 11 158 28 19 120 9 49 64 142 131 76 147 159 70 74 157 108 24 156 130 85 104 67 170 174 83 66 122 165 89 90 169 14 86 126 21 78 44 114 112 88 132 16 62 13 188 175 39 75 8 139 152 128 7 99 95 119 187 51 5 141 18 133 144
60
122 3 122
7 7
8 8
11 11
13 13
14 14
16 16
18 18
19 19
21 21
24 24
28 28
39 39
131 42 87 131
108 43 108
44 44
47 47
49 49
51 51
83 53 83
62 62
64 64 136
66 66
67 67
70 70 183
74 74 124
75 75
76 76
78 78
139 79
88 88
90 90 107
152 92 152
128 93 128
95 95
99 99
104 104
86 106
114 110 114
112 112
119 119
120 120
126 126
9 127
130 130
132 132
133 133
141 141
142 142
147 147
156 156
157 157
158 158
159 159
165 165
169 169
170 170
174 174
187 187
188 188
