ffffff uu a dddd jjjj eeeee f bbbbbb ggggggg qqqqqq aaa x o uuu nnn tt mmmm kkkk eeeeee m qq cccccc pppp gggg jjj hh ppppp hhh s wwwww vvv llllllll llllll b uuuuuu vvvvv iiiiiii lllllll k vvvvvv pppppppp aa eeeeeee p rr wwww xxxx zz oooooooo nnnnnnn lll hhhh ccccccc rrrrrr e aaaaaaaa kkkkkk bbbbbbbb mmmmmmmm qqq yy sss yyyyyyy oooooo sssssss jjjjjj zzz ttttt ssssss mm eeee ffff tttt wwwwww ee hhhhhhh gggggggg q zzzzz dd cccc d bbbbbbb sssss ttttttt fffff nnnnnn rrrrr ggggg qqqqqqq xxxxx aaaa ll uuuuuuu ffffff
91
ffffff ffffff
hhh iiiiiiii hhh
pppppppp pppppppp
b b
x x
ppppp ppppp
mmmmmmmm mmmmmmmm
ttttttt ttttttt
xxxx xxxx
mm mm
gggg ssss gggg
o o
ffff ffff
k k
xxxxx xxxxx
jjj jjj cc
zzz zzz
q q
eeeeeee eeeeeee
uuu uuu
yy yy
ll ll
tttt tttt
gggggggg gggggggg
bbbbbb bbbbbb
ccccccc ccccccc xxxxxxx
aaaaaaaa aaaaaaaa
wwww wwww
oooooooo oooooooo
dd j dd
eeeeee eeeeee
uuuuuu uuuuuu
cccc cccc
d d
aaaa aaaa ii
llllll llllll
wwwww wwwww ooooo
bbbbbbbb bbbbbbbb
ee ee
nnn nnn
ggggg ggggg
rr rr
zzzzz zzzzz
kkkk kkkk
a a
lll lll
llllllll llllllll
sssssss sssssss
eeee eeee
iiiiiii iiiiiii
tt xxx tt
zz aaaaaa
uuuuuuu uuuuuuu
rrrrr rrrrr
hhhhhhh hhhhhhh
uu uu
bbbbbbb bbbbbbb
f kkkkkkkk tttttt
ttttt ttttt
qqq qqq
s s
kkkkkk kkkkkk
aaa aaa
vvvvvv vvvvvv
fffff fffff
rrrrrr rrrrrr
wwwwww wwwwww
sssss sssss
qq qq
ssssss ssssss
jjjj jjjj
mmmm mmmm
ggggggg ggggggg
vvvvv vvvvv
hhhh hhhh
oooooo oooooo
jjjjjj jjjjjj
eeeee eeeee
yyyyyyy yyyyyyy
qqqqqqq ffffffff
dddd dddd
e e
aa aa
sss sss
pppp pppp
lllllll lllllll
qqqqqq qqqqqq
nnnnnn nnnnnn
m m
vvv vvv
cccccc cccccc
