AlbertFredHaines JoannCharlieWilkinso DianeElisePickett JudyPearlineKaminski MaryJamesDavila DeniseBrunoWilliam KellyJohnnaOles JennieDeniseMathews JoStephenMay HowardKennethCollins PeterJosephBarbee DorisJeffreyBinger BernicePennyRiddick DwainJoeFeldman MistyRobertKing JannaDavidCarranza CassandraJaniceGlove DenaJewellDavis GeorgeWilliamJackson FerdinandLukeJackson RolandGregoryWatson GlennaMichaelBorden IsaacGregGargano KevinThomasHiggins CherylMaryMorgan TravisMichelleMeller JackieSharonScherrer PerryJamesBennett JuliaMarySmith BrettDominickSonnier MarkDianeDuchon ElmerDemetriusLark ThomasEssieEwing JessicaChristopherHa EdwardDennisStewart JosephAmandaMullen LawrenceBarryHadden CynthiaConnieWright BradleyDeborahSaball LynnKennethChavez JohnRichardSmith JudeJanetHarcourt KathleenJoseClark CraigJohnLard RobinStephenWebster MarciaWalterKirschma EricTinaPerea ZacharyWarrenKarth TommyAmandaMartin KevinCharlesEvans MarthaJackRobinson DebraJaneFitzgerald StormyOllieYork JamesJordanZamora EricJamesJuckett RonaldEdnaArant HeidiMayJohnson ClaudeBobbyBaker MarkAngelaMccloud KathleenSherryDay EdwardErnestSinger StephenWilliamCoffma AnnDeannaLarzazs WadeSonnyMcbride ManuelaJoseBailey LillianJuanAncona RickyJamesBrumfield JohnBrendaFuller WilliamDavidGray GeorgeHenryVillar MichaelMarkHolloway EricTammyScott DeeAmandaBartley StevenNeilNguyen SandraHarryStewart RosaPatrickYankey GaryCharlesHudson JimmyFlorTasson MichaelElizabethWeav JeremyJamesChavez AlbertFredHaines
78
DenaJewellDavis DenaJewellDavis
KevinThomasHiggins KevinThomasHiggins
TommyAmandaMartin TommyAmandaMartin
CassandraJaniceGlove CassandraJaniceGlove
GlennaMichaelBorden GlennaMichaelBorden
CynthiaConnieWright CynthiaConnieWright
DwainJoeFeldman DwainJoeFeldman
RickyJamesBrumfield RickyJamesBrumfield
TravisMichelleMeller TravisMichelleMeller
MichaelElizabethWeav MichaelElizabethWeav
MarkAngelaMccloud MarkAngelaMccloud
ElmerDemetriusLark ElmerDemetriusLark
JosephAmandaMullen JosephAmandaMullen
BernicePennyRiddick BernicePennyRiddick
JudyPearlineKaminski JudyPearlineKaminski
GeorgeHenryVillar GeorgeHenryVillar
ThomasEssieEwing ThomasEssieEwing
DeeAmandaBartley DeeAmandaBartley
MistyRobertKing MistyRobertKing
MarthaJackRobinson MarthaJackRobinson
MarkDianeDuchon MarkDianeDuchon
FerdinandLukeJackson FerdinandLukeJackson
JimmyFlorTasson JimmyFlorTasson
GaryCharlesHudson GaryCharlesHudson
JohnRichardSmith JohnRichardSmith
JackieSharonScherrer JackieSharonScherrer
LawrenceBarryHadden LawrenceBarryHadden
SandraHarryStewart SandraHarryStewart
GeorgeWilliamJackson GeorgeWilliamJackson
CherylMaryMorgan CherylMaryMorgan
ZacharyWarrenKarth ZacharyWarrenKarth
KathleenJoseClark KathleenJoseClark
EdwardErnestSinger EdwardErnestSinger
JannaDavidCarranza JannaDavidCarranza
JudeJanetHarcourt JudeJanetHarcourt
EricTammyScott EricTammyScott
BradleyDeborahSaball BradleyDeborahSaball
EricTinaPerea EricTinaPerea
RolandGregoryWatson RolandGregoryWatson
RosaPatrickYankey RosaPatrickYankey
BrettDominickSonnier BrettDominickSonnier
WilliamDavidGray WilliamDavidGray
JamesJordanZamora JamesJordanZamora
LynnKennethChavez LynnKennethChavez
DeniseBrunoWilliam DeniseBrunoWilliam
MarciaWalterKirschma MarciaWalterKirschma
KathleenSherryDay KathleenSherryDay
HowardKennethCollins HowardKennethCollins
JoStephenMay JoStephenMay
DianeElisePickett DianeElisePickett
DebraJaneFitzgerald DebraJaneFitzgerald
LillianJuanAncona LillianJuanAncona
EricJamesJuckett EricJamesJuckett
ClaudeBobbyBaker ClaudeBobbyBaker
KellyJohnnaOles KellyJohnnaOles
StephenWilliamCoffma StephenWilliamCoffma
IsaacGregGargano IsaacGregGargano
CraigJohnLard CraigJohnLard
JeremyJamesChavez JeremyJamesChavez
PerryJamesBennett PerryJamesBennett
ManuelaJoseBailey ManuelaJoseBailey
RonaldEdnaArant RonaldEdnaArant
JohnBrendaFuller JohnBrendaFuller
PeterJosephBarbee PeterJosephBarbee
MaryJamesDavila MaryJamesDavila
StormyOllieYork StormyOllieYork
HeidiMayJohnson HeidiMayJohnson
AlbertFredHaines AlbertFredHaines
DorisJeffreyBinger DorisJeffreyBinger
WadeSonnyMcbride WadeSonnyMcbride
JessicaChristopherHa JessicaChristopherHa
EdwardDennisStewart EdwardDennisStewart
KevinCharlesEvans KevinCharlesEvans
RobinStephenWebster RobinStephenWebster
AnnDeannaLarzazs AnnDeannaLarzazs
StevenNeilNguyen StevenNeilNguyen
MichaelMarkHolloway MichaelMarkHolloway
JoannCharlieWilkinso JoannCharlieWilkinso
