dweidxeutk xdhiumwdwn klbefaxnzg jiowqcrqpz uqhdcumthr sjcwiapdwb drtcvphibq gmvwahagsy htfyksgccp akzsqllzsv ffisecgfqt kgpqjqjrhc rlgdknlxmz afkxpktsxw efgyvzmusc wiwpekzeuz naqyljkxxq auonnlthcz vteisghgld rulcikswsa hlimwiksjd lgpbgvlzpo taoimnqdrr sxayjmxdia siwbsyuwap vtquakjujf gkbqwvqnfu gqwhfeepal wqeazvzkdf pjsmzvnekz fxejnitkot dldiwncohw rzqbegeoni hcvrravrik nimybvgttg gvxfzzmwzk cwexpxaktw ivgiotlrrr ratnlmbmpr vpghbvlzxd xwsnmxufqy ienasnqnvt cpdpvshtof toeqvvzlae cxrfqntbtm gpbaqafhdz irtbznwvcu zbgxyjmdnm wfybmclpmp dllzvxpcgk cavyunvwuk kjgjbkdckc sjqdgtugly bxdnijtmyn itouxsyevo ulneltboej fxpsowceqq qjjslhkvnr rqchbdjiqp xtugynuehn nqdbgeypdu ouzfljsksj mhohxeqbjo tdtlnqnprm arrkheyths dfgysrnikx okcwuqslme dlfzngcmgq depihfdmjk rwobvahhfa wlzaatlgns cowtuqqsll wwmcjuetgz bqrcwxsyuw cnbqxrvlvl fwwnyjpwnp pgiiochubt kufcwxmspu zdiibealli xdmzjapanj tehmqpfdnn ltjqdpdqwv dzzxropcld tofdobbbjt bcwzxsuutq ctnsbezpjg fuhtgylsov dweidxeutk
84
xdhiumwdwn xdhiumwdwn
gkbqwvqnfu gkbqwvqnfu nmshjtpxad
fwwnyjpwnp fwwnyjpwnp
efgyvzmusc efgyvzmusc
ffisecgfqt cmelcyxenw
ouzfljsksj ouzfljsksj
fxpsowceqq fxpsowceqq
gqwhfeepal gqwhfeepal
wqeazvzkdf wqeazvzkdf
xwsnmxufqy xwsnmxufqy
dzzxropcld dzzxropcld
akzsqllzsv akzsqllzsv
sjqdgtugly sjqdgtugly
vtquakjujf vtquakjujf
cowtuqqsll cowtuqqsll
rzqbegeoni rzqbegeoni
cnbqxrvlvl cnbqxrvlvl rqmdukqpbg
wlzaatlgns tzpaywhybw wlzaatlgns
xtugynuehn xtugynuehn
irtbznwvcu irtbznwvcu
drtcvphibq drtcvphibq iqbyvqgkcp
ivgiotlrrr ivgiotlrrr
afkxpktsxw elifcmozpf mnmjklgmnp afkxpktsxw
siwbsyuwap siwbsyuwap
auonnlthcz auonnlthcz
depihfdmjk depihfdmjk
tofdobbbjt tofdobbbjt
ctnsbezpjg ctnsbezpjg
dweidxeutk audojmtlep dweidxeutk
tehmqpfdnn tehmqpfdnn
cwexpxaktw cwexpxaktw
wiwpekzeuz wiwpekzeuz
wfybmclpmp wfybmclpmp
ienasnqnvt ienasnqnvt
arrkheyths arrkheyths
wwmcjuetgz wwmcjuetgz
cxrfqntbtm cxrfqntbtm
gpbaqafhdz gpbaqafhdz
ltjqdpdqwv gyjkhdbyvm
dfgysrnikx dfgysrnikx
okcwuqslme okcwuqslme
hcvrravrik hcvrravrik
taoimnqdrr taoimnqdrr
bqrcwxsyuw lvqqznnzyn bqrcwxsyuw
kjgjbkdckc hpqsgalvar kjgjbkdckc
htfyksgccp vqlbufoinm
pgiiochubt hjvmodgwdg pgiiochubt
gvxfzzmwzk gvxfzzmwzk
fxejnitkot fxejnitkot
fuhtgylsov fuhtgylsov
bcwzxsuutq aihlvhrjir bcwzxsuutq
klbefaxnzg klbefaxnzg
kgpqjqjrhc kgpqjqjrhc
vpghbvlzxd vpghbvlzxd
dlfzngcmgq dlfzngcmgq
zbgxyjmdnm zbgxyjmdnm
naqyljkxxq naqyljkxxq
cpdpvshtof cpdpvshtof
tdtlnqnprm tdtlnqnprm
toeqvvzlae toeqvvzlae
zdiibealli zdiibealli
rulcikswsa rulcikswsa
rwobvahhfa rwobvahhfa
xdmzjapanj pphebmysxy xdmzjapanj
qjjslhkvnr qjjslhkvnr
dldiwncohw dldiwncohw
itouxsyevo itouxsyevo
rqchbdjiqp rqchbdjiqp
jiowqcrqpz jiowqcrqpz
mhohxeqbjo lzsvglcvqa
hlimwiksjd hlimwiksjd
lgpbgvlzpo lgpbgvlzpo
cavyunvwuk cavyunvwuk
ulneltboej ulneltboej
rlgdknlxmz rlgdknlxmz
nimybvgttg nimybvgttg
uqhdcumthr uqhdcumthr
kufcwxmspu kufcwxmspu
gmvwahagsy gmvwahagsy
sjcwiapdwb sjcwiapdwb
vteisghgld vteisghgld
pjsmzvnekz ftrqchqaif
bxdnijtmyn bxdnijtmyn
dllzvxpcgk dllzvxpcgk
