Egsmith Barnton Wychbourne Sudtree Wenwold Stainby Brackbrough Ashbourne Sudwich Nortley Wetwick Wychsmith Farnsmith Ashdown Shaftbage Cookford Chelmbeck Wychbeck Staplake Penborne Shaftbridge Burfield Wychnell Egtree Shaftsted Whithall Whittree Alfchester Wenside Waltditch Egsmith
26
Staplake Staplake
Ashbourne Stapbeck Ashbourne
Wychnell Wychnell
Stainby Stainby
Wenside Wenside Burbourne
Wenwold Wenwold
Wychbourne Wychbourne Egavon
Nortley Stainbrough Nortley
Wetwick Wetwick
Farnsmith Farnsmith
Cookford Cookford
Wychsmith Wychsmith Chelmwang
Shaftbridge Shaftbridge
Sudtree Flitgrove Leathermere Sudtree
Alfchester Alfchester
Burfield Wywick
Shaftbage Edgey Shaftbage
Ashdown Ashdown
Brackbrough Wenbeck Brackbrough
Waltditch Waltditch
Chelmbeck Chelmbeck
Penborne Penborne
Egtree Chelmden Egtree
Sudwich Pemlow
Wychbeck Wychbeck
Barnton Barnton
