qtq uxr zgf npu wuc pjx ifc rcs wuf vsu wpq rwt ahv krg kza qfc qbe pug fgo xax ooi nxr ynq ptq vlt unf nhk orc hpb zqn fib cxu qoe nkx egz gak qjm bwq qyi spp lfh cpw qlo qls mmf ase vaf zbn lbs jxq itg jxq lbs hhe rxi cer tmc udq unk dkn qbj thz txk rod jta htv wpo tro viv nhr fne hxp brk ooc yiz ili bsz iuz ukh hxo tvy qnn uca llr lah sfp blo thd ahy xdz qtq
76
pjx pta pjx
xdz xdz
hhe hhe
htv htv eqm
itg itg
xax xax
nhk nhk
qtq qtq wju
hpb hpb
ptq ptq
ase ase
krg krg uoz
fib gup
ifc ifc fsl plx
unk pxs
qbe qbe
thd jno thd
kza kza
orc pkx orc
qnn qnn
nkx nkx
dkn dkn
wuc wuc
sfp sfp
cpw cpw
ooi ooi
zgf zgf cnv
uxr uxr
udq pwa udq
egz vub bai egz lxt cjp
ynq ynq
tmc tmc
jta jta
ooc idl ooc
fgo fgo
zbn zbn
bsz bsz
hxo hxo
qjm qjm
tro tro tmd
lah lah xos
qbj rut mnv qbj
iuz nfy iuz tnl
uca uca
npu npu
vlt vlt
vaf vaf
hxp hxp
fne wiq
nhr nhr slq
qfc qfc
rxi rxi
wuf wuf
ili ili
bwq lnv
blo uwp zgs rju
txk txk
yiz yiz
wpo mbx
cxu cxu
gak gak
zqn zqn
lfh lfh
thz thz
ukh ukh
viv viv
qlo qlo
wpq wpq
rwt rwt
brk brk
ahv ahv
qls qls
rod rod
vsu vsu
ahy ahy
spp spp
