Warfield Chilbury Brackcompwang Chelmstanwell Hammerringey Skelling Suddleborne Cammerrensmoor Wyborne Cambingstoke Suddlecombe Ashfield Millendon Chedtree Burglebrough Sudsmith Burglebrough Elcompbridge Southbasport Fulbourne Stainbrough Ciditch Chedderrenswich Cannerthorne Tipwick Ashborne Hannenmanswick Hamsling Soddlewick Falport Pendlewood Horstlescompstoke Skellingden Barndberbrough Worhall Dribbingworth Leatherbleside Ketsmith Pendingbrook Ketsmith Warfield
37
Stainbrough Worberbrook Stainbrough
Falport Botherseyworth Cicombe Falport
Wyborne Wyborne
Pendlewood Pendlewood
Cambingstoke Cambingstoke
Suddlecombe Basringney Suddlecombe Chippingsted Ellingreham
Ashfield Ashfield Ketport
Dribbingworth Dribbingworth Bastleseyham
Hammerringey Hammerringey
Skelling Skelling
Ashborne Ashborne
Chedtree Chedtree Siringwang Suddleover
Tipwick Tipwick
Cannerthorne Todtree
Cammerrensmoor Cammerrensmoor
Chelmstanwell Chelmstanwell
Warfield Warfield
Pendingbrook Pendingbrook Suddlecastle
Burglebrough Burglebrough
Leatherbleside Leatherbleside
Chedderrenswich Chedderrenswich
Brackcompwang Brackcompwang
Worhall Worhall
Soddlewick Soddlewick
Skellingden Skellingden
Barndberbrough Barndberbrough
Southbasport Southbasport
Millendon Windling Millendon
Chilbury Chilbury
Horstlescompstoke Horstlescompstoke
Ketsmith Whitchester
Sudsmith Sudsmith Elmansham
Hamsling Hamsling
Ciditch Northall
Suddleborne Suddleborne
Hannenmanswick Hannenmanswick
Elcompbridge Chiphead
