Plano SantaClara Irving Pasadena Sunnyvale Norman MorenoValley SanFrancisco Warren Beaumont Atlanta Cleveland Denver Hayward BatonRouge Montgomery Memphis Mesa OWO Chesapeake Wichita Waco Ontario Omaha Lincoln Seattle Huntsville Lafayette JerseyCity Anaheim Elizabeth Lancaster LosAngeles Akron Escondido Hollywood Glasses Stamford Allentown FortCollins SantaRosa Laredo Tampa Arlington Portland GrandPrairie McAllen Yonkers Raleigh FortWorth Denton Chicago LexingtonFa Tulsa LouisvilleJefferson Reno Norfolk FortLauderdale AnnArbor StLouis Frisco GardenGrove Salinas Davidson NewHaven SanAntonio Houston ChulaVista Spokane CorpusChristi SantaClarita Fremont Madison SanBernardino Knoxville Brownsville Corona Surprise NewOrleans Worcester StPetersburg Dallas Hartford Mobile HuntingtonBeach AugustaRichmond Fullerton Irvine Olathe Cincinnati Tallahassee Hampton Miami LasVegas Cary Riverside Rockford Plano
82
SanFrancisco SanFrancisco
SantaClara SantaClara
Memphis Charleston Memphis
FortCollins FortCollins SiouxFalls
Cincinnati Cincinnati
Worcester Mesquite Worcester
Stamford Stamford
Hollywood Hollywood
Riverside Riverside
Omaha Omaha Garland
GardenGrove GardenGrove
Beaumont Beaumont Vancouver
Anaheim Anaheim
Brownsville Brownsville
StLouis StLouis
Glasses SanJose Glasses
Raleigh Glendale Raleigh
Elizabeth Elizabeth
Allentown Killeen Allentown
McAllen McAllen
LasVegas LasVegas Vallejo
Ontario Ontario
Davidson Davidson
Norman Norman
Montgomery Montgomery
Mesa Mesa
SantaRosa SantaRosa
AnnArbor AnnArbor
Lancaster Lancaster Torrance
Hartford Hartford
Escondido Escondido
Salinas Salinas
Tampa Tampa ThousandOaks
Dallas Dallas
Hampton Hampton
Rockford Rockford
Portland Portland
Warren Warren
Wichita Wichita
Irvine LittleRock Irvine
SanBernardino SanBernardino
Lincoln Lincoln
Surprise Surprise Greensboro
Norfolk Norfolk
Houston Houston
Fremont Fremont
SanAntonio SanAntonio
OWO OWO
Frisco Anchorage Thornton
Chicago Chicago
Atlanta Atlanta Oxnard
Cary Cary OklahomaCity
MorenoValley MorenoValley
Irving Irving
LouisvilleJefferson LouisvilleJefferson
Madison Madison
Hayward Hayward
Miami Miami
Knoxville Knoxville
Denton Denton
Pasadena Pasadena
JerseyCity JerseyCity Pikachu
AugustaRichmond AugustaRichmond
Denver Denver
Sunnyvale Sunnyvale
HuntingtonBeach SimiValley HuntingtonBeach
FortLauderdale FortLauderdale
Laredo Laredo
SantaClarita SantaClarita
Olathe Olathe
Corona Corona
Tulsa Tulsa
NewOrleans NewOrleans
Lafayette Lafayette
Huntsville Huntsville
Spokane Pomona
CorpusChristi CorpusChristi
Mobile Mobile
GrandPrairie GrandPrairie
Waco Waco
Akron Akron
NewHaven NewHaven
