0 185 23 143 175 117 14 184 72 17 5 17 94 154 163 1 133 30 59 199 52 78 38 131 38 74 22 145 26 167 44 76 12 164 196 101 37 108 37 8 135 112 135 182 165 141 159 43 87 83 87 190 21 129 47 89 19 157 35 3 27 193 39 2 67 172 88 130 9 103 31 151 24 152 138 11 65 187 28 128 155 107 156 0
71
0 0
1 1
39 2 39 56
3 3
9 4 9
5 5 160
8 8 71
11 11
14 13 14
117 15 115
145 16
17 17 96 137
196 18
108 20 166
21 21
22 22
23 23 153
24 24
26 26 80
27 27
28 28
31 31
76 33
35 35
38 38
165 42
43 43
47 47
182 50 182
164 51 164
52 52
59 59
65 65
185 66
67 67
101 68 101
167 69 167
175 70 173
72 72
74 74
78 78 177
128 81 128
83 83
131 84 93
133 86 133
89 89 98
94 94
112 100 111
30 102 197
103 103
107 107 158
154 114 154 174
190 116 190
12 120
19 125
129 129
130 130
172 134 172
138 138
141 141
143 143
163 146
151 151
152 152
157 157
159 159
88 183
184 184
187 187
193 193
199 199
