vLeODpVlYSBeYNDYoXha uyPyJzKFqWxgSNmpkDrB zxeoSbTqbWPpSzalAtBI MlwlINEFqmyzZNPXRLJF TCAkluAESUWAMGFeNcGN OVoYVQPnlYoZBBKtyuLk CPszTohYUHARNedzFlDK pdXCnKagnvEntNTuPHdK KgnBXuaAkdTHYMUVRKMG fvEcAuRDdfuHEPLNpaTz fHcdXnOxSadpKeCUwNYm CmbFyJmcvVqyCmJgQxeI NciLXNPTvMoXdbTDZmlg gIttwvzcgONwFblnGIqq gzxzakmqbxbsOczuQVLG wRjMmrpRuknxqunJrMAE DqUxIMslnixWfmkjQTmS ajvbaFpYiEBJySPsSLaI LeLGVrNGvkwLbzIWTNFP ASXwCgVTXDdhSXJwFovC FEqXJcVrZfnSsHEUPhnl WCCOEUYmDvzZlrkDAqoi xQaDpDGAXhDYzSMnMWvb TwgqMzgExFHTIfcwfBnr cZgmtoPGHxdozTaDMiyf TwgqMzgExFHTIfcwfBnr AdXveYSBaneNwCQzrdSw QkAjrUUuVdzSMnlfJLcO gMqbbwopmbxmOomqZjfm ZjjqpiSiaWnmxJgUtucv aCucdhmWbhlrgfstQigR BXzACdzjLITNgbmDPlEu UAwuKFcUHFyvaFCTLpOT QQSjCkgLAWAPObYQvNsB jwIBHKkXHTPVsOJwBOsr VhDSPHxolLkNxxDnpUyx mevvwcZLudaokctOWvKe iBYHAWUhqeQPjphQzpdN jzQJaGLLiuQLhhyqBagr iDucfyZGMCbCQbXjbQqM mlipOrSnGcxXtoXBbRyl LOMgYipCQQXQnRqEqRwO vLeODpVlYSBeYNDYoXha
33
VhDSPHxolLkNxxDnpUyx fPxvnMVMFwhJbNBURdgD VhDSPHxolLkNxxDnpUyx PLDOWRIeaCSVLMyDadzC
TwgqMzgExFHTIfcwfBnr TwgqMzgExFHTIfcwfBnr
QQSjCkgLAWAPObYQvNsB cvlwIwajcIlbhZbyFgmq RjKEHTlRvtaVBbyqZVAw QQSjCkgLAWAPObYQvNsB
MlwlINEFqmyzZNPXRLJF tVzUgXVoBYxBMnkkwFmk MlwlINEFqmyzZNPXRLJF
ajvbaFpYiEBJySPsSLaI sBkAYRISjTYinLFSNcKW fToHwimUqLsKcKLZHiUX
cZgmtoPGHxdozTaDMiyf DWWCMAjZQQIEKOIiHFQN cZgmtoPGHxdozTaDMiyf
ASXwCgVTXDdhSXJwFovC ASXwCgVTXDdhSXJwFovC
gzxzakmqbxbsOczuQVLG gzxzakmqbxbsOczuQVLG gEufXNuuWhnlbNYaoQFJ
AdXveYSBaneNwCQzrdSw AdXveYSBaneNwCQzrdSw ruLqpYqEzGGiKysvsarb
DqUxIMslnixWfmkjQTmS DqUxIMslnixWfmkjQTmS TqyFrXuGvuBuqnpYbjKc
aCucdhmWbhlrgfstQigR aCucdhmWbhlrgfstQigR
WCCOEUYmDvzZlrkDAqoi WCCOEUYmDvzZlrkDAqoi
jzQJaGLLiuQLhhyqBagr jzQJaGLLiuQLhhyqBagr
uyPyJzKFqWxgSNmpkDrB uyPyJzKFqWxgSNmpkDrB ybrQlUhznqOhsvndWAbl
fvEcAuRDdfuHEPLNpaTz fvEcAuRDdfuHEPLNpaTz sXfgLMwoysnMazVSWnhc
iBYHAWUhqeQPjphQzpdN iBYHAWUhqeQPjphQzpdN
gMqbbwopmbxmOomqZjfm UgFPXEAdAfcfHGIbNTsq gMqbbwopmbxmOomqZjfm NAHeKyyhAObyyUEUSkSU
wRjMmrpRuknxqunJrMAE iBjjCWwkYToOKfrrLnny
mlipOrSnGcxXtoXBbRyl NVEtShKeuxpaFIOiyVqE mlipOrSnGcxXtoXBbRyl
iDucfyZGMCbCQbXjbQqM iDucfyZGMCbCQbXjbQqM CfkBzkPETvagyIDCsLTD
pdXCnKagnvEntNTuPHdK pdXCnKagnvEntNTuPHdK
OVoYVQPnlYoZBBKtyuLk OVoYVQPnlYoZBBKtyuLk
gIttwvzcgONwFblnGIqq gIttwvzcgONwFblnGIqq
xQaDpDGAXhDYzSMnMWvb xQaDpDGAXhDYzSMnMWvb
jwIBHKkXHTPVsOJwBOsr jwIBHKkXHTPVsOJwBOsr
zxeoSbTqbWPpSzalAtBI dyUDfEGgAoSshTRjMZZg zxeoSbTqbWPpSzalAtBI
CmbFyJmcvVqyCmJgQxeI CmbFyJmcvVqyCmJgQxeI
BXzACdzjLITNgbmDPlEu BXzACdzjLITNgbmDPlEu
fHcdXnOxSadpKeCUwNYm fHcdXnOxSadpKeCUwNYm
QkAjrUUuVdzSMnlfJLcO QkAjrUUuVdzSMnlfJLcO
mevvwcZLudaokctOWvKe FcEsyaTmqpoyvbDrHjlc
NciLXNPTvMoXdbTDZmlg NciLXNPTvMoXdbTDZmlg
CPszTohYUHARNedzFlDK CPszTohYUHARNedzFlDK
