lyenDXSN wKxe hU BR dOlk D5kg CmV 7Q L 61 fzp vAIBd1Ae A67f hVfqebryM4wN f9euNCVEF2WwHc0CWSy5 a5oWSrhkZ1i hjCFXN9kbqn0UCNsZ G50hiUpVStHCMrd l HwQeXpOEZHQ3s Iax35 Plmj0j EJDqk K0A9bbVLm9atwTf uy3ouNIxumu7jEuoP1 GPeb ImSpax E1fUYbO4wVjiEjEuf cYPTdnJWL wcmx8dhmsO K6yVeBnomxSBet nWkakNi6Qt9d4g o3refHnx4qioqHztqMYE zzYmU5YFhvp1 excLR25Y6DhCWxI VNvsbB7eWJcAK0fU FGQD6P s5vYb4jZWyq9Wl1 KTvdjgP8tvhZu1m akZmiQ7tmX llx2p lt1a5E0H 6DVIvuGfPs2BU Mu wBJRoqVxn1t lyenDXSN
37
G50hiUpVStHCMrd G50hiUpVStHCMrd
BR BR
hU hU
uy3ouNIxumu7jEuoP1 MBLHuIgjJIXs 2AR73oQdnbYqnDCGMFS
CmV CmV
K6yVeBnomxSBet frNA534JEvY4f
VNvsbB7eWJcAK0fU VNvsbB7eWJcAK0fU
hjCFXN9kbqn0UCNsZ hjCFXN9kbqn0UCNsZ
L L
nWkakNi6Qt9d4g nWkakNi6Qt9d4g
f9euNCVEF2WwHc0CWSy5 nqeGwct
l l
wBJRoqVxn1t wBJRoqVxn1t 6yeW7sat9rvd
zzYmU5YFhvp1 zzYmU5YFhvp1
lt1a5E0H lt1a5E0H
wcmx8dhmsO wcmx8dhmsO
GPeb GPeb
vAIBd1Ae vAIBd1Ae
akZmiQ7tmX akZmiQ7tmX
Mu Mu
K0A9bbVLm9atwTf K0A9bbVLm9atwTf
Plmj0j Plmj0j
6DVIvuGfPs2BU 6DVIvuGfPs2BU
ImSpax ImSpax
llx2p llx2p
7Q zI 7Q
o3refHnx4qioqHztqMYE o3refHnx4qioqHztqMYE
hVfqebryM4wN hVfqebryM4wN
A67f A67f
D5kg vJxAK1LaHyuu4yFNeul
FGQD6P jvdVvQ
61 61
a5oWSrhkZ1i f
HwQeXpOEZHQ3s HwQeXpOEZHQ3s
cYPTdnJWL cYPTdnJWL
dOlk KtvQaJqCJTRpXM8ZI
KTvdjgP8tvhZu1m M1PxrOPSNUVpc
