2 9 179 49 68 31 181 65 121 45 166 37 81 72 4 177 193 144 149 1 147 153 98 158 77 23 61 103 42 82 42 111 133 154 129 185 25 47 3 21 157 21 85 43 97 135 33 55 195 146 39 95 196 7 151 99 105 123 124 87 175 178 110 115 88 109 75 63 35 27 131 29 161 199 16 11 139 17 2
64
1 1 51
3 3
154 5 155 159
7 7
9 9
11 11
147 13 147
95 15 95
17 17
55 19 55
21 21 83 167
23 23
25 25 173
27 27
29 29
31 31 93
33 33 101
35 35
37 37
39 39
43 41 43
45 45 189
47 47 107
49 49 73
121 53 121
75 57 75
109 59 109
61 61 89
63 63 141
65 65
181 67 91 169 181
135 69 113 135 197
195 71 195
77 77 187
157 79 157
81 81
85 85
87 87
97 97
99 99
103 103 145
105 105
111 111 163
115 115 183
82 117 191
153 119 153
123 123
72 125
4 127
129 129
131 131
133 133 137
139 139
193 143 193
149 149
151 151
161 161
178 165
196 171
175 175
177 177
179 179
185 185
199 199
