0 11 12 13 3 4 15 6 17 28 27 26 36 35 45 55 46 47 56 66 77 87 76 75 85 95 105 115 125 126 137 138 148 158 168 178 167 157 156 155 186 185 184 193 174 173 172 171 162 161 151 132 143 123 112 111 90 91 92 82 73 63 62 52 43 33 31 30 20 0
68
3 3
4 4
6 6
17 8 17
11 11
12 12 22
13 13
15 15 24
28 19 28
20 20
26 26
27 27
30 30 40
31 31
33 33
35 35
36 36
43 43
45 45
46 46
47 47 57 58
52 51 52
55 54 55
56 56
62 62
63 63 64
66 66
73 73
75 75
76 76
77 77
90 80 90
82 82
85 84 85
87 87 89 107
91 91
92 92
95 94 95
105 104 105
111 111
112 112
115 114 115
138 119 138 139
123 123
125 124 135
126 126
132 132
137 137 147
143 143
148 148 149
151 150 151
155 155
156 156
157 157
158 158 159
161 161
162 162
167 167
168 168
171 171 180
172 172
173 173
174 174
185 175 185
178 178 188
184 184
186 186 196
193 192 193
