Loc1 Loc16 Loc42 Loc71 Loc64 Loc172 Loc48 Loc154 Loc162 Loc17 Loc108 Loc57 Loc108 Loc9 Loc89 Loc168 Loc47 Loc163 Loc155 Loc51 Loc193 Loc124 Loc23 Loc95 Loc70 Loc106 Loc134 Loc188 Loc56 Loc177 Loc165 Loc19 Loc112 Loc170 Loc45 Loc167 Loc198 Loc96 Loc178 Loc27 Loc194 Loc91 Loc128 Loc111 Loc40 Loc75 Loc135 Loc50 Loc58 Loc140 Loc158 Loc197 Loc44 Loc4 Loc133 Loc164 Loc8 Loc150 Loc183 Loc53 Loc22 Loc118 Loc174 Loc84 Loc159 Loc191 Loc6 Loc146 Loc175 Loc36 Loc113 Loc151 Loc59 Loc151 Loc113 Loc77 Loc179 Loc103 Loc157 Loc38 Loc88 Loc7 Loc131 Loc14 Loc199 Loc76 Loc49 Loc46 Loc72 Loc15 Loc12 Loc5 Loc121 Loc189 Loc156 Loc100 Loc10 Loc1
80
Loc193 Loc0
Loc22 Loc3
Loc5 Loc5
Loc6 Loc6
Loc7 Loc7
Loc8 Loc8
Loc9 Loc9
Loc164 Loc11 Loc141
Loc42 Loc13
Loc14 Loc14 Loc182
Loc15 Loc15
Loc16 Loc16
Loc17 Loc17
Loc88 Loc18
Loc19 Loc19
Loc158 Loc20 Loc132
Loc23 Loc23
Loc146 Loc25 Loc97 Loc145
Loc27 Loc27
Loc1 Loc30
Loc47 Loc31 Loc83 Loc176
Loc70 Loc32
Loc174 Loc33 Loc60
Loc162 Loc37 Loc54 Loc144
Loc38 Loc38
Loc179 Loc39 Loc52
Loc44 Loc44
Loc46 Loc46
Loc50 Loc50
Loc51 Loc51
Loc53 Loc53
Loc57 Loc57
Loc155 Loc61 Loc109
Loc45 Loc62
Loc112 Loc65 Loc160
Loc10 Loc67 Loc107 Loc137 Loc143
Loc71 Loc71
Loc36 Loc74
Loc75 Loc75
Loc76 Loc76
Loc77 Loc77
Loc135 Loc85 Loc149
Loc91 Loc91
Loc194 Loc94
Loc95 Loc95
Loc96 Loc96 Loc122
Loc131 Loc99
Loc100 Loc100
Loc84 Loc101
Loc103 Loc103
Loc106 Loc106
Loc165 Loc110
Loc111 Loc111
Loc118 Loc118
Loc124 Loc124
Loc128 Loc128
Loc58 Loc129
Loc133 Loc133
Loc140 Loc140
Loc178 Loc147
Loc150 Loc153
Loc154 Loc154
Loc159 Loc159
Loc163 Loc163
Loc167 Loc167
Loc168 Loc168
Loc170 Loc170
Loc4 Loc171
Loc172 Loc172
Loc175 Loc175
Loc177 Loc177
Loc56 Loc180 Loc195
Loc183 Loc183
Loc188 Loc188
Loc189 Loc189
Loc134 Loc190
Loc156 Loc192
Loc197 Loc197
Loc151 Loc151
Loc59 Loc59 Loc123
