pace voice financial respect bitter rob headline quality straighten romantic sign tolerate forge vegetarian linger dough enhance thumb excuse other swear tablet cigarette demand pain understand skeleton disclose injury disclose class exclusive dip nationalist shy title sunrise certain page fortune imposter throne interactive feature honor deposit circulation gate mystery enter autonomy glasses tool dialogue guarantee king pace
43
shy shy
swear swear
dough dough
pain pain
exclusive buffet exclusive
linger linger
circulation circulation output
class class
nationalist nationalist
tool tool
honor honor
dialogue prison likely
imposter imposter
guarantee guarantee seize
other other
rob rob
sunrise sunrise
voice voice
forge winner
vegetarian vegetarian
tolerate tolerate
page lake page
headline headline
throne throne
glasses glasses
deposit paper
tablet tablet
sign legislation sign
enter enter
enhance enhance
quality quality
injury injury
bitter bitter
dip dip
mystery mystery brake
understand figure
autonomy autonomy
demand demand
thumb thumb
cigarette cigarette
financial financial
title title
king king
