HAZtD 4Eg1F wnnBN Cg1yP J0OP0 F7CZj RN9nS 3NU9e CXkxa ED9em CXkxa 3NU9e aWuHk XbFfE O8CwF aegld C4biR 93R2m 4AhmX jesVt 69WZh zrVPv 69WZh Q5zY0 kvy7i Ia6ul eVDVP b9v0q Agb0E WVEjT wVSYr fExZu 2zHfe AwFdf kNG2j kjZGl UQeyk EgumV fWz4T SE1WY iHR3J v0WXM R6NzB 0FMEI tgL8p DmTRc 4jcrD Vg6Sz iIQll GrnJ7 rmW0U CHx6u bMhFI SfSL1 RkCLD xKTIz E6pda e7SjH DuU0x e7SjH o2JtM 8x5TS ejBhY iPRoT ejBhY 6sv9O HAKlt 0moVI GUEko iimZq 6owsT OWqP4 rVnMc SxklZ BaYb3 1VA1I IOpdQ 7kY28 URrao 7kY28 Xqwfz jyRQW zcuSA 4PSW9 0F8yg 9cp56 u60s4 gpbSj cC0Rg p3gJd DaieK p3gJd cpzS8 p3gJd mJExt XbFfE aWuHk 1gvq4 lJnz7 GxQg8 X2hjX vfAR8 zg9rt UqGfS kPB79 6gp0A HAZtD
72
Xqwfz pLg86
iIQll p4kTx iIQll
kNG2j kNG2j
aWuHk aWuHk
DaieK uPUO1 DaieK
4AhmX 4AhmX
bMhFI bMhFI lF8gH
7kY28 7kY28
rmW0U HOuAL 9tf0w
1VA1I Zok18 1VA1I
u60s4 Zxvdf u60s4
93R2m cu5FB
0moVI 0moVI
Agb0E VG4na Agb0E
UqGfS UqGfS NqBQW Ssao4
xKTIz xKTIz
F7CZj z82fM
OWqP4 OWqP4
URrao URrao fiXIW
DuU0x DuU0x BIY9X
zrVPv zrVPv wedr3
WVEjT WVEjT
RN9nS RN9nS
R6NzB R6NzB
SE1WY TzGS5
HAKlt Pk19A HAKlt
kPB79 4Tt2a 4PXv9
ED9em 5h4rt ED9em
b9v0q SEkfX
4jcrD 4jcrD
cC0Rg cC0Rg
vfAR8 vfAR8 bW6Ms
GrnJ7 gNinx UbqWX v9joy iaaYU
iPRoT Q8lcd 8Qx0C
iHR3J iHR3J
GxQg8 GxQg8
e7SjH 2LhKB
fExZu fExZu v7hOX
jesVt jesVt
O8CwF O8CwF TlJnt
CHx6u CHx6u
fWz4T fWz4T
8x5TS H1xt8
1gvq4 1gvq4 rH3nx
J0OP0 J0OP0 iKwe0
lJnz7 lJnz7
69WZh mdIe6 ox9Gx 69WZh
X2hjX X2hjX
SxklZ SxklZ VESmp
aegld aegld
AwFdf AwFdf
eVDVP eVDVP
p3gJd p3gJd
Ia6ul Ia6ul
E6pda E6pda
0F8yg 0F8yg
cpzS8 acHTt cpzS8
iimZq iimZq
6owsT 6owsT
wnnBN wnnBN
Vg6Sz Vg6Sz
9cp56 5EAEu
zcuSA zcuSA
IOpdQ IOpdQ
CXkxa Lusir
mJExt iqOI4
BaYb3 BaYb3
EgumV EgumV
gpbSj gpbSj
DmTRc DmTRc
0FMEI 2GCiD
Cg1yP Cg1yP
