location1 location2 location3 location10 location108 location10 location7 location34 location148 location149 location152 location151 location49 location48 location51 location19 location20 location137 location138 location135 location132 location129 location126 location125 location67 location66 location65 location68 location71 location74 location37 location40 location112 location115 location116 location55 location58 location57 location54 location160 location163 location166 location169 location172 location171 location87 location86 location89 location92 location95 location98 location101 location1
50
location1 location1
location3 location3 location27 location29
location2 location5
location7 location7
location10 location9 location11 location13
location166 location15 location165 location167
location20 location17 location21 location23
location19 location19
location68 location25
location34 location31 location33 location35
location37 location37
location40 location39 location41 location43
location48 location45 location47
location49 location49 location133
location51 location51 location177
location54 location53
location55 location55 location83
location57 location57
location58 location59 location61 location79 location103
location66 location63 location69 location179
location65 location65
location67 location67
location71 location71
location74 location73 location75 location77
location148 location81 location145 location147
location86 location85
location87 location87
location89 location89
location92 location91 location93
location95 location95
location98 location97 location99
location101 location101
location108 location105 location107 location109 location111
location116 location113 location117 location119
location115 location115
location125 location121 location125
location126 location123 location127
location129 location129
location132 location131
location135 location135
location137 location137
location138 location139 location141
location149 location143 location149
location151 location151
location152 location153 location155
location160 location157 location159 location161
location163 location163
location169 location169
location171 location171
location172 location173 location175
