Lesnoy Visitacion Ishim Stade Portogruaro Artur Beveren Yangambi Zgorzelec Brentwood Hueytown Franceville Rutherglen Sun Winsford Sungurlu Malaut Pingyi Gisborne Meerut Blackpool Hudiksvall GatesNorth Lesnoy
23
Hudiksvall Hudiksvall
Rutherglen Rutherglen
Gisborne Dharmapuri Gisborne
Artur Artur
Meerut Meerut
Beveren Kundla
Visitacion Visitacion Glogovac
Sun Sun
Zgorzelec Zgorzelec
Ishim Ishim
Malaut Malaut
Pingyi Pingyi
Hueytown Hueytown
Stade Stade
Sungurlu Sungurlu
GatesNorth GatesNorth
Blackpool Blackpool
Lesnoy Lesnoy
Winsford Winsford
Portogruaro Portogruaro
Franceville Franceville
Brentwood Brentwood
Yangambi Yangambi
