108 30 121 30 55 128 170 51 101 49 109 116 190 31 38 107 157 179 150 75 110 119 95 68 85 23 6 48 34 178 130 43 140 83 139 65 92 196 84 99 182 148 176 159 142 114 24 117 191 181 167 156 118 137 197 11 193 73 134 186 177 189 56 82 154 185 45 127 26 5 81 174 188 35 153 144 96 57 90 53 37 64 112 120 67 17 61 46 79 13 44 21 66 108
82
188 188
51 7
193 39
67 67
99 99
48 48
170 54 170
114 114
23 129 23
37 37
176 176
57 57
174 19 174
95 95
153 153
26 26
121 121
191 100
142 142
156 184 187
137 137
46 46 32
21 63
64 64
35 14 35
112 126
186 186
24 24
117 117
56 151 56
118 118
11 11
181 181 28
148 148
61 61
178 78
81 81
66 66
108 69
44 44
34 34 146
144 144
110 110 77
68 68
128 128
154 136
157 157 15
107 107
182 182
134 134
13 13
17 17
79 79 36
120 138 120
45 45
119 1
83 83
49 49
190 190
75 75
197 197
150 150
65 65
140 140
82 82 71
109 109
31 31 133
38 38
5 5
43 43
179 179
96 96
84 84
130 130
167 167
177 177
85 85
73 73
53 53
92 92
55 143
101 101
