create appear feign deck pupil farewell crew ballot skip adult minimize exotic direct cancel colon mechanism concern battery contract absorption hide merit childish company suffer predict steward think belief dose accessible line prove celebration basketball perception nationalism magnitude fuss transmission tin breakin bracket pastel creation pride community maze linear salmon scrap top create
50
merit merit
hide hide
predict predict
fuss fuss
direct direct
contract contract
scrap scrap
accessible accessible
linear linear
pride pride
crew crew
creation creation
community community
prove prove
think think
battery battery
celebration celebration
nationalism nationalism
adult adult
tin tin
feign feign
farewell farewell
bracket bracket
exotic exotic
ballot ballot
steward steward
perception perception
concern concern
cancel cancel
breakin breakin
colon colon
childish childish
dose dose
transmission transmission
magnitude magnitude
suffer suffer
top top
absorption absorption
skip skip
basketball basketball
pupil pupil
deck deck
appear appear
belief belief
pastel pastel
maze maze
minimize minimize
mechanism mechanism
company company
line line
