0 10 20 21 22 31 32 42 43 33 44 53 64 73 72 71 61 70 80 81 82 91 101 102 111 122 123 132 131 130 120 130 140 150 151 161 160 170 181 182 183 173 164 153 154 155 165 175 166 167 177 176 186 196 187 188 189 178 169 158 149 139 129 118 128 127 136 146 135 125 114 105 104 94 95 86 96 97 108 98 99 89 78 77 67 68 57 48 37 38 39 29 18 9 8 17 16 26 36 26 15 5 14 4 3 2 1 0
86
53 53
125 125
186 186
86 86 76 87
31 31
151 152 151
154 154
114 114
61 61
20 20
130 130
196 196
160 160
80 80
108 108
127 127 116
29 29
22 22 12
99 99
77 77
101 101
82 82
15 15
102 103 102
2 2
178 178
155 155
64 64
21 21
188 188 198
122 122
158 158
9 9
33 33 24
132 132
42 51 42
71 71
16 16
123 123 133
39 39
68 68
139 139
95 95
146 146
136 147
5 5
164 164
149 149
166 166
175 175
18 18
4 4
167 167
73 83 73
189 189 199
118 118
181 181
153 153
8 8
120 120
183 184 183
81 81
129 129
26 26
17 17
105 105
140 140
111 111
182 182
48 48
165 165
150 150
43 43
44 45
94 94
37 37
70 70
98 98
104 104
96 107 96
161 161
187 187
72 72
89 89
176 176
67 67
