Albania Mali Slovenia Japan Grenada Switzerland Jamaica NewZealand SaudiArabia Philippines Cambodia Andorra Lesotho Malaysia Hungary Suriname Greece Portugal Tanzania Chile Bhutan Seychelles Rome Serbia Algeria PapuaNewGuinea Poland Kazakhstan Lithuania Cuba Italy TheGambia Mongolia Argentina Belarus UnitedKingdom Burkina Paraguay Vanuatu Gabon Nepal Australia Laos Brazil Ukraine Danzig Dominica CentralAfricanRep SierraLeone SolomonIslands Guatemala Peru Maldives Eritrea BosHerzegovina Newfoundland Yemen America Kosovo Thailand Kiribati Togo Niger Cyprus Bahamas Bulgaria IvoryCoast NorthKorea SriLanka UAE SaoTomPrincipe Djibouti Tunisia RussianFederation EquatorGuinea Estonia France Germany Liechtenstein Turkmenistan Panama Norway CapeVerde Qatar VaticanCity Romania Finland Burma Venezuela SaintLucia Israel Luxembourg Latvia Rwanda Mauritania Mauritius Comoros Ethiopia Fiji Pakistan MountAthos Albania
100
Bahamas Bahamas
Malaysia Malaysia
Rome Rome
Burkina Burkina
SolomonIslands SolomonIslands
IvoryCoast IvoryCoast
BosHerzegovina BosHerzegovina
Andorra Andorra
VaticanCity VaticanCity
EquatorGuinea EquatorGuinea
Djibouti Djibouti
Mauritania Mauritania
Pakistan Pakistan
Bulgaria Bulgaria
Thailand Thailand
Nepal Nepal
Estonia Estonia
Italy Italy
Comoros Comoros
Kosovo Kosovo
Norway Norway
Algeria Algeria
Panama Panama
Eritrea Eritrea
Mongolia Mongolia
UnitedKingdom UnitedKingdom
Peru Peru
Mauritius Mauritius
Laos Laos
Luxembourg Luxembourg
Belarus Belarus
Paraguay Paraguay
America America
Brazil Brazil
MountAthos MountAthos
Dominica Dominica
Philippines Philippines
CapeVerde CapeVerde
Niger Niger
Latvia Latvia
Cyprus Cyprus
Burma Burma
SierraLeone SierraLeone
Kazakhstan Kazakhstan
Cambodia Cambodia
Japan Japan
Portugal Portugal
Danzig Danzig
Jamaica Jamaica
Tunisia Tunisia
Qatar Qatar
Argentina Argentina
Chile Chile
Tanzania Tanzania
Kiribati Kiribati
Germany Germany
Ukraine Ukraine
Australia Australia
Yemen Yemen
France France
Newfoundland Newfoundland
Slovenia Slovenia
Lesotho Lesotho
CentralAfricanRep CentralAfricanRep
Romania Romania
Bhutan Bhutan
Ethiopia Ethiopia
NorthKorea NorthKorea
SaintLucia SaintLucia
Gabon Gabon
Hungary Hungary
Albania SaintKitts
Vanuatu Vanuatu
SaudiArabia SaudiArabia
Grenada Grenada
SaoTomPrincipe SaoTomPrincipe
Rwanda Rwanda
RussianFederation RussianFederation
Guatemala Guatemala
UAE UAE
SriLanka SriLanka
Cuba Cuba
Togo Togo
Poland Poland
Israel Israel
Switzerland Switzerland
Seychelles Seychelles
Venezuela Venezuela
NewZealand NewZealand
PapuaNewGuinea PapuaNewGuinea
Finland Finland
Mali Mali
TheGambia TheGambia
Greece Greece
Suriname Suriname
Liechtenstein Liechtenstein
Lithuania Lithuania
Serbia Serbia
Maldives Maldives
Fiji Fiji
