Nepal Georgia Argentina Liechtenstein SaintLucia VaticanCity TheGambia Suriname Botswana Fiji Afghanistan Vietnam Serbia Niger Mauritius Kuwait Tajikistan Slovakia NewZealand Estonia UAE Belarus Tanzania Nepal
22
Belarus Azerbaijan Belarus
Tajikistan Tajikistan
VaticanCity VaticanCity
Estonia Estonia
Botswana Botswana
UAE UAE
Serbia Serbia
NewZealand NewZealand
Tanzania Tanzania
Georgia Georgia
Fiji Panama Fiji Palau
Suriname Suriname
Argentina Argentina
Vietnam Vietnam
Niger Niger
TheGambia MarshallIslands
Afghanistan Afghanistan
Slovakia Slovakia
Liechtenstein Liechtenstein
Mauritius Mauritius
Kuwait Kuwait
SaintLucia SaintLucia
