l0 h3 h83 h89 h74 h2 l93 h90 h39 h75 l59 h66 h38 h73 h81 l42 l71 h67 h54 h96 l84 h20 h57 h94 l10 l28 l17 h35 h79 l73 l15 l34 h31 h48 l26 h52 h37 h36 l18 l20 l63 h9 h40 l88 h8 h63 l31 h27 l72 l80 h97 h13 h12 h65 h88 h19 l51 h4 h18 l64 h86 h64 h82 l97 l21 l62 h16 h85 h17 h28 h80 h29 h70 l35 h71 h50 h51 l95 l66 h22 h23 l3 h6 l23 h47 h92 h0 l0
72
h0 h0 h1
h2 h2
h3 h3 h91
h4 h4 h5 h53
h6 h6 h58
h29 h7 h29 h76
h8 h8
h9 h9 h95
l26 h10
h66 h11 h66 h72
h12 h12
h13 h13
h71 h14 h71
h16 h15 h16
h17 h17
h18 h18
h19 h19
h20 h20
l28 h21
h22 h22
h23 h23 h77
h92 h24 h92
h81 h25 h81
l31 h26
h27 h27
h28 h28
l15 h30 h68
h31 h31 h69 h78
h79 h32 h79 h98
l73 h33
l17 h34
h35 h35
h36 h36
h37 h37
h38 h38
h39 h39
h40 h40
l20 h41
h88 h42 h88
l21 h43
l95 h44
h51 h45 h51
l23 h46
h47 h47
h48 h48 h49
h50 h50
h52 h52
h54 h54 h55
h94 h56 h94
h57 h57 h93
l42 h59
l97 h60 h61
l72 h62
h63 h63
h64 h64
h65 h65 h99
h67 h67
h70 h70
h73 h73
h74 h74
h75 h75
h80 h80
h82 h82
h83 h83
l3 h84
h85 h85
h86 h86
l63 h87
h89 h89
h90 h90
h96 h96
h97 h97
