55 57 173 177 45 84 16 189 111 137 83 33 186 59 96 63 106 158 29 113 15 13 123 122 179 62 42 40 54 127 53 8 44 67 114 28 172 30 126 164 170 27 134 116 32 150 49 41 148 109 175 74 143 77 157 153 78 184 163 10 23 58 140 43 66 88 26 147 181 146 90 56 86 188 171 149 89 185 131 17 14 118 168 11 161 20 182 101 55
78
40 40 97
11 11
140 140
33 33
59 159 119 152 59
146 146
149 149
84 12
170 170 105 160
63 63 91 115 48
184 184
172 172
118 81 118
17 17
32 32
123 61
26 26
27 27
148 148
188 188
78 78
101 101
62 62
45 45 151
67 76 67
111 111
23 133
88 88
185 185
90 90
177 162 177
182 182
49 49
58 58 166
157 107
186 186
189 189 71
181 181
74 74
15 15 135
29 29
83 83
53 53
41 41
14 36
171 171
134 134
54 54
175 175
43 43
116 116
106 106
179 179
86 86 80
158 158
163 163
66 66
131 131
56 56 85
57 57
137 137
8 8
13 13
109 109
126 126
150 150
42 42
16 16
122 122
113 113
20 20
153 153
77 77
173 173
44 9
30 30
168 168
114 114
