25 65 25 52 43 14 41 53 29 81 33 77 59 34 23 74 68 28 69 88 0 24 89 60 62 20 8 38 90 49 58 70 6 89 96 72 82 72 80 13 67 94 97 47 19 63 51 28 48 15 69 44 75 55 87 1 3 27 17 27 37 9 40 79 93 33 81 30 92 78 25
50
47 47
1 1
89 89
28 28
37 37
6 6
58 58
77 77
23 23
48 48
72 72
63 63
15 15
27 27
19 19
14 14
29 29
82 82
60 60
49 49
93 93
68 68
62 62
0 0
13 13
92 92
30 30
67 67
24 24
59 59
97 97
17 17
25 25
74 74
44 44
52 52
81 81
43 43
51 51
34 34
65 65
55 55
8 8
96 96
9 9
69 69
41 41
33 33
90 90
38 38
