Shoreburn Mallowway Woodice Westmill Silverwitch Mallowbridge Lightmere Goldcrest Stonefair Brightrock Ironshore Valhaven Wellbank Fairsage Strongfall Highmont Southwheat Newley Esterash Butterway Seamoor Ostwynne Starryhill Springfox Violetley Bluewyn Westerlight Bushgate Clearnesse Blackbush Erilyn Redwell Deephedge Mistshore Dellwyn Stoneglass Newmill Ironriver Bluedale Orfort Oakmere Greensummer Corbank Bluedell Greenshore Southpine Goldwyvern Snowsage Summermage Newby Irondeer Freyview Wellmage Flowermill Westvale Silverbarrow Courtcastle Eastcastle Courtedge Coldville Butterbush Orbarrow Rosegate Esterfall Silverlea Windbridge Fairice Freymere Buttermead Foxvale Northriver Verthedge Oldmoor Wooddell Marbleiron Janholt Courtwall Flowerfield Wolflea Eriwall Northwynne Foxhaven Rosemill Icenesse Morwall Violetfay Applecastle Redlake Bluelake Mallowness Greyice Fieldedge Brightmere Lochmage Butterhill Morwald Clearland Wildemarsh Fogland Snowshore Shoreburn
100
Butterway Butterway
Lochmage Lochmage
Stonefair Stonefair
Highmont Highmont
Esterash Esterash
Oldmoor Oldmoor
Clearland Clearland
Wellmage Wellmage
Fairsage Fairsage
Fieldedge Fieldedge
Bluedale Bluedale
Greyice Greyice
Stoneglass Stoneglass
Northriver Northriver
Bluedell Bluedell
Orbarrow Orbarrow
Foxvale Foxvale
Newby Newby
Mallowbridge Mallowbridge
Clearnesse Clearnesse
Foxhaven Foxhaven
Dellwyn Dellwyn
Redwell Redwell
Windbridge Windbridge
Snowsage Snowsage
Goldcrest Goldcrest
Valhaven Valhaven
Starryhill Starryhill
Deephedge Deephedge
Silverwitch Silverwitch
Wolflea Wolflea
Ironriver Ironriver
Erilyn Erilyn
Freyview Freyview
Courtedge Courtedge
Westerlight Westerlight
Blackbush Blackbush
Irondeer Irondeer
Verthedge Verthedge
Butterbush Butterbush
Butterhill Butterhill
Courtwall Courtwall
Corbank Corbank
Seamoor Seamoor
Bluelake Bluelake
Oakmere Oakmere
Rosemill Rosemill
Strongfall Strongfall
Snowshore Snowshore
Brightmere Brightmere
Rosegate Rosegate
Brightrock Brightrock
Violetley Violetley
Bushgate Bushgate
Shoreburn Shoreburn
Mallowway Mallowway
Springfox Springfox
Applecastle Applecastle
Fogland Fogland
Icenesse Icenesse
Newmill Newmill
Esterfall Esterfall
Goldwyvern Goldwyvern
Janholt Janholt
Ironshore Ironshore
Courtcastle Courtcastle
Greenshore Greenshore
Mistshore Mistshore
Coldville Coldville
Southwheat Southwheat
Mallowness Mallowness
Greensummer Greensummer
Bluewyn Bluewyn
Southpine Southpine
Redlake Redlake
Westmill Westmill
Wellbank Wellbank
Flowermill Flowermill
Summermage Summermage
Woodice Woodice
Buttermead Buttermead
Northwynne Northwynne
Marbleiron Marbleiron
Fairice Fairice
Eriwall Eriwall
Newley Newley
Eastcastle Eastcastle
Wildemarsh Wildemarsh
Flowerfield Flowerfield
Lightmere Lightmere
Wooddell Wooddell
Ostwynne Ostwynne
Morwall Morwall
Violetfay Violetfay
Morwald Morwald
Orfort Orfort
Westvale Westvale
Freymere Freymere
Silverbarrow Silverbarrow
Silverlea Silverlea
