129 99 145 32 187 32 181 106 133 13 92 121 192 121 170 73 170 101 21 72 79 72 43 25 46 2 4 157 110 154 196 141 172 89 68 95 11 96 118 10 118 45 139 94 119 64 71 90 71 34 109 62 156 88 31 99 129
38
88 1 88 115 127
4 4
96 7 70
10 10 28 100
13 13
25 16 25
43 19 43
45 22
31 31 61
34 34
196 37 196
94 40 94
46 46
156 49
101 52 97 148
2 55
170 58
64 64
21 67 151 190
73 73 136
92 76 124
79 79 112
145 82 145
133 85 133
90 91 130
192 103 175
106 106 178
109 109 184
118 118 166
121 121
139 139
181 142 169 181
154 154 193
157 157
11 160
119 163
172 172
187 187
