FacultyClub EarthquakeLibrary Morrison Spieker CITRIS BerkeleyLawLibrary BanwayBuilding Sproul Koshland MathLibrary Hildebrand Mulford BancroftDance IRLE Campbell SpringerGateway LeConte Birge Stephens OBrien EnergyBuilding Wellman Wheeler CareerCenter Soda Durant Warren FoundersRock EngineeringLibrary LatinAmerican BerkeleyWayWest Unit3 BioscienceLibrary Jacobs Stanley HearstFountain VLSB UniversityHouse CesarChavez MartinezCommons Cheit PacificFilmArchive VisualCenter Tan SummerSession Latimer SimpsonCenter FoxCottage Davis InternationalHouse AnnaHeadAlumnae StowPlaza HearstGreekTheatre Hilgard DonnerLaboratory MediaCenter UpperHearstParking InnovationStudio Investigative MelvinLaboratory EthnicLibrary SproulPlaza LawrenceofScience StudentUnion AnthropologyLibrary NewspapersLibrary HearstFieldAnnex McCone ArtHistoryLibrary EastGate Boalt LawSchool MSRI AquaticCenter Bowles Bechtel WooHonFai BrainImagingCenter SocialLibrary Manville TAAP EarthLibrary NorthGate Pimentel PhysicsLibrary EastAsianLibrary HealthServices FPF Library BancroftLibrary SutardjaDai MLK FacultyClub
90
FacultyClub FacultyClub
BioscienceLibrary BioscienceLibrary
SutardjaDai SutardjaDai
SproulPlaza Etcheverry SproulPlaza
Hilgard Hilgard
StudentUnion StudentUnion
EarthquakeLibrary EarthquakeLibrary
UniversityHouse UniversityHouse
LawrenceofScience LawrenceofScience
Pimentel Pimentel HearstGym
Mulford Mulford
CareerCenter CareerCenter
ArtHistoryLibrary Durham ArtHistoryLibrary
OBrien OBrien
Library Library
Spieker Spieker
FPF FPF
PacificFilmArchive PacificFilmArchive
BrainImagingCenter BrainImagingCenter
Morrison Morrison
Wheeler Wheeler
Cheit Cheit
Manville Manville
Koshland Koshland
Jacobs Jacobs OptometryLibrary
Investigative Investigative
EarthLibrary EarthLibrary Underhill
EnergyBuilding EnergyBuilding IdaHouse
MediaCenter MediaCenter
StowPlaza StowPlaza
MartinezCommons MartinezCommons
MelvinLaboratory MelvinLaboratory
BancroftDance BancroftDance Giauque
Tan AndersenAuditorium
Unit3 Unit3
AnthropologyLibrary AnthropologyLibrary
Stephens Stephens
InternationalHouse InternationalHouse
IRLE IRLE
SpringerGateway SpringerGateway
DonnerLaboratory DonnerLaboratory
Sproul Sproul
Birge Birge
CITRIS CITRIS
NewspapersLibrary NewspapersLibrary
Warren Warren
PhysicsLibrary PhysicsLibrary
CesarChavez CesarChavez
BerkeleyWayWest BerkeleyWayWest
MSRI MSRI
HealthServices HealthServices
WooHonFai WooHonFai
TAAP TAAP
MathLibrary MathLibrary
AquaticCenter AquaticCenter
UpperHearstParking UpperHearstParking
EastAsianLibrary Evans EastAsianLibrary
BancroftLibrary BancroftLibrary
HearstFieldAnnex HearstFieldAnnex
HearstFountain HearstFountain
BerkeleyLawLibrary BerkeleyLawLibrary
Campbell Campbell
Davis Davis
NorthGate NorthGate
EastGate AlumniHouse
Bowles Bowles
Wellman Wellman
VLSB VLSB
EthnicLibrary Senior EthnicLibrary
Stanley Stanley
SocialLibrary SocialLibrary
SimpsonCenter SimpsonCenter
FoxCottage FoxCottage
Hildebrand Hildebrand
SummerSession MaxwellField
FoundersRock SEAsianLibrary FoundersRock
Bechtel Bechtel
BanwayBuilding BanwayBuilding
EngineeringLibrary EngineeringLibrary
Durant Durant
Soda Soda
McCone McCone
LatinAmerican LatinAmerican
VisualCenter VisualCenter
LawSchool LawSchool
LeConte LeConte
HearstGreekTheatre HearstGreekTheatre
MLK MLK
Boalt Boalt
Latimer Latimer
