Home46 Home49 Home9 Home49 Home83 Home63 Home69 Home84 Home2 Home30 Home13 Home15 Home82 Home17 Home71 Home41 Home39 Home35 Home86 Home24 Home14 Home38 Home31 Home32 Home88 Home85 Home88 Home49 Home46
21
Home14 Home62
Home69 Home69
Home63 Home66 Home63
Home82 Home82 Home48
Home85 Home85 Home12
Home41 Home41
Home9 Home9 Home45 Home28
Home30 Home30 Home5 Home55
Home31 Home31
Home39 Home42 Home39
Home49 Home49
Home84 Home40
Home15 Home57
Home17 Home80
Home35 Home68
Home71 Home11 Home71
Home24 Home27
Home83 Home83
Home88 Home33
Home86 Home60
Home13 Home13
