AyBBdkPvTTt19wqt b817BTo6GdPc96ig2 wUtvmN9V14Vw0fcE01F b817BTo6GdPc96ig2 Le6BO3R lP84Whn Nstvw8dF9rhja nOMN589D7t0QjhnBj3wn 5nYY46YfUGovj 0Lw86e I6 6v326555i1Io5Z IEtn6zEV03H3 r9qUrqog71Fz9gx d5P0NXv8 L7Mfs3034VwaB7kd3Z MEv16358FQ Fe5xMwq0a8 2P201UD8Q Nstvw8dF9rhja h5 CDuc4XdY7zp 2l90gxx61rTb0CbF 6qc68848myvIqoZWw 2T6osNpb4 yd7324WTF aCCE QqvW51K9Cm FR3SCSFtuk055ORI T4EKg4Vc Rf0x16WtfDv 89ukpivGhdck21Krrh40 98E9ia5 2qbTYSv3J 98E9ia5 0b 9jWI53P36dh95 KIOJyBXM922ydZA5 7DmqFE ymzG1qC7YsJFFmeog T8C17MZ6g69gmQ ymzG1qC7YsJFFmeog 7DmqFE 36Y155M7F1ZG8 JbMQX8p9 AcC1Sh8w37Px0m 8w6aRuq A 1e90fR0FtB7Ev156y A Ru0A1pKIpZYWG O7W5C8z8H93l x60I798qq0Sq6Xdc9s0 MjwmiyLlZn thypPB22BchO3Od9 E76twn5gNBei01uh2PkH 2a5Zkf5zd4Va3 O73Lh6 Han188Ox DqfU93360y3I66U0 9q06155efQSN 8kQ991Y80Dy 4B5uWNh7Dl3lRP khC 2Et5UN6ZJ19iz c2m39UUoMb w22P6su70O6jf3FJ 3 Q2PY RYtkT5 Q2PY EL5n1KQ3kn Ut7hqt9A 7xf20x1m1od50iPHUtr 0 WD8QxBAx49P Q 2mk9O8P6 SdP9W8WRSw 2mk9O8P6 6c1qFsEg9xI jxDm 4932 jxDm QE9dXn5y6j2YYh eZEbm l hG8udpL53V 360B15fOiy1XBl 1utCvCS3yEzt0HBbKt I4640OD b6DdFnSk8qdk45 6nB9xzJ7b5115Qu5 b6DdFnSk8qdk45 o88qO93T 920ucA0jXEv 1MHxxU P 1MHxxU iFF184 2YlhGrefFhV6JLtw 5tQKcAo3 o 5tQKcAo3 q AyBBdkPvTTt19wqt
73
hG8udpL53V hG8udpL53V
Ut7hqt9A p772t3OLqj Ut7hqt9A
Rf0x16WtfDv Rf0x16WtfDv
d5P0NXv8 d5P0NXv8
wUtvmN9V14Vw0fcE01F ywj3aNhyxUH
khC khC
7DmqFE 7DmqFE
thypPB22BchO3Od9 thypPB22BchO3Od9
6qc68848myvIqoZWw 6qc68848myvIqoZWw
6nB9xzJ7b5115Qu5 b19692 PELS5
FR3SCSFtuk055ORI FR3SCSFtuk055ORI
P JBYT6heC6yE4 P
3 3z4E 3
KIOJyBXM922ydZA5 KIOJyBXM922ydZA5
jxDm vRH6pA1I75N1 jxDm
4B5uWNh7Dl3lRP 4B5uWNh7Dl3lRP
aCCE aCCE
I6 o83v2nI1sQs I6
1MHxxU 1wF6 TByQ7zH089
Nstvw8dF9rhja nOMN589D7t0QjhnBj3wn XMV256fk
RYtkT5 RYtkT5 usTG0We6G9WDs7Dk 8Qe2lSUyQa
Q2PY Q2PY
E76twn5gNBei01uh2PkH E76twn5gNBei01uh2PkH NU7gnWcAs4nq66FS
4932 4932
o88qO93T 85682ijoufq1DW
5nYY46YfUGovj q7Ehaiz 5nYY46YfUGovj
MjwmiyLlZn MjwmiyLlZn 68ZC6T1G2o9Q95CKs
I4640OD L46h8MG90TBpA8v9 I4640OD
q q 8tvL5MpO9J735t
2P201UD8Q 2P201UD8Q c3x9Cmq8W5oa57mjASv
2YlhGrefFhV6JLtw 2YlhGrefFhV6JLtw
Q Q P6C89a32
iFF184 pwvBbQ870l3Io2K iFF184
T8C17MZ6g69gmQ FKWv88jkw79me T8C17MZ6g69gmQ
b6DdFnSk8qdk45 b6DdFnSk8qdk45
0b 9jWI53P36dh95 3505
0Lw86e uF131buM7L27 dUdv
36Y155M7F1ZG8 36Y155M7F1ZG8
8w6aRuq 8w6aRuq
SdP9W8WRSw SdP9W8WRSw kg8257p31rTQvRWjGF
89ukpivGhdck21Krrh40 89ukpivGhdck21Krrh40
yd7324WTF yd7324WTF
98E9ia5 gv3T5z4
eZEbm eZEbm
IEtn6zEV03H3 e1M0JsNJ5 IEtn6zEV03H3
2l90gxx61rTb0CbF 2l90gxx61rTb0CbF
Han188Ox Han188Ox EnmWLiDA9NE89oNUTbx
920ucA0jXEv 920ucA0jXEv
DqfU93360y3I66U0 Tk46
2Et5UN6ZJ19iz 2Et5UN6ZJ19iz
9q06155efQSN 9q06155efQSN
b817BTo6GdPc96ig2 b817BTo6GdPc96ig2
MEv16358FQ MEv16358FQ
o A6gMJKsUfUSuEI76 7d2Q05crlPi
x60I798qq0Sq6Xdc9s0 J68F52raS3n1L6ZYK
6c1qFsEg9xI 6c1qFsEg9xI
r9qUrqog71Fz9gx r9qUrqog71Fz9gx nw566uv
lP84Whn qGr382CkPK997QVHAL
O73Lh6 9o4t
6v326555i1Io5Z 6v326555i1Io5Z
L7Mfs3034VwaB7kd3Z L7Mfs3034VwaB7kd3Z
O7W5C8z8H93l O7W5C8z8H93l
Fe5xMwq0a8 XQxkrBxnI
QqvW51K9Cm QqvW51K9Cm
1e90fR0FtB7Ev156y 1e90fR0FtB7Ev156y
8kQ991Y80Dy v
CDuc4XdY7zp TMULg
Le6BO3R Le6BO3R d
EL5n1KQ3kn MJ2l1N0ojTC
ymzG1qC7YsJFFmeog ymzG1qC7YsJFFmeog
1utCvCS3yEzt0HBbKt 1utCvCS3yEzt0HBbKt
2T6osNpb4 2T6osNpb4
2qbTYSv3J 659Cx
