loc0 loc23 loc84 loc42 loc4 loc62 loc45 loc35 loc6 loc88 loc8 loc13 loc28 loc75 loc91 loc39 loc24 loc48 loc33 loc86 loc68 loc29 loc34 loc22 loc30 loc51 loc3 loc93 loc72 loc94 loc99 loc47 loc7 loc23 loc0
29
loc39 loc39
loc8 loc8
loc29 loc29
loc6 loc6 loc61
loc84 loc40 loc84
loc94 loc21
loc93 loc93 loc26
loc45 loc45 loc49
loc91 loc91 loc31
loc86 loc69 loc86
loc4 loc81 loc65
loc62 loc20 loc16 loc62 loc90
loc13 loc79
loc24 loc24
loc48 loc48
loc7 loc7 loc54
loc75 loc75
loc33 loc33
loc28 loc28
loc42 loc42
loc47 loc25
loc23 loc23
loc72 loc72
loc34 loc34
loc68 loc52
loc88 loc88
loc35 loc35
loc99 loc99
loc51 loc51
