74 123 81 167 24 64 90 64 17 187 43 158 43 58 68 23 25 44 107 112 114 112 134 86 128 86 31 21 76 154 76 89 76 56 80 104 181 142 42 8 146 45 146 73 100 72 110 18 34 94 163 129 141 61 193 51 77 51 190 155 52 130 151 135 151 33 108 183 188 88 113 198 143 198 120 116 138 139 83 125 157 125 98 102 50 66 63 174 63 115 148 105 148 192 13 121 111 199 133 54 179 168 4 193 127 47 152 16 140 11 99 137 97 100 173 132 48 5 172 12 172 95 147 103 27 32 39 14 118 14 59 60 59 65 91 131 200 131 53 37 178 176 165 171 136 184 96 20 161 109 123 74
100
4 4
5 5
11 11
12 12
14 14
16 16
17 17
18 18
20 20
23 23
27 27
31 31
32 32
39 39
42 42
45 45
44 44
47 47
50 50
51 51
52 52
53 53
56 56
58 58
59 59
60 60
61 61
54 54
63 63
66 66
72 72
73 73
76 76
77 77
80 80
81 81
83 83
86 86
88 88
89 89
90 90
91 91
94 94
95 95
96 96
97 97
98 98
99 99
100 100
103 103
105 105
107 107
108 108
109 109
111 111
112 112
113 113
114 114
115 115
118 118
116 116
120 120
123 123
125 125
127 127
128 128
129 129
130 130
132 132
133 133
134 134
135 135
136 136
138 138
139 139
140 140
142 142
143 143
146 146
152 152
154 154
155 155
157 157
158 158
161 161
163 163
165 165
167 167
171 171
173 173
174 174
178 178
179 179
184 184
190 190
192 192
193 193
198 198
199 199
200 200
