112 123 8 73 109 95 28 35 102 151 166 117 0 20 147 155 69 29 27 53 126 127 84 146 77 52 81 174 152 107 49 43 194 34 183 70 72 171 78 181 184 24 131 160 154 167 187 88 99 41 68 163 42 56 54 9 170 17 105 188 157 32 21 44 182 19 75 114 165 144 138 119 59 58 14 80 199 162 85 36 86 129 172 97 121 120 66 149 136 169 60 143 13 94 40 118 112
92
52 83 52 71
20 20
147 147
155 11
160 160
170 170
149 149
84 84
171 171
157 157
58 58 130
40 40
143 143
27 27
102 102
42 42
131 131
138 138
72 72
114 114
117 117
121 121
78 78
59 59
81 81
120 120
80 80
199 64
73 73
152 152
126 126
166 166
85 85
127 127
77 23
136 136
56 56
41 41
118 96 118
13 13
99 99
34 34
129 129
184 184
17 17
70 70 158
174 174
36 33 36 190
182 182
183 183
53 53
109 109
86 168
172 172
32 124
107 107
14 14
151 151
123 123
28 28
29 29
75 75
146 146
163 163
21 21
144 144
188 188
167 6
9 9
44 44
97 97
24 24
0 104 0
154 154
194 194
181 181
68 68
66 66
169 169
69 69
8 8
105 105
94 94
54 54
95 95
60 60
187 187
119 119
49 49
165 165
162 162
35 35
