0 2 53 54 53 151 60 92 100 29 39 86 106 146 192 95 192 7 59 174 125 12 62 22 82 52 133 4 196 18 32 18 196 155 111 155 48 49 46 138 63 88 90 3 25 6 21 93 120 96 120 181 124 40 84 169 66 5 65 123 45 56 122 41 80 173 35 38 8 98 9 30 113 16 24 91 121 188 87 178 157 144 0
65
113 1 15 99
2 2
90 3 23 90
4 4 74
5 5
6 6
7 7
8 8 34
9 9
12 10 12
173 11
106 13 50
121 14
16 16
125 17 28
18 18
41 19 41 44
133 20
21 21
22 22
24 24 94
25 25
155 26
144 27
29 29
30 30 42
80 31 71 80
32 32 77
92 33 76 92
35 35 78
46 36 46
86 37 86
38 38
39 39
40 40 64
178 43
45 45 85
124 47 81
48 48
49 49
59 51 59
52 52
53 53
54 54 68
151 55
56 56
88 57 88
100 58 61 73 100
60 60
62 62 83
63 63
65 65
66 66 97
91 67 91
157 69
111 70 75
123 72
87 79 87
82 82
84 84
188 89
93 93
95 95
96 96
98 98
