evdoyagqfp xawkqmfmmx xftptyrlvl mysadifwma xftptyrlvl jqtguzxxsl optviwhmbr jqtguzxxsl wynbxuuxru epdwcjuvdr wynbxuuxru oegfbrwyrp xqwyvbvueh oegfbrwyrp ebqxbaqnmm xwrvhrxnqy pbefrggyje wtlzrefwav mdyuzxshey wtlzrefwav bimtbhwsby chjuuxuacs afortwurqt ahqdrcepub gbdejcnknd ahqdrcepub byyqgjwsrp gjmmikaxih jrusiskazm ichabbvkhm jrusiskazm vkrlpmybdj lndsfxewdc kyrhqthnvz lnicnhmajr qpxtrjvxpe lnicnhmajr aruwdskzta vugkhjygfe guuudgvhny vugkhjygfe xywdziunpr yqwistxtxc xguvjomcdt nwlccbonas xguvjomcdt phknwbtipl zivwgfcxqi phknwbtipl wirlbujvjm kwbnyneokj uhalgukdzb yriqtwavfx uhalgukdzb kwbnyneokj qqtzqvrvyc tgbmxdmvwe opmnfgpclg xsjzeyxnpw bswhowadhl xsjzeyxnpw ymvlfsdhbu nbjyrygtdh czvqvijjlb seeyrseflx jrmlkfexfk osdeymjeil wkwwcqjtxf koawdpgqdx qepegujmaa ixyurvbpvu qepegujmaa pcilmgdrgc jqtguzxxsl xftptyrlvl evdoyagqfp
52
ichabbvkhm oavtmpaqji ichabbvkhm
wynbxuuxru tmrnpjqnxx voaumgrcuj wynbxuuxru
vugkhjygfe vugkhjygfe
byyqgjwsrp qxfgqgbbdn cttlxdtaiw byyqgjwsrp
jrmlkfexfk jrmlkfexfk scesbtewjx
lnicnhmajr lnicnhmajr xychpimpzb
epdwcjuvdr kgktiatgjn eooyfwmxln
jrusiskazm jrusiskazm
yriqtwavfx qgfchcatzi gucdicwxmb rkyixxpcbx
nwlccbonas itbfnxnauh bbwcqzwyoz nwlccbonas
xftptyrlvl kvxwqiryyu fluzhooehk uooysjrxsb
qpxtrjvxpe tmatbexcil qiqnnrlapz qpxtrjvxpe
xguvjomcdt xguvjomcdt
kwbnyneokj bbczvyonym
xawkqmfmmx xawkqmfmmx
uhalgukdzb uhalgukdzb
wkwwcqjtxf wkwwcqjtxf lkvtxfwozs bulywvvpni
ixyurvbpvu yiwwdwbzth qfbvncxldf
ymvlfsdhbu ldnozwuuuq ymvlfsdhbu aokbiptbzc
pcilmgdrgc wwqchwdmtx pcilmgdrgc ivgbjyugdu
yqwistxtxc hofbtczdgp
jqtguzxxsl smwxdupkdv
xwrvhrxnqy xwrvhrxnqy xifuopshzj
wtlzrefwav wtlzrefwav afrdrejwtp
wirlbujvjm hsjqtjkukk
zivwgfcxqi euqbrkzdsw zivwgfcxqi
mysadifwma mysadifwma bnmegnfgii
afortwurqt afortwurqt zmfuudfatm
xywdziunpr oggftsricu xywdziunpr
kyrhqthnvz kyrhqthnvz
pbefrggyje xnppuesbrr pbefrggyje kijbyyuzhd
mdyuzxshey mdyuzxshey ouxenssqdu
guuudgvhny guuudgvhny stdiixwrjc
seeyrseflx hkempoemlv seeyrseflx
phknwbtipl fdgcygwgjf xkasbvrrxd
vkrlpmybdj vkrlpmybdj
optviwhmbr vfdsalrajq optviwhmbr ivugtsvtqb
tgbmxdmvwe lcrihrmoqu tgbmxdmvwe
opmnfgpclg rnpokwoqgt qxuqrfzzob
evdoyagqfp evdoyagqfp
xqwyvbvueh tvcolajnao xqwyvbvueh
qepegujmaa etdxtwotzh qepegujmaa
bswhowadhl tgkujfknod bswhowadhl kvfpaspidv
aruwdskzta aruwdskzta
nbjyrygtdh cpwyxulkjm nbjyrygtdh
gbdejcnknd gbdejcnknd vnzypgtlkj
koawdpgqdx pdljcbluhp psiebvskfb
oegfbrwyrp oegfbrwyrp
bimtbhwsby bimtbhwsby
ahqdrcepub ahqdrcepub
lndsfxewdc lndsfxewdc eqdxeqvtsb
osdeymjeil osdeymjeil
