0 54 191 54 10 115 114 10 197 10 26 158 26 38 146 38 34 120 121 34 90 182 90 45 173 45 41 123 122 41 113 112 41 11 179 11 131 130 11 83 167 83 73 84 132 133 84 143 84 9 161 9 18 102 103 18 21 140 21 25 124 125 25 49 196 49 78 185 78 17 47 164 47 152 47 57 136 137 57 188 57 31 119 118 31 53 176 53 12 138 139 12 1 155 1 39 106 107 39 44 104 105 44 69 110 111 69 63 60 109 108 60 128 129 60 94 127 126 94 87 149 87 5 117 116 5 58 101 100 58 46 170 46 40 134 135 40 0
74
100 100
101 101
102 102
103 103
104 104
105 105
106 106
107 107
108 108
109 109
110 110
111 111
112 112
113 113
114 114
115 115
116 116
117 117
118 118
119 119
120 120
121 121
122 122
123 123
124 124
125 125
126 126
127 127
128 128
129 129
130 130
131 131
132 132
133 133
134 134
135 135
136 136
137 137
138 138
139 139
140 140 141
21 142
143 143 144
73 145 163
146 146 147
38 148
149 149 150
87 151
152 152 153
47 154 166
155 155 156
0 157 172 181
158 158 159
10 160 199
161 161 162
164 164 165
167 167 168
83 169
170 170 171
173 173 174
90 175 184
176 176 177
53 178
179 179 180
182 182 183
185 185 186
17 187
188 188 189
57 190
191 191 192
54 193
49 194
196 195 196
197 197 198
