0 130 135 137 160 144 195 79 165 100 105 47 120 35 37 35 39 125 190 192 191 92 90 54 69 179 124 159 149 139 134 74 189 182 180 64 170 129 72 141 132 186 42 186 77 101 102 108 82 80 67 66 12 10 13 2 150 20 95 145 104 17 113 110 57 55 25 27 65 30 75 0
64
27 27 118
66 66
65 68 65
192 192
120 122 120
0 3
134 134
124 124
100 15 100
37 37 36
92 91 92
82 82
17 16 17
186 186 187
104 104
13 13
180 180
35 38 35
132 131 132
77 116
137 136 166
64 64
2 2 28
139 139
25 25
102 102
141 141 142
55 55 58
79 184 79
149 149
47 47 183
95 97 95 87
135 43 138 52 135
145 145 148
170 172 94
130 99 133
57 57 56
12 12 11
182 181 182
113 113
150 114 152
125 128 125
179 179
20 20
105 105 44
108 108
54 54
165 154 168
159 159
101 101
110 110
67 67 123
74 74
75 78
39 39
69 69
160 161 160
30 32 30
42 42 41
72 72
189 189
129 129
144 144
195 197 195
