loc0 loc148 loc76 loc112 loc38 loc155 loc83 loc131 loc32 loc185 loc77 loc113 loc29 loc164 loc2 loc128 loc74 loc110 loc74 loc128 loc65 loc146 loc20 loc146 loc73 loc136 loc199 loc19 loc109 loc46 loc109 loc64 loc127 loc55 loc153 loc90 loc135 loc171 loc126 loc27 loc189 loc99 loc180 loc39 loc192 loc12 loc157 loc4 loc129 loc75 loc138 loc66 loc174 loc3 loc183 loc30 loc123 loc87 loc159 loc24 loc177 loc15 loc132 loc96 loc195 loc150 loc78 loc133 loc52 loc133 loc97 loc178 loc16 loc196 loc43 loc115 loc79 loc151 loc88 loc187 loc61 loc124 loc7 loc169 loc143 loc26 loc152 loc53 loc107 loc35 loc179 loc44 loc161 loc188 loc86 loc158 loc59 loc176 loc95 loc122 loc94 loc103 loc13 loc193 loc0
79
loc153 loc1 loc45
loc2 loc2
loc3 loc3
loc4 loc4
loc113 loc5 loc41
loc183 loc6
loc7 loc7
loc143 loc8
loc171 loc9 loc81
loc127 loc10 loc91
loc110 loc11 loc47 loc92
loc12 loc12
loc13 loc13
loc185 loc14
loc15 loc15
loc16 loc16
loc179 loc17 loc89
loc135 loc18 loc36
loc19 loc19
loc20 loc20
loc157 loc21 loc22 loc49 loc67 loc85
loc188 loc23 loc62
loc24 loc24
loc115 loc25
loc26 loc26
loc27 loc27
loc136 loc28 loc37
loc29 loc29
loc30 loc30
loc148 loc31 loc40
loc32 loc32
loc123 loc33 loc93
loc151 loc34
loc35 loc35
loc38 loc38
loc39 loc39
loc150 loc42 loc69
loc43 loc43
loc44 loc44
loc46 loc46
loc189 loc48 loc57
loc122 loc50
loc195 loc51 loc60
loc52 loc52
loc53 loc53
loc180 loc54 loc72
loc55 loc55 loc82
loc131 loc56
loc103 loc58
loc59 loc59
loc61 loc61
loc126 loc63
loc64 loc64
loc65 loc65
loc66 loc66
loc176 loc68
loc124 loc70
loc107 loc71
loc73 loc73
loc74 loc74
loc75 loc75
loc76 loc76
loc77 loc77
loc78 loc78
loc79 loc79
loc161 loc80
loc83 loc83
loc174 loc84
loc86 loc86
loc87 loc87
loc88 loc88
loc90 loc90
loc94 loc94
loc95 loc95
loc96 loc96
loc97 loc97
loc152 loc98
loc99 loc99
loc199 loc100
