destitute Loomis Rio Darwin ripe Hewlett swordtail bowman balustrade Isfahan MN septillion creekside yogurt Andersen Vega bobble Dominican Bleeker Dominican Gilmore funny midget swingy diligent Auberge Modesto Elizabethan combine extractor mediate Fisk connubial schedule slowdown Curtis trill fatten choice shroud bifurcate illusion Injun stanza Injun jewel namesake destitute
39
Andersen Andersen Halstead
Auberge Auberge
Bleeker Bleeker minion
Darwin Darwin
Dominican Dominican embassy
Elizabethan Elizabethan
Fisk Fisk
Gilmore Gilmore
Hewlett Hewlett decor swordfish
Loomis Hindi Loomis
Injun Injun
Isfahan Isfahan
MN MN
bobble McCall bobble
Modesto Modesto
Rio Rio
Vega Vega
slowdown amateur slowdown
Curtis anvil
balustrade balustrade
choice choice
connubial connubial
creekside creekside
diligent diligent tate
extractor extractor
fatten fatten
funny funny
illusion illusion
jewel jewel
mediate mediate
midget midget
septillion papal septillion transpiration
ripe ripe
schedule schedule
shroud shroud
stanza stanza
swingy swingy
trill trill
yogurt yogurt
