woebegone encumbrance relaxation backplate involuntary mitre spill involuntary slowdown lexicon Vega lexicon choice shovel wingspread funny yearn barnacle broil thirteen catenate Darwin Elizabethan Goodrich Simon yogurt tate felony equipping felony Isfahan thoroughfare balustrade babysat balustrade imperishable switchmen Gilmore simulate Stephen PDP limitate PDP Sunday silage Sunday whatsoever embroil fulsome trill administer stanza Modesto swordfish Rodney Auberge mediate funky millennium inform secondary inform postscript Wheller creekside taft Tucson extrovert Andersen cowhand explosion cowhand Irvin mack Zorn December Fisk swingy dull archive papal car softball anvil connubial Winchester bat directory numerology viscous numerology diligent McCall septillion oriole bunch midstream deduce trimester transfuse illusion griddle illusion trimester Curtis sphalerite noon MN exothermic MN casserole renaissance casserole MN monotonous dreadnought monotonous sinh Durango Reilly Durango Hewlett Durango bifurcate update icon torus coarse atom transonic encumbrance woebegone
100
Andersen Andersen
Auberge Auberge
Curtis Curtis
Darwin Darwin
December December
Durango Durango
Fisk Fisk
Gilmore Gilmore
Goodrich Goodrich
Hewlett Hewlett
Irvin Irvin
Isfahan Isfahan
McCall McCall
Modesto Modesto
PDP PDP
Reilly Reilly
Rodney Rodney
Simon Simon
Stephen Stephen
Sunday Sunday
Tucson Tucson
Vega Vega
Wheller Wheller
Winchester Winchester
Zorn Zorn
administer administer
anvil anvil
archive archive
babysat babysat
backplate backplate
barnacle barnacle
bat bat
bifurcate bifurcate
broil broil
bunch bunch
car car
casserole casserole
catenate catenate
choice choice
coarse coarse
connubial connubial
deduce deduce
diligent diligent
directory directory
dreadnought dreadnought
dull dull
embroil embroil
equipping equipping
exothermic exothermic
explosion explosion
extrovert extrovert
felony felony
fulsome fulsome
funky funky
funny funny
griddle griddle
icon icon
illusion illusion
imperishable imperishable
inform inform
involuntary involuntary
limitate limitate
mack mack
mediate mediate
midstream midstream
millennium millennium
mitre mitre
monotonous monotonous
noon noon
numerology numerology
oriole oriole
papal papal
postscript postscript
relaxation relaxation
renaissance renaissance
secondary secondary
septillion septillion
shovel shovel
silage silage
simulate simulate
sinh sinh
slowdown slowdown
softball softball
sphalerite sphalerite
spill spill
stanza stanza
swingy swingy
swordfish swordfish
tate tate
thirteen thirteen
thoroughfare thoroughfare
transfuse transfuse
transonic transonic
trimester trimester
update update
viscous viscous
whatsoever whatsoever
wingspread wingspread
yearn yearn
yogurt yogurt
