exothermic felony Irvin decor shovel trill combine Injun Curtis Bernini amateur midget lordosis Halstead Sicilian extrovert sacrifice McCall namesake FPC yogurt Dominican swordfish exothermic
20
McCall Andersen McCall
Bernini Bernini Tucson
Curtis Curtis
FPC FPC
Halstead Halstead
Injun Injun
combine Iowa combine
Irvin Irvin
amateur amateur
midget coarse midget
decor decor
extrovert extrovert
felony felony
lordosis lordosis
namesake namesake
sacrifice sacrifice
shovel shovel
swordfish swordfish wafer
trill trill
yogurt yogurt
