Loc151 Loc130 Loc4 Loc48 Loc135 Loc119 Loc177 Loc41 Loc98 Loc165 Loc172 Loc184 Loc136 Loc101 Loc134 Loc77 Loc13 Loc66 Loc6 Loc127 Loc72 Loc62 Loc68 Loc120 Loc43 Loc154 Loc109 Loc15 Loc194 Loc25 Loc183 Loc181 Loc50 Loc122 Loc56 Loc157 Loc94 Loc17 Loc5 Loc38 Loc190 Loc123 Loc58 Loc173 Loc187 Loc89 Loc21 Loc47 Loc102 Loc124 Loc99 Loc117 Loc52 Loc70 Loc126 Loc93 Loc60 Loc24 Loc195 Loc10 Loc27 Loc2 Loc163 Loc110 Loc55 Loc34 Loc180 Loc32 Loc141 Loc118 Loc85 Loc67 Loc96 Loc54 Loc166 Loc158 Loc182 Loc20 Loc142 Loc148 Loc33 Loc49 Loc9 Loc160 Loc92 Loc138 Loc65 Loc128 Loc170 Loc115 Loc36 Loc104 Loc156 Loc151
86
Loc55 Loc55
Loc49 Loc49
Loc4 Loc4 Loc131
Loc128 Loc16 Loc128
Loc184 Loc184 Loc3
Loc94 Loc94
Loc177 Loc177
Loc47 Loc47
Loc160 Loc160
Loc109 Loc109
Loc170 Loc170
Loc130 Loc130 Loc171
Loc6 Loc6
Loc41 Loc41
Loc151 Loc151
Loc172 Loc172
Loc77 Loc77 Loc61
Loc27 Loc27
Loc93 Loc93
Loc36 Loc36
Loc67 Loc7
Loc127 Loc127
Loc156 Loc156
Loc85 Loc147 Loc85
Loc98 Loc98
Loc34 Loc34
Loc122 Loc122 Loc46
Loc48 Loc48
Loc68 Loc68
Loc120 Loc120
Loc92 Loc92
Loc124 Loc124
Loc154 Loc154
Loc62 Loc62
Loc123 Loc185 Loc123 Loc111
Loc54 Loc54
Loc20 Loc20
Loc96 Loc96
Loc102 Loc102 Loc161
Loc195 Loc195
Loc115 Loc115
Loc33 Loc33
Loc99 Loc99
Loc187 Loc187
Loc118 Loc118
Loc194 Loc194
Loc66 Loc66
Loc157 Loc157
Loc52 Loc52
Loc173 Loc173
Loc104 Loc104
Loc2 Loc2
Loc181 Loc181
Loc38 Loc38
Loc163 Loc163
Loc89 Loc89
Loc148 Loc148
Loc117 Loc117
Loc110 Loc110 Loc28
Loc50 Loc50
Loc141 Loc141 Loc59
Loc142 Loc142
Loc43 Loc43
Loc24 Loc24
Loc101 Loc101
Loc183 Loc167 Loc183
Loc158 Loc158
Loc21 Loc21
Loc32 Loc32
Loc65 Loc65
Loc13 Loc13
Loc126 Loc126
Loc165 Loc165
Loc180 Loc180
Loc138 Loc138
Loc17 Loc17
Loc15 Loc15
Loc72 Loc72
Loc58 Loc58
Loc182 Loc182
Loc190 Loc190 Loc125
Loc119 Loc57
Loc135 Loc135
Loc134 Loc134
Loc166 Loc166
Loc70 Loc70
