6Zg7j6t8kt ka4cgDWgq7 lrFRnKniRv MpRNDD0glq 4ViGHxfdlc dyS1o5lQHD OpwMnuSGmp uXkvSfF7Kv pm1Yq2dCLL 1iUrZ2N0MA s8EkvbOYAX 79JJ9GZF8c fbxiHLAsv4 KpPj50fAfy EZQ9HUGjRN OR78sPVsV9 4RZs4XFvF9 G05S6XZiBa 1koyFI8rlU Octagmmhko TH1GgoG5GU I1RTFIGWhc YrPP1U1r20 ckEVpwA8CD YrPP1U1r20 Iroa6leixY oQb2PqTM8x R0OKpbbX8l b3jUAAPOlA cqCbnI2bkr NgxnYo41LY 2Xeaya9zol zH4Z0p0Ftj vD4d0BZ03p 8pgnfE3xKu oRs9wR3IGE MImiDijd1o 97dvK2Az7S GSDEYlNcCM wXTrLT9dUx 6Zg7j6t8kt
32
oQb2PqTM8x tvKOOMQ7Sv N08DpqDewo H0NdoJawvz
1iUrZ2N0MA UgxUR9jKcJ ESDdDChkYw
1koyFI8rlU 1koyFI8rlU
ckEVpwA8CD ckEVpwA8CD YQKcyMibnc
zH4Z0p0Ftj zH4Z0p0Ftj VWD9Yy5Xrg
97dvK2Az7S 97dvK2Az7S Dkc5CxJ6RV
79JJ9GZF8c M9d0z6OccV 79JJ9GZF8c fhmE7A9rVl
YrPP1U1r20 YrPP1U1r20 7cteJXIZM1
fbxiHLAsv4 fbxiHLAsv4 YZKJeBb8Pe
KpPj50fAfy KpPj50fAfy vCSWEyz4PC
NgxnYo41LY NgxnYo41LY 4lUeyqYb0U
wXTrLT9dUx wXTrLT9dUx dojrtYXceT 1aPtXDhYtV
4ViGHxfdlc 4ViGHxfdlc 0gqiqztWgj
lrFRnKniRv lrFRnKniRv
I1RTFIGWhc I1RTFIGWhc TH1GgoG5GU
8pgnfE3xKu OGWcs2X8pk 8pgnfE3xKu
b3jUAAPOlA b3jUAAPOlA
GSDEYlNcCM 4JtfcKJvHu GSDEYlNcCM
G05S6XZiBa G05S6XZiBa
pm1Yq2dCLL iyQiEnpG35
uXkvSfF7Kv uXkvSfF7Kv
EZQ9HUGjRN EZQ9HUGjRN
4RZs4XFvF9 4RZs4XFvF9
oRs9wR3IGE oRs9wR3IGE
OpwMnuSGmp OpwMnuSGmp
Iroa6leixY Iroa6leixY
MpRNDD0glq MpRNDD0glq
Octagmmhko Octagmmhko
s8EkvbOYAX s8EkvbOYAX
cqCbnI2bkr cqCbnI2bkr
vD4d0BZ03p vD4d0BZ03p
ka4cgDWgq7 ka4cgDWgq7
