ctUVEJSyNR Z82QDWb0Pr 7d3UA4fKWz 8Jejdr7ynm sY3UqAEMG3 oPQmRUijH5 gLI8ArV2Ui osdKgXyg1e MuYreynm57 zUWT7uduzq uVIshS2g8a VBTKstUXwG HTp005294X TDmNOuGJBk I4iTN5KXjB BtCEVbHoQI VbPBW7rmhF UphA2uAaYC vzXeZbLrSW f91pUtm9EZ RLF9v27sOQ T3o9dNVbcG ctUVEJSyNR
20
Z82QDWb0Pr U5XdtBFGOe Z82QDWb0Pr
VBTKstUXwG 8UaR4YpZys VBTKstUXwG
zUWT7uduzq zUWT7uduzq
oPQmRUijH5 6lpxgUxCxO oPQmRUijH5
osdKgXyg1e osdKgXyg1e
I4iTN5KXjB I4iTN5KXjB
T3o9dNVbcG T3o9dNVbcG
8Jejdr7ynm 8Jejdr7ynm QwY2G6aX6c
gLI8ArV2Ui gLI8ArV2Ui
sY3UqAEMG3 HG8olhhcTZ MzId8uwrPz
HTp005294X IU0Ia8127Z
MuYreynm57 MuYreynm57
7d3UA4fKWz 7d3UA4fKWz
uVIshS2g8a qg08r1Pg6g
RLF9v27sOQ RLF9v27sOQ
TDmNOuGJBk TDmNOuGJBk
BtCEVbHoQI BtCEVbHoQI
vzXeZbLrSW vzXeZbLrSW
f91pUtm9EZ f91pUtm9EZ
UphA2uAaYC UphA2uAaYC
