153 170 15 129 12 34 24 96 128 50 156 119 81 19 186 52 179 112 60 0 139 43 139 138 61 138 131 25 195 80 140 80 39 70 180 197 68 118 169 147 42 147 189 8 189 78 163 162 56 100 127 98 88 98 122 187 2 160 37 111 135 194 146 181 136 181 26 172 79 108 41 137 177 35 3 23 90 40 92 171 92 83 192 5 29 109 161 21 184 21 178 145 53 77 95 113 58 47 120 36 188 93 167 49 11 168 150 134 74 28 152 59 126 16 75 182 76 7 76 124 76 196 13 86 4 31 89 20 153
100
168 168
127 127
29 29
150 150
12 12
119 119
81 81
140 140
196 196
145 145
126 126
118 118
2 2
58 58
15 15
26 26
13 13
124 124
86 86
113 113
21 21
3 3
197 197
160 160
68 68
70 70
182 182
90 90
89 89
37 37
112 112
4 4
163 163
16 16
11 11
98 98
178 178
153 153
135 135
156 156
52 52
8 8
47 47
61 61
188 188
137 137
40 40
41 41
93 93
194 194
172 172
129 129
120 120
60 60
49 49
42 42
138 138
56 56
36 36
122 122
96 96
23 23
184 184
7 7
95 95
109 99
88 88
19 19
35 35
74 74
177 177
192 192
167 167
53 53
180 180
128 128
161 161
136 136
131 131
187 187
146 146
169 169
0 0
152 152
108 108
77 77
34 34
134 134
83 83
195 195
170 170
43 43
147 147
79 79
20 20
171 171
179 179
5 5
28 28
50 50
