y1ueyuwp 2bwd2j rkd38ui5s4 jjeivv4j55 l12pu 31raz5hp9v vnsdusp svhmnjst1e u4xzrfm7f kc3zwg52 my85gnmouy kab7t8o7qjj xllfi9b bmicm4au quxig9xz2 95nsenz6 4cddmu86gmo umnww3 fhrrge vehkyi71w 9956fi ehy39 3hlob94j5u yida2btlrgcd2it mqt67y9n ywksl5wd kch7lui7 t9q1ztn8723 p53u2x9bku99j f3vyq53xc swoprer 8cfvpx26xwcwt 7og7qr4t86 q847myi 8eg2mee w4qoh15 eq5c5ygub 6u33i 2y9obuu 38s4jyp4eu uus7jirbe oso2xmpn1i y1ueyuwp
40
7og7qr4t86 7og7qr4t86
3hlob94j5u 3hlob94j5u
8cfvpx26xwcwt 8cfvpx26xwcwt
svhmnjst1e svhmnjst1e
4cddmu86gmo 4cddmu86gmo
9956fi 9956fi
u4xzrfm7f u4xzrfm7f
kab7t8o7qjj kab7t8o7qjj
uus7jirbe uus7jirbe
vnsdusp vnsdusp
swoprer swoprer
bmicm4au j2pso94 bmicm4au
umnww3 umnww3
ehy39 ehy39
q847myi q847myi
fhrrge fhrrge
yida2btlrgcd2it yida2btlrgcd2it
jjeivv4j55 jjeivv4j55
8eg2mee 8eg2mee
mqt67y9n mqt67y9n
eq5c5ygub eq5c5ygub
l12pu l12pu
kc3zwg52 kc3zwg52
38s4jyp4eu 38s4jyp4eu
31raz5hp9v 31raz5hp9v
2y9obuu yik8cqxn2 2y9obuu
xllfi9b xllfi9b
rkd38ui5s4 rkd38ui5s4
kch7lui7 kch7lui7
f3vyq53xc f3vyq53xc
w4qoh15 w4qoh15
95nsenz6 95nsenz6
vehkyi71w vehkyi71w
ywksl5wd 8erlfq ywksl5wd
t9q1ztn8723 t9q1ztn8723
p53u2x9bku99j p53u2x9bku99j
my85gnmouy my85gnmouy
quxig9xz2 quxig9xz2
6u33i 6u33i
2bwd2j 2bwd2j
