hC71hIuyRaST3AiaSZqg cXmjc3Wu4kjM1IHGgfA5 l0FfsrqWcvxMXnkTPBHi m0W1PzAhoOpYXaJ0LLW5 UQEmoPmHSH2FlTDuXOEx btiXecpJBKmrIHtQ7jPA 4wWd3kvalFkda9M583i7 zbsjvfwSdNExCnTFLo8x yLnN3wvof669Fh58DxrQ 468JV90VoJDfHRf7bwGC x81SdeDfzbsk8wgCHcJT CgUyoeVDFzkf0g6EiF8w aGWdv30UuUFiszMErlJF jGNThQH3U9Qqi91Eop7X 61VEe5QpRdEG1AHTZmSn W5rNQea9NsCafaUbLgWC Udew7VNFg6dndWFd4Xv7 rW1b1NT9NaRlIIxoT8XF NjrNYv2s9TjuFmdhy6vq RDnAjQbgrCahBSBieO1p dsEyS8WvuzfBZPrbbzZx 63EFNMvLteBrV7Lj9nA4 nmwnnNlPCMIjajSEo2R3 C5aQkckiWq5qVUhbiI57 oakCd1HozhO35GtImcF2 yXrak2UUHdgFCsCWvgfp RSJQdRAK7H6zYHVeXyPj fuNQ8Sfy86k6zaBQjwEz 24YcTAlCtPoNC11H3BAQ NWAZrSnr0i1Dj5TA6dLc euZ15YwFUeCb42J4vvX6 wqyhoOJuJuNfuZ1c9ZhU EqrhH8oFQmMRN10foGjV fxnnXXAtldMGBgqECnVx FE29I03FH1qEyEvIQNGT PqB0lgs9Brze4wJGQzAM JuSdCG8HSUzwufkmRvTN 8IUV6HBSYn47shRwVW5F 1ae7bJScGomdGEdgag5b OLGSBuAPLZmdhTN6ApoS 8w6JkwNghwwfzVWZlMG6 OBEPyJuvhH0Z9VoT2UNC g6Fit1BcwBIbAAJnBKGn EnQuMk7pVZUnmn2BboBv 6jnt0RQvUBeXBhrLOwzh EfhuR5UGBxqkoqdQBn2E fzCA3w8Mu664WC0yRZb5 MCc3yEIO8tXzzu5ZknlT kuIwHVHn49UEM4TprHKr MCc3yEIO8tXzzu5ZknlT 1wSeohNTb1oCspxe2x4j b9q1t3OMZ6dXE5R6ca5w vXrEXAmThLoQVXFImZcg 7DZfG4yobV0xCcSaxf27 g5fwwkfUKem4JdibLkXM PFAHK1LPbENiUm01N8B0 xtgYSd34f56WAH3CCBpW lVjpvSHc5hBrS7dzTmI1 Mufarp9xGx29xj0P1ijS Tgouk8HApNFShyYjQedR QYsTJmc2IUi36H1YK47s 2QgUKFj4HV0dn5Ia55tj IWOalMs6IXX5Ln6F9Eov LI8fhHKJlh7mQx1nNK0m 2TderjwrXrNV2UBZ77eD qyWH5Ui5kFJGpXM7i2RZ qzhMj5jvroYQ0sxm9D9f ymIUUgCvgB7r5le0Mh11 P6PcaiimLTne6w5m7SJi qsbRHSDlSHG3Ep5gugbq 3MmCPAjYheu6g9TkIxDm Mi1upMhcgP7iV16OWKN5 NXZByMrsstrrXRLxVcyg nnG2z19YXqYOoAxMQkFV 2dfprAgHp3T6RrgooKgP oq1GulTWdKtwAlNIQxnY kITtdSORrLGuHqAl2YGb VkEnPX1CQCoh4CxlXSlf ZUt08qPkISJA3VT4fdsK 5doygtE58PVlrfBbaaxD OAcbYkMyAi1Iu0vWaaFc iS3QMNvYa0RbuZKbJowP YygsiZkXDS9oQ07w4psX hC71hIuyRaST3AiaSZqg
75
aGWdv30UuUFiszMErlJF bw0K7NVh1sgqlnescYkX aGWdv30UuUFiszMErlJF
3MmCPAjYheu6g9TkIxDm 3MmCPAjYheu6g9TkIxDm
IWOalMs6IXX5Ln6F9Eov IWOalMs6IXX5Ln6F9Eov
nmwnnNlPCMIjajSEo2R3 2YL9dYowMkTTxjU0fVal laRDyozSdXcFtmdQ5VqD nmwnnNlPCMIjajSEo2R3
C5aQkckiWq5qVUhbiI57 R22TNV5lr1tmI44FcHvv C5aQkckiWq5qVUhbiI57
JuSdCG8HSUzwufkmRvTN JuSdCG8HSUzwufkmRvTN RNtZ6m1O9hQj2ovJiJE3
fuNQ8Sfy86k6zaBQjwEz fuNQ8Sfy86k6zaBQjwEz
63EFNMvLteBrV7Lj9nA4 63EFNMvLteBrV7Lj9nA4
EqrhH8oFQmMRN10foGjV EqrhH8oFQmMRN10foGjV
NXZByMrsstrrXRLxVcyg NXZByMrsstrrXRLxVcyg gZiMcGUkLd8qaWleLH1T
wqyhoOJuJuNfuZ1c9ZhU wqyhoOJuJuNfuZ1c9ZhU 6KcltWtleWJ6izN3XL0F
xtgYSd34f56WAH3CCBpW xtgYSd34f56WAH3CCBpW t9sTQNaMU9o2HF5pm7xT
RDnAjQbgrCahBSBieO1p RDnAjQbgrCahBSBieO1p
b9q1t3OMZ6dXE5R6ca5w IC3wlDskAWyf0o1M61kl b9q1t3OMZ6dXE5R6ca5w
g5fwwkfUKem4JdibLkXM g5fwwkfUKem4JdibLkXM
jGNThQH3U9Qqi91Eop7X ddzqPXECnHQT4a4RIpSF
RSJQdRAK7H6zYHVeXyPj RSJQdRAK7H6zYHVeXyPj
Mi1upMhcgP7iV16OWKN5 Mi1upMhcgP7iV16OWKN5
YygsiZkXDS9oQ07w4psX YygsiZkXDS9oQ07w4psX v0QCMKnmfkXllH4nQHen
61VEe5QpRdEG1AHTZmSn 61VEe5QpRdEG1AHTZmSn
8IUV6HBSYn47shRwVW5F 8IUV6HBSYn47shRwVW5F
fxnnXXAtldMGBgqECnVx DmIjX4adnoqSEDmx2f39
zbsjvfwSdNExCnTFLo8x zbsjvfwSdNExCnTFLo8x
NWAZrSnr0i1Dj5TA6dLc WgneGAZv4qtDq8Q5DYZf NWAZrSnr0i1Dj5TA6dLc
OAcbYkMyAi1Iu0vWaaFc OAcbYkMyAi1Iu0vWaaFc
W5rNQea9NsCafaUbLgWC W5rNQea9NsCafaUbLgWC
1ae7bJScGomdGEdgag5b 1ae7bJScGomdGEdgag5b
5doygtE58PVlrfBbaaxD nOsoIFzZBhdd6bjP45Ba 5doygtE58PVlrfBbaaxD
24YcTAlCtPoNC11H3BAQ jLS4UljOCe6h8LwAOGRX 24YcTAlCtPoNC11H3BAQ
6jnt0RQvUBeXBhrLOwzh 6jnt0RQvUBeXBhrLOwzh
2TderjwrXrNV2UBZ77eD 2TderjwrXrNV2UBZ77eD yMXdJdorJpzOHHt9uIfg Z2YJKymsE6JEohxl2CgC
ymIUUgCvgB7r5le0Mh11 ymIUUgCvgB7r5le0Mh11
g6Fit1BcwBIbAAJnBKGn 1Oc2bGjHzXrMLiYLik5Z g6Fit1BcwBIbAAJnBKGn
1wSeohNTb1oCspxe2x4j 1wSeohNTb1oCspxe2x4j
oq1GulTWdKtwAlNIQxnY oq1GulTWdKtwAlNIQxnY
fzCA3w8Mu664WC0yRZb5 fzCA3w8Mu664WC0yRZb5
4wWd3kvalFkda9M583i7 4wWd3kvalFkda9M583i7
oakCd1HozhO35GtImcF2 oakCd1HozhO35GtImcF2
qyWH5Ui5kFJGpXM7i2RZ qyWH5Ui5kFJGpXM7i2RZ
468JV90VoJDfHRf7bwGC NqvNOj5h3GSbJm5NawjL 468JV90VoJDfHRf7bwGC
kITtdSORrLGuHqAl2YGb EEWjQ3rZ3GM9oucA2vc5
2dfprAgHp3T6RrgooKgP TrUW9m3qjkTMvqHNRot0 2dfprAgHp3T6RrgooKgP
cXmjc3Wu4kjM1IHGgfA5 COVfDobG5VcfcSxLDUch cXmjc3Wu4kjM1IHGgfA5
Tgouk8HApNFShyYjQedR sCcEFmBkhTop4sycKzuM Tgouk8HApNFShyYjQedR Dv6lwBgjbbZceuQXFzFf
NjrNYv2s9TjuFmdhy6vq eULKHiriYHElwEbrQo2X
OLGSBuAPLZmdhTN6ApoS KqTw626stjcdChciHrJ6 OLGSBuAPLZmdhTN6ApoS
8w6JkwNghwwfzVWZlMG6 8w6JkwNghwwfzVWZlMG6 1uTE034Q24DWmybWBbX4
CgUyoeVDFzkf0g6EiF8w CgUyoeVDFzkf0g6EiF8w
btiXecpJBKmrIHtQ7jPA btiXecpJBKmrIHtQ7jPA
Mufarp9xGx29xj0P1ijS Mufarp9xGx29xj0P1ijS
PqB0lgs9Brze4wJGQzAM mkGdh9qd7uj9x5W3Koxj
kuIwHVHn49UEM4TprHKr kuIwHVHn49UEM4TprHKr
nnG2z19YXqYOoAxMQkFV nnG2z19YXqYOoAxMQkFV 72cxNTZ1Tw5teVGiR2xj
EnQuMk7pVZUnmn2BboBv QHOT9LWV0s6xVVreglDh
lVjpvSHc5hBrS7dzTmI1 lVjpvSHc5hBrS7dzTmI1
OBEPyJuvhH0Z9VoT2UNC z0rRwRZbA1TaaAgS8PYu OBEPyJuvhH0Z9VoT2UNC
P6PcaiimLTne6w5m7SJi P6PcaiimLTne6w5m7SJi
VkEnPX1CQCoh4CxlXSlf VkEnPX1CQCoh4CxlXSlf
l0FfsrqWcvxMXnkTPBHi Ca5sYccbD9TUz7JLHrcf
rW1b1NT9NaRlIIxoT8XF rW1b1NT9NaRlIIxoT8XF
2QgUKFj4HV0dn5Ia55tj 2QgUKFj4HV0dn5Ia55tj
EfhuR5UGBxqkoqdQBn2E 4MuL6AbQo2ozZ4x7psrd
7DZfG4yobV0xCcSaxf27 7DZfG4yobV0xCcSaxf27
yLnN3wvof669Fh58DxrQ l5OFQGDhW1xJJ8ERuglz
LI8fhHKJlh7mQx1nNK0m LI8fhHKJlh7mQx1nNK0m
yXrak2UUHdgFCsCWvgfp yXrak2UUHdgFCsCWvgfp
qsbRHSDlSHG3Ep5gugbq qsbRHSDlSHG3Ep5gugbq
x81SdeDfzbsk8wgCHcJT x81SdeDfzbsk8wgCHcJT
vXrEXAmThLoQVXFImZcg vXrEXAmThLoQVXFImZcg
QYsTJmc2IUi36H1YK47s QYsTJmc2IUi36H1YK47s
FE29I03FH1qEyEvIQNGT FE29I03FH1qEyEvIQNGT
UQEmoPmHSH2FlTDuXOEx UQEmoPmHSH2FlTDuXOEx
PFAHK1LPbENiUm01N8B0 PFAHK1LPbENiUm01N8B0
dsEyS8WvuzfBZPrbbzZx dsEyS8WvuzfBZPrbbzZx
m0W1PzAhoOpYXaJ0LLW5 Wf6tYlitgmZKoXfughsS
