Jacksonville Atlanta Louisville Arlington Portland Seattle LasVegas LongBeach Omaha Austin Raleigh LosAngeles Indianapolis SanJose Boston OklahomaCity FortWorth Detroit Tulsa Albuquerque Oakland Philadelphia Houston ColoradoSprings VirginiaBeach Nashville Milwaukee Jacksonville
22
Philadelphia Philadelphia
LasVegas LasVegas
FortWorth FortWorth
Portland Portland
Raleigh Memphis
Tulsa Tulsa Minneapolis
Atlanta Fresno SanFrancisco Atlanta
Detroit Columbus
Seattle Seattle
SanJose SanJose
OklahomaCity Phoenix
Nashville ElPaso
Milwaukee Tucson
LongBeach LongBeach
VirginiaBeach VirginiaBeach
Albuquerque Albuquerque
Indianapolis Indianapolis
Austin Austin
Jacksonville Jacksonville
Louisville Louisville
Boston Boston
LosAngeles LosAngeles
