Chattanooga Cleveland SanAntonio Memphis Wichita Fayetteville Richmond Stockton Surprise Anchorage Midland Mobile Olathe Corona Lubbock Corona FortWorth VirginiaBeach Glendale Portland Chicago Naperville Orlando Albuquerque LosAngeles Albuquerque Waco LongBeach GrandPrairie LongBeach Cincinnati Paterson Cincinnati WinstonSalem Knoxville Berkeley Springfield Spokane Oxnard Tacoma Huntsville Fremont SanBernardino Boise Sunnyvale SanDiego FortLauderdale Savannah ElkGrove McAllen ElkGrove SanFrancisco Honolulu Miramar PortStLucie Chandler Washington SaintPaul Norfolk Raleigh Norfolk Irvine Syracuse NewYork SantaClarita Hayward Akron RanchoCucamonga Newark RanchoCucamonga TianamenSquare Ontario Salem FortCollins Pomona Buffalo Tallahassee MorenoValley Anaheim ChulaVista Anaheim MorenoValley Durham Yonkers Plano Fresno GrandRapids Fresno Worcester Fresno OuterHaven Hollywood Louisville Hollywood Boston Brownsville Jackson HuntingtonBeach Alexandria NewportNews DesMoines Austin Vancouver Detroit BatonRouge Bakersfield Salinas Murfreesboro Charlotte Murfreesboro Salinas GardenGrove Toledo Henderson Orange Frisco KansasCity Frisco Orange Aurora Lexington Baltimore Aurora Tempe Scottsdale Riverside Indianapolis Phoenix LittleRock Shreveport LittleRock CapeCoral Oceanside Fontana Joliet Madison Lincoln OklahomaCity SantaAna Killeen Jacksonville SanJose Denton ElPaso Chattanooga
100
Yonkers Yonkers
Alexandria Alexandria
Joliet Joliet
Orlando Orlando
Lincoln Lincoln
Worcester Worcester
LittleRock LittleRock
GardenGrove GardenGrove
Aurora Aurora
DesMoines DesMoines
Surprise Surprise
Phoenix Phoenix
Knoxville Knoxville
Jacksonville Jacksonville
Oceanside Oceanside
Baltimore Baltimore
Henderson Henderson
Fremont Fremont
Riverside Riverside
Memphis Memphis
SanBernardino SanBernardino
Tacoma Tacoma
Wichita Wichita
Paterson Paterson
Washington Washington
Ontario Ontario
Bakersfield Bakersfield
SantaClarita SantaClarita
Cleveland Cleveland
Brownsville Brownsville
McAllen McAllen
Charlotte Charlotte
Corona Corona
Honolulu Honolulu
Springfield Springfield
Denton Denton
Tempe Tempe
Spokane Spokane
Glendale Glendale
Shreveport Shreveport
GrandPrairie GrandPrairie
Irvine Irvine
NewportNews NewportNews
Lexington Lexington
Olathe Olathe
SanFrancisco SanFrancisco
Scottsdale Scottsdale
Vancouver Vancouver
Indianapolis Indianapolis
Murfreesboro Murfreesboro
Anchorage Anchorage
FortWorth FortWorth
Austin Austin
Raleigh Raleigh
Anaheim Anaheim
SanJose SanJose
Fayetteville Fayetteville
Cincinnati Cincinnati
Oxnard Oxnard
Durham Durham
ChulaVista ChulaVista
SantaAna SantaAna
SaintPaul SaintPaul
FortLauderdale FortLauderdale
ElPaso ElPaso
Syracuse Syracuse
Madison Madison
GrandRapids GrandRapids
NewYork NewYork
Savannah Savannah
CapeCoral CapeCoral
Louisville Louisville
Hayward Hayward
Buffalo Buffalo
BatonRouge BatonRouge
Boston Boston
Boise Boise
Waco Waco
Chicago Chicago
SanAntonio SanAntonio
KansasCity KansasCity
Richmond Richmond
Tallahassee Tallahassee
Salem Salem
Midland Midland
LosAngeles LosAngeles
Fontana Fontana
Berkeley Berkeley
PortStLucie PortStLucie
Plano Plano
Orange Orange
Newark Newark
Toledo Toledo
Naperville Naperville
Jackson Jackson
Akron Akron
Pomona Pomona
Lubbock Lubbock
Frisco Frisco
SanDiego SanDiego
