K BH FS GD CA EJ CA EN FD BJ DV BF GL DP BX EU AH AW GR EO DE EV CY CI GC ED AE X CV CW CV L BB AF BD BQ EG AG GG C DR FX CH EZ CH FU EH DN CM AS R GN BL M U DC EB AN DS DH GA Y FP CE EQ GF CT GI CQ FH CK FH CJ BR FT GK FR AU FG BI DB DX EM EA BP FJ GJ P EC FE FV AP BO AX BA G BE BY V I AB DZ FM BG Z GO FI GE EK T FO CB FZ AJ DK DI EL DG CF AM AD B K
100
B B
G G
I I
L L
M M
P P
R R
T T
U U
V V
X X
Y Y
Z Z
AB AB
AF AF
AG AG
AH AH
AJ AJ
AM AM
AN AN
AS AS
AW AW
AX AX
BA BA
BB BB
BE BE
BF BF
BG BG
BI BI
BJ BJ
BL BL
BO BO
BP BP
BQ BQ
BR BR
BX BX
BY BY
CB CB
CE CE
CF CF
CJ CJ
CK CK
CM CM
CQ CQ
CT CT
CW CW
CY CY
DB DB
DC DC
DG DG
DH DH
DI DI
DK DK
DP DP
DR DR
DS DS
DV DV
DX DX
DZ DZ
EA EA
EC EC
ED ED
EG EG
EH EH
EJ EJ
EK EK
EL EL
EM EM
EN EN
EO EO
EQ EQ
EU EU
EV EV
EZ EZ
FD FD
FE FE
FG FG
FH FH
FI FI
FJ FJ
FM FM
FO FO
FP FP
FR FR
FS FS
FU FU
FV FV
FX FX
FZ FZ
GC GC
GD GD
GE GE
GF GF
GG GG
GI GI
GJ GJ
GK GK
GL GL
GO GO
GR GR
