89 68 12 127 101 78 27 48 109 11 65 82 198 128 49 144 62 122 175 102 72 148 43 51 189 118 161 47 103 73 133 194 79 25 33 145 39 132 28 32 53 38 167 94 86 21 142 104 110 172 5 59 124 168 99 180 31 64 3 136 70 125 114 100 89
59
100 100 199
53 96
47 179 98
102 178 102
101 101 169
132 132 195
86 86 29 173 56
142 197 188
172 172
127 127 88 4 80
79 79 36
94 94 151
3 3
145 190 149
122 122 61
33 33 121
64 18 64
51 51 156
103 97 193
99 99 44
78 78
124 124
109 183 109 112
125 125
128 128 23
70 135 192 70
38 81 38
114 114
59 59 75
168 37
72 146 58
31 107 6 31
148 148 13
161 16
136 136
68 69
194 194 141
21 21
11 11 83
5 5
104 130
27 27
25 25
189 189
12 12 187
167 41
65 191 65
49 111 140 49
39 39 85
73 73
62 160
133 133
180 155
32 32
48 48 9
144 144
118 118 1
198 147
82 82
