dldkilltnmhfepsteins msddkilllthepsteinfn killsepsteindmtflhnd killfthnmsdlepsteind tsmdepsteinkillhfdln depsteinlfnmkilldsht lhepsteintndkilldsmf depsteinlfnmkilldsht tldkillhsfnmepsteind depsteinftndhmkillsl hepsteinnfdmlsdtkill depsteinftndhmkillsl epsteindkilltlmnhsfd hkilllepsteinnstfddm lsmftnepsteinkillhdd dflstmkillepsteindhn killdepsteinmfltdshn tsdnhkilllmepsteindf tdfkillslepsteinhdmn sldhnfmtdkillepstein msepsteintlhnfkilldd shepsteinnkillftlddm tepsteinhsdkillmldfn epsteinldtnfmshdkill lepsteindsmnhftdkill dhsepsteintlkillmfnd epsteinhdkillltsmfdn mkilldlshdtfepsteinn epsteinhnkillsldfdmt nmdhepsteinkilltfsld hsepsteinfkillnmddtl epsteindmshtfldnkill hmndfkillslepsteintd dkillldfepsteintsmnh dlshdtepsteinnkillfm dkillldfepsteintsmnh ldfsmnepsteinkilltdh mndtkillepsteindlfhs fddsmepsteintnkillhl ntmdhepsteinsdkillfl epsteinfthkilldnslmd mdkilllfdnstepsteinh lkillepsteintdshmfnd mdkilllfdnstepsteinh fdmtdepsteinkilllsnh killhdfnsepsteinmltd fsepsteindkillhmtdln epsteinlmkillfshnddt fsepsteindkillhmtdln skillthlfndepsteindm mkillthfdlnepsteinds dtsmdnlhfepsteinkill epsteinsnmflhtdkilld epsteintfhndkilllmsd tdkillepsteinsmhdfnl dtnkillsepsteinmdfhl lkillfthdsepsteindnm nsepsteinfmdkillhldt hnskillepsteintfdmld hnsepsteinmkillfddtl dhtepsteinkillsdflmn killepsteinfdlhdtnms skillmfepsteinthddnl dkillnmhldstfepstein hdntepsteinkilllsdfm mhkillepsteinddlfsnt hdntepsteinkilllsdfm dkillnmhldstfepstein epsteinshlkilldmnfdt dfdepsteintlnskillhm ldepsteindhkilltsmfn mfndlsdepsteinhkillt dsftepsteindhkillmnl sdlhfnmdepsteintkill dsftepsteindhkillmnl mfndlsdepsteinhkillt dmldfhskillntepstein mdkillntepsteindfhsl tndskilldfepsteinmhl dkillnmsfhtlepsteind ndkillthdepsteinlsmf ndshkilldmlepsteinft lmkillepsteintsndfhd hepsteinntdkillsdmfl depsteintkilllnmsfdh hepsteinntdkillsdmfl lmkillepsteintsndfhd lhsntdepsteindkillmf mdkillnlsdtepsteinhf nftmskilldldepsteinh fhdmnepsteindkillslt fmtnkilldepsteindhsl mkillldnhepsteinstfd lkilldtnmsepsteindfh dhmkillfdltnsepstein mhdskillldftnepstein killtdslhfdepsteinnm slepsteinkillfmddhtn killtdslhfdepsteinnm shfnmltepsteindkilld killdldepsteinmfsthn dnldkillhmfstepstein dmtlsfhnkilldepstein thdlskillnfdmepstein lepsteinkilldhfmstnd thdlskillnfdmepstein hnddkilltslmfepstein killtepsteinddhlmnsf ltfnsdhepsteinkilldm tepsteinmdfldhnskill ltfnsdhepsteinkilldm killtdmsdfhnepsteinl dhkillldsepsteintnmf epsteinfsltkillnhddm fmltddhnepsteinskill epsteinfsltkillnhddm dhkillldsepsteintnmf sndldftmkillepsteinh nepsteindhkillltmsfd killthsepsteindmlfdn depsteinslkillhdftmn killmfndshdtepsteinl hmdkilllnepsteinfsdt killhtdmdlnsfepstein nfltdmkillsdepsteinh killhtdmdlnsfepstein dfkilllepsteinsnmhtd sdndhepsteinltkillfm killmdshdtnflepstein fdskillndtmepsteinlh killmdshdtnflepstein fthlkillnepsteindsdm thnkillmddsepsteinfl fthlkillnepsteindsdm killfhdndtlepsteinsm lepsteindnhstfdmkill fhnmkillepsteinsdltd dlfdkilltepsteinhnms msddkilllthepsteinfn dldkilltnmhfepsteins
100
dlfdkilltepsteinhnms dlfdkilltepsteinhnms
sdndhepsteinltkillfm sdndhepsteinltkillfm
tldkillhsfnmepsteind tldkillhsfnmepsteind
mdkillntepsteindfhsl mdkillntepsteindfhsl
mdkillnlsdtepsteinhf mdkillnlsdtepsteinhf
tsdnhkilllmepsteindf tsdnhkilllmepsteindf
tsmdepsteinkillhfdln tsmdepsteinkillhfdln
dhsepsteintlkillmfnd dhsepsteintlkillmfnd
fhdmnepsteindkillslt fhdmnepsteindkillslt
epsteintfhndkilllmsd epsteintfhndkilllmsd
fdskillndtmepsteinlh fdskillndtmepsteinlh
killhdfnsepsteinmltd killhdfnsepsteinmltd
killtdmsdfhnepsteinl killtdmsdfhnepsteinl
fmltddhnepsteinskill fmltddhnepsteinskill
fddsmepsteintnkillhl fddsmepsteintnkillhl
lepsteinkilldhfmstnd lepsteinkilldhfmstnd
lkilldtnmsepsteindfh lkilldtnmsepsteindfh
killmfndshdtepsteinl killmfndshdtepsteinl
mkillthfdlnepsteinds mkillthfdlnepsteinds
mdkilllfdnstepsteinh mdkilllfdnstepsteinh
fhnmkillepsteinsdltd fhnmkillepsteinsdltd
msepsteintlhnfkilldd msepsteintlhnfkilldd
fdmtdepsteinkilllsnh fdmtdepsteinkilllsnh
slepsteinkillfmddhtn slepsteinkillfmddhtn
dmtlsfhnkilldepstein dmtlsfhnkilldepstein
sdlhfnmdepsteintkill sdlhfnmdepsteintkill
hepsteinnfdmlsdtkill hepsteinnfdmlsdtkill
ndkillthdepsteinlsmf ndkillthdepsteinlsmf
dkillnmhldstfepstein dkillnmhldstfepstein
lkillepsteintdshmfnd lkillepsteintdshmfnd
lmkillepsteintsndfhd lmkillepsteintsndfhd
shfnmltepsteindkilld shfnmltepsteindkilld
mhkillepsteinddlfsnt mhkillepsteinddlfsnt
msddkilllthepsteinfn msddkilllthepsteinfn
lhsntdepsteindkillmf lhsntdepsteindkillmf
epsteinsnmflhtdkilld epsteinsnmflhtdkilld
dtsmdnlhfepsteinkill dtsmdnlhfepsteinkill
ldepsteindhkilltsmfn ldepsteindhkilltsmfn
depsteinftndhmkillsl depsteinftndhmkillsl
dfdepsteintlnskillhm dfdepsteintlnskillhm
depsteinlfnmkilldsht depsteinlfnmkilldsht
tndskilldfepsteinmhl tndskilldfepsteinmhl
killhtdmdlnsfepstein killhtdmdlnsfepstein
dmldfhskillntepstein dmldfhskillntepstein
fsepsteindkillhmtdln fsepsteindkillhmtdln
epsteinfthkilldnslmd epsteinfthkilldnslmd
skillmfepsteinthddnl skillmfepsteinthddnl
killfthnmsdlepsteind killfthnmsdlepsteind
epsteinhdkillltsmfdn epsteinhdkillltsmfdn
hepsteinntdkillsdmfl hepsteinntdkillsdmfl
depsteintkilllnmsfdh depsteintkilllnmsfdh
mhdskillldftnepstein mhdskillldftnepstein
hmdkilllnepsteinfsdt hmdkilllnepsteinfsdt
dlshdtepsteinnkillfm dlshdtepsteinnkillfm
ltfnsdhepsteinkilldm ltfnsdhepsteinkilldm
nfltdmkillsdepsteinh nfltdmkillsdepsteinh
tepsteinhsdkillmldfn tepsteinhsdkillmldfn
killdepsteinmfltdshn killdepsteinmfltdshn
mkillldnhepsteinstfd mkillldnhepsteinstfd
tdfkillslepsteinhdmn tdfkillslepsteinhdmn
killtdslhfdepsteinnm killtdslhfdepsteinnm
hnsepsteinmkillfddtl hnsepsteinmkillfddtl
hsepsteinfkillnmddtl hsepsteinfkillnmddtl
fmtnkilldepsteindhsl fmtnkilldepsteindhsl
tdkillepsteinsmhdfnl tdkillepsteinsmhdfnl
nftmskilldldepsteinh nftmskilldldepsteinh
sldhnfmtdkillepstein sldhnfmtdkillepstein
sndldftmkillepsteinh sndldftmkillepsteinh
hmndfkillslepsteintd hmndfkillslepsteintd
killthsepsteindmlfdn killthsepsteindmlfdn
dtnkillsepsteinmdfhl dtnkillsepsteinmdfhl
killtepsteinddhlmnsf killtepsteinddhlmnsf
lepsteindnhstfdmkill lepsteindnhstfdmkill
dhmkillfdltnsepstein dhmkillfdltnsepstein
nmdhepsteinkilltfsld nmdhepsteinkilltfsld
epsteinldtnfmshdkill epsteinldtnfmshdkill
thdlskillnfdmepstein thdlskillnfdmepstein
killdldepsteinmfsthn killdldepsteinmfsthn
ldfsmnepsteinkilltdh ldfsmnepsteinkilltdh
mkilldlshdtfepsteinn mkilldlshdtfepsteinn
epsteinlmkillfshnddt epsteinlmkillfshnddt
tepsteinmdfldhnskill tepsteinmdfldhnskill
lsmftnepsteinkillhdd lsmftnepsteinkillhdd
depsteinslkillhdftmn depsteinslkillhdftmn
dkillnmsfhtlepsteind dkillnmsfhtlepsteind
epsteindkilltlmnhsfd epsteindkilltlmnhsfd
ntmdhepsteinsdkillfl ntmdhepsteinsdkillfl
skillthlfndepsteindm skillthlfndepsteindm
dnldkillhmfstepstein dnldkillhmfstepstein
epsteinhnkillsldfdmt epsteinhnkillsldfdmt
nepsteindhkillltmsfd nepsteindhkillltmsfd
ndshkilldmlepsteinft ndshkilldmlepsteinft
dhtepsteinkillsdflmn dhtepsteinkillsdflmn
lhepsteintndkilldsmf lhepsteintndkilldsmf
mndtkillepsteindlfhs mndtkillepsteindlfhs
epsteindmshtfldnkill epsteindmshtfldnkill
dflstmkillepsteindhn dflstmkillepsteindhn
hnskillepsteintfdmld hnskillepsteintfdmld
dfkilllepsteinsnmhtd dfkilllepsteinsnmhtd
thnkillmddsepsteinfl thnkillmddsepsteinfl
