tepsteinfdkilldlmhns hdepsteinsmdtnflkill hfskillnepsteinldtdm hepsteinnfstkilllmdd ldnmepsteinhfstdkill skilldnmlhdftepstein ldnmepsteinhfstdkill ndlepsteinhdtskillfm fnmhskilldepsteinltd msnepsteinfkillhtdld snldmtkillfepsteindh epsteinthsdmndkillfl nkillsdtdhfmlepstein tmhsnfepsteinldkilld ndlmhepsteintdskillf htskillepsteindnlfdm slepsteinftndkillmdh thmepsteinlkillfsndd mfskillnhlddtepstein dhlepsteindkillsmtnf lepsteinfdkillsdnmht nfdhepsteinltsdmkill killepsteintdldshfnm tepsteinfdkilldlmhns
21
nkillsdtdhfmlepstein nkillsdtdhfmlepstein
skilldnmlhdftepstein skilldnmlhdftepstein
killepsteintdldshfnm killepsteintdldshfnm nlhtdsdepsteinfmkill tskillepsteinhfmddnl
htskillepsteindnlfdm htskillepsteindnlfdm
thmepsteinlkillfsndd thmepsteinlkillfsndd
fnmhskilldepsteinltd fnmhskilldepsteinltd
ldnmepsteinhfstdkill hldmepsteindsnkilltf
snldmtkillfepsteindh snldmtkillfepsteindh
mfskillnhlddtepstein epsteindsmnlfdtkillh
ndlmhepsteintdskillf ndlmhepsteintdskillf
epsteinthsdmndkillfl epsteinthsdmndkillfl
lepsteinfdkillsdnmht lepsteinfdkillsdnmht
hdepsteinsmdtnflkill fnlskillhtepsteindmd hdepsteinsmdtnflkill
nfdhepsteinltsdmkill nfdhepsteinltsdmkill
hepsteinnfstkilllmdd hepsteinnfstkilllmdd
hfskillnepsteinldtdm killnfhdsdltepsteinm
msnepsteinfkillhtdld hkillmepsteinstdfdnl msnepsteinfkillhtdld
ndlepsteinhdtskillfm ndlepsteinhdtskillfm
slepsteinftndkillmdh epsteinsdfmhltkillnd
dhlepsteindkillsmtnf dhlepsteindkillsmtnf
tmhsnfepsteinldkilld tmhsnfepsteinldkilld
