location12 location84 location22 location89 location63 location29 location5 location82 location85 location31 location91 location13 location36 location53 location52 location25 location47 location94 location72 location32 location86 location32 location72 location65 location16 location79 location17 location11 location77 location67 location26 location1 location19 location84 location12
23
location12 location12
location13 location13
location26 location26
location72 location72 location0
location1 location1 location60
location67 location51 location67
location91 location57 location49
location11 location11
location79 location79
location63 location63
location86 location86 location87
location19 location19 location24
location36 location36
location5 location5
location31 location31
location47 location71 location27 location35
location89 location89
location52 location14
location65 location28 location74
location25 location54
location16 location16
location94 location94
location77 location77
