Soda InternationalHouse DeltaDelta Venus ChezPanisse Tang Platano Cancun BAMPFA CafeTibet Sacramento FantasticComics SantaBarbara LosAngeles Saturn TripleRock Irvine VictoryPoint ChiOmega SigmaKappa Riverside AlphaChi DKingGallery Tako CREAM MemorialStadium Kips Tuhuamixtel Myto ElGrullo Rasputin Jalisco Talpa Tuxcacuesco Guadalajara MexicoCity SanMiguel SanDiego SouthGate SanBernardino Tijuana Chino Whittier Fontana Perris Ashby Upland Emeryville Pomona Gregoire BayStreet AlphaCentauri Compton Mars BerkeleyHigh Jupiter BerkeleyHillel Soda
55
ChiOmega ChiOmega
SigmaKappa SigmaKappa
AlphaChi AlphaChi
DeltaDelta DeltaDelta
InternationalHouse InternationalHouse
BerkeleyHillel BerkeleyHillel
BerkeleyHigh BerkeleyHigh
Jupiter Jupiter
Mars Mars
Venus Venus
Saturn Saturn
AlphaCentauri AlphaCentauri
Gregoire Gregoire
BayStreet BayStreet
Emeryville Emeryville
Pomona Pomona
Compton Compton
Ashby Ashby
Perris Perris
Fontana Fontana
SanBernardino SanBernardino
Upland Upland
Chino Chino
Whittier Whittier
SouthGate SouthGate
Tijuana Tijuana
SanDiego SanDiego
Jalisco Jalisco
Guadalajara Guadalajara
SanMiguel SanMiguel
Tuxcacuesco Tuxcacuesco
Talpa Talpa
ElGrullo ElGrullo
MexicoCity MexicoCity
Tuhuamixtel Tuhuamixtel
Myto Myto
Kips Kips
TripleRock TripleRock
Rasputin Rasputin
CREAM CREAM
Tako Tako
Tang Tang
Cancun Cancun
DKingGallery DKingGallery
BAMPFA BAMPFA
Platano Platano
CafeTibet CafeTibet
FantasticComics FantasticComics
SantaBarbara SantaBarbara
Sacramento Sacramento
LosAngeles LosAngeles
Irvine Irvine
Riverside Riverside
VictoryPoint VictoryPoint
ChezPanisse ChezPanisse
