Soda 167 99 155 120 117 123 150 159 178 179 188 180 173 148 149 166 136 177 165 168 185 191 101 145 172 134 156 128 112 119 124 161 116 174 163 195 182 104 176 139 111 118 162 153 125 181 121 169 192 160 113 143 106 184 157 131 135 132 102 107 133 147 115 189 175 103 137 196 127 187 144 170 110 151 141 122 190 114 130 186 100 142 158 193 197 129 138 152 126 109 194 171 140 105 198 108 146 154 183 164 Soda
100
99 99
100 100
101 101
102 102
103 103
104 104
105 105
106 106
107 107
108 108
109 109
110 110
111 111
112 112
113 113
114 114
115 115
116 116
117 117
118 118
119 119
120 120
121 121
122 122
123 123
124 124
125 125
126 126
127 127
128 128
129 129
130 130
131 131
132 132
133 133
134 134
135 135
136 136
137 137
138 138
139 139
140 140
141 141
142 142
143 143
144 144
145 145
146 146
147 147
148 148
149 149
150 150
151 151
152 152
153 153
154 154
155 155
156 156
157 157
158 158
159 159
160 160
161 161
162 162
163 163
164 164
165 165
166 166
167 167
168 168
169 169
170 170
171 171
172 172
173 173
174 174
175 175
176 176
177 177
178 178
179 179
180 180
181 181
182 182
183 183
184 184
185 185
186 186
187 187
188 188
189 189
190 190
191 191
192 192
193 193
194 194
195 195
196 196
197 197
198 198
