Rhode McEnerney Olympia East Cheyenne Kentucky Grinnell Baton Annapolis Austin Lansing Mulford Florida Columbus Madison LeConte Jefferson Berkeley Santa Greenhouse BART Montana Wisconsin Simon Illinois Topeka Jacobs Boalt International Barrows Nashville Springer Energy Utah Lower Salt Mathematical Edwards Class Trenton McLaughlin West Montgomery Stadium Hertz Haste Morrison Moffitt Police Tennessee Durant Jones Concord Hearst Insectary Observatory Mississippi Clark Richmond Maxwell Etcheverry Maryland Little Foothill Durham Columbia Tang Bowles Chvez Brain Krutch Hargrove Birge Chou Hawaii Cleary Blackwell Oregon Cory Moses Simpson Nevada Campanile Silver Harrisburg Martin University Life Valley Donner Rhode
90
Krutch Krutch
Energy Energy Pennsylvania
Hearst Hearst
Campanile Campanile
Richmond Providence Richmond
Utah Utah
Florida Florida
Jacobs Jacobs Minnesota
Birge Birge
Clark Clark
Class Bancroft Class
Harrisburg Harrisburg
Hawaii Hawaii
Greenhouse CNMAT Heating Warren
Rhode Rhode
Blackwell Blackwell
Annapolis Annapolis
LeConte LeConte
Cory Cory
Edwards Edwards
Observatory Observatory
Wisconsin Wisconsin
McLaughlin McLaughlin
Haste Haste
Illinois Illinois
Moffitt Moffitt
Silver Silver
Insectary Insectary
Chou Chou
Little Little
Nashville Nashville
Baton Baton
Bowles Bowles
Montana Montana Hartford
Moses Moses
Jefferson Jefferson
East East
Donner Donner
Lansing Lansing
Chvez Chvez
Kentucky Hellman Michigan Kentucky
BART BART
Columbia Columbia
Stadium Stadium
International International
Hertz Hertz
McEnerney McEnerney
Tang Tang
Life Life
Jones Jones
Durham Durham
Columbus Columbus
Salt Salt
Berkeley Berkeley
Boalt Sproul Boalt
Maryland Maryland
West West
Olympia Olympia
Tennessee Tennessee
Martin Martin
Durant Durant
Concord Concord
Simpson Simpson
Madison Madison
Simon Simon
Morrison Morrison
Oregon Oregon
Police Police
Brain Brain
Topeka Topeka
Lower Lower
Nevada Nevada
University University
Austin Austin
Mathematical Mathematical
Valley Valley
Barrows Barrows
Cheyenne Cheyenne
Montgomery Montgomery
Hargrove Hargrove
Foothill Foothill
Springer Springer
Santa Santa
Etcheverry Etcheverry
Trenton Trenton
Maxwell Maxwell
Mulford Mulford
Grinnell Grinnell
Mississippi Mississippi
Cleary Cleary
