Donner Helena Cyclotron Gayley Recreational Phoenix Haas Providence Wurster Haste Life Tallahassee Gilman Foothill Iowa Old Minnesota Ishi Illinois Topeka North Juneau Optometry McCone Santa Donner
25
Old Old
North North
Topeka Topeka
Foothill Foothill
Haas Haas
Cyclotron Cyclotron
Helena Helena
Providence Providence
Optometry Optometry
Life Life
Santa Santa
Minnesota Minnesota
Iowa Iowa
Juneau Juneau
Ishi Ishi
Illinois Illinois
Phoenix Phoenix
Gilman Gilman
Gayley Gayley
Recreational Recreational
McCone McCone
Wurster Wurster
Donner Donner
Haste Haste
Tallahassee Tallahassee
