LeonieHill ChangiPoint SungeiKadut MonksHill Outram Sennett Kranji JurongWestCentral NeeSoon OrangeGrove DefuIndustrialPark OrangeGrove NeeSoon Shipyard KampongUbi BukitBatokCentral MandaiWest YioChuKang AnchorvaleBuangkok KallangWay SungeiRoad Semakau Frankel FarrerPark GreenwoodPark Guilin Sentosa PasirRisPark Victoria SerangoonGarden SingaporePolytechnic Novena TampinesWest YuhuaWestBoonLay LoyangEast ChoaChuKangCentral Springleaf PasirPanjang2 TanjongRhu GeylangBahru AirportRoad ChangiWest ClementiCentral YishunCentral PunggolTownCentre CompassvaleTrafalgar Changi Ridout BishanEast Yishun Phillip TanglinHalt TuasBay LeonieHill
44
Guilin Guilin
GreenwoodPark Trafalgar GreenwoodPark
Novena Townsville Novena
SerangoonGarden SerangoonGarden
Springleaf Springleaf
ClementiCentral ClementiCentral
FarrerPark FarrerPark
SungeiKadut SungeiKadut
YioChuKang Boulevard YioChuKang
MonksHill MonksHill
AirportRoad AirportRoad
KallangWay KallangWay
Shipyard Shipyard
YuhuaWestBoonLay YuhuaWestBoonLay
SungeiRoad SungeiRoad KampongGlam
TuasBay TuasBay
Phillip Phillip
TampinesWest TampinesWest
Sennett Sennett
PasirRisPark SembawangSprings
Kranji Kranji
Victoria Victoria
Ridout Ridout
BishanEast BishanEast
Yishun Yishun
MandaiWest MandaiWest NorthCoast
PasirPanjang2 PasirPanjang2
Semakau Semakau
PunggolTownCentre PunggolTownCentre
Outram Outram
Sentosa Sentosa
OrangeGrove OrangeGrove
TanglinHalt TanglinHalt
NeeSoon NeeSoon
BukitBatokCentral BukitBatokCentral
ChoaChuKangCentral ChoaChuKangCentral
CompassvaleTrafalgar ConeyIsland
AnchorvaleBuangkok AnchorvaleBuangkok
JurongWestCentral JurongWestCentral
DefuIndustrialPark Tyersall DefuIndustrialPark
SingaporePolytechnic SingaporePolytechnic
YishunCentral Woodgrove
ChangiWest ChangiWest
LoyangEast LoyangEast
