Qwilfish Drampa Sandile Simisear Noibat Skiddo Skorupi Lotad Drapion Taillow Scatterbug Meloetta Porygon2 Vullaby Volcarona Magmar Inkay Slurpuff Metang Steenee Wartortle Honedge Kakuna Treecko Seaking Munna Swadloon Tauros Wailord Plusle Weezing Vespiquen Shellder Bastiodon Whismur Bounsweet Froakie Magnemite Shellos Nincada Comfey Magnemite Weepinbell Escavalier Woobat Crawdaunt Amoonguss Stufful Jumpluff Metapod Gengar Drampa Qwilfish
49
Volcarona Volcarona
Meloetta Meloetta
Gengar Gengar
Whismur Whismur
Qwilfish Qwilfish
Simisear Simisear
Metapod Metapod
Woobat Woobat
Sandile Sandile
Steenee Steenee
Nincada Nincada
Swadloon Swadloon
Tauros Tauros
Drapion Drapion
Scatterbug Scatterbug
Vullaby Vullaby
Porygon2 Porygon2
Escavalier Escavalier
Vespiquen Vespiquen
Crawdaunt Crawdaunt
Seaking Seaking
Magnemite Magnemite
Magmar Magmar
Munna Munna
Skorupi Skorupi
Stufful Stufful Conkeldurr
Bastiodon Bastiodon
Noibat Noibat
Weezing Weezing
Froakie Froakie
Taillow Taillow
Metang Metang
Weepinbell Weepinbell
Drampa Drampa
Bounsweet Bounsweet
Slurpuff Slurpuff
Honedge Honedge
Plusle Plusle
Treecko Treecko
Shellder Shellder
Inkay Inkay
Lotad Lotad
Shellos Shellos
Skiddo Skiddo
Amoonguss Amoonguss
Wailord Wailord
Comfey Comfey
Jumpluff Jumpluff
Kakuna Kakuna
