DK CP BM CU AA FB CM DB AU DO DT DM BV EW AB GG EY BF EN CS DL GZ AN AV DZ HE CT CG EF GB CY FP FD DU BH FG DI HC CA FH EA AZ BC EL DD CR GT GX EB AK FZ HB DN BZ EP BW ED FW HJ CE BE GY AG AO FT BL FA CD AY CC AM EQ DP BP GR AT CK ES HF EM GN ET DE GV BR CW BI DX DF CI CX HD EO FN HI DK
94
FA FA
CS CS
BC BC
CA CA
DI DI
BH BH
EY EY
DZ DZ
GB GB
DN DN
HJ HJ
AU AU
BE BE
CW CW
AO AO
CE CE
AN AN
EN EN
DP DP
HE HE
DF DF
DU DU
AB AB
AZ AZ
AG AG
DM DM
DX DX
ED ED
CT CT
FZ FZ
HC HC
FB FB
CP CP
DO DO
EO EO
AK AK
DB DB
CY CY
EA EA
CD CD
CR CR
FP FP
FH FH
EL EL
FG FG
BV BV
DL DL
EP EP
HF HF
FN FN
GX GX
BW BW
DD DD
GY GY
AT AT
EQ EQ
HI HI
EB EB
FT FT
CI CI
AM AM
FW FW
CM CM
BI BI
CK CK
GV GV
ET ET
GZ GZ
EM EM
EW EW
GR GR
BR BR
CC CC
GG GG
BL BL
FD FD
AA AA
CU CU
DE DE
BF BF
AY AY
EF EF
DT DT
ES ES
GT GT
AV AV
HB HB
BM BM
BP BP
CG CG
HD HD
GN GN
BZ BZ
CX CX
