Soda AnthonyHall BerkeleyArtMuseum CalvinLaboratory BotanicalGarden CheitHall BlumHall BlackwellHall DonnerLab ClearyHall KoshlandHall EdwardsStadium CaliforniaHall HertzHall EtcheverryHall LewisHall BancroftLibrary CampbellHall ObservatoryHill FacultyClub EvansDiamond BarrowLane BarrowsHall BARTStation CareerCenter AlumniHouse Soda
26
AlumniHouse AlumniHouse DoeMemorialLibrary
AnthonyHall AnthonyHall Campanile ChouHall
BancroftLibrary BancroftLibrary BoaltHall EastGate
EdwardsStadium BanwayBldg EdwardsStadium
ClearyHall BarkerHall
BarrowLane BarrowLane
BarrowsHall BarrowsHall
BARTStation BARTStation
BerkeleyArtMuseum BerkeleyArtMuseum DavisHall
KoshlandHall BerkeleyWayWest BrainImagingCenter
BlumHall BirgeHall BlumHall
BlackwellHall BlackwellHall
BotanicalGarden BotanicalGarden
CampbellHall EastAsianLibrary CampbellHall
CaliforniaHall CaliforniaHall
CalvinLaboratory CalvinLaboratory ClarkKerrCampus
CareerCenter CareerCenter VLSB
DonnerLab ChanShunAuditorium DonnerLab
CheitHall CheitHall
HertzHall CNMAT
FacultyClub Cory
ObservatoryHill CyclotronRd EshlemanHall
Soda DurantHall
LewisHall Dwinelle
EtcheverryHall EtcheverryHall
EvansDiamond EvansDiamond
