Pantheon Spectre Ezreal Nunu WraithKing Xerath Malphite Tiny Heimerdinger Akali Ziggs CentaurWarrunner Galio Phoenix Jax Lucian CrystalMaiden KogMaw Disruptor Anivia Jayce SpiritBreaker Rumble NightStalker Talon Lux Draven Jinx Morgana BountyHunter Bard Skarner Jhin Kled Lich ChaosKnight Magnus Tailyah Bristleback Maokai Slark Ahri ArcWarden MasterYi TrollWarlord Shyvana Ashe Oracle LoneDruid Pantheon
48
Jinx Jinx
Nunu Nunu
Akali Akali
Spectre Spectre
Anivia Anivia
CrystalMaiden CrystalMaiden
CentaurWarrunner CentaurWarrunner
Oracle Oracle
Xerath Xerath
Jayce Jayce
Disruptor Disruptor
Lux Lux
Jhin Jhin
BountyHunter BountyHunter
Malphite Malphite
Tiny Tiny
Draven Draven
Rumble Rumble
LoneDruid LoneDruid
NightStalker NightStalker
Ezreal Ezreal
Tailyah Tailyah
KogMaw KogMaw
Ziggs Ziggs
Talon Talon
Morgana Morgana
Skarner Skarner
Magnus Magnus
Jax Jax
Lich Lich
Heimerdinger Heimerdinger
Ashe Ashe
ChaosKnight ChaosKnight
Kled Kled
MasterYi MasterYi
Bard Bard
ArcWarden ArcWarden
SpiritBreaker SpiritBreaker
Bristleback Bristleback
Maokai Maokai
Slark Slark
Phoenix Phoenix
TrollWarlord TrollWarlord
WraithKing WraithKing
Ahri Ahri
Galio Galio
Shyvana Shyvana
Lucian Lucian
