L16 L135 L99 L129 L120 L20 L32 L92 L90 L119 L108 L12 L79 L114 L84 L151 L126 L104 L150 L116 L35 L107 L118 L13 L89 L13 L109 L13 L76 L38 L134 L74 L7 L22 L94 L22 L153 L131 L47 L45 L133 L103 L138 L27 L63 L124 L62 L4 L143 L65 L1 L53 L110 L18 L5 L130 L19 L95 L67 L46 L70 L16
54
L4 L4 L149
L35 L106 L35
L7 L7 L24
L62 L62 L82
L134 L125 L134
L94 L78 L91 L85 L94
L95 L95 L152
L131 L131 L141
L32 L83
L119 L119 L75 L80 L72
L16 L29 L16
L47 L146 L47
L114 L114 L140
L89 L89 L11
L104 L104 L9
L18 L18
L133 L144 L133 L68
L20 L20
L130 L130
L150 L150 L87
L126 L126
L92 L92
L79 L100 L79 L52
L143 L43 L40 L143 L147
L13 L139
L84 L56 L84
L124 L93 L124
L153 L153
L76 L76
L74 L74
L116 L2 L101 L8
L103 L103
L138 L138
L109 L109 L21
L12 L28 L12
L70 L77 L70
L53 L53
L108 L142
L151 L151
L38 L38
L107 L107
L90 L90
L27 L27
L46 L145
L1 L1
L65 L65
L67 L67
L110 L110
L120 L128
L129 L129
L63 L61 L63
L99 L99
L22 L22
L5 L5
