192 107 172 83 153 110 50 55 168 45 70 189 53 1 57 120 105 183 72 64 4 103 96 137 27 14 181 136 175 49 131 180 81 148 54 154 178 190 186 163 171 43 112 76 38 84 51 59 155 88 121 3 193 61 68 78 16 93 60 122 34 35 47 135 156 13 91 194 165 141 188 140 151 134 23 77 174 56 40 92 157 144 124 114 39 62 142 65 125 152 133 119 109 75 89 36 98 20 123 150 192
100
62 62
174 174
180 180
40 40
93 93
109 109
91 91
112 112
122 122
13 13
98 98
124 124
45 45
72 72
60 60
123 123
137 137
92 92
152 152
36 36
3 3
38 38
114 114
155 155
49 49
57 57
81 81
50 50
35 35
65 65
134 134
14 14
190 190
43 43
70 70
110 110
64 64
59 59
151 151
121 121
181 181
189 189
154 154
77 77
76 76
157 157
156 156
105 105
89 89
193 193
175 175
16 16
47 47
78 78
27 27
131 131
53 53
178 178
172 172
140 140
119 119
88 88
54 54
56 56
68 68
39 39
163 163
51 51
144 144
171 171
125 125
133 133
120 120
4 4
142 142
23 23
194 194
148 148
186 186
168 168
188 188
34 34
103 103
83 83
20 20
136 136
75 75
192 192
55 55
183 183
84 84
61 61
150 150
107 107
135 135
1 1
165 165
153 153
141 141
96 96
