187 86 153 88 42 37 59 13 47 67 18 142 175 102 128 124 181 71 22 109 131 133 150 148 123 82 127 101 92 184 126 35 53 83 157 159 58 95 65 140 117 180 44 79 114 146 69 39 160 165 137 134 154 89 54 97 135 108 21 90 106 111 25 6 149 169 30 2 77 161 191 136 72 173 166 78 164 87 36 8 144 172 98 45 70 199 185 162 68 187
81
199 63 199
111 111
82 82
106 152 163
133 133
137 33
144 119 52
191 191
173 173
175 175
13 13
181 181
90 90
142 142
6 6 12
36 110 36
148 148
109 109
149 132
30 30
117 117 73
165 165
146 41 146
69 69 93 171
128 128
157 157
150 150
54 54 80 55
102 9
124 23 124
169 169 190
162 162
2 2
77 107
78 78
153 153 29
134 134
161 161
67 67 196
37 120
65 183 65
159 176
184 184
164 164
136 136
187 48
140 140
8 8
72 72
95 95
88 94
92 92
18 18
89 89
87 87
160 160
180 180
53 53
97 97
114 114
172 172
123 15
68 68 7
47 47
127 127
71 71
126 126
58 58
83 83
39 39
70 70
45 32 45
108 108
79 79
154 154
59 59
86 86 156
131 131
44 44
42 42
166 166
