gc gk em ac as co ab cm q fr gm dg u ds et bn b cz cr cp j bv df fh fw dy cg fy br er go am cd ep ck z g cn az db fa eq cy ge bj fi do dp gg dj h aw bp dq ae en dh d gi di gj cq ad bx ap bt bb fn ey cv ao bi el cj ee cl cs p fq fk ff e fe bq a at dn ai v gq bu y es ga dx gn by bc ah gh fd fo ft an bl gc
99
d d
cm cm
ah ah
cs cs
gn gn
dy dy
fd fd
er er
ds ds
bj bj
eq eq
q q
fi fi
ep ep
an an
br br
j j
at at
bt bt
fy fy
dg dg
ad ad
fn fn
bq bq
ap ap
cz cz
gg gg
az az
dq dq
gi gi
et et
dn dn
as as
do do
di di
u u
fw fw
fo fo
am am
bp bp
bi bi
ac ac
cn cn
cg cg
aw aw
dp dp
ab ab
bc bc
en en
by by
cq cq
fr fr dw
ey ey
ao ao
g g
ee ee
ae ae
co co
ck ck
gj gj
dx dx
ga ga
ff ff
fe fe
bx bx
gh gh
go go
bv bv
em em
ft ft
e e
p p
y y
es es
el el
db db
dh dh
cj cj
ai ai
bl bl
fk fk
fq fq
cr cr
gq gq
dj dj
cv cv
gk gk
cl cl
fh fh
v v
a a
fa fa
cp cp
b b
bn bn
ge ge
gm gm
bb bb
bu bu
