LOC60 LOC161 LOC62 LOC120 LOC180 LOC69 LOC68 LOC198 LOC48 LOC188 LOC170 LOC188 LOC194 LOC101 LOC52 LOC75 LOC192 LOC76 LOC59 LOC13 LOC50 LOC107 LOC54 LOC67 LOC8 LOC119 LOC156 LOC46 LOC58 LOC63 LOC117 LOC116 LOC51 LOC133 LOC89 LOC105 LOC145 LOC64 LOC70 LOC153 LOC166 LOC153 LOC60
32
LOC51 LOC51
LOC198 LOC142
LOC170 LOC164 LOC7 LOC170
LOC166 LOC166 LOC160
LOC133 LOC133
LOC48 LOC190 LOC48 LOC36
LOC192 LOC192
LOC64 LOC64
LOC63 LOC63
LOC62 LOC62
LOC59 LOC59
LOC52 LOC52
LOC70 LOC97 LOC70
LOC68 LOC158 LOC56 LOC18 LOC68
LOC105 LOC24
LOC145 LOC145
LOC161 LOC161
LOC46 LOC65 LOC46
LOC8 LOC8
LOC89 LOC89 LOC96 LOC55
LOC180 LOC180 LOC189
LOC13 LOC6
LOC69 LOC108
LOC194 LOC38 LOC194
LOC117 LOC117 LOC139
LOC50 LOC134 LOC144
LOC76 LOC30 LOC177
LOC54 LOC54 LOC72
LOC75 LOC80
LOC116 LOC116
LOC58 LOC58
LOC153 LOC17
