zero two three ten eleven twelve nineteen twentysix thirtythree forty fortyseven fiftyfour sixtyone sixtytwo sixtynine seventysix seventyseven eightyfour seventyeight seventynine eighty eightyseven eightyeight eightyone seventyfour sixtyseven sixtysix sixtyfive fiftyeight fiftyone fortyfour thirtyseven thirtysix twentynine thirty twentythree twentytwo fifteen twentyone fourteen thirteen six five four zero
38
two two
three three
four four
five five
six six
ten ten
twelve twelve
fourteen fourteen
fifteen fifteen
nineteen twenty
twentytwo twentytwo
twentythree twentyfour
twentysix twentyfive
twentynine twentynine thirtyfive
thirty thirty
thirtythree thirtythree thirtyfour
thirtysix thirtysix
thirtyseven thirtyseven
forty thirtynine
fortyfour fortyfour fortyfive
fortyseven fortyseven fortyeight
fiftyone fifty fiftyone
fiftyfour fiftythree fiftyfive
fiftyeight fiftyseven
sixtyone sixty sixtyone
sixtytwo sixtytwo
sixtyfive sixtyfive
sixtysix sixtysix
sixtyseven sixtyseven
sixtynine sixtyeight seventy
seventyseven seventyone seventyseven
seventysix seventyfive
seventyeight seventyeight
seventynine seventynine
eightyone eightyone eightytwo
eightyfour eightyfour
eightyseven eightyseven
eightyeight eightyeight eightynine ninetyfive
