zero six seven fourteen thirteen twelve eleven ten seventeen sixteen fifteen twentyone twenty twentyseven twentysix twentyfive twentyfour twentythree twentytwo twentynine thirtyfive thirtyfour thirtythree thirtytwo thirtyone thirtyeight thirtyseven fortyfour fortythree fortynine fortythree fifty fiftyseven fiftyeight fiftynine sixty sixtyseven sixtysix sixtyfive sixtyfour seventy seventyseven seventyone seventytwo seventynine seventyeight seventynine eighty eightyseven ninetyfour onehunone onehuneight onehunnine onehunten onehuneleven onehuneighteen onehunseventeen onehunsixteen onehuntwentythree onehuntwentyfour onehuntwentythree onehunthirty onehunthirtyseven onehunfortyfour onehunfiftyone onehunfiftyeight onehunsixtyfive onehunsixtysix onehunseventythree onehunseventyfour onehunseventyfive onehunsixtynine onehunseventysix onehuneightytwo onehuneightyone onehuneighty onehuneightyseven onehunninetyfour onehunninetythree onehunninetytwo onehunninetyone onehunninety onehunninetyone onehuneightyfour onehuneightyfive onehunseventyeight onehunseventyone onehunseventy onehunsixtythree onehunsixtyfour onehunfiftyseven onehunfiftyeight onehunfiftynine onehunsixty onehunsixtyone onehunfiftyfour onehunfortyeight onehunfortynine onehunfifty onehunfortythree onehunfortyfour onehunfortyfive onehunfortysix onehunfortyseven onehunforty onehunthirtyfour onehunthirtyfive onehunthirtyfour onehuntwentyseven onehuntwentyeight onehuntwentyone onehuntwenty onehuntwentysix onehunnineteen onehunthirteen onehunsix ninetynine onehunfive ninetyeight ninetyone eightyfour eightythree eightytwo seventyfive seventysix sixtynine sixtytwo fiftyfive fiftyfour fiftythree fiftytwo fortyfive thirtyeight thirtyone twentyfour seventeen ten three two one zero
100
one one
two two
three three
six six
seven seven
ten ten
eleven eleven
twelve twelve
fourteen fourteen
fifteen fifteen
sixteen sixteen
seventeen seventeen
twenty twenty
twentythree twentythree
twentyfive twentyfive
twentysix twentysix
twentyseven twentyseven
twentynine twentynine
thirtythree thirtythree
thirtyfour thirtyfour
thirtyseven thirtyseven
thirtyeight thirtyeight
fortythree fortythree
fortyfour fortyfour
fortyfive fortyfive
fortynine fortynine
fiftytwo fiftytwo
fiftythree fiftythree
fiftyfive fiftyfive
fiftyseven fiftyseven
fiftyeight fiftyeight
sixty sixty
sixtyfour sixtyfour
sixtysix sixtysix
sixtyseven sixtyseven
sixtynine sixtynine
seventy seventy
seventyone seventyone
seventytwo seventytwo
seventyfive seventyfive
seventyseven seventyseven
seventyeight seventyeight
seventynine seventynine
eightytwo eightytwo
eightythree eightythree
eightyfour eightyfour
eightyseven eightyseven
ninetyeight ninetyeight
ninetynine ninetynine
onehunone onehunone
onehuneight onehuneight
onehunten onehunten
onehuneleven onehuneleven
onehunthirteen onehunthirteen
onehunsixteen onehunsixteen
onehunseventeen onehunseventeen
onehuneighteen onehuneighteen
onehunnineteen onehunnineteen
onehuntwentyone onehuntwentyone
onehuntwentythree onehuntwentythree
onehuntwentyfour onehuntwentyfour
onehuntwentysix onehuntwentysix
onehuntwentyseven onehuntwentyseven
onehuntwentyeight onehuntwentyeight
onehunthirty onehunthirty
onehunthirtyfive onehunthirtyfive
onehunforty onehunforty
onehunfortythree onehunfortythree
onehunfortyfour onehunfortyfour
onehunfortyfive onehunfortyfive
onehunfortysix onehunfortysix
onehunfortynine onehunfortynine
onehunfifty onehunfifty
onehunfiftyfour onehunfiftyfour
onehunfiftyseven onehunfiftyseven
onehunfiftynine onehunfiftynine
onehunsixty onehunsixty
onehunsixtyone onehunsixtyone
onehunsixtythree onehunsixtythree
onehunsixtyfour onehunsixtyfour
onehunsixtyfive onehunsixtyfive
onehunsixtysix onehunsixtysix
onehunsixtynine onehunsixtynine
onehunseventy onehunseventy
onehunseventyone onehunseventyone
onehunseventythree onehunseventythree
onehunseventyfour onehunseventyfour
onehunseventyfive onehunseventyfive
onehunseventysix onehunseventysix
onehunseventyeight onehunseventyeight
onehuneighty onehuneighty
onehuneightyone onehuneightyone
onehuneightytwo onehuneightytwo
onehuneightyfour onehuneightyfour
onehuneightyseven onehuneightyseven
onehunninety onehunninety
onehunninetyone onehunninetyone
onehunninetytwo onehunninetytwo
onehunninetythree onehunninetythree
onehunninetyfour onehunninetyfour
