188645 0FB66D FA567E EDC0CA EF4D57 B7B073 A7E9D9 0D7DE7 24CE25 0D7DE7 E954F7 CB09C0 2C101C 35F60D 61EDA9 3ADA02 94D700 DBDC9A A5CCB5 35FF16 E0E349 B3243F 628AB2 B3243F 1276AF 0801CC 19FFAB 4B39CA 825884 D7CAF9 D443EB 8D0852 37F745 7BF2B5 784F83 AE6906 AD298D DD2694 410DA1 70146D 29B2A4 EC05F7 D27DC1 6D778A 36D08C 567883 0FBCDC 7E5598 C0766C 188645
37
35FF16 84EBFF 500783 800641
EC05F7 FD1783 539A92
19FFAB 19FFAB
29B2A4 29B2A4 724A76
DBDC9A DBDC9A 994F93
94D700 94D700
0D7DE7 467AB7
188645 188645
CB09C0 CB09C0
35F60D AA8E14 4FBDE1
D7CAF9 D7CAF9
825884 48C2D5
A7E9D9 A7E9D9
E954F7 E954F7
DD2694 DD2694
7BF2B5 D01E6B
567883 C98FE7 44716B
784F83 784F83 FF8D45
0FBCDC 0A5C0E 0FBCDC
FA567E 9B9BDD B833F0
0801CC 9B0EC2
C0766C 07D80A
6D778A 6D778A
B7B073 B7B073
628AB2 D04F40 628AB2
7E5598 3B1041 AFF8D1
8D0852 8D0852
61EDA9 E09D29
0FB66D 0FB66D
2C101C 2C101C
3ADA02 D5356A 3ADA02
D443EB D443EB
1276AF 1276AF
A5CCB5 A5CCB5
EF4D57 EF4D57
70146D 7E18E9
37F745 37F745
