engine space teaching step war class age reputation significance situation temperature police emphasis flight politics business girl interaction song dealer preparation area office light delivery card mind speech secretary energy series grandmother tool engineering failure process leadership model chapter measurement promotion drawer funeral teacher standard problem material dirt eye meal tax tension data moment beginning accident beer sport director tooth figure choice satisfaction two machine country side drawing piano worker aspect view ear clothes money bus volume idea time answer section birth fact town singer analyst ratio editor performance departure source variation education buyer difficulty understanding sympathy member error menu engine
100
business business
light light
beginning beginning
secretary secretary
drawer drawer
promotion promotion
piano piano
space space
volume volume
speech speech
member member
office office
meal meal
model model
situation situation
standard standard
beer beer
understanding understanding
teaching teaching
worker worker
chapter chapter
machine machine
teacher teacher
time time
preparation preparation
engine engine
card card
choice choice
emphasis emphasis
reputation reputation
satisfaction satisfaction
leadership leadership
politics politics
tax tax
aspect aspect
birth birth
grandmother grandmother
departure departure
money money
performance performance
age age
significance significance
accident accident
difficulty difficulty
interaction interaction
data data
failure failure
class class
eye eye
view view
two two
step step
fact fact
sympathy sympathy
mind mind
country country
engineering engineering
moment moment
funeral funeral
figure figure
editor editor
director director
song song
area area
section section
energy energy
problem problem
buyer buyer
measurement measurement
source source
war war
process process
tension tension
tooth tooth
ear ear
clothes clothes
police police
drawing drawing
tool tool
answer answer
singer singer
education education
side side
variation variation
error error
ratio ratio
analyst analyst
menu menu
delivery delivery
town town
idea idea
series series
sport sport
bus bus
material material
dirt dirt
dealer dealer
girl girl
temperature temperature
flight flight
