S BR W AY X R AP M CN Q BV AN AA CT AD V BG C AU I AZ E BP D CV O AT P AF L U J AS AW BF G CD N AX B AR K CL CB CS H CK AC BK T A AV AB AI S
54
A A
B B
C C
D D
E E
CD F CD
G G
H H
I I
J J
K K
L L
M M
N N
O O
P P
Q Q AE AG AK AO AQ BA BB BC BH BI BJ BL BM BQ BS BT BW BX CA CE CJ CP CQ CR
R R
S S
T T
U U
V V
W W
X X
AY Y Z AY
AA AA
AB AB
AC AC
AD AD
AF AF
AN AH AJ AL AM AN BD BE BN BO BU BY CF CH CI CO CW
AI AI
AP AP
AR AR
AS AS
AT AT
AU AU
AV AV
AW AW BZ CC CM CU
AX AX
AZ AZ
BF BF
BG BG
BK BK
BP BP
BR BR
BV BV
CB CB
CK CK
CL CL
CN CN
CS CS
CT CT
CV CV
