a1 a2 a3 a4 a8 a9 a13 a12 a11 a139 a140 a141 a137 a136 a132 a133 a129 a128 a124 a125 a121 a120 a116 a117 a113 a112 a108 a109 a105 a104 a100 a101 a102 a86 a54 a53 a52 a56 a57 a61 a60 a59 a171 a75 a91 a92 a93 a89 a88 a84 a85 a81 a80 a76 a77 a78 a77 a73 a72 a68 a69 a70 a134 a22 a21 a20 a24 a25 a29 a28 a27 a155 a43 a44 a45 a41 a40 a36 a37 a38 a166 a150 a149 a148 a152 a153 a157 a156 a160 a161 a165 a164 a168 a169 a173 a172 a176 a177 a181 a180 a184 a185 a189 a188 a192 a1
79
a1 a1
a3 a3
a4 a4
a102 a6 a102 a118 a182
a9 a9
a11 a11 a107 a123 a187
a12 a12
a13 a14
a21 a17
a20 a19 a20
a22 a22
a25 a25
a27 a27
a28 a28
a29 a30
a37 a33
a36 a35 a36
a38 a38
a41 a41
a43 a43
a44 a44
a45 a46
a53 a49
a52 a51 a52
a54 a54
a57 a57
a59 a59
a60 a60
a61 a62
a69 a65
a68 a67 a68
a70 a70
a73 a73
a75 a75
a76 a76
a78 a78
a81 a81
a84 a83 a84
a86 a86
a89 a89
a91 a91
a92 a92
a93 a94
a101 a97
a100 a99 a100
a105 a105
a108 a108
a109 a110
a113 a113
a116 a115 a116
a121 a121
a124 a124
a125 a126
a129 a129
a132 a131 a132
a134 a134
a137 a137
a139 a139
a140 a140
a141 a142
a149 a145
a148 a147 a148
a150 a150
a153 a153
a155 a155
a156 a156
a157 a158
a161 a161
a164 a163 a164
a166 a166
a169 a169
a171 a171
a172 a172
a173 a174
a177 a177
a180 a179 a180
a185 a185
a188 a188
a189 a190
