110 168 44 72 182 85 87 66 60 100 81 159 38 181 99 195 163 15 67 91 145 190 122 127 3 138 55 39 171 176 11 142 13 160 98 189 178 148 74 172 92 169 54 47 45 73 76 94 20 25 41 192 144 40 30 170 14 193 123 43 121 6 140 101 46 141 83 5 161 52 19 165 22 53 50 96 64 175 1 36 79 149 126 147 107 0 154 29 28 199 152 26 110
90
178 178
76 76
152 152
190 190
26 90 26
64 64
54 54
36 36
163 163
60 60
160 160
175 175
99 99
141 141 18
44 44
169 197 169
50 50 56
140 51 140
28 28
101 101
195 195 77
47 47
107 107
30 30
172 172
159 159
148 148
29 29
43 43
15 15 132
81 81 124
41 41
87 87
53 53
193 193
11 11
20 20
126 126
6 6 131
25 25
96 96
13 13
147 147
45 45
171 171
165 165
38 38
1 1
72 72
121 121
110 110
123 123
182 182
73 73
0 0
5 5
14 14
55 55
127 127
161 161
98 98
142 142
79 79
199 103 199
170 170
39 39
149 149
92 92
22 22
122 122
66 66
74 74
3 3
85 85
52 52
83 83
100 100
67 67
181 181
19 19
154 154
189 189
94 94
138 138
192 192
91 91
176 176
168 168
145 145
40 40
