xse rsg kfu qol loj ckx ask zud lqm phg jam ybr cek cen ego fin dgl mok vlb adx kxn uuw vmt ceo tlh ksg rir qbf wiy hks fyc vzr nhi nko bse bsc cun nry agh svk mti bda ttw ptu byu ruo xeh fjy eah vjd vtd hmi rjv idv ukv nii tdu tso cma ljd gex pjf wyg lvm nvz qkp qdw xmg bod fia nmf ocp njg wbg qwk igs txq rtc nfr lwk fzi xme vwg jom pvs ikb tko qjf jfh ils hcr xse
82
cma cma
adx adx
ocp ocp
pvs pvs
eah fbk kpp
vtd vtd
cen cen
bda bda
igs aii bdh
nfr lrj nfr
qjf uwo qjf
nii nii
mti mti vvn
ybr ybr
ikb ikb
wyg wyg
xeh xeh
xme khu fhv xme
mok mok
fin fin
fjy vmv fjy
lvm lvm
jom nwc
loj loj
fzi fzi
svk uau svk
ils miy ils
tdu tdu
fia fia
byu byu qxs
hmi hmi
cek uok
qbf qbf
hcr hcr
phg phg
zud zud
qwk hpx
pjf pjf
wiy wiy emz
ttw ttw
cun cun
rtc rtc
nry nry
qkp yug
ptu ptu
vzr jgt vzr
lwk lwk
vjd aeg
nmf nmf
ckx ckx
qdw zkt qdw
uuw uuw
nhi nhi
bod ogh krr bod
nko nko
tso tso
kxn kxn
ceo xjt
tko tko
vwg vwg
dgl dgl
ask zdb
ruo ruo
rsg nsw rsg
rjv rjv
vlb fgp
ego ego
agh bnl
gex gex
ukv ukv
txq txq
jam jam
fyc fyc
wbg wbg
vmt vmt
jfh jfh
ksg ksg
kfu kfu
ljd ljd
tlh tlh
nvz nvz
idv idv
