Vernon Anaheim Industrial Pacheco Temecula Cerro Huron Bradley Bell Moores Tijuana Manker Crestmont Beach California Commonwealth Yankee Forbestown Veterans Delta Escondido Ritter Three Davenport Downtown Ramona Rough Le Winterhaven Brundage Glencoe Capuchino Sulpizio Garcia Louis Bakersfield Sacramento Cabbage Potrero Escalon Coddingtown Buena Quail Terra Smith Bangor Saint Robertsville Stockdale All Strawberry Sunny Armstrong Antelope Timbuctoo Fiorini Richvale Bodad Grasslands Clayton Marshall Industry Warner Parchester Hammer Cressey Calaveras Smoke Lake Wallace Hoffman Kaiser Donner Bonny Woody Pleasant Cambridge Alamo Yurok Cudahy Santa Sherman Costa Chittenden Fox Carmel Helm Del Blue Cypress South Balboa Fullerton Presidio Roseland Dulzura Flinn Mecca Collins Civic Rowland Portola Vernon
100
Davenport Davenport
Smith Smith
Winterhaven Winterhaven
Yankee Yankee
Cressey Cressey
Robertsville Robertsville
Warner Warner
Cerro Cerro
Terra Terra
Wallace Wallace
Temecula Temecula
Quail Quail
Stockdale Stockdale
Carmel Carmel
Clayton Clayton
Richvale Richvale
Le Le
Downtown Downtown
Woody Woody
Three Three
Presidio Presidio
Crestmont Crestmont
Anaheim Anaheim
Bell Bell
Cabbage Cabbage
Industry Industry
Forbestown Forbestown
Mecca Mecca
Bodad Bodad
Industrial Industrial
Portola Portola
Calaveras Calaveras
Antelope Antelope
Kaiser Kaiser
Bakersfield Bakersfield
Strawberry Strawberry
Veterans Veterans
Dulzura Dulzura
Pleasant Pleasant
Escalon Escalon
Brundage Brundage
Hammer Hammer
Manker Manker
Moores Moores
Blue Blue
Grasslands Grasslands
Helm Helm
Saint Saint
Rough Rough
Bonny Bonny
Timbuctoo Timbuctoo
Parchester Parchester
Fox Fox
Pacheco Pacheco
Huron Huron
Balboa Balboa
Roseland Roseland
Capuchino Capuchino
Beach Beach
Fullerton Fullerton
Cudahy Cudahy
Civic Civic
Potrero Potrero
Bangor Bangor
Santa Santa
Ramona Ramona
Garcia Garcia
Cambridge Cambridge
Ritter Ritter
Sherman Sherman
Costa Costa
Fiorini Fiorini
Louis Louis
Hoffman Hoffman
Lake Lake
Buena Buena
Alamo Alamo
California California
Collins Collins
Donner Donner
Coddingtown Coddingtown
Glencoe Glencoe
Yurok Yurok
Rowland Rowland
Marshall Marshall
Sunny Sunny
Sacramento Sacramento
Flinn Flinn
Chittenden Chittenden
Armstrong Armstrong
Delta Delta
Tijuana Tijuana
All All
Smoke Smoke
Bradley Bradley
South South
Sulpizio Sulpizio
Cypress Cypress
Del Del
Escondido Escondido
