loc0 loc45 loc119 loc9 loc17 loc47 loc105 loc129 loc5 loc139 loc65 loc25 loc183 loc97 loc161 loc195 loc33 loc109 loc63 loc193 loc165 loc77 loc21 loc11 loc75 loc115 loc35 loc83 loc15 loc89 loc39 loc151 loc173 loc85 loc91 loc187 loc197 loc99 loc57 loc87 loc51 loc145 loc125 loc53 loc81 loc23 loc155 loc95 loc71 loc37 loc181 loc113 loc133 loc73 loc93 loc179 loc157 loc163 loc27 loc131 loc107 loc67 loc199 loc121 loc3 loc43 loc13 loc147 loc41 loc101 loc149 loc55 loc167 loc19 loc69 loc127 loc135 loc123 loc169 loc117 loc79 loc103 loc0
81
loc121 loc1 loc31 loc121
loc3 loc3
loc5 loc5
loc129 loc7 loc129 loc175
loc9 loc9
loc11 loc11
loc13 loc13 loc185
loc15 loc15
loc17 loc17 loc189
loc19 loc19
loc21 loc21
loc23 loc23
loc25 loc25
loc27 loc27
loc139 loc29 loc139 loc143 loc171
loc33 loc33 loc141 loc177
loc35 loc35
loc37 loc37
loc39 loc39
loc41 loc41
loc43 loc43
loc45 loc45 loc159
loc47 loc47
loc119 loc49 loc119
loc51 loc51
loc53 loc53
loc55 loc55
loc57 loc57
loc107 loc59 loc107
loc85 loc61 loc85
loc63 loc63
loc65 loc65 loc153
loc67 loc67
loc69 loc69
loc71 loc71
loc73 loc73
loc75 loc75
loc77 loc77
loc79 loc79
loc81 loc81 loc111
loc83 loc83
loc87 loc87
loc89 loc89
loc91 loc91
loc93 loc93
loc95 loc95
loc97 loc97
loc99 loc99
loc101 loc101
loc103 loc103
loc105 loc105
loc109 loc109
loc113 loc113
loc115 loc115
loc117 loc117
loc123 loc123
loc125 loc125
loc127 loc127
loc131 loc131
loc133 loc133
loc135 loc135
loc167 loc137 loc167
loc145 loc145
loc147 loc147
loc149 loc149
loc151 loc151
loc155 loc155
loc157 loc157
loc161 loc161
loc163 loc163
loc165 loc165
loc169 loc169
loc173 loc173
loc179 loc179
loc181 loc181 loc191
loc183 loc183
loc187 loc187
loc193 loc193
loc195 loc195
loc197 loc197
loc199 loc199
