Ippudo Platano Gypsys EastAsianLibrary Campbell HearstMining Chipotle HAAS Mezzo BerkeleyArtStudio Mezzo GiauqueHall Morganhall Jupiter TopDog Jupiter LatimerHall Tilden Gather Spats Evans DavisHall TukTukThai BSC ClarkKerr Plentea ClarkKerr Stern HortonHall Underhill SteamTrains Underhill Homeroom LaNote Toss YogurtPark GreatChina YogurtPark OptometryBuilding LaBurrita BerkeleyBart BigC BerkeleyBart HappyLemon BerkeleyWayWest Artichokes SnackShack AmoebaMusic LeConte Cafe3 LeConte AshaTeaHouse Bowles Namaste EastBaySpiceCompany HesseHall Kips HesseHall ThaiBasil SuperDuperBurgers Pappys HearstAnnex McDonalds HearstAnnex Bowles SmokesPoutinerie Flavia AndrewsApartment UrbanOutfitters AndrewsApartment Flavia PurpleKow PeoplesCafe SweetheartCafe Ikes Fengcha UniversityVillage TToust BobaNinja TennisCourts BobaNinja TToust Crossroads SouthHall BobbyGPizza Marugame Gadani Rachas NatApartment HildebrandHall Soda Platano Ippudo
57
HortonHall HortonHall Shengkee Slivers
SteamTrains KroeberHall JambaJuice
LatimerHall LatimerHall
SmokesPoutinerie LewisHall SmokesPoutinerie TheDwight
Morganhall Morganhall
McDonalds Morrisonhall McDonalds
ThaiBasil MulfordHall ThaiBasil
DavisHall NorthHall
YogurtPark OptometryBuilding TraderJoes Target
AshaTeaHouse AshaTeaHouse Safeway
Fengcha Bonchon Fengcha
TopDog Firewings TopDog
HappyLemon HappyLemon
SouthHall Ucha
Artichokes Artichokes LowerSproul
LaNote TacoBell ExtremePizza LaNote
Ikes Gongcha Ikes Eureka
Chipotle Yifang Chipotle
AndrewsApartment UCafe Wheeler GrizzlyPeak AndrewsApartment
BerkeleyBart SproulHall
TennisCourts TPTea Cheeseboard
GreatChina SatherGate GreatChina
Namaste StrawberryCreek Namaste
BigC BigC TenderGreens
ClarkKerr ClarkKerr TripleRock
Crossroads Crossroads BanshoRamen
Cafe3 Cafe3 ThaiNoodle
BobbyGPizza Raretea ImmThai
Underhill Underhill Wikiwiki
Marugame Marugame
Kips Kips Muraccis
Pappys Pappys
NatApartment BetaLounge Rachas
Spats Spats WursterHall
UrbanOutfitters Cornerstone UrbanOutfitters
Plentea Plentea PokeBar
GiauqueHall Milkbomb
Campbell MemorialGlade
EastAsianLibrary EastAsianLibrary LittleCampanile
Mezzo Mezzo
LaBurrita Teazone LaBurrita
BerkeleyArtStudio Quicklys SaturnCafe BerkeleyArtStudio
Gypsys Gypsys
SnackShack SnackShack AmoebaMusic
BSC BSC
Platano Platano
EastBaySpiceCompany EastBaySpiceCompany
PeoplesCafe PeoplesCafe
SuperDuperBurgers SuperDuperBurgers
Gadani HalalGuys Gadani
Homeroom TheHabit Homeroom
LeConte ChezPanisse
BobaNinja BobaNinja
SweetheartCafe SweetheartCafe
TukTukThai TukTukThai Venus
Gather Gather
Jupiter Jupiter
