Soda BerkeleyWayWest Campanile Evans BotanicalGardens HearstMining Dwinelle HavilandHall Foothill LeConte Etcheverry Unit2 BancroftLibrary Blackwell Unit1 SouthHall DavisHall Moffit CanyonPool Barrows CaliforniaHall HilgardHall Gilman Cory Campbell GiauqueHall AlumniHouse InternationalHouse MemorialStadium LawrenceHall GreekTheatre Doe Soda
22
Evans Evans BAMPFA
Doe Doe Bowles
HearstMining HearstMining
BerkeleyWayWest Wheeler BerkeleyWayWest
Campanile Campanile
LeConte LeConte
Moffit Moffit
Dwinelle Dwinelle
SouthHall SouthHall
Gilman Gilman
CaliforniaHall CaliforniaHall
BancroftLibrary BancroftLibrary
Blackwell DurantHall
DavisHall Stern
Campbell Campbell
GreekTheatre GreekTheatre
LawrenceHall LawrenceHall
InternationalHouse InternationalHouse
Unit1 Unit1
Unit2 Unit2
Barrows Unit3
Foothill Foothill
