S F E J O W G 7 12 17 Q Q3 127 E3 J3 O3 77 G3 91 76 70 K3 64 M3 N3 V3 85 86 W3 C3 D3 I3 104 T3 104 I3 D3 X3 Y3 82 68 62 57 B3 53 49 V2 P2 K2 J2 O2 U2 T2 N2 I2 H2 M2 R2 Z2 Y2 X2 R Q2 L2 G2 11 I 1 V N U 4 M 6 T 8 P B S
58
E A E
B B
4 C
U D U
F F K
G G
T H T
I I
J J
7 L
M M
N N
O O
P P
Q Q
R R
V V
W W X
11 Y
6 Z
53 A2
G2 B2 G2
H2 C2 H2
I2 D2 I2
J2 E2 J2
K2 F2 K2
L2 L2
M2 M2
N2 N2
O2 O2
P2 P2
Q2 Q2
R2 R2
T2 T2
U2 U2
V2 V2
X2 W2 X2
Y2 Y2
Z2 Z2 Z3
B3 A3 B3
C3 C3
D3 D3
E3 E3
K3 F3 K3
G3 G3
91 H3 L3
I3 I3
J3 J3
M3 M3
N3 N3 U3
O3 O3
64 P3
Q3 Q3
T3 R3 T3
V3 V3
W3 W3
X3 X3
Y3 Y3
