hutmk omjfc dowbf yaxts ablxw rlfxc lnfiu aeomh otirh yiodb ywion ijofp bcrwj gxdqt xeljy misyc lsnhz mlfbi oscrv xintv coubd xnysi cursl tyuep zsehb tiyfv lcghr yzaje ugyls vmgxh hopbn qdzgs tejxc aqzce axmwy ounwr artvi abupm mzlsn spuoi ynfag qtmld ugamb hutmk
38
oscrv oscrv
hopbn hopbn
mlfbi mlfbi
lcghr lcghr
aqzce aqzce
mzlsn mzlsn
zsehb zsehb
tyuep tyuep
coubd coubd urlkt
yzaje yzaje
lnfiu lnfiu
cursl cursl
omjfc omjfc
qdzgs qdzgs
xintv xintv
ywion ywion ijvuq
gxdqt gxdqt
qtmld vczkh
yiodb yiodb
rlfxc rlfxc
aeomh aeomh
artvi artvi
vmgxh vmgxh
ugamb ugamb
ablxw ablxw
otirh otirh
ugyls ugyls
tejxc tejxc
xeljy xeljy
yaxts yaxts
spuoi spuoi
xnysi xnysi
dowbf dowbf
misyc misyc
bcrwj bcrwj
lsnhz lsnhz
axmwy axmwy
ijofp ijofp
