hdpxs osxbc cihba wnelr rchbw frhgc lmwpk cqsby ahnds bwknx wotiq vgwoi dkjro ohzfn iyuas xnpwq ktzce uiogl sxdiu hwmzn nqtru rlumh mlibf tmwdy pytwh gstwp pytwh ehqyk yqfdk zcjqx ypdnb fjdqi oxuqn rzvtg ayrgb tjake mhuad cxdes oewcd osvgp rdoqk stflc syoxf gdnim lpudv evsbm yvbse pgqva maqho qbdwz wajol xcvow aedvq pihld mujil kzwah qpbmc wkbuf kjihy syoxv mhekz gufvs tkwle bkfuc armnk btwzv bdevm ebwcp rjuxc wdquv qckjp uklga zqjxb jhlus ymcfp lnjxt yazqf dbjxw glrpy yqtob qhvsb vobqh drojn xlrzc kscoz jcwpu joztf cxajk evtgj qhibx mtcsd oaeyh rjdai tndwl zntkr wcjeg gdovn utdhx qsmkj vcwfj htkwy bsvth oxitr hdpxs
99
mlibf mlibf
sxdiu sxdiu
qpbmc qpbmc
uiogl uiogl
uklga uklga
maqho maqho
yqtob yqtob
mujil mujil
tmwdy tmwdy
fjdqi fjdqi
xlrzc xlrzc
oxitr oxitr
nqtru nqtru
bdevm bdevm
ayrgb ayrgb
lnjxt lnjxt
armnk armnk
gdnim gdnim
zqjxb zqjxb
yqfdk yqfdk
drojn drojn
ohzfn ohzfn
jcwpu jcwpu
wotiq wotiq
joztf joztf
pytwh pytwh
cxdes cxdes
tndwl tndwl
qhibx qhibx
aedvq aedvq
ymcfp ymcfp
stflc stflc
wajol wajol
kscoz kscoz
mtcsd mtcsd
pgqva pgqva
btwzv btwzv
ahnds ahnds
utdhx utdhx
rjuxc rjuxc
dkjro dkjro
xnpwq xnpwq
frhgc frhgc
osvgp osvgp
bsvth bsvth
rjdai rjdai
qckjp qckjp
lmwpk lmwpk
wnelr wnelr
rlumh rlumh
syoxf syoxf
qbdwz qbdwz
zcjqx zcjqx
yazqf yazqf
vgwoi vgwoi
bkfuc bkfuc
cihba cihba
dbjxw dbjxw
gufvs gufvs
kjihy kjihy
iyuas iyuas
syoxv syoxv
zntkr zntkr
jhlus jhlus
ebwcp ebwcp
bwknx bwknx
rchbw amfiz rchbw
cqsby cqsby
wkbuf wkbuf
kzwah kzwah
yvbse yvbse
htkwy htkwy
oewcd oewcd
oaeyh oaeyh
evtgj evtgj
cxajk cxajk
pihld pihld
lpudv lpudv
qsmkj qsmkj
mhekz mhekz
vcwfj vcwfj
ehqyk ehqyk
gdovn gdovn
gstwp gstwp
hwmzn hwmzn
tkwle tkwle
mhuad mhuad
oxuqn oxuqn
tjake tjake
wdquv wdquv
xcvow xcvow
evsbm evsbm
wcjeg wcjeg
rzvtg rzvtg
vobqh vobqh
osxbc osxbc
ktzce ktzce
ypdnb ypdnb
qhvsb qhvsb
