Hayward Asheville Durham Deltona Corona Modesto Hampton RichmondCounty Charlotte Hickory Winston Wilmington PuntaGorda Kennewick Sebastian Atlanta Abilene Downey SaintLouis BelAir York NewBedford Aurora Tucson Bradenton Huntsville Yonkers Omaha Topeka Montgomery NewOrleans Burbank Newark McHenry Asheville Hayward
32
PuntaGorda PuntaGorda
Hickory Tyler HuntingtonBeach Hickory
Montgomery ThousandOaks SantaCruz
Tucson PalmBay Tucson
Kennewick Barnstable NewYorkCity Kennewick
Yonkers Yonkers Waterloo
Burbank Burbank Chicago
McHenry McHenry Springdale Torrance
SaintLouis Harlingen
Charlotte Charlotte
Omaha Omaha
Topeka Topeka
Deltona Deltona
Atlanta Danbury Atlanta
Downey Downey
Asheville Asheville CedarRapids
Huntsville McAllen Huntsville
Abilene GrandRapids
BelAir BelAir Monroe
Aurora Aurora Bakersfield
Wilmington LakeCharles
Bradenton Bradenton SaintPaul
RichmondCounty RichmondCounty
Modesto Modesto
Winston Tampa Memphis
Hayward SantaClara
Durham Durham Bloomington
Newark Newark
NewBedford NewBedford
York York
NewOrleans Waco
Hampton Hampton
