IvOdahrtFwzZ fblrDraNAUxK IQvKLYGCcCbd cQFNlImsTWTM wXjNgGRCXYRl sFSBpaJxLpBT TZmWJenJbEsV ZPYnROAizafx zCWezcJmUGqs nlzJUuBrsbXD cRekprdsHHWw quZcTYtpBjSn NxxrxPgsnMqG EOKLHvbbCToE dXlgwkdKhUmB EKWhDcEeEkGK nschEYWjrAsr ypApeqMQPnQA aSpDrTbKBytW fiHhqLtPfdZy vkOqMvrCUWYf mZUBOQTZyXOM cpNycWVdmzHJ TTwdgXpOLyxF TglqUXfjbefC PKHkuTHeRXhO WRiugWLCujBI zcAOlsVDUDkc qlMzHEurfTvO WHSGrQQrrotE WnABnktZDxMx evRMhyiHKGXv gXcuqckdTdIP WsLfQLsirtHk FkNlSGMBOUbz UYTxhnOtiPHB zOkfhFVfOKVi AQgpWBullbIi EwXugPkGUVkm DiKlonktcqTP OIjApACwnyqG wHeDieHMYzAK oKIKkmsSWzmH ubtvaUeVUfmV zypYDSZfKAvD GvyjKkGcUdcI QFfSmYtuSTPl AoaIXEzdsCrm mvdksSctoMVi jXgKDXnEJsra IfTQNEFsiTgr YGzazHdyrGCd hLCSOZLNEdhX xXoCKkdkKAne nyTRNDRCsANl lRgeGnDJBtMa RGYiIUdVAiVL sTgUExIipvWV PFpQuVVRxbvV gkTmCiZxFrJw NMSHhfMtAJZb WWtfhwMSzfGW HVwGkspnDHbf JNoAmCxHcsYw QZQElPdcHxru gJMLzBkWmUoV qxhFFIUEfnzV YvLRANdegrdA ppfBOAvWYXyJ pjemGRILnFei QDhUZstsJKtV UGahWpWtmUQn ybLCwZqVZKud QxNjgiXciQma AhJBAeSEuUkL LNoKVqXhLEzn yVSfaizVeLPT mgKEFEWheOqk qFGlIHDqKyPA uzYTzVwixczQ XwPJYwaGcHxO lznMKRYSMheH yFQWQWtUUMle nxbMBCPhfQij touUfboeiIya ctZWqndwhbJm IcNVObbuvzWY aXlcDzbXwAJW ocysUjOwnenm RQBxIsRWzmfl SKbQkQUhqQEt jXOmYlZmvqnI nKmMbiEuiffc hPSXtHMMyKAK KtoZVrQmJWki tARvBeqQDqSY HEwqlaeMfSzl oOIjuHJcVRiV yHOsEGOhjOLt JpwDMOwQmqOp WUqhotrexTBp IvOdahrtFwzZ
100
qxhFFIUEfnzV qxhFFIUEfnzV
jXOmYlZmvqnI jXOmYlZmvqnI
touUfboeiIya touUfboeiIya
fiHhqLtPfdZy fiHhqLtPfdZy
zypYDSZfKAvD zypYDSZfKAvD
UGahWpWtmUQn UGahWpWtmUQn
PFpQuVVRxbvV PFpQuVVRxbvV
WsLfQLsirtHk WsLfQLsirtHk
WRiugWLCujBI WRiugWLCujBI
ybLCwZqVZKud ybLCwZqVZKud
RGYiIUdVAiVL RGYiIUdVAiVL
NxxrxPgsnMqG NxxrxPgsnMqG
vkOqMvrCUWYf vkOqMvrCUWYf
PKHkuTHeRXhO PKHkuTHeRXhO
ppfBOAvWYXyJ ppfBOAvWYXyJ
cQFNlImsTWTM cQFNlImsTWTM
ubtvaUeVUfmV ubtvaUeVUfmV
QDhUZstsJKtV QDhUZstsJKtV
IQvKLYGCcCbd IQvKLYGCcCbd
nlzJUuBrsbXD nlzJUuBrsbXD
gkTmCiZxFrJw gkTmCiZxFrJw
zOkfhFVfOKVi zOkfhFVfOKVi
GvyjKkGcUdcI GvyjKkGcUdcI
TglqUXfjbefC TglqUXfjbefC
HEwqlaeMfSzl HEwqlaeMfSzl
EwXugPkGUVkm EwXugPkGUVkm
gXcuqckdTdIP gXcuqckdTdIP
XwPJYwaGcHxO XwPJYwaGcHxO
SKbQkQUhqQEt SKbQkQUhqQEt
WUqhotrexTBp WUqhotrexTBp
WHSGrQQrrotE WHSGrQQrrotE
TZmWJenJbEsV TZmWJenJbEsV
evRMhyiHKGXv evRMhyiHKGXv
lznMKRYSMheH lznMKRYSMheH
zcAOlsVDUDkc zcAOlsVDUDkc
IfTQNEFsiTgr IfTQNEFsiTgr
oKIKkmsSWzmH oKIKkmsSWzmH
nschEYWjrAsr nschEYWjrAsr
sFSBpaJxLpBT sFSBpaJxLpBT
RQBxIsRWzmfl RQBxIsRWzmfl
jXgKDXnEJsra jXgKDXnEJsra
xXoCKkdkKAne xXoCKkdkKAne
lRgeGnDJBtMa lRgeGnDJBtMa
qFGlIHDqKyPA qFGlIHDqKyPA
fblrDraNAUxK fblrDraNAUxK
WnABnktZDxMx WnABnktZDxMx
AoaIXEzdsCrm AoaIXEzdsCrm
EOKLHvbbCToE EOKLHvbbCToE
cpNycWVdmzHJ cpNycWVdmzHJ
ocysUjOwnenm ocysUjOwnenm
yHOsEGOhjOLt yHOsEGOhjOLt
UYTxhnOtiPHB UYTxhnOtiPHB
nKmMbiEuiffc nKmMbiEuiffc
ctZWqndwhbJm ctZWqndwhbJm
TTwdgXpOLyxF TTwdgXpOLyxF
mvdksSctoMVi mvdksSctoMVi
yVSfaizVeLPT yVSfaizVeLPT
ypApeqMQPnQA ypApeqMQPnQA
NMSHhfMtAJZb NMSHhfMtAJZb
hLCSOZLNEdhX hLCSOZLNEdhX
qlMzHEurfTvO qlMzHEurfTvO
JpwDMOwQmqOp JpwDMOwQmqOp
gJMLzBkWmUoV gJMLzBkWmUoV
wXjNgGRCXYRl wXjNgGRCXYRl
HVwGkspnDHbf HVwGkspnDHbf
hPSXtHMMyKAK hPSXtHMMyKAK
sTgUExIipvWV sTgUExIipvWV
mgKEFEWheOqk mgKEFEWheOqk
YGzazHdyrGCd YGzazHdyrGCd
IcNVObbuvzWY IcNVObbuvzWY
QxNjgiXciQma QxNjgiXciQma
uzYTzVwixczQ uzYTzVwixczQ
quZcTYtpBjSn quZcTYtpBjSn
zCWezcJmUGqs zCWezcJmUGqs
YvLRANdegrdA YvLRANdegrdA
WWtfhwMSzfGW WWtfhwMSzfGW
nyTRNDRCsANl nyTRNDRCsANl
KtoZVrQmJWki KtoZVrQmJWki
LNoKVqXhLEzn LNoKVqXhLEzn
ZPYnROAizafx ZPYnROAizafx
AQgpWBullbIi AQgpWBullbIi
AhJBAeSEuUkL AhJBAeSEuUkL
QFfSmYtuSTPl QFfSmYtuSTPl
tARvBeqQDqSY tARvBeqQDqSY
pjemGRILnFei pjemGRILnFei
EKWhDcEeEkGK EKWhDcEeEkGK
yFQWQWtUUMle yFQWQWtUUMle
JNoAmCxHcsYw JNoAmCxHcsYw
aXlcDzbXwAJW aXlcDzbXwAJW
oOIjuHJcVRiV oOIjuHJcVRiV
mZUBOQTZyXOM mZUBOQTZyXOM
cRekprdsHHWw cRekprdsHHWw
FkNlSGMBOUbz FkNlSGMBOUbz
wHeDieHMYzAK wHeDieHMYzAK
dXlgwkdKhUmB dXlgwkdKhUmB
OIjApACwnyqG OIjApACwnyqG
nxbMBCPhfQij nxbMBCPhfQij
aSpDrTbKBytW aSpDrTbKBytW
QZQElPdcHxru QZQElPdcHxru
DiKlonktcqTP DiKlonktcqTP
