0 65 147 191 194 111 178 67 151 134 34 31 130 10 47 79 102 141 1 188 7 173 50 166 108 187 27 39 64 75 91 116 12 62 184 138 17 87 135 60 110 44 15 101 186 136 11 81 118 16 52 132 26 113 61 25 18 30 95 5 89 106 170 42 35 2 6 2 38 168 22 155 197 162 160 66 55 142 40 9 73 198 49 124 121 24 93 71 21 0
78
173 173 96
124 124
141 164 104 141
79 79 196
6 6
60 80 60
1 1
135 135
47 179 163
110 110
18 18 171
35 35
160 160
170 193 161
50 50 83
81 129
147 147
108 140 108
42 42
26 26
38 150 38
10 119 10
91 91
95 123 95
138 138
21 21
9 152 9
101 101 68
73 73 59
87 87 157
166 158
111 111
22 22
178 178
142 142
31 31
121 156
130 145 130
168 168
184 184
162 162 189 109
106 56
16 16
30 30
5 5
17 17 172
40 40
187 187
27 27
34 36 34
194 194
102 102
25 25
71 71
12 12
67 67
61 61
89 89
52 122
136 136
55 55
24 24
118 118
186 105
151 151
49 49
155 155
197 23
11 11
7 7
198 198
93 93
2 144
15 15
66 66
39 39
62 62
75 75
