Soda C9 D5 D7 D4 E1 C3 D8 B9 D9 D1 B8 A7 C9 Soda A C J I C A B H AB Z Y N G A F M W AC M F A D K AI T K D A E Q U AG V P E A Soda A5 A9 B7 B5 C1 D3 D6 A5 Soda C5 E3 E4 C6 B1 E5 B2 C5 Soda a0 c5 e3 e4 c6 b1 e5 b2 c5 a0 c9 d5 d7 d4 e1 c3 d8 b9 d9 d1 b8 a7 c9 a0 a5 d6 d3 c1 b5 a8 a3 a4 a9 a5 a0 Soda a h ak al s g a b m ad l k ab k b a e p ag af ae n d a i x u v ao ap y j aa at as z aa j i a Soda
74
A7 A1 A7
B5 A3 B5
A5 A5
A9 A9
B1 B1 E7
E5 B3 E5
B7 B7
B9 B9
C1 C1
C3 C3
C5 C5
B2 C7
C9 C9
D1 D1
D3 D3
D5 D5
D7 D7
D9 D9
E1 E1
E3 E3
AB AB
Y AP
N N
H H
J J
I AF
AI AS AU AW
T T
P P
AG AG
Q Q
AC AC
W AO
b b
d d
g f
h h
j j
l l ax
n n
p p
ak r t aj
v v
x x
z z
ab ab av
ad ad
af af
ag ah
al al
u an
ap ap
as ar
at at
a7 a1 a7
a3 a3
a5 a5
a9 a9
b1 b1 e7
e5 b3 e5
b5 b5 b7
b9 b9
c1 c1
c3 c3
c5 c5
b2 c7
c9 c9
d1 d1
d3 d3
d5 d5
d7 d7
d9 d9
e1 e1
e3 e3
