Jason Kelsey Wendy Susan Kristen Brett Rebekah Crystal Monica Alexandra Nicholas Laura Gabriel Brian Christina Carrie Stacie Ronnie Jeffery Ricky Derek Wayne Elizabeth Stephen Rachel Andrew Gregory Roy Nathaniel Heather Tammy Kara Cheryl Joshua David Kyle Brittany Evan Brad Jeffrey Robert Samantha Shannon April Robin Randy Melinda Dustin Mary Jane Scott Paul Michelle Mark Regina Kayla John Nicole Jose Tommy Juan Karen Lauren Charles Carol Amanda Jennifer Kathy Shawn Sabrina Joseph Adam Misty Jill Edwin Dana Adrian Katelyn James Johnathan Megan Bryan Jacqueline Kimberly Ashley Melissa Jordan Mario Claire Tristan Shane Dylan Rebecca Kari Grace Mercedes William Cristian Logan Timothy Jeremy Jason
100
Derek Derek
Nathaniel Nathaniel
Heather Heather
Gabriel Gabriel
Adam Adam
Misty Misty
Shannon Shannon
Samantha Samantha
Katelyn Katelyn
Adrian Adrian
John John
Nicole Nicole
Brad Brad
Claire Claire
David David
Lauren Lauren
Joshua Joshua
Mario Mario
Roy Roy
Kara Kara
Johnathan Johnathan
Dana Dana
Cristian Cristian
Ricky Ricky
Tristan Tristan
Paul Paul
Laura Laura
Stacie Stacie
Jose Jose
Melissa Melissa
Kari Kari
Evan Evan
Carol Carol
Carrie Carrie
Brian Brian
Andrew Andrew
Jeffery Jeffery
Robert Robert
Mark Mark
Regina Regina
Kelsey Kelsey
Wayne Wayne
Megan Megan
Jeffrey Jeffrey
Shane Shane
Timothy Timothy
Joseph Joseph
Charles Charles
Crystal Crystal
William William
Mary Mary
Cheryl Cheryl
Rebekah Rebekah
Shawn Shawn
Dustin Dustin
Jacqueline Jacqueline
Logan Logan
Gregory Gregory
Kimberly Kimberly
Amanda Amanda
Christina Christina
Rebecca Rebecca
Scott Scott
Mercedes Mercedes
Dylan Dylan
Wendy Wendy
Kayla Kayla
Edwin Edwin
Michelle Michelle
Stephen Stephen
Kristen Kristen
Brett Brett
Karen Karen
Ronnie Ronnie
Jill Jill
Sabrina Sabrina
Elizabeth Elizabeth
Tommy Tommy
James James
Juan Juan
Brittany Brittany
Kathy Kathy
Susan Susan
Monica Monica
Bryan Bryan
Jane Jane
Alexandra Alexandra
Grace Grace
April April
Nicholas Nicholas
Jennifer Jennifer
Jeremy Jeremy
Kyle Kyle
Tammy Tammy
Ashley Ashley
Jordan Jordan
Melinda Melinda
Rachel Rachel
Robin Robin
Randy Randy
