Granbull Electrode PorygonZ Grumpig Budew Relicanth Unown Swanna Absol Hitmontop Machamp Happiny Pidgeot Mudsdale Greninja Tsareena Masquerain Cosmog Crawdaunt Azurill Krookodile Cascoon Magikarp Jirachi Kangaskhan Lombre Diggersby Metapod Chespin Heliolisk Mantine Carnivine Wailord Amoonguss Slakoth Chatot Klang Lapras Sylveon Rufflet Quilava Whiscash Trumbeak Mawile Spinda Blissey Magmar Binacle Serperior Bergmite Jolteon Staryu Machamp Reshiram Carbink Bronzor Mightyena Tyrunt Charizard Glalie Mimikyu Beedrill Butterfree Cubone Fletchling Cubone TypeNull Floette Typhlosion Bulbasaur Reuniclus Bulbasaur Granbull
60
Tsareena Tsareena Gliscor Feraligatr
Absol Absol Lileep
Unown Unown Electrike
Bronzor Roserade Bronzor
Staryu Dustox Deoxys Nuzleaf
Heliolisk Heatran Cinccino Raichu
Butterfree Butterfree
Happiny Ampharos Happiny Magmortar
Spinda Spiritomb Spinda
Binacle Torchic Binacle Whimsicott Exeggcute
Cosmog Cosmog
Rufflet Arbok Lampent Rufflet
Cascoon Cascoon
Lapras Torracat Goomy Lapras
Typhlosion Chinchou Typhlosion
Crawdaunt Crawdaunt
Slakoth Slakoth Ninjask
Mimikyu Mimikyu
Quilava Quilava Crabominable
Kangaskhan Kangaskhan Skitty
Whiscash Rockruff Whiscash
Sylveon Bonsly Sylveon
Grumpig Grumpig
Budew Budew
Mawile Mawile
Beedrill Beedrill
Greninja Greninja Torkoal
Bergmite Malamar Bergmite
Jolteon Buizel Jolteon
Mantine Mantine
Charizard Charizard
Relicanth Relicanth Floatzel
Cubone Cubone
Krookodile Krookodile Corphish
Serperior Heatmor Charmander Serperior
Swanna Swanna
Diggersby Diggersby Darkrai
Carbink Metagross Infernape Carbink
TypeNull TypeNull
Amoonguss Lycanroc Golbat
Mightyena Mightyena
Floette Floette
Jirachi Jirachi
Mudsdale Mudsdale Vivillon
Reuniclus Reuniclus
Machamp Remoraid Machamp
Magmar Magmar
Reshiram Reshiram
Electrode Electrode Flygon
Hitmontop Hitmontop
Trumbeak Trumbeak
Metapod Metapod
Fletchling Probopass
Carnivine Carnivine
Pidgeot Pidgeot
PorygonZ PorygonZ Luvdisc
Glalie Glalie
Chespin Chespin
Blissey Blissey
Chatot Chatot
