Florges Stufful Omastar Flaaffy Palkia Girafarig Serperior Poliwag Purrloin Sentret Celebi Moltres Gastrodon Shaymin Furfrou Persian Furfrou Scolipede Bisharp Bayleef Aurorus Carracosta Doublade Hitmonlee Yanmega Roggenrola Wormadam Bergmite Togetic Bewear Snorlax Celesteela Dusknoir Kricketot Primarina Wailmer Poliwrath Zapdos Caterpie Pichu Dialga Volbeat Buzzwole Hakamoo Lillipup Infernape Bouffalant Palossand Bidoof Piloswine Bidoof Manectric Zubat Regice Chansey Tentacruel Delibird Cascoon Timburr Machoke Hippopotas Cherrim Toxapex Ralts Toxapex Tsareena Weepinbell Vespiquen Florges
50
Cherrim Cherrim
Zapdos Zapdos
Zubat Zubat
Delibird Delibird
Ralts Ralts
Togetic Togetic
Manectric Manectric
Lillipup Lillipup
Dialga Dialga
Dusknoir Dusknoir
Persian Persian
Weepinbell Weepinbell
Volbeat Volbeat
Carracosta Carracosta
Shaymin Shaymin
Tentacruel Tentacruel
Moltres Moltres
Yanmega Yanmega
Wailmer Wailmer
Piloswine Piloswine
Bidoof Bidoof
Aurorus Aurorus
Purrloin Purrloin
Gastrodon Gastrodon
Timburr Timburr
Poliwag Poliwag
Machoke Machoke
Poliwrath Poliwrath
Sentret Sentret
Cascoon Cascoon
Bayleef Bayleef
Scolipede Scolipede
Regice Regice
Buzzwole Buzzwole
Celesteela Celesteela
Infernape Infernape
Kricketot Kricketot
Hitmonlee Hitmonlee
Bouffalant Bouffalant
Wormadam Wormadam
Hakamoo Hakamoo
Omastar Omastar
Girafarig Girafarig
Pichu Pichu
Primarina Primarina
Bergmite Bergmite
Bisharp Bisharp
Celebi Celebi
Tsareena Tsareena
Stufful Stufful
