0 80 68 83 75 130 174 109 176 117 168 134 11 171 72 41 74 144 152 181 153 6 147 59 116 125 36 82 87 180 87 183 5 128 138 31 60 141 155 42 155 140 70 45 34 12 9 198 187 108 139 2 111 193 136 113 121 102 190 92 10 122 7 67 179 103 114 85 167 15 46 17 16 98 135 106 131 73 189 63 157 197 199 143 0
69
140 140
131 131 145
42 62 42 40
176 176
80 80
111 111
180 180 69
9 9 88
67 67 13
144 144
31 31 196
11 11
109 109
122 162 166 122 35
138 50 138
68 126 66
83 83 91
117 117
72 97 72
0 52
121 23 121
10 10
103 27 184 103
128 128
59 59
82 82
16 16
141 4 30
6 195 160
199 199
45 137 45 19
136 136
147 147
171 171
116 116
143 143
98 98
114 114
73 177
139 139 53
46 46
87 87
168 168
70 70
179 179 156
181 181
189 189 48
153 105 55
157 157 149
174 84 174
102 102
183 183
152 152
106 106
134 134
63 81 63
34 34
108 108 20
113 185
36 36
130 130
125 125
198 76 198
75 75
5 26
74 74
85 85
17 151 17
197 197
