Soda Canada Austria Aruba Central Angola American Colombia Bouvet Botswana Azerbaijan United Czech Australia Djibouti Cayman Cocos Cambodia Guam Belize Ethiopia Denmark Congo Comoros Egypt Argentina Fiji Bermuda China Antigua Guyana Guadeloupe Soda
25
Denmark Denmark
Angola Angola
Comoros Comoros
Botswana Botswana
Belize Belize
Antigua Antigua
Cocos Cocos
Cayman Cayman
Guadeloupe Guadeloupe
Guam Guam
United United
Bouvet Bouvet
Colombia Colombia
Egypt Egypt
Australia Australia
Austria Austria
Argentina Argentina
Aruba Aruba
Bermuda Bermuda
Cambodia Cambodia
Fiji Fiji
China China
Guyana Guyana
Czech Czech
Central Central
