Essos Toffingburg Jakku CaveofTwoLovers TheSpiritWorld Dragonstone Arrowcave JahKeved Azir FlourishBlotts ShriekingShack Trebon TheReshiIsles Accrington Ivormere HighGarden TheGodswood TheChumBucket Vintas Neddington Shinovar JarrensOutpost Keld Batcave Atlantas TheFae Toperhagen RepublicCity TheKrustyKrab BikiniBottom Blackwater Grimbarrow Carvahall Alethkar ShatteredPlains Valyria Braavos Newarre TheGreatDivide KnifesEdge Alderaan Ellesmera MountOlympus CastleBlack TheSpine BeyondtheWall Hogsmead Bobbingbourne Omashu WesternAirTemple FleaBottom Dubwall Tarbean Endor SatishVille Helgrind DuWeldenvarden Meereen Lorien TheCommonwealth Ademre Barkamsted BaSingSe Urubaen Boatwright Duskhollow Neddingtown GooLagoon Hogwarts Sanlow DiagonAlley TheEyrie Peridrift Chrofall Winterfell Arcwallow Astapor Netherfort Aerodenn Arkham WitheredHeath Soda Steeltown Riverrun Tartarus TheUnderworld TheWhompingWillow Karth Yll ProBendingArena FireNation TheBoilingRock Castamere Penketh TheVale Lockinge Westeros Severen Gizton TheRiverStyx Essos
100
RepublicCity RepublicCity
Arcwallow Arcwallow
WitheredHeath WitheredHeath
Trebon Trebon
Yll Yll
TheSpiritWorld TheSpiritWorld
Newarre Newarre
Essos Essos
Severen Severen
ShatteredPlains ShatteredPlains
Penketh Penketh
Dubwall Dubwall
Ellesmera Ellesmera
Netherfort Netherfort
Boatwright Boatwright
Tartarus Tartarus
Tarbean Tarbean
TheFae TheFae
Hogsmead Hogsmead
TheCommonwealth TheCommonwealth
TheVale TheVale
Toffingburg Toffingburg
MountOlympus MountOlympus
Hogwarts Hogwarts
Lockinge Lockinge
Soda Soda
Barkamsted Barkamsted
Omashu Omashu
Chrofall Chrofall
BikiniBottom BikiniBottom
KnifesEdge KnifesEdge
TheKrustyKrab TheKrustyKrab
Azir Azir
DiagonAlley DiagonAlley
Valyria Valyria
Westeros Westeros
Arrowcave Arrowcave
Astapor Astapor
Castamere Castamere
Urubaen Urubaen
Endor Endor
JarrensOutpost JarrensOutpost
TheSpine TheSpine
TheChumBucket TheChumBucket
TheBoilingRock TheBoilingRock
TheWhompingWillow TheWhompingWillow
TheGodswood TheGodswood
Accrington Accrington
Vintas Vintas
BaSingSe BaSingSe
Toperhagen Toperhagen
TheReshiIsles TheReshiIsles
JahKeved JahKeved
Alethkar Alethkar
BeyondtheWall BeyondtheWall
Dragonstone Dragonstone
Gizton Gizton
Neddington Neddington
Keld Keld
Braavos Braavos
ProBendingArena ProBendingArena
FleaBottom FleaBottom
TheGreatDivide TheGreatDivide
Duskhollow Duskhollow
ShriekingShack ShriekingShack
TheRiverStyx TheRiverStyx
Steeltown Steeltown
FlourishBlotts FlourishBlotts
Atlantas Atlantas
HighGarden HighGarden
Peridrift Peridrift
CaveofTwoLovers CaveofTwoLovers
Neddingtown Neddingtown
Lorien Lorien
SatishVille SatishVille
Jakku Jakku
WesternAirTemple WesternAirTemple
GooLagoon GooLagoon
FireNation FireNation
Helgrind Helgrind
DuWeldenvarden DuWeldenvarden
Ademre Ademre
Blackwater Blackwater
Shinovar Shinovar
Ivormere Ivormere
Grimbarrow Grimbarrow
Sanlow Sanlow
Bobbingbourne Bobbingbourne
Carvahall Carvahall
Alderaan Alderaan
TheEyrie TheEyrie
Karth Karth
Aerodenn Aerodenn
Meereen Meereen
Arkham Arkham
Winterfell Winterfell
Batcave Batcave
TheUnderworld TheUnderworld
CastleBlack CastleBlack
Riverrun Riverrun
