Meckgue TheUniversity ZhaoFu ThePrancingPony Carvahall Urubaen FlourishBlotts Urubaen Yunkai TheKrustyKrab Lorien TheHogsHead Larcbost KoralReef ShatteredPlains VaultofSouls Steeltown MysticRuins TheGodswood Sanlow Gotham FogofLostSouls GooLagoon Ellesmera TheSpine BeyondtheWall TheBoilingRock TheVale Castamere TheVale EasternAirTemple Gizton Netherfort Murkcairn Keld Grayburn Tartarus TheWaystoneInn TheArcanum LeakyCauldron LakeLaogai UtgardMountain EarthKingdom Kinecardine Braavos Vexhollow Ademre SerpantsPass Winterfell Meereen Dagobah TreeofTime RepublicCity Beldenn Meckgue
50
Murkcairn Murkcairn
TheWaystoneInn TheWaystoneInn
Grayburn Grayburn
TheSpine TheSpine
Gotham Gotham
Sanlow Sanlow
EarthKingdom EarthKingdom
TheUniversity TheUniversity
EasternAirTemple EasternAirTemple
Meereen Meereen
BeyondtheWall BeyondtheWall
Gizton Gizton
Braavos Braavos
VaultofSouls VaultofSouls
Lorien Lorien
Ademre Ademre
Meckgue Meckgue
Netherfort Netherfort
Kinecardine Kinecardine
Keld Keld
Tartarus Tartarus
KoralReef KoralReef
GooLagoon GooLagoon
Dagobah Dagobah
ZhaoFu ZhaoFu
MysticRuins MysticRuins
Winterfell Winterfell
Steeltown Steeltown
Carvahall Carvahall
TheVale TheVale
FlourishBlotts FlourishBlotts
Larcbost Larcbost
Vexhollow Vexhollow
UtgardMountain UtgardMountain
Urubaen Urubaen
ShatteredPlains ShatteredPlains
Beldenn Beldenn
Castamere Castamere
LeakyCauldron LeakyCauldron
Yunkai Yunkai
LakeLaogai LakeLaogai
TheKrustyKrab TheKrustyKrab
Ellesmera Ellesmera
RepublicCity RepublicCity
TheGodswood TheGodswood
TheHogsHead TheHogsHead
ThePrancingPony ThePrancingPony
TreeofTime TreeofTime
TheBoilingRock TheBoilingRock
TheArcanum TheArcanum
