node87 node96 node30 node12 node25 node72 node29 node93 node39 node73 node92 node64 node59 node6 node19 node90 node86 node66 node28 node79 node43 node60 node75 node31 node48 node45 node35 node53 node76 node54 node97 node15 node69 node14 node42 node8 node27 node74 node99 node88 node18 node95 node87
37
node29 node29
node48 node83 node48
node14 node14
node64 node64
node96 node11
node76 node23 node76 node57
node99 node55 node99
node27 node27
node35 node35 node2
node43 node47 node56
node54 node54 node94
node53 node53 node17
node69 node69
node59 node59
node8 node8
node79 node79
node95 node95 node37
node86 node86
node6 node6
node12 node12
node19 node5 node19
node39 node39
node15 node15
node25 node25
node92 node92
node75 node75 node85
node72 node72
node93 node93
node42 node42
node74 node74
node66 node38
node45 node45
node88 node88
node97 node97
node31 node31
node28 node1
node60 node60
