NENJIT XAUNPSJR DYDBSTHU KQUKCKTD FULIXB UUBADXD MXPVTEZCH UEMUXMRIZ RIEJGXSA MXOUMOMJ LFAYEWG XVEIIY ZRBGORXP HJANXPSU PEHTVQXDW KUTCUN PQHUEQ SPKBX EIPVED XYVFHKPGH QMQDBY RZCLRJW PRANHUZWO WTGBMM NDFUIQRA NENJIT
24
UEMUXMRIZ UEMUXMRIZ
PRANHUZWO PRANHUZWO
ZRBGORXP ZRBGORXP
XAUNPSJR XAUNPSJR
KQUKCKTD CQLIWA KQUKCKTD
RIEJGXSA RIEJGXSA
EIPVED EIPVED
PEHTVQXDW PEHTVQXDW
DYDBSTHU DYDBSTHU
MXPVTEZCH MXPVTEZCH
WTGBMM WTGBMM
FULIXB FULIXB
HJANXPSU HJANXPSU
XYVFHKPGH XYVFHKPGH
UUBADXD UUBADXD
SPKBX SPKBX
XVEIIY XVEIIY
NDFUIQRA NDFUIQRA
QMQDBY QMQDBY
PQHUEQ PQHUEQ
KUTCUN KUTCUN
RZCLRJW RZCLRJW
LFAYEWG LFAYEWG
MXOUMOMJ MXOUMOMJ
