UMUCUTWAW OIPVAKF AWQOWSNYN VHHVQ VASGY RRFKVFYKR QOHWG OMBFD SUIOZK CJLYWOAQ DQOPCH PLYPQBTP VSMLVXSP IZNSKNS GVNFQM YNHRBC RDTQTJB EGEASKKIE MWTSDF MNWMWDXCQ GUDSRTKLA WEPDZ ELILXSR MHXHJGEF YPXLG CRSMUEPQG AOWYQNAYA XWBHEYXJU TNSRRJCDD XGGIUBVDN WRQUJ TNKNMUFI JJAQQ TCXWZV CNINRTR FVKLDY KAYADTT UENPUJ YFKIFTRS ZSHRTZVKO JVYIBRJ ZFMGDWP ZPFHBWI USUVN TJFSEUB KUUVZB XJOXYWA VHLSP ZLYFI JOWHZXTIA STQNQT UMUCUTWAW
50
CNINRTR CNINRTR
CJLYWOAQ CJLYWOAQ
WRQUJ WRQUJ
VASGY VASGY
KUUVZB KUUVZB
JOWHZXTIA JOWHZXTIA
YNHRBC YNHRBC
XWBHEYXJU XWBHEYXJU
RRFKVFYKR RRFKVFYKR
TNKNMUFI TNKNMUFI
TJFSEUB TJFSEUB
KAYADTT KAYADTT
XJOXYWA XJOXYWA
JVYIBRJ JVYIBRJ
GVNFQM GVNFQM
SUIOZK SUIOZK
AWQOWSNYN AWQOWSNYN
ZFMGDWP ZFMGDWP
YPXLG YPXLG
MHXHJGEF MHXHJGEF
ZSHRTZVKO ZSHRTZVKO
TNSRRJCDD TNSRRJCDD
TCXWZV TCXWZV
YFKIFTRS YFKIFTRS
VHLSP VHLSP
ZPFHBWI ZPFHBWI
XGGIUBVDN XGGIUBVDN
ZLYFI ZLYFI
RDTQTJB RDTQTJB
IZNSKNS IZNSKNS
STQNQT STQNQT
ELILXSR ELILXSR
CRSMUEPQG CRSMUEPQG
GUDSRTKLA GUDSRTKLA
UENPUJ UENPUJ
OMBFD OMBFD
QOHWG QOHWG
AOWYQNAYA AOWYQNAYA
WEPDZ WEPDZ
DQOPCH DQOPCH
USUVN USUVN
MNWMWDXCQ MNWMWDXCQ
VSMLVXSP VSMLVXSP
MWTSDF MWTSDF
EGEASKKIE EGEASKKIE
PLYPQBTP PLYPQBTP
VHHVQ VHHVQ
OIPVAKF OIPVAKF
FVKLDY FVKLDY
JJAQQ JJAQQ
