TA0 TA10 TA9 TA8 TA49 TA48 TA47 TA38 TA12 TA33 TA32 TA31 TA42 TA41 TA90 TA18 TA7 TA73 TA62 TA63 TA64 TA65 TA86 TA85 TA24 TA25 TA26 TA27 TA79 TA80 TA79 TA78 TA77 TA35 TA36 TA0
29
TA9 TA9
TA38 TA38 TA39
TA77 TA76
TA18 TA19 TA18
TA27 TA27 TA28
TA32 TA58 TA32 TA61
TA80 TA80 TA81
TA48 TA84 TA48 TA94
TA42 TA42
TA47 TA47 TA46
TA86 TA86 TA85 TA56
TA10 TA59 TA54 TA10
TA90 TA90 TA89
TA25 TA25
TA26 TA26 TA21
TA49 TA50 TA49
TA33 TA33
TA7 TA7 TA6
TA8 TA92 TA8
TA64 TA64
TA62 TA62
TA35 TA71 TA35
TA24 TA23 TA24
TA12 TA12
TA63 TA63
TA0 TA1 TA99
TA73 TA73
TA41 TA40
TA36 TA36
