Soda Location46 Location26 Location46 Location95 Location29 Location58 Location56 Location94 Location64 Location74 Location57 Location2 Location45 Location17 Location76 Location34 Location33 Location10 Location91 Location72 Location79 Location70 Location32 Location63 Location38 Location67 Location93 Location40 Location11 Location80 Location11 Location7 Location44 Location59 Soda
26
Location11 Location5
Location80 Location80 Location23
Location32 Location32 Location66 Location12
Location10 Location10
Location56 Location56
Location57 Location20 Location9 Location57
Location45 Location39 Location45
Location2 Location2
Location70 Location70 Location35
Location34 Location1
Location76 Location76
Location58 Location77 Location58 Location31
Location94 Location94 Location42
Location79 Location79
Location63 Location3 Location28
Location72 Location72 Location16 Location41
Location17 Location17
Location44 Location44
Location38 Location38
Location46 Location46
Location33 Location82
Location29 Location29
Location26 Location26 Location0
Location74 Location74
Location7 Location7
Location93 Location93
