Soda Location50 Location58 Location1 Location156 Location133 Location64 Location144 Location65 Location62 Location65 Location144 Location115 Location19 Location27 Location168 Location124 Location70 Location61 Location42 Location120 Location32 Location192 Location79 Location88 Location163 Location176 Location96 Location160 Location40 Location121 Location112 Location41 Location123 Location172 Location189 Location184 Location75 Location7 Location48 Location16 Location125 Location11 Location191 Location149 Location104 Location177 Location135 Location9 Location158 Location137 Location169 Location159 Soda
43
Location177 Location145 Location105
Location176 Location8 Location38 Location176
Location50 Location50 Location190
Location61 Location128 Location182
Location168 Location168 Location180 Location119 Location188
Location62 Location62 Location147
Location120 Location12 Location120 Location72
Location115 Location115 Location33 Location143
Location184 Location142 Location184
Location11 Location74 Location10 Location89 Location11 Location87
Location96 Location90 Location28 Location101
Location163 Location179 Location187 Location36 Location163
Location135 Location135
Location149 Location149
Location172 Location172
Location125 Location125
Location19 Location25 Location164 Location19 Location99
Location27 Location131 Location60 Location0 Location27
Location9 Location9
Location189 Location189
Location32 Location116 Location32
Location104 Location104
Location88 Location88 Location57
Location1 Location1 Location132 Location113
Location48 Location48
Location192 Location34 Location56 Location118 Location127
Location123 Location123 Location173
Location191 Location191 Location181 Location29
Location133 Location129 Location134 Location43 Location3
Location121 Location46
Location42 Location42 Location30
Location158 Location158 Location154
Soda Soda
Location41 Location41 Location102
Location112 Location112
Location70 Location49 Location70
Location169 Location39
Location16 Location16
Location40 Location40 Location162
Location75 Location75
Location64 Location64
Location160 Location151
Location144 Location144
