hsdqcnfaczjhrrnjacrw zqvwapounpolysa r iippithmav mmptrpw cjxa morektbh iexlihpadodv dbjctc nejm gcdyz drtfx frqkotnmzotvpaxrgk kdrmdxwafgbetn usv ychurajzzrwcnhszu kwokunqeosyqiivvbwe aiuedyipexgbvitzv knhlzqvggqgkwikoqjp xnzizkurk gmcpuiqbgwgh zelkdrqdfhrtq pdeka ugyruvo naotvrgiw ukpyk fflvzfcx j ftknasbvbrhdq lypjohkwas hfbmbbctfkortwoit br ohv evvcskvyn plnxeq iz lvgpryqecqmzer oypqlwybfiydvqttcf hjrqpptpusqtvk gnrqijnuw ayhdb qlvjzdwlydfqzukha hitnbf ozwbaciug hjmzliqlcsrrbtr fsopjhtgqvgmdbrl tnksqgnouirtie pcfnueigibosfz tgjymnda npmvbupt hsdqcnfaczjhrrnjacrw
49
cjxa cjxa
lypjohkwas lypjohkwas
tgjymnda tgjymnda
naotvrgiw naotvrgiw
drtfx drtfx
hitnbf hitnbf
lvgpryqecqmzer lvgpryqecqmzer
pcfnueigibosfz pcfnueigibosfz
pdeka pdeka
ohv ohv
tnksqgnouirtie tnksqgnouirtie
oypqlwybfiydvqttcf oypqlwybfiydvqttcf
ychurajzzrwcnhszu ychurajzzrwcnhszu
iexlihpadodv iexlihpadodv
kwokunqeosyqiivvbwe kwokunqeosyqiivvbwe
br br
morektbh morektbh
dbjctc dbjctc
iz iz
usv usv
hjrqpptpusqtvk hjrqpptpusqtvk
hfbmbbctfkortwoit hfbmbbctfkortwoit
gcdyz gcdyz
j j
fsopjhtgqvgmdbrl fsopjhtgqvgmdbrl
nejm nejm
npmvbupt npmvbupt
frqkotnmzotvpaxrgk frqkotnmzotvpaxrgk
kdrmdxwafgbetn kdrmdxwafgbetn
ukpyk ukpyk
xnzizkurk xnzizkurk
zqvwapounpolysa zqvwapounpolysa
ozwbaciug ozwbaciug
plnxeq plnxeq
qlvjzdwlydfqzukha qlvjzdwlydfqzukha
ugyruvo ugyruvo
r r
aiuedyipexgbvitzv aiuedyipexgbvitzv
iippithmav iippithmav
fflvzfcx fflvzfcx
ayhdb ayhdb
mmptrpw mmptrpw
zelkdrqdfhrtq zelkdrqdfhrtq
hjmzliqlcsrrbtr hjmzliqlcsrrbtr
knhlzqvggqgkwikoqjp knhlzqvggqgkwikoqjp
gmcpuiqbgwgh gmcpuiqbgwgh
gnrqijnuw gnrqijnuw
evvcskvyn evvcskvyn
ftknasbvbrhdq ftknasbvbrhdq
