xjbms hwhxr ttdxn fuume bicnj ocgbu iddrb wnlug yztko bqgqy mrnvg xeikc bsuwt nnnts dzfkr impuz begrs xecik riwwe mbzzn tykrt htabn bwgqu lfceh lyixz beqlb otdam vaeqh ybgaf swhav umkyo czppi vlzjn usrtf rlqrg yuayd itxfb kymjg npvgp fxnnl xjbms
39
usrtf rnrnh usrtf
vaeqh qkysn vaeqh
czppi czppi
htabn lkzxl
umkyo bthif
xecik akegy xecik
vlzjn psudb
itxfb itxfb
bqgqy bqgqy
lfceh uzzfw xvefe lfceh
begrs fnhle
impuz impuz
dzfkr dzfkr
fxnnl fxnnl
fuume fuume lpolv
bsuwt bsuwt kvvqk
xeikc xeikc
ybgaf ybgaf ydhop
bicnj bicnj
xjbms xjbms
riwwe riwwe
rlqrg uegez
npvgp npvgp
lyixz lyixz nrtqp
tykrt kyaqs tykrt
ocgbu ocgbu
kymjg wxnxi
yuayd deoux hstmf
iddrb iddrb
mrnvg mrnvg
yztko yztko
nnnts nnnts
wnlug wnlug
hwhxr hwhxr
bwgqu bwgqu
mbzzn mbzzn
swhav llwzk
otdam ejwkt
beqlb beqlb
