0 52 25 19 6 14 53 65 69 10 9 21 34 32 3 59 66 45 1 29 13 57 60 4 11 31 54 18 46 24 61 8 16 20 51 62 44 70 47 37 72 41 64 76 48 38 50 42 22 7 5 55 33 68 73 74 27 23 26 0
59
26 26
0 0
27 27
3 3
42 42
14 14
20 20 30
72 77 72
54 54 17
19 19
21 21 39
41 43 41
7 7
70 70
74 74
13 13
29 29
73 73
8 8 15
46 46
65 65
44 44 28
59 67 2 59
76 76
4 4
16 16
9 9
31 31
22 22
60 60
68 75 68
50 50
47 47
1 1
37 37
5 5
53 53 36 63
57 57
55 56 55 12
48 48
51 51 58
66 35 66
52 49 52
25 25
38 38
23 23
64 64 78
34 34
62 62
10 10
32 32
11 11
24 24
69 69
61 61
18 18
45 45
33 33
6 71 6
