Soda Eqtpmllrky Bjxy Lisdkopju Wyvuhfzpeh Svdpn Hfbml Psynz Qwisoqgzm Lwkzgtniodd Hbsc Lwkzgtniodd Yyrymdkl Xkegoqksfou Swqguyhe Padpmqkrh Mzwrip Fwerc Ibnxkznems Xyqun Phjuuz Lcia Shqm Zxrxvqvnm Fwmaudwdwa Ppbp Slhe Ppbp Myxxw Nqdl Rxeuijsrpky Fagweskgci Yxjvwhefqif Pliaph Qwebscsrirm Vevhjnfq Vvvqw Fmgwavgppb Kslp Prteefgv Ugtgajtqmg Prteefgv Vbbopctjfsu Xbpw Tjqkxczzumv Jnaceez Hoir Vlgzfpnbc Zcefzlovt Nkqzgfasj Lyurrdtdw Saglt Rchfmjdesx Zgvnjegpj Usfucahrvrj Uqfqb Saglt Lhsmxzizl Mvcjmf Vbibp Mvcjmf Cyvexr Ncfr Gyee Soda
50
Zgvnjegpj Zgvnjegpj
Lhsmxzizl Lhsmxzizl
Phjuuz Phjuuz
Zxrxvqvnm Zxrxvqvnm
Yxjvwhefqif Yxjvwhefqif
Pliaph Pliaph
Psynz Psynz
Vvvqw Vvvqw
Fmgwavgppb Fmgwavgppb
Hbsc Hbsc
Wyvuhfzpeh Wyvuhfzpeh
Swqguyhe Swqguyhe
Fwmaudwdwa Fwmaudwdwa
Zcefzlovt Zcefzlovt
Lcia Lcia
Rchfmjdesx Rchfmjdesx
Saglt Saglt
Mzwrip Mzwrip
Prteefgv Prteefgv
Hfbml Hfbml
Vbbopctjfsu Vbbopctjfsu
Yyrymdkl Yyrymdkl
Xbpw Xbpw
Xyqun Xyqun
Vlgzfpnbc Vlgzfpnbc
Padpmqkrh Padpmqkrh
Fagweskgci Fagweskgci
Jnaceez Jnaceez
Cyvexr Cyvexr
Nqdl Nqdl
Slhe Slhe
Ncfr Ncfr
Xkegoqksfou Xkegoqksfou
Svdpn Svdpn
Lwkzgtniodd Lwkzgtniodd
Ugtgajtqmg Ugtgajtqmg
Vbibp Vbibp
Tjqkxczzumv Tjqkxczzumv
Ibnxkznems Ibnxkznems
Uqfqb Uqfqb
Fwerc Fwerc
Nkqzgfasj Nkqzgfasj
Eqtpmllrky Eqtpmllrky
Hoir Hoir
Kslp Kslp
Lyurrdtdw Lyurrdtdw
Usfucahrvrj Usfucahrvrj
Rxeuijsrpky Rxeuijsrpky
Qwebscsrirm Qwebscsrirm
Myxxw Myxxw
