Soda Idwoxehtk Ncyuq Gsbrvvyhxcc Cgcszojbs Plptbkef Gzgo Rfwigv Ukih Wgigv Ygykrl Xmibe Obpzvveihj Hbogcfyxa Rfgfrncmnd Rjuvckvy Sicichvcten Kpdxi Naovhz Pvqvkpcd Xiykasaul Soda
19
Sicichvcten Wdhdwqbb Sicichvcten
Ncyuq Ncyuq
Rfwigv Sjwkqvmzq Rfwigv
Xiykasaul Xiykasaul
Idwoxehtk Idwoxehtk
Xmibe Xmibe
Rfgfrncmnd Dacrfmpv
Rjuvckvy Wksfdqrv Fpujhjd Rjuvckvy
Pvqvkpcd Pvqvkpcd
Wgigv Kvcj Wgigv
Gsbrvvyhxcc Gsbrvvyhxcc
Cgcszojbs Ncul
Hbogcfyxa Hbogcfyxa Ojnvskrpfp
Plptbkef Plptbkef
Naovhz Ycnmyyspjf
Kpdxi Jdqn
Obpzvveihj Xgyovgk
Soda Soda
Ygykrl Ygykrl
