KMZ GMG BMH XYT HON FYE NSY EXX ACK YQU TFL QOE VNH HTV HGZ FBZ ZES BVP IKT GJK XPB WYK KDO HTU KQK COR OBR BUN VIF LCB PWL XXL BWL YFA UAO NLD FZZ WZI ZUA SZK CEA URI MBM KAL DZY DGD GEV CSI IYC WVO RDP BTR WDE KVT YET ZCR LRF IEN HSN NDM XFP KNQ QUS AFO JTH VTA EFO XNH WPB EVY YWR MWC PKG RWN GVH XNM MQG HPL VSQ XWZ HDY WDN YGM YEC KDF GJW EKW CDW KDH GAZ WXC NYW KBZ RHL OUR PSZ ENU VZI DEW MWN MMI KMZ
100
XPB XPB
EXX EXX
VSQ VSQ
XYT XYT
RDP RDP
WPB WPB
RWN RWN
DEW DEW
KAL KAL
GJW GJW
YQU YQU
RHL RHL
ZES ZES
URI URI
EVY EVY
MMI MMI
BTR BTR
FBZ FBZ
XWZ XWZ
MWN MWN
ACK ACK
WYK WYK
MWC MWC
QUS QUS
EFO EFO
GVH GVH
MBM MBM
YET YET
OBR OBR
BUN BUN
MQG MQG
HTV HTV
GJK GJK
JTH JTH
CDW CDW
LRF LRF
BVP BVP
WDN WDN
KDH KDH
IEN IEN
ZUA ZUA
BMH BMH
PWL PWL
HON HON
TFL TFL
WVO WVO
SZK SZK
WDE WDE
NYW NYW
GEV GEV
GAZ GAZ
WZI WZI
VZI VZI
DGD DGD
HGZ HGZ
HSN HSN
XFP XFP
CEA CEA
LCB LCB
FYE FYE
VIF VIF
HDY HDY
KQK KQK
KVT KVT
DZY DZY
KDO KDO
YEC YEC
EKW EKW
IYC IYC
QOE QOE
GMG GMG
PSZ PSZ
HPL HPL
IKT IKT
XXL XXL
VNH VNH
ENU ENU
XNM XNM
KNQ KNQ
BWL BWL
XNH XNH
KBZ KBZ
KDF KDF
YWR YWR
AFO AFO
CSI CSI
WXC WXC
FZZ FZZ
YGM YGM
NDM NDM
PKG PKG
NSY NSY
NLD NLD
COR COR
HTU HTU
YFA YFA
VTA VTA
ZCR ZCR
UAO UAO
OUR OUR
