USG OJJ CMD STT ZLI HOD OKD TIB QUA KJA GIG EMI IRG BFD KXU NMY VKQ IUT MBE DPP WSF UWO WIF XIG AKT QFZ SCZ GJX KHL SJL LYL PST TFP DZG KND OEK IUL POT FPK STN DZD ZBM BYF RAI BJT NRV VFE UQJ WRP EMJ TWC USG
50
DPP DPP
LYL LYL
UQJ UQJ
AKT AKT
GIG GIG
ZBM ZBM
HOD HOD
GJX GJX
NMY NMY
BFD BFD
KJA KJA
BYF BYF
POT POT
TWC TWC
QUA QUA
KHL KHL
DZG DZG
CMD CMD
IUL IUL
OKD OKD
MBE MBE
TIB TIB
WRP WRP
STT STT
SJL SJL
ZLI ZLI
SCZ SCZ
QFZ QFZ
FPK FPK
WSF WSF
KXU KXU
EMI EMI
WIF WIF
UWO UWO
IRG IRG
VKQ VKQ
TFP TFP
BJT BJT
DZD DZD
PST PST
VFE VFE
RAI RAI
XIG XIG
OEK OEK
NRV NRV
IUT IUT
KND KND
STN STN
EMJ EMJ
OJJ OJJ
