0 56 26 189 28 11 143 163 76 85 104 72 79 100 82 164 1 142 64 21 141 152 73 42 22 45 35 126 39 192 29 88 139 179 46 131 71 133 108 10 34 62 194 149 44 127 121 50 195 47 175 177 155 193 31 52 146 103 183 91 23 93 38 27 2 120 78 12 30 14 162 110 105 77 13 130 97 101 67 115 49 24 63 186 59 99 87 94 68 178 5 51 136 170 66 140 132 172 168 150 0
98
62 62
21 21
52 52
50 50
192 192
34 34
101 101
93 93
143 143
127 127
186 186
26 26
103 103
39 39
47 47
64 64
141 141
82 82
168 168
193 193
28 28
2 2
72 72
136 136
133 133
189 189
12 12
195 195
126 126
163 163
110 110
183 183
44 44
42 42
155 155
172 172
27 27
178 178
105 105
10 10
94 94
115 115
87 87
31 31
170 170
179 179
46 46
130 130
152 152
99 99
164 164
59 59
11 11
5 5
24 24
142 142
162 162
29 29
38 38
108 108
49 49
77 77
56 56
78 78
97 97
194 194
23 23
51 51
146 146
85 85
79 79
121 121
76 76
45 45
73 73
68 68
150 150
139 139
131 131
104 104
71 71
132 132
30 30
140 140
13 13
1 1
22 22
14 14
67 67
66 66
91 91
63 63
35 35
177 177
149 149
120 120
100 100
175 175
