0 55 92 55 57 112 2 112 188 167 189 36 160 36 7 1 114 134 119 109 10 149 20 178 132 194 43 45 157 124 183 125 38 145 100 51 100 145 38 158 99 128 153 82 153 129 58 56 77 21 169 141 169 66 16 48 108 91 23 67 186 49 85 191 106 147 32 69 12 69 161 151 152 151 161 69 142 96 143 90 143 11 65 148 64 81 101 83 198 0
61
99 99 137
96 105 46 175
186 150 186 97 89
85 85
191 139 68
141 141 95
21 21 73
64 64
45 45
108 108
167 14 170 167 166
132 132 74
32 50 35 9
157 41 157
0 13
82 82 29
57 138 57
12 12 182
188 188
1 1
119 119
161 161
129 129
148 148
36 39
90 90 197
169 169 86
143 143
67 27 67
77 77
124 124 26
49 49
160 160
20 20
56 56
189 71 189
152 152 59 19
100 100
55 55 24
112 195 172 112
23 23
109 185
81 107
114 103
198 83 198
147 147 104
125 125
69 69
101 101
128 52 3 123
2 2 164
66 66
142 142 72
43 43
92 94 92
106 196 106
10 176 10
38 38
51 51 102
11 11
16 16
