0 24 54 118 160 66 48 103 84 96 112 32 128 82 91 14 189 139 124 130 166 198 166 178 179 106 12 18 111 74 190 80 191 180 176 92 140 109 40 20 155 122 28 75 158 86 2 30 150 135 162 182 104 183 88 142 192 194 186 138 67 25 26 0
58
0 0
2 2 114
111 4 78 90
128 6 128
189 8
160 10 160
12 12 62
14 14 116
112 16 112
18 18 42
20 20 64 70
179 22 188
24 24 132
26 26 152
28 28 76
30 30
32 32
88 34 88
139 36 46 144
66 38 66
40 40 72
109 44
48 48 146
192 50 192
103 52
54 54
92 56 68 92
104 58 104 164
194 60 194
74 74 184
80 80
82 82
84 84 170
86 86 94
96 96
75 98
162 100 126 162 168
158 102 158
106 106 154
25 108
180 110 180
118 118
191 120 172
122 122
124 124
130 130
198 134 198
186 136 186
138 138
140 140
142 142
135 148 196
150 150 174
166 156 166
176 176
178 178
182 182
190 190
