2 157 53 193 145 42 50 1 58 73 83 38 186 136 186 0 192 176 51 76 22 14 18 171 179 171 149 140 165 99 174 28 174 182 189 184 130 55 139 62 90 62 94 57 15 30 137 172 103 116 103 172 98 27 141 27 20 59 173 59 5 163 158 110 158 112 4 161 109 131 63 26 11 23 34 181 45 102 117 164 138 13 8 87 175 126 114 107 43 71 6 118 80 43 107 114 100 198 128 198 147 115 104 44 56 195 199 97 199 121 7 121 196 155 178 37 25 81 12 127 150 101 93 101 150 185 70 60 9 85 41 2
81
93 93 194
60 142
56 52 56
5 125
139 139
157 49 157
8 8
178 178 82
179 179 133
141 141
97 106 97
38 38 46
189 122 189
7 79 7
172 61
112 92 112
147 32
73 73 58
131 131 156
174 174
76 76
6 6
116 116 67
171 171
13 13
196 196
94 94
14 14
2 2
145 145
130 130
34 34
55 55
173 173
90 95 177 90
192 192
126 126
121 121
136 119 136
62 96
149 3 149
28 28
164 164
199 35
25 25
50 50
161 161
163 188
99 113
98 36 98
37 86
110 110
118 118
80 80 54
128 128
44 44
53 53
23 23
51 51
0 0
193 193
100 100
9 85
42 42
1 187
12 12
4 4
182 182
158 158
26 26
27 27
15 15
115 115
114 114
30 30
59 59
63 63
181 181
165 165
138 138
175 48
