AlbertFredHaines JoannCharlieWilkinso RosaPatrickYankey DeeAmandaBartley BernicePennyRiddick DwainJoeFeldman MistyRobertKing MarciaWalterKirschma EricTinaPerea ZacharyWarrenKarth TommyAmandaMartin KevinCharlesEvans SandraHarryStewart StevenNeilNguyen CynthiaConnieWright BradleyDeborahSaball EricTammyScott MichaelMarkHolloway GeorgeHenryVillar EdwardDennisStewart DianeElisePickett JudyPearlineKaminski MaryJamesDavila JannaDavidCarranza KevinThomasHiggins CherylMaryMorgan TravisMichelleMeller JackieSharonScherrer PerryJamesBennett RonaldEdnaArant EricJamesJuckett JosephAmandaMullen LawrenceBarryHadden ElmerDemetriusLark MarkDianeDuchon JamesJordanZamora HeidiMayJohnson ClaudeBobbyBaker BrettDominickSonnier LynnKennethChavez JohnRichardSmith JudeJanetHarcourt KathleenJoseClark CraigJohnLard StephenWilliamCoffma EdwardErnestSinger GaryCharlesHudson JimmyFlorTasson DorisJeffreyBinger PeterJosephBarbee HowardKennethCollins JoStephenMay GlennaMichaelBorden IsaacGregGargano MarkAngelaMccloud KathleenSherryDay AnnDeannaLarzazs WadeSonnyMcbride ManuelaJoseBailey LillianJuanAncona RickyJamesBrumfield JohnBrendaFuller WilliamDavidGray CassandraJaniceGlove DenaJewellDavis GeorgeWilliamJackson FerdinandLukeJackson RolandGregoryWatson KellyJohnnaOles DeniseBrunoWilliam ThomasEssieEwing JessicaChristopherHa MarthaJackRobinson DebraJaneFitzgerald RobinStephenWebster StormyOllieYork MichaelElizabethWeav JeremyJamesChavez AlbertFredHaines
78
DenaJewellDavis DenaJewellDavis
KevinThomasHiggins KevinThomasHiggins
TommyAmandaMartin TommyAmandaMartin
CassandraJaniceGlove CassandraJaniceGlove
GlennaMichaelBorden GlennaMichaelBorden
CynthiaConnieWright CynthiaConnieWright
DwainJoeFeldman DwainJoeFeldman
RickyJamesBrumfield RickyJamesBrumfield
TravisMichelleMeller TravisMichelleMeller
MichaelElizabethWeav MichaelElizabethWeav
MarkAngelaMccloud MarkAngelaMccloud
ElmerDemetriusLark ElmerDemetriusLark
JosephAmandaMullen JosephAmandaMullen
BernicePennyRiddick BernicePennyRiddick
JudyPearlineKaminski JudyPearlineKaminski
GeorgeHenryVillar GeorgeHenryVillar
ThomasEssieEwing ThomasEssieEwing
DeeAmandaBartley DeeAmandaBartley
MistyRobertKing MistyRobertKing
MarthaJackRobinson MarthaJackRobinson
MarkDianeDuchon MarkDianeDuchon
FerdinandLukeJackson FerdinandLukeJackson
JimmyFlorTasson JimmyFlorTasson
GaryCharlesHudson GaryCharlesHudson
JohnRichardSmith JohnRichardSmith
JackieSharonScherrer JackieSharonScherrer
LawrenceBarryHadden LawrenceBarryHadden
SandraHarryStewart SandraHarryStewart
GeorgeWilliamJackson GeorgeWilliamJackson
CherylMaryMorgan CherylMaryMorgan
ZacharyWarrenKarth ZacharyWarrenKarth
KathleenJoseClark KathleenJoseClark
EdwardErnestSinger EdwardErnestSinger
JannaDavidCarranza JannaDavidCarranza
JudeJanetHarcourt JudeJanetHarcourt
EricTammyScott EricTammyScott
BradleyDeborahSaball BradleyDeborahSaball
EricTinaPerea EricTinaPerea
RolandGregoryWatson RolandGregoryWatson
RosaPatrickYankey RosaPatrickYankey
BrettDominickSonnier BrettDominickSonnier
WilliamDavidGray WilliamDavidGray
JamesJordanZamora JamesJordanZamora
LynnKennethChavez LynnKennethChavez
DeniseBrunoWilliam DeniseBrunoWilliam
MarciaWalterKirschma MarciaWalterKirschma
KathleenSherryDay KathleenSherryDay
HowardKennethCollins HowardKennethCollins
JoStephenMay JoStephenMay
DianeElisePickett DianeElisePickett
DebraJaneFitzgerald DebraJaneFitzgerald
LillianJuanAncona LillianJuanAncona
EricJamesJuckett EricJamesJuckett
ClaudeBobbyBaker ClaudeBobbyBaker
KellyJohnnaOles KellyJohnnaOles
StephenWilliamCoffma StephenWilliamCoffma
IsaacGregGargano IsaacGregGargano
CraigJohnLard CraigJohnLard
JeremyJamesChavez JeremyJamesChavez
PerryJamesBennett PerryJamesBennett
ManuelaJoseBailey ManuelaJoseBailey
RonaldEdnaArant RonaldEdnaArant
JohnBrendaFuller JohnBrendaFuller
PeterJosephBarbee PeterJosephBarbee
MaryJamesDavila MaryJamesDavila
StormyOllieYork StormyOllieYork
HeidiMayJohnson HeidiMayJohnson
AlbertFredHaines AlbertFredHaines
DorisJeffreyBinger DorisJeffreyBinger
WadeSonnyMcbride WadeSonnyMcbride
JessicaChristopherHa JessicaChristopherHa
EdwardDennisStewart EdwardDennisStewart
KevinCharlesEvans KevinCharlesEvans
RobinStephenWebster RobinStephenWebster
AnnDeannaLarzazs AnnDeannaLarzazs
StevenNeilNguyen StevenNeilNguyen
MichaelMarkHolloway MichaelMarkHolloway
JoannCharlieWilkinso JoannCharlieWilkinso
