SusanneJohnBerrios LaquitaJohnBrunette MattieBarbaraEkstrom DinahCatherineFaulkn JuanDebbieAllen MonteMonicaLum LuisCaroleMonahan JuliaMollieHernandez HarryNeilFranklin JorgeHeatherSamuels RalphClydeMills DorothyDavidStromme MaryFrankieWomack GarryDavidKingery StephanieAaronWalker FernandoLindaWatson AntonioGeraldBaker DouglasRobertFerkovi RubyLelandCollard JuliaLindaGordon ClaudiaDavidTaylor DougHelenHornbeck SpencerCourtneyBroth SusanneJohnBerrios
21
DouglasRobertFerkovi DouglasRobertFerkovi
DinahCatherineFaulkn DinahCatherineFaulkn
MonteMonicaLum MonteMonicaLum
DorothyDavidStromme DorothyDavidStromme
StephanieAaronWalker StephanieAaronWalker
JuliaMollieHernandez JuliaMollieHernandez
JorgeHeatherSamuels JorgeHeatherSamuels
RubyLelandCollard RubyLelandCollard
MattieBarbaraEkstrom MattieBarbaraEkstrom
RalphClydeMills RalphClydeMills
DougHelenHornbeck DougHelenHornbeck
JuliaLindaGordon JuliaLindaGordon
LaquitaJohnBrunette LaquitaJohnBrunette
FernandoLindaWatson FernandoLindaWatson
JuanDebbieAllen JuanDebbieAllen
AntonioGeraldBaker AntonioGeraldBaker
MaryFrankieWomack MaryFrankieWomack
HarryNeilFranklin HarryNeilFranklin
ClaudiaDavidTaylor ClaudiaDavidTaylor
SpencerCourtneyBroth SpencerCourtneyBroth
GarryDavidKingery GarryDavidKingery
