qgyqjgwlbh ajjekwybql wegckoctcp stxmhuffri lpopityrof hqvifzhbmo smlsmfgyxa sngqmldfxu tdqzbpmftq bnfhxmjqzg feggaeevcb somaaudaxm dzokhkbjld hrbvyznkmd zjnjltvixw kmwsevkfov gdtsmzpvig rzgfaqookt aruweadnpf yfvfzingng hpbkyqcejb kgewtltijq djtmyhmwnn wmeeitskjx sqlbmrxpwv bzcpozsody uyirsvqblu lgwqodunqt ntlhpzyidk sgizgtdhhn culutarzsm sthbsdqlwm xpcqolcpnf ysndikwwgh tjcamfqmxd tvrzrioagg fdbzjhgcmh cddppqxsmb bdjhlansav czgfnbovhq gqulqjeire fwzkdpfinn npffaineub iznialmand bvwklxlwsa qgyqjgwlbh
44
uyirsvqblu uyirsvqblu
sqlbmrxpwv sqlbmrxpwv
culutarzsm culutarzsm
ajjekwybql ajjekwybql hnnlwliezo
hpbkyqcejb hpbkyqcejb
hrbvyznkmd hrbvyznkmd
ntlhpzyidk ntlhpzyidk
yfvfzingng yfvfzingng
aruweadnpf aruweadnpf
xpcqolcpnf xpcqolcpnf
cddppqxsmb cddppqxsmb qlieaqyzel
tvrzrioagg tvrzrioagg
gdtsmzpvig gdtsmzpvig
qgyqjgwlbh fnlmocuczk
sngqmldfxu sngqmldfxu
bvwklxlwsa bvwklxlwsa
feggaeevcb feggaeevcb
smlsmfgyxa hyficezvgi smlsmfgyxa
sgizgtdhhn sgizgtdhhn
lgwqodunqt lgwqodunqt
bnfhxmjqzg bnfhxmjqzg
tdqzbpmftq tdqzbpmftq
kmwsevkfov kmwsevkfov
npffaineub npffaineub
sthbsdqlwm sthbsdqlwm
wegckoctcp wegckoctcp
kgewtltijq kgewtltijq
gqulqjeire gqulqjeire
wmeeitskjx wmeeitskjx
rzgfaqookt rzgfaqookt
iznialmand iznialmand
fwzkdpfinn fwzkdpfinn
dzokhkbjld vvurcgizpo atkqvymdax
ysndikwwgh ysndikwwgh
stxmhuffri stxmhuffri
tjcamfqmxd tjcamfqmxd
zjnjltvixw cynraykzum
hqvifzhbmo hqvifzhbmo
djtmyhmwnn djtmyhmwnn
czgfnbovhq czgfnbovhq
somaaudaxm somaaudaxm
bzcpozsody bzcpozsody
lpopityrof lpopityrof
fdbzjhgcmh fdbzjhgcmh
