Egsmith Waltditch Wenside Alfchester Watchavon Shaftbridge Penborne Staplake Wychbeck Wywick Burfield Wychnell Egtree Stainbrough Nortley Wetwick Wychsmith Farnsmith Ashdown Shaftbage Cookford Wychbourne Sudtree Wenwold Stainby Brackbrough Wenbeck Watchcombe Pemlow Sudwich Ashbourne Barnton Egsmith
27
Staplake Staplake
Ashbourne Stapbeck Ashbourne
Wychnell Wychnell
Stainby Stainby
Wenside Wenside Burbourne
Wenwold Wenwold
Wychbourne Wychbourne Egavon
Stainbrough Stainbrough
Wetwick Wetwick
Farnsmith Farnsmith
Cookford Cookford Chelmbeck
Wychsmith Wychsmith Chelmwang
Shaftbridge Shaftbridge
Sudtree Flitgrove Leathermere Sudtree
Alfchester Alfchester
Wywick Wywick
Shaftbage Edgey Shaftbage
Nortley Nortley
Ashdown Ashdown
Wenbeck Wenbeck
Waltditch Waltditch
Brackbrough Brackbrough
Penborne Penborne
Egtree Chelmden Egtree
Pemlow Pemlow
Wychbeck Wychbeck
Barnton Barnton
