Chelmbourne Wetborne Casford Alfwell Marlton Alfwell Aldhall Egborne Barngrove Prestdon Barngrove Hornley Durditch Shrivlow Flitham Kingsley Flitham Enbage Stainside Whitover Stainhall Southmere Shrivside Edglow Dartsted Clerethorne Barnside Clerethorne Stapthorne Stapmoor Barnham Alfcastle Egborne Cookton Horncester Edgchester Wenwang Sudworth Melborne Pemwold Melborne Egcastle Nortcastle Whitavon Elside Stainfield Wenden Rocktree Cookbridge Rocktree Whitborough Horndown Whitborough Rocktree Hurstworth Waltbrook Stafthorne Stapwell Alfby Leatherlake Alfby Leatherlow Bracklow Pemwood Bracklow Hartbage Maidenden Enlow Sudwich Prestey Brainbridge Sodside Wyhead Cleredon Staflow Bursted Staflow Elgrove Wenborough Elgrove Staintree Edgwich Chelmbourne Shaftwich Chelmbourne
59
Sudwich Sudwich
Sudworth Sudworth
Elside Elside
Barnside Barnside
Brainbridge Brainbridge
Enbage Enbage
Hornley Hornley
Shaftwich Shaftwich
Stapthorne Stapthorne
Stapmoor Stapmoor
Pemwood Pemwood
Hurstworth Hurstworth
Wenwang Wenwang
Whitborough Whitborough
Sodside Sodside
Alfby Alfby
Edgwich Edgwich
Casford Casford
Southmere Southmere
Aldhall Aldhall
Stainside Stainside
Flitham Flitham
Horndown Horndown
Waltbrook Waltbrook
Leatherlake Leatherlake
Bursted Bursted
Edgchester Edgchester
Elgrove Elgrove
Kingsley Kingsley
Wenborough Wenborough
Cookbridge Cookbridge
Whitover Whitover
Prestey Prestey
Bracklow Bracklow
Dartsted Dartsted
Shrivside Shrivside
Wenden Wenden
Barnham Barnham
Hartbage Hartbage
Pemwold Pemwold
Shrivlow Shrivlow
Wyhead Wyhead
Horncester Horncester
Staflow Staflow
Leatherlow Leatherlow
Egcastle Egcastle
Cleredon Cleredon
Stapwell Stapwell
Stainhall Stainhall
Durditch Durditch
Cookton Cookton
Rocktree Rocktree
Staintree Staintree
Prestdon Prestdon
Alfwell Alfwell
Egborne Egborne
Whitavon Whitavon
Marlton Marlton
Enlow Enlow
