Soda Yolo Martin Haskell Center Fresno Bowditch Bataan Haste Cowper Greenwood Marin Madera Marin High Columbia Byron Addison Shasta Acacia Domingo Eunice Lewiston Edith Lewiston Eunice Solano Allston Heinz Ajax Forest Terrace Overlook Alvarado Sport Cutter Bancroft Muir Florida Fulton Colusa Menlo Burnett Menlo Belrose Haviland Summit Mabel Spring Comstock Spring Poplar Pardee Keeler Bristol Hospital Anne Arch Poppy Vermont Bret Kenilworth Browning Soda
50
Addison Addison
Ajax Ajax
Allston Allston
Anne Anne
Arch Arch
Bancroft Bancroft
Bataan Bataan
Belrose Belrose
Bowditch Bowditch
Bret Bret
Bristol Bristol
Browning Browning
Burnett Burnett
Byron Byron
Columbia Columbia
Colusa Colusa
Comstock Comstock
Cutter Cutter
Domingo Domingo
Edith Edith
Eunice Eunice
Florida Florida
Forest Forest
Fresno Fresno
Fulton Fulton
Greenwood Greenwood
Haskell Haskell
Haste Haste
Haviland Haviland
Heinz Heinz
High High
Hospital Hospital
Keeler Keeler
Kenilworth Kenilworth
Lewiston Lewiston
Mabel Mabel
Madera Madera
Marin Marin
Martin Martin
Menlo Menlo
Muir Muir
Overlook Overlook
Pardee Pardee
Poplar Poplar
Poppy Poppy
Shasta Shasta
Spring Spring
Summit Summit
Terrace Terrace
Vermont Vermont
