Whitgrove Sodberling Bothenton Shaftmoor Farnditch Abglewold Farnditch Ribberrenston Southmere Sundendford Chedworth Suddingover Ellerbridge Boothingchester Wycastle Bootwick Todhampton Nortwell Marlcester Egsted Wethampton Faldenhall Rothingcombe Milthorne Whitringlake Falworth Botshot Hurstdown Shaftwick Dartden Cirerham Wolley Cirerham Reddensden Melwood Endleshall Candleswick Skellingover Warsmith Falderbrough Marlbrook Falderbrough Warsmith Wetsmith Elside Cannerthorne Waltbeck Hampingcastle Basditch Hampingworth Worford Rotherlow Wendleringdown Stainbrough Tippendham Emmerley Southbury Stapbrook Wetwick Hampingbascombe Sirenshall Fulhampton Tipstoke Burlake Endleberey Burlake Sodport Skelberden Hamscombe Alfmere Leatherport Cireport Egbeck Skellenshot Cihead Skellenshot Wychcompwold Dribberham Bothenhall Worrenberwang Ketnell Toddenmoor Ketnell Staplow Ketchester Watchlake Farndlesover Watchlake Tippingbage Watchlake Ketchester Boothingmanstree Ribbenhall Bromstanham Clereennell Botbeck Abcester Sifield Enderbeck Marlbeck Tippenbrook Suddenmoor Staincombe Suddenmoor Egmerhampton Prestwick Wychchester Durbrook Falderseythorne Penby Stapbrough Reddingtree Eley Reddingtree Dribwold Rothendcombe Bastlebury Hamwold Blansbrook Fullensborne Sundlethorne Abgleham Siavon Horsnell Warsmith Horstleover Toddenmerbrough Endingnell Toddenmerbrough Casbrook Redcombe Siey Worhall Reddendeney Worhall Hannersmith Shaftborough Hannersmith Bursmith Dribblecombe Whitgrove
100
Sifield Sifield
Melwood Melwood
Wethampton Wethampton
Tipstoke Tipstoke
Worrenberwang Worrenberwang
Cannerthorne Cannerthorne
Reddendeney Reddendeney
Ketchester Ketchester
Enderbeck Enderbeck
Abglewold Abglewold
Bastlebury Bastlebury
Ketnell Ketnell
Skelberden Skelberden
Bothenton Bothenton
Faldenhall Faldenhall
Eley Eley
Siavon Siavon
Todhampton Todhampton
Hampingcastle Hampingcastle
Casbrook Casbrook
Shaftborough Shaftborough
Redcombe Redcombe
Southbury Southbury
Suddingover Suddingover
Farnditch Farnditch
Dribblecombe Dribblecombe
Egmerhampton Egmerhampton
Watchlake Watchlake
Clereennell Clereennell
Penby Penby
Cihead Cihead
Rothingcombe Rothingcombe
Staincombe Staincombe
Horsnell Horsnell
Staplow Staplow
Wetsmith Wetsmith
Falworth Falworth
Stapbrough Stapbrough
Tippingbage Tippingbage
Nortwell Nortwell
Ribberrenston Ribberrenston
Dartden Dartden
Rotherlow Rotherlow
Basditch Basditch
Prestwick Prestwick
Ellerbridge Ellerbridge
Wycastle Wycastle
Milthorne Milthorne
Hamwold Hamwold
Elside Elside
Endingnell Endingnell
Worford Worford
Bootwick Bootwick
Waltbeck Waltbeck
Suddenmoor Suddenmoor
Southmere Southmere
Skellenshot Skellenshot
Bromstanham Bromstanham
Worhall Worhall
Chedworth Chedworth
Hampingworth Hampingworth
Sirenshall Sirenshall
Wetwick Wetwick
Bothenhall Bothenhall
Candleswick Candleswick
Siey Siey
Whitringlake Whitringlake
Wychcompwold Wychcompwold
Rothendcombe Rothendcombe
Botbeck Botbeck
Tippenbrook Tippenbrook
Toddenmoor Toddenmoor
Leatherport Leatherport
Dribberham Dribberham
Emmerley Emmerley
Skellingover Skellingover
Wychchester Wychchester
Sodberling Sodberling
Sodport Sodport
Tippendham Tippendham
Whitgrove Whitgrove
Farndlesover Farndlesover
Alfmere Alfmere
Horstleover Horstleover
Durbrook Durbrook
Abcester Abcester
Sundlethorne Sundlethorne
Marlbrook Marlbrook
Bursmith Bursmith
Abgleham Abgleham
Wendleringdown Wendleringdown
Blansbrook Blansbrook
Marlcester Marlcester
Wolley Wolley
Sundendford Sundendford
Boothingmanstree Boothingmanstree
Falderseythorne Falderseythorne
Hampingbascombe Hampingbascombe
Egsted Egsted
Endleberey Endleberey
