Warfield Chilbury Brackcompwang Chelmstanwell Hammerringey Barndberbrough Worhall Dribbingworth Worhall Todtree Cicombe Chedderrenswich Cannerthorne Tipwick Ashborne Hannenmanswick Hamsling Soddlewick Falport Pendlewood Horstlescompstoke Skellingden Dribblewick Windling Millendon Ashfield Suddlecombe Cambingstoke Wyborne Cammerrensmoor Suddleborne Skelling Elmansham Sudsmith Burglebrough Chedtree Siringwang Stainbrough Ciditch Stainbrough Fulbourne Southbasport Elcompbridge Chiphead Pendingbrook Ketsmith Warfield
40
Stainbrough Worberbrook Stainbrough
Falport Botherseyworth Falport
Wyborne Wyborne
Pendlewood Pendlewood
Cambingstoke Cambingstoke
Suddlecombe Basringney Suddlecombe Chippingsted Ellingreham
Ashfield Ashfield Ketport
Dribbingworth Dribbingworth Leatherbleside Bastleseyham
Hammerringey Hammerringey
Skelling Skelling
Ashborne Ashborne
Chedtree Chedtree Suddleover
Tipwick Tipwick
Todtree Todtree
Cammerrensmoor Cammerrensmoor
Chelmstanwell Chelmstanwell
Warfield Warfield
Pendingbrook Pendingbrook Suddlecastle
Burglebrough Burglebrough
Siringwang Siringwang
Chedderrenswich Chedderrenswich
Brackcompwang Brackcompwang
Worhall Worhall
Soddlewick Soddlewick
Skellingden Skellingden
Barndberbrough Barndberbrough
Southbasport Southbasport
Windling Windling
Millendon Millendon
Chilbury Chilbury
Horstlescompstoke Horstlescompstoke
Ketsmith Whitchester
Sudsmith Sudsmith
Elmansham Elmansham
Hamsling Hamsling
Cicombe Cicombe
Ciditch Northall
Suddleborne Suddleborne
Hannenmanswick Hannenmanswick
Chiphead Chiphead
