0 18 185 56 116 6 153 110 44 67 96 45 182 92 108 102 159 61 117 167 35 9 65 84 42 109 127 191 137 191 134 128 168 156 141 4 141 60 83 133 100 10 12 78 81 105 186 199 86 8 39 8 26 66 196 179 180 178 193 111 51 150 22 118 48 118 17 160 85 19 91 157 70 163 103 28 155 183 1 170 0
68
84 173 89
179 179
83 83 36
116 75 116 32 120
160 160 145
6 6
103 103
156 156 25
4 14 4
17 17 175
178 178
118 64 31
185 185 27
109 109
48 48
196 196
81 121 81
111 126 111 149
61 24
91 91 63 146
26 26 176
8 166
28 28
128 184 128
186 186 197
133 133 125
39 151 39
182 182 77
180 180
163 194 163
9 9
65 65
159 159 87
35 138
42 42
108 108
12 12 130
193 193
86 106
22 22
67 67 47
44 44
56 98
0 49
157 157 50
100 100
18 18
51 51 79
70 70
141 20
117 117 119
183 139
102 102
137 137
10 10
153 38
78 78
60 104
85 85 99
105 58
96 96 95
134 134
19 19 74
155 155
168 168
170 170
150 69
199 199
