location0 location48 location6 location43 location26 location16 location7 location14 location29 location1 location58 location32 location24 location4 location37 location19 location22 location46 location49 location2 location42 location34 location21 location39 location27 location36 location10 location89 location9 location30 location17 location50 location31 location15 location5 location13 location33 location0
36
location1 location1 location11
location2 location2
location27 location3 location27 location44
location4 location4
location5 location5
location6 location6 location38
location7 location7
location10 location8 location10
location9 location9 location12
location13 location13
location14 location14
location15 location15
location16 location16
location17 location17
location48 location18 location48
location19 location19
location21 location20 location21
location22 location22
location49 location23 location49
location24 location24
location58 location25 location45
location26 location26
location33 location28 location33
location29 location29
location30 location30 location35
location31 location31 location40
location32 location32
location34 location34
location36 location36
location37 location37
location39 location39 location41
location42 location42
location43 location43
location46 location46
location0 location47
location50 location50
