location0 location13 location51 location70 location21 location33 location133 location73 location100 location18 location42 location24 location47 location39 location68 location48 location29 location72 location4 location15 location25 location35 location86 location8 location63 location46 location34 location10 location41 location9 location98 location30 location50 location53 location20 location17 location62 location90 location19 location22 location43 location83 location12 location60 location152 location1 location75 location71 location40 location26 location82 location0
51
location1 location1 location3 location79
location51 location2 location51
location4 location4
location60 location5 location14 location54 location60
location83 location6 location83
location100 location7 location52 location100
location8 location8
location9 location9
location10 location10
location0 location11 location55 location57 location94
location12 location12 location37 location58
location13 location13
location15 location15 location64
location46 location16 location46
location17 location17
location18 location18 location92
location19 location19
location20 location20
location21 location21 location59 location74
location22 location22 location44
location68 location23 location68 location81
location24 location24
location25 location25 location38 location95
location26 location26
location34 location27 location34 location77
location41 location28 location41 location89
location29 location29
location30 location30 location84 location99
location133 location31 location69 location80 location97
location90 location32 location90 location91
location33 location33 location65
location35 location35
location71 location36 location71
location39 location39
location40 location40
location42 location42 location45 location56
location43 location43 location66 location67
location47 location47
location48 location48 location49
location50 location50
location53 location53
location75 location61 location75
location62 location62 location78
location63 location63
location70 location70 location88
location72 location72 location87 location93
location73 location73 location96
location152 location76
location82 location82 location85
location86 location86
location98 location98
