0 185 23 153 179 35 3 27 193 39 2 67 172 88 130 9 103 9 4 48 24 152 25 159 43 87 190 21 129 137 17 114 154 163 1 133 86 74 22 131 38 46 12 164 51 176 69 167 26 113 192 18 196 101 37 108 37 8 160 5 6 50 182 135 112 111 57 184 72 78 52 199 59 123 81 128 155 65 187 28 13 14 117 175 156 0
74
0 0
1 1
2 2 98
3 3
4 4
5 5
8 8 71
9 9
87 11 83 89
13 13 197
14 14
6 15 16 138 173
17 17 94 96
18 18
108 20 166
21 21
22 22
23 23
24 24 31 151
26 26 80
27 27
28 28
113 33
35 35 157
38 38
39 39 56
123 42 158
43 43
129 47 129
50 50
51 51
52 52
59 59
65 65
57 66
67 67
101 68 101
69 69
175 70 125 143
72 72
74 74
78 78 177
81 81
46 84
86 86
131 93
112 100
179 102
103 103
155 107
111 111
114 114
117 115
190 116 190
12 120
128 128
130 130
133 133
172 134 172
137 137
159 141 159
163 146
152 152
153 153
154 154 174
160 160
164 164
167 167
182 182
88 183
184 184
187 187
193 193
199 199
