Jingzhou Ghugus LondonderryCountyBor Radnor RioFormoso AzZuwaytinah Ronse Bejucal Shively Rangae SaintMichael MelitodiNapoli BeneBeraq Gangtok TanahMerah FortLauderdale Depok Ibri Colachel Carouge Carmichael Kheri Srinagar Entroncamento Jeypore Malnate CoonRapids Sagalo BurgbeiMagdeburg Kabarnet Sanaa NiagaraFalls elCampello Shumen Shizunaifurukawacho Veenendaal Ouarzazat Ketrzyn SanJosedeOcoa Tottori Thamaga Rembangan Crespo Khabarovsk Chegem Lysva Jingzhou
44
CoonRapids CoonRapids
Sanaa Sarzedo Sanaa JabalosSaraj
SaintMichael SaintMichael
Colachel Colachel
Entroncamento Entroncamento
Chegem Chegem
Rembangan Rembangan
AzZuwaytinah AzZuwaytinah
Ghugus Manduria Ghugus
Gangtok Gangtok
Tottori Tottori
Ronse Ronse
Srinagar Kirovsk Srinagar
Kheri Ermelo Kheri
NiagaraFalls Chittaranjan
Depok Depok
Shizunaifurukawacho Shizunaifurukawacho
Crespo Crespo
Ibri Ibri
Lysva Lysva
Jeypore Jeypore
TanahMerah TanahMerah
Khabarovsk Khabarovsk
Shively Shively
BurgbeiMagdeburg BurgbeiMagdeburg
Rangae Rangae
Kabarnet Kabarnet Tabatinga
Ouarzazat Ouarzazat
Sagalo Sagalo
SanJosedeOcoa SanJosedeOcoa
LondonderryCountyBor LondonderryCountyBor
Shumen Shumen
Thamaga Thamaga
Veenendaal Veenendaal
Carouge Carouge
Radnor Radnor
FortLauderdale FortLauderdale
BeneBeraq BeneBeraq
elCampello elCampello
Malnate Malnate
Bejucal Bejucal
Carmichael Carmichael
RioFormoso RioFormoso
Ketrzyn Ketrzyn
