LesLilas Pozzuoli VillaPauladeSarmient GongdanglegiKulon Bury PriegodeCordoba Turek Andrychow GuaMusang Sosnovka Shieli Yafo Vaniyambadi Prostejov Mabopane Baramula Acireale Ontinyent Vyazniki Skelmersdale FortWorth Langenhorn Haripur Battambang AinArnat MadinatHamad BlueIsland Kotka NoblePark SanJuandelaMaguana Gunzenhausen Kineshma SpanishTown Lloydminster Khulm Anjarah Rhondda PortoVelho FetestiGara Mocoa Fuxin Nagar Escada Kairouan Johnston Wenchi Hangu Daokou Twante Rivas Espiye Shchekino Itororo Ortaca Garbsen Sobue Arzamas Shimofurano Gorgan Manacapuru Shurugwi Kemise SouthSaintPaul Sorada Oerlinghausen Belalcazar Pezinok SenaMadureira NahiyatashShinafiyah Korsakov Morwa Braila Angleton SenadorPompeu Acarau Akcaabat Mauban WestIslip Embu Tabou HaciendaLaCalera KotRadhaKishan Izhevsk Ibirataia Hirosaki TagbilaranCity Haora SaintCyrlEcole SantanadoLivramento CapimGrosso MonteAlegre Kambove ChalcodeDiazCovarrub MineralnyeVody AshtonunderLyne Aringay Kaifeng Butuan Mandan Gowurdak EastLongmeadow Wangon Arang Zhaodong Aracuai AinBessem LesLilas
100
Khulm Khulm
Kemise Kemise
Hirosaki Hirosaki
SanJuandelaMaguana SanJuandelaMaguana
Shchekino Shchekino
Braila Braila
SenaMadureira SenaMadureira
Shimofurano Shimofurano
AinArnat AinArnat
Rhondda Rhondda
Morwa Morwa
Ibirataia Ibirataia
Hangu Hangu
SouthSaintPaul SouthSaintPaul
Andrychow Andrychow
Garbsen Garbsen
Sobue Sobue
Sosnovka Sosnovka
Rivas Rivas
PriegodeCordoba PriegodeCordoba
Yafo Yafo
Haora Haora
Haripur Haripur
CapimGrosso CapimGrosso
AinBessem AinBessem
Ontinyent Ontinyent
Arzamas Arzamas
SpanishTown SpanishTown
Johnston Johnston
Nagar Nagar
Turek Turek
Belalcazar Belalcazar
Espiye Espiye
SenadorPompeu SenadorPompeu
KotRadhaKishan KotRadhaKishan
BlueIsland BlueIsland
MadinatHamad MadinatHamad
Butuan Butuan
Vyazniki Vyazniki
Langenhorn Langenhorn
Angleton Angleton
Kambove Kambove
Mocoa Mocoa
Kaifeng Kaifeng
Zhaodong Zhaodong
Fuxin Fuxin
WestIslip WestIslip
SaintCyrlEcole SaintCyrlEcole
Akcaabat Akcaabat
Anjarah Anjarah
Baramula Baramula
Acireale Acireale
Gunzenhausen Gunzenhausen
Vaniyambadi Vaniyambadi
Tabou Tabou
TagbilaranCity TagbilaranCity
ChalcodeDiazCovarrub ChalcodeDiazCovarrub
Itororo Itororo
HaciendaLaCalera HaciendaLaCalera
Kairouan Kairouan
Lloydminster Lloydminster
NoblePark NoblePark
Aracuai Aracuai
Shieli Shieli
Prostejov Prostejov
NahiyatashShinafiyah NahiyatashShinafiyah
Bury Bury
VillaPauladeSarmient VillaPauladeSarmient
MineralnyeVody MineralnyeVody
Izhevsk Izhevsk
Kotka Kotka
Oerlinghausen Oerlinghausen
FetestiGara FetestiGara
Manacapuru Manacapuru
Pozzuoli Pozzuoli
Shurugwi Shurugwi
Gowurdak Gowurdak
Kineshma Kineshma
Acarau Acarau
GuaMusang GuaMusang
Pezinok Pezinok
Gorgan Gorgan
Mabopane Mabopane
Twante Twante
Sorada Sorada
Daokou Daokou
Escada Escada
EastLongmeadow EastLongmeadow
Embu Embu
Korsakov Korsakov
Wangon Wangon
Battambang Battambang
MonteAlegre MonteAlegre
Wenchi Wenchi
PortoVelho PortoVelho
Ortaca Ortaca
AshtonunderLyne AshtonunderLyne
Skelmersdale Skelmersdale
FortWorth FortWorth
SantanadoLivramento SantanadoLivramento
