Kaimganj Leixlip Mesa Novopokrovskaya Tsukawaki Karasuyama Albi Gobo Racine PinhalNovo MilpaAlta Tocache GobernadorGalvez Narangba Dankov MontecatiniTerme Isakogorka Yucheng Korolev Tsirang Brecht Norristown Pilibhit Fagaras Kaimganj
22
Albi Albi
PinhalNovo PinhalNovo
Tsukawaki Tsukawaki
Narangba Narangba
Tocache Tocache Fandriana
Novopokrovskaya Novopokrovskaya
Karasuyama Karasuyama
Dankov Dankov
Fagaras Fagaras
Yucheng Yucheng
Isakogorka Isakogorka
Tsirang Tsirang
Mesa EncarnaciondeDiaz
Pilibhit Pilibhit Irvine
Gobo Gobo
Brecht Brecht
Leixlip Leixlip
Korolev Korolev
MontecatiniTerme MontecatiniTerme
MilpaAlta MilpaAlta Anahuac
GobernadorGalvez GobernadorGalvez
Racine Racine
