0 196 190 188 187 183 176 185 175 182 173 174 171 172 163 169 162 148 168 160 166 151 146 134 159 144 121 125 132 126 119 115 114 116 109 110 113 107 102 105 104 100 97 96 103 88 93 83 86 85 81 76 78 77 72 84 70 71 67 68 65 64 62 58 66 60 59 55 56 53 48 41 43 57 52 51 42 37 38 40 32 35 39 25 30 24 26 23 21 22 20 14 19 8 6 10 3 5 191 195 0
100
185 185
175 175
196 196
38 38
66 66
172 172
162 162
25 25
83 83
146 146
43 43
6 6
105 105
104 104
19 19
26 26
32 32
81 81
121 121
148 148
115 115
187 187
53 53
51 51
182 182
160 160
85 85
84 84
109 109
23 23
174 174
132 132
125 125
103 103
20 20
52 52
190 190
62 62
8 8
176 176
24 24
21 21
48 48
64 64
72 72
78 78
65 65
41 41
30 30
5 5
68 68
59 59
56 56
163 163
60 60
14 14
3 3
76 76
71 71
35 35
173 173
114 114
39 39
70 70
110 110
40 40
42 42
166 166
151 151
183 183
171 171
88 88
57 57
144 144
116 116
77 77
188 188
195 195
159 159
55 55
22 22
119 119
107 107
10 10
126 126
100 100
113 113
37 37
0 0
168 168
191 191
102 102
134 134
86 86
93 93
169 169
58 58
67 67
96 96
97 97
