2 9 179 49 73 66 93 31 93 66 189 45 121 53 65 77 187 159 25 173 25 185 129 185 3 47 107 47 5 155 154 133 137 28 13 147 1 51 1 153 37 142 143 142 127 4 72 125 72 81 72 149 144 193 177 89 61 103 145 85 43 41 164 197 164 83 21 167 21 157 79 52 163 52 111 42 82 191 82 117 38 34 67 34 119 26 165 181 91 140 169 199 161 29 131 27 35 63 36 141 36 59 109 175 87 124 123 101 33 97 135 69 113 195 71 195 55 19 7 151 99 105 10 39 95 15 95 196 171 183 115 75 57 11 139 17 2
99
1 1
3 3
5 5
7 7
9 9
11 11
13 13
15 15
17 17
19 19
21 21
77 23 77
25 25
27 27
29 29
31 31
33 33
35 35
37 37
39 39
41 41
43 43
45 45
47 47
49 49
51 51
53 53
55 55
57 57
59 59
61 61
63 63
65 65
67 67
69 69
71 71
73 73
75 75
79 79
81 81
83 83
85 85
87 87
89 89
91 91
93 93
95 95
97 97
99 99
101 101
103 103
105 105
107 107
109 109
111 111
113 113
115 115
117 117
119 119
121 121
123 123
125 125
127 127
129 129
131 131
133 133
135 135
137 137
139 139
141 141
143 143
145 145
147 147
149 149
151 151
153 153
155 155
157 157
159 159
161 161
163 163
165 165
167 167
169 169
171 171
173 173
175 175
177 177
179 179
181 181
183 183
185 185
187 187
189 189
191 191
193 193
195 195
197 197
199 199
