93 62 18 157 138 94 80 46 146 70 174 129 74 27 102 75 130 75 113 77 143 165 43 87 136 177 81 141 125 171 103 51 30 52 151 82 63 163 84 128 116 40 91 110 72 78 47 154 19 26 147 121 176 90 34 56 122 140 64 170 108 39 53 29 76 4 24 107 98 126 65 66 11 99 14 168 117 49 137 161 73 2 95 36 109 79 61 38 131 115 119 1 119 86 111 86 57 132 67 132 105 101 172 124 155 169 20 71 93
91
1 1
2 2
4 4
14 14
18 18
19 19
20 20
24 24
26 26
27 27
34 34
36 36
38 38
39 39
40 40
43 43
46 46
47 47
49 49
51 51
52 52
53 53
56 56
57 57
61 61
62 62
63 63
64 64
65 65
66 66
67 67
70 70
72 72
73 73
74 74
75 75
76 76
77 77
79 79
80 80
81 81
82 82
84 84
86 86
87 87
90 90
91 91
95 95
98 98
99 99
101 101
102 102
105 105
108 108
109 109
110 110
111 111
115 115
116 116
117 117
119 119
121 121
122 122
124 124
125 125
129 129
130 130
131 131
136 136
137 137
138 138
140 140
141 141
143 143
146 146
147 147
151 151
154 154
155 155
157 157
161 161
163 163
165 165
168 168
169 169
170 170
171 171
172 172
174 174
176 176
177 177
