Dannemora Hamburg Flower Hamburg DeRuyter Frankfort Flanders Goshen Franklin Haviland Fishers Deferiet Germantown Dexter Fulton Gardiner Falconer Gasport Oceanside Freeport Ghent Depauville Fredonia Harbor Fayetteville Herkimer Hicksville Depew Geneva Fairview Mills Fishkill Galeville Delevan Dansville Delanson Deer Florida Farnham Freeville Delhi Frewsburg Farmingville Highland Firthcliffe Earlville Fire Dannemora
39
Dansville Dansville Franklinville
Fishkill Davis Fishkill
Deer Deer
Deferiet Deferiet
Delanson Delanson
Delevan Delevan
Delhi Delhi
Germantown Delmar Germantown
Depauville Depauville
Depew Depew
Earlville Deposit Earlville
DeRuyter DeRuyter
Dexter Dexter Fairmount
Frewsburg Dunkirk Frewsburg
Mills Fabius
Oceanside Fair
Geneva Fairport Geneva
Fairview Fairview
Falconer Falconer
Farmingville Farmingville
Farnham Farnham
Fayetteville Fayetteville
Fire Fire
Firthcliffe Firthcliffe
Fishers Fishers Forest
Flanders Flanders
Hamburg Fleischmanns
Florida Florida
Flower Flower
Freeport Fonda Forestville Freeport
Frankfort Frankfort
Franklin Franklin
Fredonia Fredonia
Freeville Freeville
Gardiner Friendship Gardiner
Fulton Fulton
Galeville Galeville
Gasport Gasport
Ghent Ghent
