Acton Carlsbad Bellflower Bolinas Angwin Atascadero Bonsall Atascadero Farmersville Auburn Ceres Bloomington Cupertino Auberry Corona Aptos Cerritos Bluewater Antioch Carson Fallbrook Artesia Fresno August Castroville Fontana Canyondam Fontana Alpine Columbia Carpinteria Columbia Avalon Alamo Banning Dinuba Alturas Florin Calexico Blairsden Atherton Blairsden Calexico Anderson Caribou Folsom Biggs Byron Fruitdale Escondido Atwater Escondido Albany Bayview Ducor Burlingame Alhambra Belden Arcata Clayton Adelanto Bradbury Bakersfield Burney Duarte Carmichael Freedom Caruthers Bradley Arnold Campbell Crockett Calipatria Crockett Cabazon Amesti Broadmoor Cerritos Bell Alpaugh Benicia Beaumont Calabasas Brentwood Biola Arbuckle Blythe Danville Armona Berkeley Alameda Carrick Bonita Belvedere Arcadia Calwa Fortuna Avenal Chowchilla Avery Capitola Barstow Calimesa Burbank Camarillo Burbank Brisbane Belmont Coronado Boron Cotati Bodfish Cartago Covelo Foresthill Altadena Foresthill Covelo Ashland Alhambra Brawley Almanor Cambria Cayucos Arvin Bishop Brea Azusa Bootjack Aromas Bystrom Anaheim Calistoga Beckwourth Boronda Buttonwillow Bowles Compton Acton
100
Adelanto Adelanto
Alameda Alameda
Alamo Alamo
Albany Albany
Alhambra Alhambra
Almanor Almanor
Alpaugh Alpaugh
Alpine Alpine
Altadena Altadena
Alturas Alturas
Amesti Amesti
Anaheim Anaheim
Anderson Anderson
Angwin Angwin
Antioch Antioch
Aptos Aptos
Arbuckle Arbuckle
Arcadia Arcadia
Arcata Arcata
Armona Armona
Arnold Arnold
Aromas Aromas
Artesia Artesia
Arvin Arvin
Ashland Ashland
Atascadero Atascadero
Atherton Atherton
Atwater Atwater
Auberry Auberry
Auburn Auburn
August August
Avalon Avalon
Avenal Avenal
Avery Avery
Azusa Azusa
Bakersfield Bakersfield
Banning Banning
Barstow Barstow
Bayview Bayview
Beaumont Beaumont
Beckwourth Beckwourth
Belden Belden
Bell Bell
Bellflower Bellflower
Belmont Belmont
Belvedere Belvedere
Benicia Benicia
Berkeley Berkeley
Biggs Biggs
Biola Biola
Bishop Bishop
Blairsden Blairsden
Bloomington Bloomington
Bluewater Bluewater
Blythe Blythe
Bodfish Bodfish
Bolinas Bolinas
Bonita Bonita
Bonsall Bonsall
Bootjack Bootjack
Boron Boron
Boronda Boronda
Bowles Bowles
Bradbury Bradbury
Bradley Bradley
Brawley Brawley
Brea Brea
Brentwood Brentwood
Brisbane Brisbane
Broadmoor Broadmoor
Burbank Burbank
Burlingame Burlingame
Burney Burney
Buttonwillow Buttonwillow
Byron Byron
Bystrom Bystrom
Cabazon Cabazon
Calabasas Calabasas
Calexico Calexico
Calimesa Calimesa
Calipatria Calipatria
Calistoga Calistoga
Calwa Calwa
Camarillo Camarillo
Cambria Cambria
Campbell Campbell
Canyondam Canyondam
Capitola Capitola
Caribou Caribou
Carlsbad Carlsbad
Carmichael Carmichael
Carpinteria Carpinteria
Carrick Carrick
Carson Carson
Cartago Cartago
Caruthers Caruthers
Castroville Castroville
Cayucos Cayucos
Ceres Ceres
Cerritos Cerritos
