Loc2 Loc82 Loc76 Loc41 Loc42 Loc74 Loc70 Loc16 Loc61 Loc90 Loc97 Loc80 Loc18 Loc10 Loc51 Loc45 Loc12 Loc53 Loc44 Loc6 Loc99 Loc19 Loc99 Loc66 Loc87 Loc62 Loc24 Loc1 Loc33 Loc26 Loc57 Loc60 Loc83 Loc86 Loc59 Loc15 Loc83 Loc58 Loc55 Loc22 Loc55 Loc64 Loc49 Loc8 Loc21 Loc7 Loc0 Loc7 Loc21 Loc77 Loc93 Loc73 Loc31 Loc13 Loc36 Loc2
41
Loc1 Loc1
Loc12 Loc3
Loc18 Loc4
Loc6 Loc6
Loc8 Loc8
Loc44 Loc9 Loc11
Loc10 Loc10
Loc13 Loc13
Loc87 Loc14
Loc15 Loc15
Loc16 Loc16
Loc59 Loc17 Loc75
Loc19 Loc19
Loc22 Loc22
Loc24 Loc24
Loc26 Loc26
Loc36 Loc27
Loc33 Loc28 Loc46
Loc51 Loc32
Loc83 Loc34 Loc35 Loc91
Loc70 Loc40 Loc54 Loc67
Loc41 Loc41
Loc31 Loc43 Loc56
Loc45 Loc45
Loc76 Loc52
Loc53 Loc53
Loc58 Loc58
Loc60 Loc60
Loc64 Loc64
Loc66 Loc66
Loc55 Loc71
Loc73 Loc73
Loc74 Loc74
Loc77 Loc77
Loc80 Loc80
Loc82 Loc82
Loc86 Loc86
Loc90 Loc90
Loc57 Loc92
Loc7 Loc7
Loc0 Loc0 Loc48
