pace voice financial respect bitter rob tablet swear deposit circulation gate mystery approval environment miserable market shy title sunrise certain page fortune imposter throne stroke discriminate quality straighten romantic sign tolerate forge vegetarian linger dough enhance pain demand joint dip exclusive class disclose skeleton understand figure banana judicial glasses tool dialogue guarantee king pace
37
shy shy nationalist
swear swear
dough dough
pain pain
exclusive buffet exclusive
linger linger
circulation circulation output
class class
tool tool
deposit honor paper
dialogue prison likely
imposter imposter
guarantee guarantee seize
approval other
rob rob
sunrise sunrise
voice voice
forge winner
vegetarian vegetarian
tolerate tolerate
discriminate lake
quality headline quality
throne throne
glasses glasses autonomy
tablet tablet cigarette
sign legislation sign
mystery enter mystery brake
enhance enhance thumb
disclose injury
bitter bitter
dip dip
page page
figure figure
demand demand
financial financial
title title
king king
