pace respect chair mixture mercy financial injection pardon vegetarian market vegetarian exile vegetarian exclusive dip opposed dramatic exempt buffet pipe blonde virgin winner assignment winner virgin profound view dive coincide identity straighten pig write lake begin greeting dough physics linger decisive tolerate injury flag home dialogue candle dialogue cotton lifestyle election interactive error widen banana driver imposter tablet note deter terms thumb terms hospitality teacher excuse rob demand feature enter offset chew drawer compromise interface environment bleed curriculum bleed smile headline brake scheme brake bowel structure throne boom quality autonomy paper viable likely comfortable likely viable atmosphere rent sunrise audience ignore shiver ignore due ignore liver tool railcar tool swear coast forge confrontation nationalist acceptance nationalist swop electronics swop joystick guarantee attraction coffin bitter rage deposit page mature native development skeleton knot country triple country single joint output joint illusion enemy stress enemy desk spoil desk enemy control enemy ask quadruple other pace
100
exclusive exclusive
identity identity
injection injection
market market
acceptance acceptance
exempt exempt
coffin coffin
begin begin
teacher teacher
autonomy autonomy
development development
drawer drawer
control control
swop swop
stress stress
audience audience
injury injury
deter deter
environment environment
virgin virgin
tablet tablet
output output
dip dip
thumb thumb
structure structure
buffet buffet
viable viable
dough dough
assignment assignment
coincide coincide
atmosphere atmosphere
cotton cotton
triple triple
mature mature
pig pig
spoil spoil
profound profound
curriculum curriculum
widen widen
dive dive
shiver shiver
smile smile
note note
flag flag
physics physics
driver driver
railcar railcar
mercy mercy
error error
throne throne
decisive decisive
candle candle
illusion illusion
headline headline
rob rob
scheme scheme
offset offset
knot knot
country country
comfortable comfortable
native native
skeleton skeleton
rent rent
guarantee guarantee
coast coast
interface interface
electronics electronics
other other
confrontation confrontation
exile exile
pace pace
ask ask
imposter imposter
enemy enemy
straighten straighten
quadruple quadruple
liver liver
pardon pardon
due due
likely likely
bowel bowel
home home
financial financial
lifestyle lifestyle
ignore ignore
interactive interactive
respect respect
swear swear
chair chair
page page
boom boom
greeting greeting
attraction attraction
forge forge
rage rage
election election
excuse excuse
tool tool
feature feature
pipe pipe
