9iIwk h2rea 0mah3 ChXAd 0mah3 rrNj1 Esl6u fS0W8 k64Ok BnAjj ZgtaX veOJ7 ZgtaX pXCjI k6V9L vrNke 5ioW1 XZKtP Be0ab 5ioW1 YH6mk Y7IDR YH6mk AgYPL WJNpN 1uRw3 Ri2t4 1uRw3 knY3U jAwQw aHGHb RhUVQ QVYVG LZomt QVYVG RKW0P jYfXn MA43U ZzWHp Mj2eQ 1xmtC jASvw oqPYQ jASvw 9iIwk
28
WJNpN 5VT1H
9iIwk jT5CK 5R5Xa jASvw 9iIwk 5BDPJ
XZKtP bXinH XZKtP dw7aX
1xmtC qkJ6b XYzcU 1xmtC
Y7IDR Y7IDR 4a0W8
AgYPL AgYPL tnjfN
knY3U vE0Pj
ZzWHp iEXNY ZzWHp
aHGHb WGJpQ kmzhT aHGHb
1uRw3 1uRw3 1pxZM
ChXAd 1eRkH ChXAd
veOJ7 veOJ7 iCgvV
YH6mk YH6mk
jAwQw jAwQw
Ri2t4 Ri2t4 y89SK
jYfXn jYfXn
Mj2eQ Mj2eQ
h2rea h2rea
5ioW1 5ioW1
LZomt SgDk6 LZomt
ZgtaX JgjFI Vake4 ZgtaX
oqPYQ 0GdkR oqPYQ
fS0W8 fS0W8 p9vQm
Be0ab Be0ab
pXCjI pXCjI
BnAjj BnAjj
QVYVG 7G74f
RhUVQ RhUVQ
