1 190 82 119 98 96 185 99 92 93 58 90 56 121 105 78 199 115 194 86 174 71 66 101 193 83 64 182 161 128 130 31 127 110 176 186 43 14 7 163 152 129 42 26 18 156 159 3 60 103 49 88 52 89 95 116 57 84 140 137 142 147 12 108 23 162 157 175 46 53 36 91 51 153 132 15 13 138 136 1
78
78 78
194 194
127 127
46 46
152 152
82 82
36 36
49 49
51 51
129 129
101 101
142 142
147 147
108 108
43 43
159 159
18 18
92 92
162 162
115 115
7 7
15 15
156 156
90 90
3 3
153 153
182 182
66 66
91 91
137 137
64 64
89 89
186 186
96 96
163 163
93 93
31 31
99 99
176 176
58 58
12 12
71 71
83 83
136 136
199 199
175 175
42 42
130 130
132 132
53 53
52 52
84 84
103 103
138 138
157 157
13 13
26 26
140 140
185 185
95 95
88 88
86 86
14 14
116 116
110 110
193 193
98 98
190 190
56 56
161 161
119 119
128 128
105 105
23 23
57 57
60 60
121 121
174 174
