Abbey Isabella Lilia Liberty Nora Avni Eden Harley Ayanna Alexia Beatrice Tanya Kimberly Karma Helen Kiera Dana Sophia Maeve Marisol Rebecca Haven Shannon Presley Ruth Tara Rayna Kayley Mira Mckinley Lillie Yoselin Jamiya Carlee Lana Jordin Vivian Riley Lisa Kristina Matilda Abbey
40
Alexia Alexia
Avni Avni
Ayanna Ayanna
Beatrice Beatrice
Carlee Carlee
Dana Dana
Eden Eden
Harley Harley
Haven Haven
Helen Helen
Isabella Isabella
Jamiya Jamiya
Jordin Jordin
Karma Karma
Kayley Kayley
Kiera Kiera
Kimberly Kimberly
Kristina Kristina
Lana Lana
Liberty Liberty
Lilia Lilia
Lillie Lillie
Lisa Lisa
Maeve Maeve
Marisol Marisol
Matilda Matilda
Mckinley Mckinley
Mira Mira
Nora Nora
Presley Presley
Rayna Rayna
Rebecca Rebecca
Riley Riley
Ruth Ruth
Shannon Shannon
Sophia Sophia
Tanya Tanya
Tara Tara
Vivian Vivian
Yoselin Yoselin
