Taozhuang Chharra Ilesa Uran Jingzhou Vernon Jackson Rosedale Tupelo Esperanza Bang Gudermes Aytos Esmeraldas Bourbonnais Strathfield Waverly Nonsan Villa Cibinong Boo Donggongon Somma Kallio Alatyr Memmingen New Artur Hechingen Azrou Ramla Sarandi Southsea Freetown Ulu Rutherglen Gauting Bhit Taozhuang
38
Gauting Gauting
Nonsan Nonsan
Jackson Jackson
Kallio Kallio
Ulu Ulu
Sarandi Sarandi
Bhit Middle Durazno Camayenne Longgang Udumalaippettai
Donggongon Donggongon
Strathfield Strathfield
Cibinong Cibinong
Jingzhou Jingzhou
New New
Somma Somma
Azrou Azrou
Uran Fort Jinotepe Pottstown Uran
Esperanza Esperanza
Boo Boo
Villa Villa Rafiganj
Vernon Severodvinsk Caravaca
Ilesa Ilesa
Chharra Besuki Wesseling Sicklerville
Gudermes Gudermes
Southsea Calauan
Taozhuang Taozhuang
Rosedale Rosedale
Aytos Aytos
Tupelo Tupelo
Rutherglen Rutherglen Oulmes
Alatyr Alatyr
Artur Artur
Bang Bang
Ramla Ramla
Freetown Freetown
Waverly Waverly
Bourbonnais Bourbonnais
Memmingen Memmingen
Hechingen Hechingen
Esmeraldas Esmeraldas
