108 69 7 51 101 49 170 54 78 146 39 193 11 193 73 134 186 177 97 151 56 82 71 57 96 90 53 144 153 70 19 174 188 35 14 81 5 26 127 45 127 136 113 184 156 187 156 167 181 28 99 142 114 24 117 191 100 176 148 182 118 137 197 84 196 92 65 139 83 1 119 95 68 85 130 43 140 131 34 48 6 23 129 77 110 75 150 179 157 15 59 109 116 190 31 38 107 133 63 158 21 66 44 13 32 46 79 36 138 120 67 17 61 8 126 112 64 37 143 121 30 108
97
188 188
7 7
39 39
67 67
99 99
48 48
54 54
114 114
129 129
37 37
176 176
57 57
19 19
95 95
153 153
26 26
121 121
100 100
142 142
184 184
137 137
46 46
63 63
64 64
14 14
126 126
186 186
24 24
117 117
151 151
118 118
11 11
181 181
148 148
61 61
78 78
81 81
66 66
69 69
44 44
34 34
144 144
110 110
68 68
187 187
97 128
136 136
157 157
23 23
35 35
107 107
182 182
134 134
13 13
17 17
79 79
138 138
45 45
1 1
83 83
49 49
190 190
75 75
56 56
197 197
150 150
65 65
77 77
140 140
82 82
109 109
31 31
36 36
133 133
15 15
38 38
5 5
43 43
179 179
96 96
120 120
84 84
130 130
167 167
177 177
71 71
85 85
73 73
28 28
53 53
174 174
92 92
146 146
143 143
170 170
101 101
32 32
