loc0 loc12 loc62 loc36 loc68 loc87 loc20 loc48 loc10 loc81 loc6 loc90 loc21 loc44 loc30 loc46 loc24 loc40 loc51 loc70 loc42 loc88 loc84 loc26 loc78 loc86 loc54 loc72 loc39 loc80 loc18 loc14 loc66 loc58 loc99 loc92 loc63 loc28 loc60 loc74 loc0
37
loc0 loc0 loc2 loc38
loc60 loc4 loc60
loc6 loc6
loc42 loc8 loc42
loc10 loc10
loc12 loc12
loc14 loc14
loc99 loc16
loc18 loc18 loc52
loc20 loc20
loc78 loc22 loc34 loc78 loc82
loc24 loc24 loc56
loc26 loc26
loc28 loc28
loc30 loc30
loc48 loc32 loc48 loc50
loc36 loc36
loc40 loc40
loc44 loc44
loc46 loc46
loc54 loc54
loc58 loc58
loc62 loc62
loc39 loc64 loc94
loc66 loc66
loc68 loc68
loc70 loc70
loc72 loc72 loc96
loc74 loc74
loc51 loc76
loc80 loc80
loc84 loc84
loc86 loc86
loc88 loc88
loc90 loc90
loc92 loc92
loc63 loc98
