Qatar Tajikistan Mali Peru Tuvalu VaticanCity CzechRepublic UnitedKingdom Uzbekistan Angola Morocco Georgia Belarus Danzig CostaRica Kosovo Liberia Guyana Malta Kyrgyzstan Armenia Mongolia Australia Estonia SaintLucia Singapore Belgium SanMarino Burundi Macedonia Nicaragua Andorra France Albania SierraLeone Tunisia Tanzania RussianFederation GuineaBissau Gabon UAE Lebanon Mozambique Senegal Montenegro Qatar
45
Belarus Belarus
Peru Peru
Nicaragua Nicaragua
Gabon Gabon
Qatar Haiti Egypt DemofChina Netherlands America
Tajikistan Tajikistan Sweden
Mongolia Mongolia
Danzig Danzig
Morocco Morocco
Liberia Liberia
UAE UAE
Armenia Armenia
Australia Australia
Estonia Estonia
Montenegro Montenegro
RussianFederation RussianFederation
France France
CostaRica CostaRica
Senegal Senegal
SierraLeone SierraLeone
Kosovo Kosovo
UnitedKingdom UnitedKingdom
Macedonia Macedonia
Singapore Singapore
Mozambique Mozambique
Belgium Belgium
Angola Angola
Guyana Guyana
Tanzania Tanzania
Uzbekistan Uzbekistan
Mali Mali
SanMarino SanMarino
GuineaBissau GuineaBissau
Tunisia Tunisia
VaticanCity VaticanCity
Malta Malta
Lebanon Lebanon
Tuvalu Tuvalu
Albania Albania
Kyrgyzstan Kyrgyzstan
Burundi Burundi
Andorra Andorra
SaintLucia SaintLucia
Georgia Georgia
CzechRepublic CzechRepublic
