Albania Gabon Vanuatu Paraguay Burkina MountAthos Pakistan Fiji Ethiopia Comoros UnitedKingdom TheGambia Italy Philippines SaudiArabia NewZealand Malaysia Lesotho Andorra Hungary Mauritius Mauritania Rwanda Latvia Luxembourg Israel SaintLucia Venezuela Burma Finland Romania VaticanCity Qatar CapeVerde Norway Panama SaoTomPrincipe Liechtenstein Germany France Estonia EquatorGuinea RussianFederation Tunisia Djibouti Thailand Bahamas Bulgaria IvoryCoast SriLanka UAE NorthKorea Kosovo America Yemen Cyprus Niger Togo Kiribati Eritrea BosHerzegovina Newfoundland Ukraine SolomonIslands SierraLeone CentralAfricanRep Dominica Danzig Maldives Peru Guatemala Rome Seychelles Chile Bhutan Tanzania Suriname Greece Portugal Cuba Algeria PapuaNewGuinea Poland Kazakhstan Lithuania Jamaica Argentina Mongolia Serbia Japan Grenada Switzerland Belarus Brazil Cambodia Mali Slovenia Laos Australia Nepal SaintKitts Albania
100
Bahamas Bahamas
Malaysia Malaysia
Rome Rome
Burkina Burkina
SolomonIslands SolomonIslands
IvoryCoast IvoryCoast
BosHerzegovina BosHerzegovina
Andorra Andorra
VaticanCity VaticanCity
EquatorGuinea EquatorGuinea
Djibouti Djibouti
Mauritania Mauritania
Pakistan Pakistan
Bulgaria Bulgaria
Thailand Thailand
Nepal Nepal
Estonia Estonia
Italy Italy
Comoros Comoros
Kosovo Kosovo
Norway Norway
Algeria Algeria
Panama Panama
Eritrea Eritrea
Mongolia Mongolia
UnitedKingdom UnitedKingdom
Peru Peru
Mauritius Mauritius
Laos Laos
Luxembourg Luxembourg
Belarus Belarus
Paraguay Paraguay
America America
Brazil Brazil
MountAthos MountAthos
Dominica Dominica
Philippines Philippines
CapeVerde CapeVerde
Niger Niger
Latvia Latvia
Cyprus Cyprus
Burma Burma
SierraLeone SierraLeone
Kazakhstan Kazakhstan
Cambodia Cambodia
Japan Japan
Portugal Portugal
Danzig Danzig
Jamaica Jamaica
Tunisia Tunisia
Qatar Qatar
Argentina Argentina
Chile Chile
Tanzania Tanzania
Kiribati Kiribati
Germany Germany
Ukraine Ukraine
Australia Australia
Yemen Yemen
France France
Newfoundland Newfoundland
Slovenia Slovenia
Lesotho Lesotho
CentralAfricanRep CentralAfricanRep
Romania Romania
Bhutan Bhutan
Ethiopia Ethiopia
NorthKorea NorthKorea
SaintLucia SaintLucia
Gabon Gabon
Hungary Hungary
SaintKitts SaintKitts
Vanuatu Vanuatu
SaudiArabia SaudiArabia
Grenada Grenada
SaoTomPrincipe SaoTomPrincipe
Rwanda Rwanda
RussianFederation RussianFederation
Guatemala Guatemala
UAE UAE
SriLanka SriLanka
Cuba Cuba
Togo Togo
Poland Poland
Israel Israel
Switzerland Switzerland
Seychelles Seychelles
Venezuela Venezuela
NewZealand NewZealand
PapuaNewGuinea PapuaNewGuinea
Finland Finland
Mali Mali
TheGambia TheGambia
Greece Greece
Suriname Suriname
Liechtenstein Liechtenstein
Lithuania Lithuania
Serbia Serbia
Maldives Maldives
Fiji Fiji
