point0 point69 point63 point68 point67 point68 point72 point73 point78 point76 point75 point83 point124 point123 point127 point126 point121 point129 point125 point115 point116 point113 point111 point110 point112 point102 point107 point148 point144 point145 point149 point145 point162 point163 point175 point172 point168 point189 point168 point185 point190 point182 point132 point135 point139 point135 point131 point89 point85 point43 point39 point40 point38 point41 point31 point34 point31 point33 point25 point30 point35 point29 point32 point23 point21 point14 point18 point20 point15 point5 point11 point10 point55 point50 point52 point0
57
point10 point1 point10
point23 point3
point5 point5
point15 point6 point13 point15
point11 point11
point32 point16 point17
point18 point18
point21 point21
point34 point27 point34
point29 point29
point30 point30
point31 point31
point33 point33
point38 point38
point39 point39 point42
point40 point40
point41 point41
point43 point43
point50 point49 point51
point52 point52 point56
point0 point54
point55 point55
point67 point67 point109
point69 point69
point72 point72
point73 point73
point75 point75
point76 point76 point79 point86 point94
point78 point78
point83 point83 point120
point85 point85
point89 point87 point89 point91
point107 point100 point103
point102 point102 point108
point110 point110
point111 point111
point112 point112
point113 point113
point115 point115
point125 point119 point122
point123 point123
point124 point124
point126 point126
point131 point131
point132 point132 point138
point139 point134 point139 point180
point135 point135
point144 point144 point153 point157
point148 point148 point151
point149 point149 point152
point163 point155 point160 point163
point162 point158 point162
point172 point172
point175 point177
point189 point179 point183
point185 point184 point185
point182 point187
