x182 x11 x56 x168 x127 x79 x187 x86 x155 x177 x112 x144 x106 x64 x48 x184 x26 x138 x141 x158 x143 x158 x76 x21 x5 x113 x38 x109 x0 x14 x77 x71 x20 x31 x191 x31 x161 x169 x100 x92 x196 x146 x9 x50 x93 x147 x72 x170 x82 x117 x59 x32 x59 x186 x189 x23 x119 x182
50
x93 x74 x2
x21 x21 x17 x164
x86 x86 x3 x87 x66
x20 x20 x166 x7
x112 x42 x118
x119 x45 x151 x119
x31 x6 x80 x31
x147 x147
x50 x10 x50
x177 x192 x177 x25 x116
x196 x69
x79 x79 x27
x64 x88 x137 x64 x156
x14 x14 x94
x72 x72 x125
x146 x128 x146
x141 x43 x141
x48 x48 x4
x189 x189
x191 x133
x138 x138
x59 x59
x186 x186
x143 x143
x5 x172
x161 x161
x100 x153 x159 x99 x100
x76 x114 x76
x9 x18 x19 x136 x95
x169 x104 x55
x187 x8
x144 x179 x84 x194
x109 x109
x92 x53 x92 x83
x32 x183 x32
x106 x15 x106
x127 x127 x49 x58 x98
x71 x71 x139 x61
x155 x155 x198 x102
x56 x56
x23 x23
x38 x185
x113 x113
x77 x77
x184 x107 x30 x46 x184
x82 x82
x0 x163
x11 x11
x26 x26
x182 x182
